<?xml version="1.0" encoding="utf-8"?>
<TestRun id="e088d9c2-888c-4b37-9664-3bc17b414093" name="Erdinc@DESKTOP-M804G0L 2026-08-14 21:40:47" runUser="DESKTOP-M804G0L\Erdinc" xmlns="http://microsoft.com/schemas/VisualStudio/TeamTest/2010">
  <Times creation="2026-08-14T21:40:47.4757689+03:00" queuing="2026-08-14T21:40:47.4757700+03:00" start="2026-08-14T21:40:45.6964683+03:00" finish="2026-08-14T21:40:47.4916570+03:00" />
  <TestSettings name="default" id="2df7d9cf-c692-48cb-8af0-54360d68fb59">
    <Deployment runDeploymentRoot="Erdinc_DESKTOP-M804G0L_2026-08-14_21_40_47" />
  </TestSettings>
  <Results>
    <UnitTestResult executionId="782a65b2-c19d-457c-99a1-9901fdddde2e" testId="33f2734b-0c0a-6560-b917-67d7a44e5dc2" testName="GisServer.Architecture.Tests.TierBoundaryTests.Core_exposes_no_type_from_outside_the_base_class_library" computerName="DESKTOP-M804G0L" duration="00:00:00.0193530" startTime="2026-08-14T21:40:47.0904373+03:00" endTime="2026-08-14T21:40:47.0904380+03:00" testType="13cdc9d9-ddb5-4fa4-a97d-d965ccfc6d4b" outcome="Passed" testListId="8c84fa94-04c1-424b-9868-57a2d4851a1d" relativeResultsDirectory="782a65b2-c19d-457c-99a1-9901fdddde2e" />
    <UnitTestResult executionId="32a4bdaa-961f-4a83-999b-f12bcd8088f2" testId="cf250f8a-126c-7a9d-cf28-155a791a1567" testName="GisServer.Architecture.Tests.TierBoundaryTests.Core_references_nothing_outside_the_base_class_library" computerName="DESKTOP-M804G0L" duration="00:00:00.0008212" startTime="2026-08-14T21:40:47.0910503+03:00" endTime="2026-08-14T21:40:47.0910504+03:00" testType="13cdc9d9-ddb5-4fa4-a97d-d965ccfc6d4b" outcome="Passed" testListId="8c84fa94-04c1-424b-9868-57a2d4851a1d" relativeResultsDirectory="32a4bdaa-961f-4a83-999b-f12bcd8088f2" />
    <UnitTestResult executionId="b4c2fb28-64a1-4444-ad16-393eeb38c7af" testId="dd68b98e-6e0c-b490-8453-12392a5bda93" testName="GisServer.Architecture.Tests.Tier1ProjectFileTests.Tier1_projects_declare_no_package_reference" computerName="DESKTOP-M804G0L" duration="00:00:00.0095650" startTime="2026-08-14T21:40:47.0850026+03:00" endTime="2026-08-14T21:40:47.0850339+03:00" testType="13cdc9d9-ddb5-4fa4-a97d-d965ccfc6d4b" outcome="Passed" testListId="8c84fa94-04c1-424b-9868-57a2d4851a1d" relativeResultsDirectory="b4c2fb28-64a1-4444-ad16-393eeb38c7af" />
  </Results>
  <TestDefinitions>
    <UnitTest name="GisServer.Architecture.Tests.TierBoundaryTests.Core_exposes_no_type_from_outside_the_base_class_library" storage="c:\personal\projects\gis\tests\gisserver.architecture.tests\bin\release\net9.0\gisserver.architecture.tests.dll" id="33f2734b-0c0a-6560-b917-67d7a44e5dc2">
      <Execution id="782a65b2-c19d-457c-99a1-9901fdddde2e" />
      <TestMethod codeBase="C:\Personal\Projects\GIS\tests\GisServer.Architecture.Tests\bin\Release\net9.0\GisServer.Architecture.Tests.dll" adapterTypeName="executor://xunit/VsTestRunner2/netcoreapp" className="GisServer.Architecture.Tests.TierBoundaryTests" name="Core_exposes_no_type_from_outside_the_base_class_library" />
    </UnitTest>
    <UnitTest name="GisServer.Architecture.Tests.Tier1ProjectFileTests.Tier1_projects_declare_no_package_reference" storage="c:\personal\projects\gis\tests\gisserver.architecture.tests\bin\release\net9.0\gisserver.architecture.tests.dll" id="dd68b98e-6e0c-b490-8453-12392a5bda93">
      <Execution id="b4c2fb28-64a1-4444-ad16-393eeb38c7af" />
      <TestMethod codeBase="C:\Personal\Projects\GIS\tests\GisServer.Architecture.Tests\bin\Release\net9.0\GisServer.Architecture.Tests.dll" adapterTypeName="executor://xunit/VsTestRunner2/netcoreapp" className="GisServer.Architecture.Tests.Tier1ProjectFileTests" name="Tier1_projects_declare_no_package_reference" />
    </UnitTest>
    <UnitTest name="GisServer.Architecture.Tests.TierBoundaryTests.Core_references_nothing_outside_the_base_class_library" storage="c:\personal\projects\gis\tests\gisserver.architecture.tests\bin\release\net9.0\gisserver.architecture.tests.dll" id="cf250f8a-126c-7a9d-cf28-155a791a1567">
      <Execution id="32a4bdaa-961f-4a83-999b-f12bcd8088f2" />
      <TestMethod codeBase="C:\Personal\Projects\GIS\tests\GisServer.Architecture.Tests\bin\Release\net9.0\GisServer.Architecture.Tests.dll" adapterTypeName="executor://xunit/VsTestRunner2/netcoreapp" className="GisServer.Architecture.Tests.TierBoundaryTests" name="Core_references_nothing_outside_the_base_class_library" />
    </UnitTest>
  </TestDefinitions>
  <TestEntries>
    <TestEntry testId="33f2734b-0c0a-6560-b917-67d7a44e5dc2" executionId="782a65b2-c19d-457c-99a1-9901fdddde2e" testListId="8c84fa94-04c1-424b-9868-57a2d4851a1d" />
    <TestEntry testId="cf250f8a-126c-7a9d-cf28-155a791a1567" executionId="32a4bdaa-961f-4a83-999b-f12bcd8088f2" testListId="8c84fa94-04c1-424b-9868-57a2d4851a1d" />
    <TestEntry testId="dd68b98e-6e0c-b490-8453-12392a5bda93" executionId="b4c2fb28-64a1-4444-ad16-393eeb38c7af" testListId="8c84fa94-04c1-424b-9868-57a2d4851a1d" />
  </TestEntries>
  <TestLists>
    <TestList name="Results Not in a List" id="8c84fa94-04c1-424b-9868-57a2d4851a1d" />
    <TestList name="All Loaded Results" id="19431567-8539-422a-85d7-44ee4e166bda" />
  </TestLists>
  <ResultSummary outcome="Completed">
    <Counters total="3" executed="3" passed="3" failed="0" error="0" timeout="0" aborted="0" inconclusive="0" passedButRunAborted="0" notRunnable="0" notExecuted="0" disconnected="0" warning="0" completed="0" inProgress="0" pending="0" />
    <Output>
      <StdOut>[xUnit.net 00:00:00.00] xUnit.net VSTest Adapter v2.8.2+699d445a1a (64-bit .NET 9.0.19)&#xD;
[xUnit.net 00:00:00.15]   Discovering: GisServer.Architecture.Tests&#xD;
[xUnit.net 00:00:00.22]   Discovered:  GisServer.Architecture.Tests&#xD;
[xUnit.net 00:00:00.23]   Starting:    GisServer.Architecture.Tests&#xD;
[xUnit.net 00:00:00.37]   Finished:    GisServer.Architecture.Tests&#xD;
</StdOut>
    </Output>
  </ResultSummary>
</TestRun>