<?xml version="1.0" encoding="utf-8"?>
<TestRun id="06ee2b94-20c6-4f20-837c-e35747a47e2f" name="Erdinc@DESKTOP-M804G0L 2026-08-14 21:40:46" runUser="DESKTOP-M804G0L\Erdinc" xmlns="http://microsoft.com/schemas/VisualStudio/TeamTest/2010">
  <Times creation="2026-08-14T21:40:46.5536813+03:00" queuing="2026-08-14T21:40:46.5536815+03:00" start="2026-08-14T21:40:45.2107746+03:00" finish="2026-08-14T21:40:46.7845973+03:00" />
  <TestSettings name="default" id="adcd4973-fb4a-44ae-a2ce-eefbb604accf">
    <Deployment runDeploymentRoot="Erdinc_DESKTOP-M804G0L_2026-08-14_21_40_46" />
  </TestSettings>
  <Results>
    <UnitTestResult executionId="8b10b9fb-878a-4528-9ebf-9b50f1c448e3" testId="b9f52065-23d4-cd64-993b-cbabc3c4012d" testName="GisServer.Platform.Tests.Schema.UpgradeAndRollbackTests.After_expand_the_previous_version_still_runs_which_is_the_rollback_window" computerName="DESKTOP-M804G0L" duration="00:00:00.0005208" startTime="2026-08-14T21:40:46.4916691+03:00" endTime="2026-08-14T21:40:46.4916692+03:00" testType="13cdc9d9-ddb5-4fa4-a97d-d965ccfc6d4b" outcome="Passed" testListId="8c84fa94-04c1-424b-9868-57a2d4851a1d" relativeResultsDirectory="8b10b9fb-878a-4528-9ebf-9b50f1c448e3" />
    <UnitTestResult executionId="1dd9f10a-14fc-48ef-adf9-fa8475d9daf7" testId="a915fd22-4aee-a941-8fc3-3faed6a6c77b" testName="GisServer.Platform.Tests.Schema.MigrationTests.A_contract_cannot_require_a_reader_from_the_future" computerName="DESKTOP-M804G0L" duration="00:00:00.0003272" startTime="2026-08-14T21:40:46.4880631+03:00" endTime="2026-08-14T21:40:46.4880632+03:00" testType="13cdc9d9-ddb5-4fa4-a97d-d965ccfc6d4b" outcome="Passed" testListId="8c84fa94-04c1-424b-9868-57a2d4851a1d" relativeResultsDirectory="1dd9f10a-14fc-48ef-adf9-fa8475d9daf7" />
    <UnitTestResult executionId="1f362d2a-9786-4144-8ffc-6376de27f3be" testId="e2a57b8f-0947-641f-1ee4-4ffa12afeef0" testName="GisServer.Platform.Tests.Identity.RolesTests.An_organisation_layer_is_not_readable_by_anonymous" computerName="DESKTOP-M804G0L" duration="00:00:00.0002016" startTime="2026-08-14T21:40:46.5405621+03:00" endTime="2026-08-14T21:40:46.5405624+03:00" testType="13cdc9d9-ddb5-4fa4-a97d-d965ccfc6d4b" outcome="Passed" testListId="8c84fa94-04c1-424b-9868-57a2d4851a1d" relativeResultsDirectory="1f362d2a-9786-4144-8ffc-6376de27f3be" />
    <UnitTestResult executionId="d947d2a4-548b-4ca8-ab03-5b6ef68d4bb1" testId="e29fb1d5-35ca-0b98-cd4c-4a4a72a2780e" testName="GisServer.Platform.Tests.Schema.SchemaVersionTests.Levels_order_and_compare" computerName="DESKTOP-M804G0L" duration="00:00:00.0031061" startTime="2026-08-14T21:40:46.4915148+03:00" endTime="2026-08-14T21:40:46.4915149+03:00" testType="13cdc9d9-ddb5-4fa4-a97d-d965ccfc6d4b" outcome="Passed" testListId="8c84fa94-04c1-424b-9868-57a2d4851a1d" relativeResultsDirectory="d947d2a4-548b-4ca8-ab03-5b6ef68d4bb1" />
    <UnitTestResult executionId="7bcfed3e-618f-4920-aaa1-c6aadd2dd218" testId="c3bcc0e1-c408-427a-6197-ec1a076702d6" testName="GisServer.Platform.Tests.Identity.RolesTests.An_unknown_role_confers_nothing_rather_than_throwing" computerName="DESKTOP-M804G0L" duration="00:00:00.0000619" startTime="2026-08-14T21:40:46.5385239+03:00" endTime="2026-08-14T21:40:46.5385240+03:00" testType="13cdc9d9-ddb5-4fa4-a97d-d965ccfc6d4b" outcome="Passed" testListId="8c84fa94-04c1-424b-9868-57a2d4851a1d" relativeResultsDirectory="7bcfed3e-618f-4920-aaa1-c6aadd2dd218" />
    <UnitTestResult executionId="d8f9e8c7-1279-4b98-b7e1-3388b3dcc1d6" testId="6f9e325f-7407-6455-b11f-31a427e6e2bd" testName="GisServer.Platform.Tests.Schema.MigrationSetTests.An_empty_set_is_rejected" computerName="DESKTOP-M804G0L" duration="00:00:00.0002473" startTime="2026-08-14T21:40:46.4911942+03:00" endTime="2026-08-14T21:40:46.4911948+03:00" testType="13cdc9d9-ddb5-4fa4-a97d-d965ccfc6d4b" outcome="Passed" testListId="8c84fa94-04c1-424b-9868-57a2d4851a1d" relativeResultsDirectory="d8f9e8c7-1279-4b98-b7e1-3388b3dcc1d6" />
    <UnitTestResult executionId="5c2b29cf-2089-4f93-9916-8aa0fd5e7e9f" testId="19b93dd9-4ea6-a5cf-e496-3d718317fbac" testName="GisServer.Platform.Tests.Schema.MigrationSetTests.Migrations_must_ascend" computerName="DESKTOP-M804G0L" duration="00:00:00.0002925" startTime="2026-08-14T21:40:46.4914288+03:00" endTime="2026-08-14T21:40:46.4914289+03:00" testType="13cdc9d9-ddb5-4fa4-a97d-d965ccfc6d4b" outcome="Passed" testListId="8c84fa94-04c1-424b-9868-57a2d4851a1d" relativeResultsDirectory="5c2b29cf-2089-4f93-9916-8aa0fd5e7e9f" />
    <UnitTestResult executionId="d130252e-09f4-44d8-b847-ba9202a9eb1a" testId="518ac995-ca56-7f85-1fdd-3eb806a18ecc" testName="GisServer.Platform.Tests.Identity.LoginServiceTests.The_account_limit_cannot_be_used_to_lock_someone_out" computerName="DESKTOP-M804G0L" duration="00:00:00.0042133" startTime="2026-08-14T21:40:46.5168960+03:00" endTime="2026-08-14T21:40:46.5168970+03:00" testType="13cdc9d9-ddb5-4fa4-a97d-d965ccfc6d4b" outcome="Passed" testListId="8c84fa94-04c1-424b-9868-57a2d4851a1d" relativeResultsDirectory="d130252e-09f4-44d8-b847-ba9202a9eb1a" />
    <UnitTestResult executionId="41183028-82d8-4581-9fe9-f78a41453371" testId="cdf360cd-3e6f-3f67-b8f3-62d8c0765524" testName="GisServer.Platform.Tests.Schema.MigrationSetTests.Duplicate_levels_are_rejected" computerName="DESKTOP-M804G0L" duration="00:00:00.0005285" startTime="2026-08-14T21:40:46.4885481+03:00" endTime="2026-08-14T21:40:46.4885482+03:00" testType="13cdc9d9-ddb5-4fa4-a97d-d965ccfc6d4b" outcome="Passed" testListId="8c84fa94-04c1-424b-9868-57a2d4851a1d" relativeResultsDirectory="41183028-82d8-4581-9fe9-f78a41453371" />
    <UnitTestResult executionId="a114ea8f-4e0b-44fd-83cf-7fa53407ed2e" testId="b349b72c-6dfe-86eb-2f63-aca43256d8c2" testName="GisServer.Platform.Tests.Identity.RolesTests.A_creator_may_publish_but_never_administer" computerName="DESKTOP-M804G0L" duration="00:00:00.0002304" startTime="2026-08-14T21:40:46.5400540+03:00" endTime="2026-08-14T21:40:46.5400541+03:00" testType="13cdc9d9-ddb5-4fa4-a97d-d965ccfc6d4b" outcome="Passed" testListId="8c84fa94-04c1-424b-9868-57a2d4851a1d" relativeResultsDirectory="a114ea8f-4e0b-44fd-83cf-7fa53407ed2e" />
    <UnitTestResult executionId="75ed9aad-854e-4e9c-aa24-267e056f539a" testId="65e2599f-15ed-a585-1433-b007d3a3b4b1" testName="GisServer.Platform.Tests.Schema.SchemaMigratorTests.Planning_changes_nothing" computerName="DESKTOP-M804G0L" duration="00:00:00.0025842" startTime="2026-08-14T21:40:46.4937916+03:00" endTime="2026-08-14T21:40:46.4937917+03:00" testType="13cdc9d9-ddb5-4fa4-a97d-d965ccfc6d4b" outcome="Passed" testListId="8c84fa94-04c1-424b-9868-57a2d4851a1d" relativeResultsDirectory="75ed9aad-854e-4e9c-aa24-267e056f539a" />
    <UnitTestResult executionId="d85e8356-79fd-47e9-9827-d34b90dd1d97" testId="95dff4b1-bdbb-ae9f-09f9-b02f79b3b0ce" testName="GisServer.Platform.Tests.Schema.MigrationSetTests.A_current_store_has_nothing_pending" computerName="DESKTOP-M804G0L" duration="00:00:00.0020236" startTime="2026-08-14T21:40:46.4913676+03:00" endTime="2026-08-14T21:40:46.4913676+03:00" testType="13cdc9d9-ddb5-4fa4-a97d-d965ccfc6d4b" outcome="Passed" testListId="8c84fa94-04c1-424b-9868-57a2d4851a1d" relativeResultsDirectory="d85e8356-79fd-47e9-9827-d34b90dd1d97" />
    <UnitTestResult executionId="e9bfe9b1-7c93-4b8c-99b2-7c10b2a55439" testId="1acb04a1-93e8-f506-3690-9a628ce12620" testName="GisServer.Platform.Tests.Schema.UpgradeAndRollbackTests.Pending_lists_only_what_has_not_run" computerName="DESKTOP-M804G0L" duration="00:00:00.0002351" startTime="2026-08-14T21:40:46.4924941+03:00" endTime="2026-08-14T21:40:46.4924942+03:00" testType="13cdc9d9-ddb5-4fa4-a97d-d965ccfc6d4b" outcome="Passed" testListId="8c84fa94-04c1-424b-9868-57a2d4851a1d" relativeResultsDirectory="e9bfe9b1-7c93-4b8c-99b2-7c10b2a55439" />
    <UnitTestResult executionId="88a21cd7-6dde-4e61-812c-3e49c98cddf1" testId="4b202da2-ea67-34de-a7f5-57f8b30b79b1" testName="GisServer.Platform.Tests.Schema.SchemaMigratorTests.The_report_warns_before_the_rollback_window_closes" computerName="DESKTOP-M804G0L" duration="00:00:00.0008016" startTime="2026-08-14T21:40:46.4936932+03:00" endTime="2026-08-14T21:40:46.4936934+03:00" testType="13cdc9d9-ddb5-4fa4-a97d-d965ccfc6d4b" outcome="Passed" testListId="8c84fa94-04c1-424b-9868-57a2d4851a1d" relativeResultsDirectory="88a21cd7-6dde-4e61-812c-3e49c98cddf1" />
    <UnitTestResult executionId="8bec8860-f64a-4ca1-9195-7f01af2c042d" testId="cde4558d-056c-1e86-5584-3d5b8762f3a8" testName="GisServer.Platform.Tests.Identity.LoginServiceTests.Failures_outside_the_window_do_not_count" computerName="DESKTOP-M804G0L" duration="00:00:00.0009642" startTime="2026-08-14T21:40:46.4964135+03:00" endTime="2026-08-14T21:40:46.4964137+03:00" testType="13cdc9d9-ddb5-4fa4-a97d-d965ccfc6d4b" outcome="Passed" testListId="8c84fa94-04c1-424b-9868-57a2d4851a1d" relativeResultsDirectory="8bec8860-f64a-4ca1-9195-7f01af2c042d" />
    <UnitTestResult executionId="32361097-d9d7-43e0-84e5-cdc5d12029b1" testId="bf882690-1a1f-97e2-bb7c-248eec00fb7d" testName="GisServer.Platform.Tests.Schema.SchemaMigratorTests.An_up_to_date_store_is_left_alone" computerName="DESKTOP-M804G0L" duration="00:00:00.0007779" startTime="2026-08-14T21:40:46.4929030+03:00" endTime="2026-08-14T21:40:46.4929030+03:00" testType="13cdc9d9-ddb5-4fa4-a97d-d965ccfc6d4b" outcome="Passed" testListId="8c84fa94-04c1-424b-9868-57a2d4851a1d" relativeResultsDirectory="32361097-d9d7-43e0-84e5-cdc5d12029b1" />
    <UnitTestResult executionId="bda4bbf1-5cc8-41fc-8a47-9b1b0c206bc6" testId="ee52efcd-e9de-14a8-a2e2-becbddc76173" testName="GisServer.Platform.Tests.Schema.SchemaMigratorTests.A_fresh_store_gets_every_migration_in_order" computerName="DESKTOP-M804G0L" duration="00:00:00.0279231" startTime="2026-08-14T21:40:46.4915541+03:00" endTime="2026-08-14T21:40:46.4915542+03:00" testType="13cdc9d9-ddb5-4fa4-a97d-d965ccfc6d4b" outcome="Passed" testListId="8c84fa94-04c1-424b-9868-57a2d4851a1d" relativeResultsDirectory="bda4bbf1-5cc8-41fc-8a47-9b1b0c206bc6" />
    <UnitTestResult executionId="31078979-00ef-4976-a3da-9a1e8809a4de" testId="01e4de1c-8f36-9fca-f157-17c65f0174f1" testName="GisServer.Platform.Tests.Identity.LoginServiceTests.Two_logins_produce_two_different_tokens" computerName="DESKTOP-M804G0L" duration="00:00:00.0121482" startTime="2026-08-14T21:40:46.4951876+03:00" endTime="2026-08-14T21:40:46.4951877+03:00" testType="13cdc9d9-ddb5-4fa4-a97d-d965ccfc6d4b" outcome="Passed" testListId="8c84fa94-04c1-424b-9868-57a2d4851a1d" relativeResultsDirectory="31078979-00ef-4976-a3da-9a1e8809a4de" />
    <UnitTestResult executionId="485eb066-a66f-4562-9e88-bec9015f3db8" testId="1e572622-bdb2-25b2-6f4b-ffe78dbce32b" testName="GisServer.Platform.Tests.Identity.LoginServiceTests.A_revoked_session_stops_working_immediately" computerName="DESKTOP-M804G0L" duration="00:00:00.0013702" startTime="2026-08-14T21:40:46.4952421+03:00" endTime="2026-08-14T21:40:46.4952422+03:00" testType="13cdc9d9-ddb5-4fa4-a97d-d965ccfc6d4b" outcome="Passed" testListId="8c84fa94-04c1-424b-9868-57a2d4851a1d" relativeResultsDirectory="485eb066-a66f-4562-9e88-bec9015f3db8" />
    <UnitTestResult executionId="5ea96e72-6944-42e4-a40a-f7c950211153" testId="b9192802-c4f8-a9f6-9273-0f98a4923df8" testName="GisServer.Platform.Tests.Schema.SchemaMigratorTests.Each_migration_is_handed_the_stamp_it_must_end_with" computerName="DESKTOP-M804G0L" duration="00:00:00.0013105" startTime="2026-08-14T21:40:46.4938588+03:00" endTime="2026-08-14T21:40:46.4938589+03:00" testType="13cdc9d9-ddb5-4fa4-a97d-d965ccfc6d4b" outcome="Passed" testListId="8c84fa94-04c1-424b-9868-57a2d4851a1d" relativeResultsDirectory="5ea96e72-6944-42e4-a40a-f7c950211153" />
    <UnitTestResult executionId="6838ed61-6db5-4dd9-8024-346f435a08b5" testId="6f8b1846-7942-73fa-1a18-6a85dd68e7c7" testName="GisServer.Platform.Tests.Identity.RolesTests.A_private_layer_is_not_readable_by_another_member" computerName="DESKTOP-M804G0L" duration="00:00:00.0004180" startTime="2026-08-14T21:40:46.5049792+03:00" endTime="2026-08-14T21:40:46.5049795+03:00" testType="13cdc9d9-ddb5-4fa4-a97d-d965ccfc6d4b" outcome="Passed" testListId="8c84fa94-04c1-424b-9868-57a2d4851a1d" relativeResultsDirectory="6838ed61-6db5-4dd9-8024-346f435a08b5" />
    <UnitTestResult executionId="8a10e78e-67a4-46c3-87dc-f962cbb5a6e4" testId="489f94e5-8590-29b6-de81-505b0220c895" testName="GisServer.Platform.Tests.Identity.RolesTests.The_administrator_carries_every_privilege_that_exists" computerName="DESKTOP-M804G0L" duration="00:00:00.0035585" startTime="2026-08-14T21:40:46.5356255+03:00" endTime="2026-08-14T21:40:46.5356262+03:00" testType="13cdc9d9-ddb5-4fa4-a97d-d965ccfc6d4b" outcome="Passed" testListId="8c84fa94-04c1-424b-9868-57a2d4851a1d" relativeResultsDirectory="8a10e78e-67a4-46c3-87dc-f962cbb5a6e4" />
    <UnitTestResult executionId="a7cb5263-e1dd-46ec-ae32-4782699a0b6b" testId="bdc40595-18eb-0876-d4e4-caaf221327fc" testName="GisServer.Platform.Tests.Schema.PlatformMigrationsTests.The_shipped_history_is_a_valid_sequence" computerName="DESKTOP-M804G0L" duration="00:00:00.0005948" startTime="2026-08-14T21:40:46.4940201+03:00" endTime="2026-08-14T21:40:46.4940202+03:00" testType="13cdc9d9-ddb5-4fa4-a97d-d965ccfc6d4b" outcome="Passed" testListId="8c84fa94-04c1-424b-9868-57a2d4851a1d" relativeResultsDirectory="a7cb5263-e1dd-46ec-ae32-4782699a0b6b" />
    <UnitTestResult executionId="cdf30985-32eb-4eaa-a59f-8c0705a0fbca" testId="be38b273-57f2-6d50-678d-b4d9d278497c" testName="GisServer.Platform.Tests.Identity.LoginServiceTests.An_expired_session_stops_working" computerName="DESKTOP-M804G0L" duration="00:00:00.0006976" startTime="2026-08-14T21:40:46.5114061+03:00" endTime="2026-08-14T21:40:46.5114064+03:00" testType="13cdc9d9-ddb5-4fa4-a97d-d965ccfc6d4b" outcome="Passed" testListId="8c84fa94-04c1-424b-9868-57a2d4851a1d" relativeResultsDirectory="cdf30985-32eb-4eaa-a59f-8c0705a0fbca" />
    <UnitTestResult executionId="9956fa3c-2c50-4690-9153-677a73f4504c" testId="71a446f2-c13c-ccc6-d2d7-2a9d44a40dd7" testName="GisServer.Platform.Tests.Schema.MigrationTests.An_expand_does_not_move_the_minimum_reader" computerName="DESKTOP-M804G0L" duration="00:00:00.0051031" startTime="2026-08-14T21:40:46.4318806+03:00" endTime="2026-08-14T21:40:46.4318806+03:00" testType="13cdc9d9-ddb5-4fa4-a97d-d965ccfc6d4b" outcome="Passed" testListId="8c84fa94-04c1-424b-9868-57a2d4851a1d" relativeResultsDirectory="9956fa3c-2c50-4690-9153-677a73f4504c" />
    <UnitTestResult executionId="f3be9b44-c6ae-4dc0-aca9-05b36c294202" testId="7f34d115-a22e-7161-4393-1d903d2d7f20" testName="GisServer.Platform.Tests.Identity.RolesTests.A_public_layer_is_readable_by_anonymous" computerName="DESKTOP-M804G0L" duration="00:00:00.0043734" startTime="2026-08-14T21:40:46.4951212+03:00" endTime="2026-08-14T21:40:46.4951213+03:00" testType="13cdc9d9-ddb5-4fa4-a97d-d965ccfc6d4b" outcome="Passed" testListId="8c84fa94-04c1-424b-9868-57a2d4851a1d" relativeResultsDirectory="f3be9b44-c6ae-4dc0-aca9-05b36c294202" />
    <UnitTestResult executionId="3e6b420c-6127-49d7-a4ab-c2efe2963187" testId="5dfcbbe2-c97a-aadc-fa8c-8f2bb4a2cf57" testName="GisServer.Platform.Tests.Identity.RolesTests.An_ownerless_layer_is_private_to_nobody_rather_than_public_to_everybody" computerName="DESKTOP-M804G0L" duration="00:00:00.0001811" startTime="2026-08-14T21:40:46.5375389+03:00" endTime="2026-08-14T21:40:46.5375390+03:00" testType="13cdc9d9-ddb5-4fa4-a97d-d965ccfc6d4b" outcome="Passed" testListId="8c84fa94-04c1-424b-9868-57a2d4851a1d" relativeResultsDirectory="3e6b420c-6127-49d7-a4ab-c2efe2963187" />
    <UnitTestResult executionId="f560bbd2-3b02-4aac-bc74-18b60d9c0048" testId="0bdadb17-8007-fad0-3db0-ef1f0b346744" testName="GisServer.Platform.Tests.Identity.RolesTests.A_clipped_privilege_reports_that_the_ceiling_took_it" computerName="DESKTOP-M804G0L" duration="00:00:00.0003905" startTime="2026-08-14T21:40:46.5361210+03:00" endTime="2026-08-14T21:40:46.5361215+03:00" testType="13cdc9d9-ddb5-4fa4-a97d-d965ccfc6d4b" outcome="Passed" testListId="8c84fa94-04c1-424b-9868-57a2d4851a1d" relativeResultsDirectory="f560bbd2-3b02-4aac-bc74-18b60d9c0048" />
    <UnitTestResult executionId="7be56230-3600-44b9-b82f-89f5e4efe326" testId="6864cfb4-caba-c253-66b1-751b19b60953" testName="GisServer.Platform.Tests.Identity.LoginServiceTests.The_issued_token_resolves_to_the_session_and_is_not_stored_in_the_clear" computerName="DESKTOP-M804G0L" duration="00:00:00.0009679" startTime="2026-08-14T21:40:46.4997250+03:00" endTime="2026-08-14T21:40:46.4997254+03:00" testType="13cdc9d9-ddb5-4fa4-a97d-d965ccfc6d4b" outcome="Passed" testListId="8c84fa94-04c1-424b-9868-57a2d4851a1d" relativeResultsDirectory="7be56230-3600-44b9-b82f-89f5e4efe326" />
    <UnitTestResult executionId="8222822a-2852-44a6-a41e-f4f096321e52" testId="d45410d4-fe9e-46cd-5d83-b86df59c365a" testName="GisServer.Platform.Tests.Schema.SchemaMigratorTests.An_expand_only_upgrade_does_not_warn" computerName="DESKTOP-M804G0L" duration="00:00:00.0056810" startTime="2026-08-14T21:40:46.4928462+03:00" endTime="2026-08-14T21:40:46.4928462+03:00" testType="13cdc9d9-ddb5-4fa4-a97d-d965ccfc6d4b" outcome="Passed" testListId="8c84fa94-04c1-424b-9868-57a2d4851a1d" relativeResultsDirectory="8222822a-2852-44a6-a41e-f4f096321e52" />
    <UnitTestResult executionId="cd0f5aca-e79e-4668-834f-2c82a390336a" testId="526f9b74-7e6e-5657-7adc-8a85687bc462" testName="GisServer.Platform.Tests.Schema.SchemaVersionTests.A_negative_level_is_rejected" computerName="DESKTOP-M804G0L" duration="00:00:00.0012853" startTime="2026-08-14T21:40:46.4912962+03:00" endTime="2026-08-14T21:40:46.4912963+03:00" testType="13cdc9d9-ddb5-4fa4-a97d-d965ccfc6d4b" outcome="Passed" testListId="8c84fa94-04c1-424b-9868-57a2d4851a1d" relativeResultsDirectory="cd0f5aca-e79e-4668-834f-2c82a390336a" />
    <UnitTestResult executionId="43d09115-8338-42a0-92c6-64970dec3f30" testId="0370e157-7326-f336-a14e-82e36eeaf787" testName="GisServer.Platform.Tests.Schema.MigrationTests.A_contract_must_state_the_reader_it_requires" computerName="DESKTOP-M804G0L" duration="00:00:00.0004265" startTime="2026-08-14T21:40:46.4882379+03:00" endTime="2026-08-14T21:40:46.4882379+03:00" testType="13cdc9d9-ddb5-4fa4-a97d-d965ccfc6d4b" outcome="Passed" testListId="8c84fa94-04c1-424b-9868-57a2d4851a1d" relativeResultsDirectory="43d09115-8338-42a0-92c6-64970dec3f30" />
    <UnitTestResult executionId="d052a6e2-73c9-4b97-b869-26aafb431a26" testId="9d3eee96-98bf-f946-fd55-1f9b89b367cd" testName="GisServer.Platform.Tests.Schema.SchemaStampTests.A_migration_must_be_ahead_of_the_applied_level" computerName="DESKTOP-M804G0L" duration="00:00:00.0003691" startTime="2026-08-14T21:40:46.4318151+03:00" endTime="2026-08-14T21:40:46.4318152+03:00" testType="13cdc9d9-ddb5-4fa4-a97d-d965ccfc6d4b" outcome="Passed" testListId="8c84fa94-04c1-424b-9868-57a2d4851a1d" relativeResultsDirectory="d052a6e2-73c9-4b97-b869-26aafb431a26" />
    <UnitTestResult executionId="61d2c87f-2e55-4df2-b2df-613f9425061c" testId="9b2c9ded-a625-6990-6750-31bd9d57e54c" testName="GisServer.Platform.Tests.Identity.LoginServiceTests.A_disabled_account_cannot_log_in_even_with_the_right_password" computerName="DESKTOP-M804G0L" duration="00:00:00.0006754" startTime="2026-08-14T21:40:46.5103809+03:00" endTime="2026-08-14T21:40:46.5103815+03:00" testType="13cdc9d9-ddb5-4fa4-a97d-d965ccfc6d4b" outcome="Passed" testListId="8c84fa94-04c1-424b-9868-57a2d4851a1d" relativeResultsDirectory="61d2c87f-2e55-4df2-b2df-613f9425061c" />
    <UnitTestResult executionId="f9d9af13-9c33-4c74-b532-fc43fd95f1eb" testId="4ecdc4bf-f48d-a6e8-3cc9-4cd5fb818e92" testName="GisServer.Platform.Tests.Identity.RolesTests.The_shipped_schema_version_matches_the_highest_migration" computerName="DESKTOP-M804G0L" duration="00:00:00.0610175" startTime="2026-08-14T21:40:46.4941739+03:00" endTime="2026-08-14T21:40:46.4941740+03:00" testType="13cdc9d9-ddb5-4fa4-a97d-d965ccfc6d4b" outcome="Passed" testListId="8c84fa94-04c1-424b-9868-57a2d4851a1d" relativeResultsDirectory="f9d9af13-9c33-4c74-b532-fc43fd95f1eb" />
    <UnitTestResult executionId="6a004570-c467-43fc-8256-2c9d739ae584" testId="0b36b598-ff7c-855b-06ea-55833622c7c7" testName="GisServer.Platform.Tests.Identity.RolesTests.Viewer_carries_no_privileges_at_all" computerName="DESKTOP-M804G0L" duration="00:00:00.0015142" startTime="2026-08-14T21:40:46.4950564+03:00" endTime="2026-08-14T21:40:46.4950565+03:00" testType="13cdc9d9-ddb5-4fa4-a97d-d965ccfc6d4b" outcome="Passed" testListId="8c84fa94-04c1-424b-9868-57a2d4851a1d" relativeResultsDirectory="6a004570-c467-43fc-8256-2c9d739ae584" />
    <UnitTestResult executionId="0d1cffd6-27e3-4070-80fc-ca561810ec75" testId="e6ac80d5-c623-de7e-d3fb-7661c5900db9" testName="GisServer.Platform.Tests.Identity.RolesTests.An_administrator_reading_a_public_layer_is_not_recorded_as_using_the_override" computerName="DESKTOP-M804G0L" duration="00:00:00.0005483" startTime="2026-08-14T21:40:46.5413462+03:00" endTime="2026-08-14T21:40:46.5413464+03:00" testType="13cdc9d9-ddb5-4fa4-a97d-d965ccfc6d4b" outcome="Passed" testListId="8c84fa94-04c1-424b-9868-57a2d4851a1d" relativeResultsDirectory="0d1cffd6-27e3-4070-80fc-ca561810ec75" />
    <UnitTestResult executionId="c40bd42f-5598-4e3d-ad41-f956cc866879" testId="2a735e1a-414a-3152-78b8-396c75bbadc3" testName="GisServer.Platform.Tests.Identity.RolesTests.An_unknown_user_type_clamps_to_nothing_rather_than_failing_open" computerName="DESKTOP-M804G0L" duration="00:00:00.0001872" startTime="2026-08-14T21:40:46.5372883+03:00" endTime="2026-08-14T21:40:46.5372884+03:00" testType="13cdc9d9-ddb5-4fa4-a97d-d965ccfc6d4b" outcome="Passed" testListId="8c84fa94-04c1-424b-9868-57a2d4851a1d" relativeResultsDirectory="c40bd42f-5598-4e3d-ad41-f956cc866879" />
    <UnitTestResult executionId="089225fa-823b-4356-b6b7-e56a47582ace" testId="0748d099-1300-efa0-d884-3c5cf611eae0" testName="GisServer.Platform.Tests.Schema.UpgradeAndRollbackTests.A_component_newer_than_the_store_is_refused_and_told_to_migrate" computerName="DESKTOP-M804G0L" duration="00:00:00.0001321" startTime="2026-08-14T21:40:46.4928089+03:00" endTime="2026-08-14T21:40:46.4928090+03:00" testType="13cdc9d9-ddb5-4fa4-a97d-d965ccfc6d4b" outcome="Passed" testListId="8c84fa94-04c1-424b-9868-57a2d4851a1d" relativeResultsDirectory="089225fa-823b-4356-b6b7-e56a47582ace" />
    <UnitTestResult executionId="43de984f-0c94-45c7-9a95-66dac1c04293" testId="ea498b4e-e90e-21ca-276a-08a1a7eee5b3" testName="GisServer.Platform.Tests.Schema.UpgradeAndRollbackTests.Contract_does_not_close_the_window_further_than_it_must" computerName="DESKTOP-M804G0L" duration="00:00:00.0001455" startTime="2026-08-14T21:40:46.4927489+03:00" endTime="2026-08-14T21:40:46.4927490+03:00" testType="13cdc9d9-ddb5-4fa4-a97d-d965ccfc6d4b" outcome="Passed" testListId="8c84fa94-04c1-424b-9868-57a2d4851a1d" relativeResultsDirectory="43de984f-0c94-45c7-9a95-66dac1c04293" />
    <UnitTestResult executionId="e0d8d36d-79eb-4317-bd45-adaadca42d3a" testId="43082892-5b5d-83ce-1eb8-95f6c8a4e04b" testName="GisServer.Platform.Tests.Identity.LoginServiceTests.A_wrong_name_and_a_wrong_password_are_indistinguishable(name: &quot;nobody&quot;, password: &quot;correct horse battery&quot;)" computerName="DESKTOP-M804G0L" duration="00:00:00.0004483" startTime="2026-08-14T21:40:46.4953618+03:00" endTime="2026-08-14T21:40:46.4953619+03:00" testType="13cdc9d9-ddb5-4fa4-a97d-d965ccfc6d4b" outcome="Passed" testListId="8c84fa94-04c1-424b-9868-57a2d4851a1d" relativeResultsDirectory="e0d8d36d-79eb-4317-bd45-adaadca42d3a" />
    <UnitTestResult executionId="63bd3021-52f6-4b35-a43f-cd38588c7dbd" testId="d7decea2-d85f-60c2-9aa0-271df879da63" testName="GisServer.Platform.Tests.Identity.RolesTests.The_sharing_scopes_the_code_knows_are_the_ones_the_check_constraint_allows" computerName="DESKTOP-M804G0L" duration="00:00:00.0007121" startTime="2026-08-14T21:40:46.5045168+03:00" endTime="2026-08-14T21:40:46.5045175+03:00" testType="13cdc9d9-ddb5-4fa4-a97d-d965ccfc6d4b" outcome="Passed" testListId="8c84fa94-04c1-424b-9868-57a2d4851a1d" relativeResultsDirectory="63bd3021-52f6-4b35-a43f-cd38588c7dbd" />
    <UnitTestResult executionId="d9cd6f36-b865-4bb3-8a1a-c4cd165241f8" testId="c8c2108e-1f85-34a7-66fb-53b4daeac98d" testName="GisServer.Platform.Tests.Schema.UpgradeAndRollbackTests.Projecting_a_fresh_install_reaches_the_latest_schema" computerName="DESKTOP-M804G0L" duration="00:00:00.0001724" startTime="2026-08-14T21:40:46.4926866+03:00" endTime="2026-08-14T21:40:46.4926867+03:00" testType="13cdc9d9-ddb5-4fa4-a97d-d965ccfc6d4b" outcome="Passed" testListId="8c84fa94-04c1-424b-9868-57a2d4851a1d" relativeResultsDirectory="d9cd6f36-b865-4bb3-8a1a-c4cd165241f8" />
    <UnitTestResult executionId="21a1f0a1-c27f-47af-9d19-17ecbcea115d" testId="506b8ec6-0e0e-ba42-4a4a-396065423c6b" testName="GisServer.Platform.Tests.Identity.LoginServiceTests.A_wrong_name_and_a_wrong_password_are_indistinguishable(name: &quot;alice&quot;, password: &quot;wrong password entirely&quot;)" computerName="DESKTOP-M804G0L" duration="00:00:00.0035147" startTime="2026-08-14T21:40:46.4953012+03:00" endTime="2026-08-14T21:40:46.4953012+03:00" testType="13cdc9d9-ddb5-4fa4-a97d-d965ccfc6d4b" outcome="Passed" testListId="8c84fa94-04c1-424b-9868-57a2d4851a1d" relativeResultsDirectory="21a1f0a1-c27f-47af-9d19-17ecbcea115d" />
    <UnitTestResult executionId="199b2df8-eed2-4b53-b3ae-501769df517a" testId="dc47ccd9-3efc-1c48-94aa-82ecedbaa4d2" testName="GisServer.Platform.Tests.Identity.RolesTests.An_organisation_layer_is_readable_by_any_authenticated_principal" computerName="DESKTOP-M804G0L" duration="00:00:00.0001853" startTime="2026-08-14T21:40:46.5317867+03:00" endTime="2026-08-14T21:40:46.5317868+03:00" testType="13cdc9d9-ddb5-4fa4-a97d-d965ccfc6d4b" outcome="Passed" testListId="8c84fa94-04c1-424b-9868-57a2d4851a1d" relativeResultsDirectory="199b2df8-eed2-4b53-b3ae-501769df517a" />
    <UnitTestResult executionId="8e80585b-9554-4049-9645-500d479fa151" testId="ea7ce0de-f973-6c73-4e99-68e251df322e" testName="GisServer.Platform.Tests.Schema.SchemaStampTests.A_contract_never_lowers_the_minimum_reader" computerName="DESKTOP-M804G0L" duration="00:00:00.0041670" startTime="2026-08-14T21:40:46.4875400+03:00" endTime="2026-08-14T21:40:46.4875403+03:00" testType="13cdc9d9-ddb5-4fa4-a97d-d965ccfc6d4b" outcome="Passed" testListId="8c84fa94-04c1-424b-9868-57a2d4851a1d" relativeResultsDirectory="8e80585b-9554-4049-9645-500d479fa151" />
    <UnitTestResult executionId="a620a181-b077-4419-903b-16775d2d5071" testId="6235e656-fd68-12bc-a236-e89d6f600a8e" testName="GisServer.Platform.Tests.Schema.MigrationTests.A_migration_needs_a_description_for_the_operator_report" computerName="DESKTOP-M804G0L" duration="00:00:00.0001785" startTime="2026-08-14T21:40:46.4882884+03:00" endTime="2026-08-14T21:40:46.4882885+03:00" testType="13cdc9d9-ddb5-4fa4-a97d-d965ccfc6d4b" outcome="Passed" testListId="8c84fa94-04c1-424b-9868-57a2d4851a1d" relativeResultsDirectory="a620a181-b077-4419-903b-16775d2d5071" />
    <UnitTestResult executionId="fb70ef2b-bd1a-443f-9c0b-252c888f2b50" testId="8498250c-ea81-9d07-0abd-fadf2c02a292" testName="GisServer.Platform.Tests.Identity.LoginServiceTests.A_password_hashed_at_a_weaker_cost_is_rehashed_on_the_way_through" computerName="DESKTOP-M804G0L" duration="00:00:00.0059963" startTime="2026-08-14T21:40:46.5095719+03:00" endTime="2026-08-14T21:40:46.5095727+03:00" testType="13cdc9d9-ddb5-4fa4-a97d-d965ccfc6d4b" outcome="Passed" testListId="8c84fa94-04c1-424b-9868-57a2d4851a1d" relativeResultsDirectory="fb70ef2b-bd1a-443f-9c0b-252c888f2b50" />
    <UnitTestResult executionId="c1af8c06-6754-4a60-b5c9-8bad00efb18d" testId="f4a23656-debd-da36-d5bc-8f31aeac18b8" testName="GisServer.Platform.Tests.Identity.RolesTests.A_narrow_user_type_clips_a_wide_role" computerName="DESKTOP-M804G0L" duration="00:00:00.0243519" startTime="2026-08-14T21:40:46.5308527+03:00" endTime="2026-08-14T21:40:46.5308534+03:00" testType="13cdc9d9-ddb5-4fa4-a97d-d965ccfc6d4b" outcome="Passed" testListId="8c84fa94-04c1-424b-9868-57a2d4851a1d" relativeResultsDirectory="c1af8c06-6754-4a60-b5c9-8bad00efb18d" />
    <UnitTestResult executionId="6eb8ce6f-0531-414e-8ad8-19afa89664ec" testId="665bc5d4-29cd-902f-a49c-c1bf9b0c96b5" testName="GisServer.Platform.Tests.Identity.LoginServiceTests.The_address_limit_refuses_before_spending_a_verification" computerName="DESKTOP-M804G0L" duration="00:00:00.0021308" startTime="2026-08-14T21:40:46.4986476+03:00" endTime="2026-08-14T21:40:46.4986479+03:00" testType="13cdc9d9-ddb5-4fa4-a97d-d965ccfc6d4b" outcome="Passed" testListId="8c84fa94-04c1-424b-9868-57a2d4851a1d" relativeResultsDirectory="6eb8ce6f-0531-414e-8ad8-19afa89664ec" />
    <UnitTestResult executionId="dba17124-33b7-4e54-b0df-a551255dcac0" testId="9d7ebfa7-5b6a-f17b-1132-332e4becabe9" testName="GisServer.Platform.Tests.Identity.RolesTests.Publishing_hosted_content_does_not_carry_registering_a_data_source" computerName="DESKTOP-M804G0L" duration="00:00:00.0016270" startTime="2026-08-14T21:40:46.4942365+03:00" endTime="2026-08-14T21:40:46.4942366+03:00" testType="13cdc9d9-ddb5-4fa4-a97d-d965ccfc6d4b" outcome="Passed" testListId="8c84fa94-04c1-424b-9868-57a2d4851a1d" relativeResultsDirectory="dba17124-33b7-4e54-b0df-a551255dcac0" />
    <UnitTestResult executionId="fc4b5106-2e3a-407b-8928-7bebe5abbf7f" testId="3319e1a4-ac37-19f7-a87c-0d30a92533aa" testName="GisServer.Platform.Tests.Schema.SchemaStampTests.The_first_migration_cannot_be_a_contract" computerName="DESKTOP-M804G0L" duration="00:00:00.0082170" startTime="2026-08-14T21:40:46.4295672+03:00" endTime="2026-08-14T21:40:46.4295682+03:00" testType="13cdc9d9-ddb5-4fa4-a97d-d965ccfc6d4b" outcome="Passed" testListId="8c84fa94-04c1-424b-9868-57a2d4851a1d" relativeResultsDirectory="fc4b5106-2e3a-407b-8928-7bebe5abbf7f" />
    <UnitTestResult executionId="cb0fb4c9-127a-4337-b0ec-d67abefaf516" testId="585c7f3d-762e-89b0-810f-8758739dec54" testName="GisServer.Platform.Tests.Schema.PlatformMigrationsTests.The_first_migration_creates_the_stamp_table_it_will_be_read_from" computerName="DESKTOP-M804G0L" duration="00:00:00.0010215" startTime="2026-08-14T21:40:46.4941233+03:00" endTime="2026-08-14T21:40:46.4941233+03:00" testType="13cdc9d9-ddb5-4fa4-a97d-d965ccfc6d4b" outcome="Passed" testListId="8c84fa94-04c1-424b-9868-57a2d4851a1d" relativeResultsDirectory="cb0fb4c9-127a-4337-b0ec-d67abefaf516" />
    <UnitTestResult executionId="4bfe5c5c-fa49-4eb9-8194-11fadb52b9ac" testId="8db51385-9e1f-f666-9297-cd6f8af36a30" testName="GisServer.Platform.Tests.Identity.LoginServiceTests.An_unknown_name_still_costs_a_verification" computerName="DESKTOP-M804G0L" duration="00:00:00.0222987" startTime="2026-08-14T21:40:46.4949814+03:00" endTime="2026-08-14T21:40:46.4949815+03:00" testType="13cdc9d9-ddb5-4fa4-a97d-d965ccfc6d4b" outcome="Passed" testListId="8c84fa94-04c1-424b-9868-57a2d4851a1d" relativeResultsDirectory="4bfe5c5c-fa49-4eb9-8194-11fadb52b9ac" />
    <UnitTestResult executionId="df16af02-f0e4-41e7-9f5d-6fb7b1dfedd4" testId="5bacacd7-241d-bf2a-bf42-7debf169d8c2" testName="GisServer.Platform.Tests.Identity.RolesTests.An_administrator_reads_a_private_layer_by_override_and_it_is_labelled_as_one" computerName="DESKTOP-M804G0L" duration="00:00:00.0215648" startTime="2026-08-14T21:40:46.5036933+03:00" endTime="2026-08-14T21:40:46.5036935+03:00" testType="13cdc9d9-ddb5-4fa4-a97d-d965ccfc6d4b" outcome="Passed" testListId="8c84fa94-04c1-424b-9868-57a2d4851a1d" relativeResultsDirectory="df16af02-f0e4-41e7-9f5d-6fb7b1dfedd4" />
    <UnitTestResult executionId="6d670826-bf38-46e1-ba71-ed157fd1fc44" testId="bb774d06-9690-2dc1-8e3b-799c0f4c7a49" testName="GisServer.Platform.Tests.Identity.LoginServiceTests.An_address_that_is_already_blocked_cannot_extend_its_own_block" computerName="DESKTOP-M804G0L" duration="00:00:00.0012630" startTime="2026-08-14T21:40:46.5033811+03:00" endTime="2026-08-14T21:40:46.5033815+03:00" testType="13cdc9d9-ddb5-4fa4-a97d-d965ccfc6d4b" outcome="Passed" testListId="8c84fa94-04c1-424b-9868-57a2d4851a1d" relativeResultsDirectory="6d670826-bf38-46e1-ba71-ed157fd1fc44" />
    <UnitTestResult executionId="1f07e409-c075-46eb-9b79-e72be784eed3" testId="fbf8a41a-985d-4b71-5bfe-917951232f6c" testName="GisServer.Platform.Tests.Identity.RolesTests.Sharing_publicly_is_separated_from_sharing_with_the_organisation" computerName="DESKTOP-M804G0L" duration="00:00:00.0001367" startTime="2026-08-14T21:40:46.5317242+03:00" endTime="2026-08-14T21:40:46.5317243+03:00" testType="13cdc9d9-ddb5-4fa4-a97d-d965ccfc6d4b" outcome="Passed" testListId="8c84fa94-04c1-424b-9868-57a2d4851a1d" relativeResultsDirectory="1f07e409-c075-46eb-9b79-e72be784eed3" />
    <UnitTestResult executionId="eaddea85-f1c4-4a77-aa6f-41126ff3286b" testId="8f02065d-5fe3-3c05-e36c-b5e934536209" testName="GisServer.Platform.Tests.Identity.RolesTests.Every_role_and_user_type_the_code_knows_is_seeded_by_the_migration" computerName="DESKTOP-M804G0L" duration="00:00:00.0008681" startTime="2026-08-14T21:40:46.5316560+03:00" endTime="2026-08-14T21:40:46.5316561+03:00" testType="13cdc9d9-ddb5-4fa4-a97d-d965ccfc6d4b" outcome="Passed" testListId="8c84fa94-04c1-424b-9868-57a2d4851a1d" relativeResultsDirectory="eaddea85-f1c4-4a77-aa6f-41126ff3286b" />
    <UnitTestResult executionId="f414c8dc-5347-43ba-93f5-7ee3f1fed3bd" testId="2b12c489-4e12-ace6-b789-fbad6d79ba8c" testName="GisServer.Platform.Tests.Identity.RolesTests.The_default_user_type_withholds_nothing" computerName="DESKTOP-M804G0L" duration="00:00:00.0008105" startTime="2026-08-14T21:40:46.5370151+03:00" endTime="2026-08-14T21:40:46.5370160+03:00" testType="13cdc9d9-ddb5-4fa4-a97d-d965ccfc6d4b" outcome="Passed" testListId="8c84fa94-04c1-424b-9868-57a2d4851a1d" relativeResultsDirectory="f414c8dc-5347-43ba-93f5-7ee3f1fed3bd" />
    <UnitTestResult executionId="3210f05b-d8fa-4e78-96bc-23c9bc008d0b" testId="21e79236-06e6-0d15-a38f-f439f44cfea5" testName="GisServer.Platform.Tests.Schema.UpgradeAndRollbackTests.The_operator_is_told_in_advance_when_an_upgrade_will_close_the_rollback_door" computerName="DESKTOP-M804G0L" duration="00:00:00.0002295" startTime="2026-08-14T21:40:46.4926289+03:00" endTime="2026-08-14T21:40:46.4926290+03:00" testType="13cdc9d9-ddb5-4fa4-a97d-d965ccfc6d4b" outcome="Passed" testListId="8c84fa94-04c1-424b-9868-57a2d4851a1d" relativeResultsDirectory="3210f05b-d8fa-4e78-96bc-23c9bc008d0b" />
    <UnitTestResult executionId="e1c7cbee-93ab-4f42-9d99-66a1eb4a3bc7" testId="ba764118-c283-8333-6626-209ffe627bef" testName="GisServer.Platform.Tests.Schema.SchemaVersionTests.None_is_distinct_from_a_real_level" computerName="DESKTOP-M804G0L" duration="00:00:00.0003276" startTime="2026-08-14T21:40:46.4884767+03:00" endTime="2026-08-14T21:40:46.4884768+03:00" testType="13cdc9d9-ddb5-4fa4-a97d-d965ccfc6d4b" outcome="Passed" testListId="8c84fa94-04c1-424b-9868-57a2d4851a1d" relativeResultsDirectory="e1c7cbee-93ab-4f42-9d99-66a1eb4a3bc7" />
    <UnitTestResult executionId="89a3b544-1e14-4d6a-874b-097f55dd6dfa" testId="0f99bff1-8fbb-4b45-3d61-7232fc2c1f5f" testName="GisServer.Platform.Tests.Schema.MigrationTests.A_migration_must_do_something" computerName="DESKTOP-M804G0L" duration="00:00:00.0002906" startTime="2026-08-14T21:40:46.4881850+03:00" endTime="2026-08-14T21:40:46.4881851+03:00" testType="13cdc9d9-ddb5-4fa4-a97d-d965ccfc6d4b" outcome="Passed" testListId="8c84fa94-04c1-424b-9868-57a2d4851a1d" relativeResultsDirectory="89a3b544-1e14-4d6a-874b-097f55dd6dfa" />
    <UnitTestResult executionId="4a7dcc2d-02e6-43e0-b10f-c50e3b1446e6" testId="f49f3a2f-8afb-4cae-27a4-383ac57fbb36" testName="GisServer.Platform.Tests.Identity.RolesTests.Neither_new_migration_closes_the_rollback_window(version: 3)" computerName="DESKTOP-M804G0L" duration="00:00:00.0002561" startTime="2026-08-14T21:40:46.5062922+03:00" endTime="2026-08-14T21:40:46.5062923+03:00" testType="13cdc9d9-ddb5-4fa4-a97d-d965ccfc6d4b" outcome="Passed" testListId="8c84fa94-04c1-424b-9868-57a2d4851a1d" relativeResultsDirectory="4a7dcc2d-02e6-43e0-b10f-c50e3b1446e6" />
    <UnitTestResult executionId="01bc3073-d81e-4b51-b09c-776df32799a1" testId="d67bc9a4-b195-8d59-7707-17d87b78b68e" testName="GisServer.Platform.Tests.Schema.SchemaMigratorTests.A_failure_part_way_leaves_the_stamp_where_it_actually_got_to" computerName="DESKTOP-M804G0L" duration="00:00:00.0045804" startTime="2026-08-14T21:40:46.4929686+03:00" endTime="2026-08-14T21:40:46.4929686+03:00" testType="13cdc9d9-ddb5-4fa4-a97d-d965ccfc6d4b" outcome="Passed" testListId="8c84fa94-04c1-424b-9868-57a2d4851a1d" relativeResultsDirectory="01bc3073-d81e-4b51-b09c-776df32799a1" />
    <UnitTestResult executionId="b6b711c4-ced2-47ba-95f7-db726142060b" testId="ec37a68d-d207-bc2e-635b-e9c95e19ff80" testName="GisServer.Platform.Tests.Schema.MigrationTests.Statements_are_copied_so_a_caller_cannot_mutate_them_later" computerName="DESKTOP-M804G0L" duration="00:00:00.0085650" startTime="2026-08-14T21:40:46.4259514+03:00" endTime="2026-08-14T21:40:46.4259797+03:00" testType="13cdc9d9-ddb5-4fa4-a97d-d965ccfc6d4b" outcome="Passed" testListId="8c84fa94-04c1-424b-9868-57a2d4851a1d" relativeResultsDirectory="b6b711c4-ced2-47ba-95f7-db726142060b" />
    <UnitTestResult executionId="2cc13760-0465-48f8-a15a-fb64ca254386" testId="c3f487c7-179d-6884-fa88-7e823238eaf9" testName="GisServer.Platform.Tests.Identity.RolesTests.The_role_set_is_the_five_portal_defaults" computerName="DESKTOP-M804G0L" duration="00:00:00.0019242" startTime="2026-08-14T21:40:46.5396755+03:00" endTime="2026-08-14T21:40:46.5396762+03:00" testType="13cdc9d9-ddb5-4fa4-a97d-d965ccfc6d4b" outcome="Passed" testListId="8c84fa94-04c1-424b-9868-57a2d4851a1d" relativeResultsDirectory="2cc13760-0465-48f8-a15a-fb64ca254386" />
    <UnitTestResult executionId="efa0b776-761f-40ff-b45b-bd3dfa901fb4" testId="9f6eacf3-d0ca-3e0a-c9a8-270906be072b" testName="GisServer.Platform.Tests.Identity.LoginServiceTests.Both_successful_and_failed_attempts_are_recorded" computerName="DESKTOP-M804G0L" duration="00:00:00.0008968" startTime="2026-08-14T21:40:46.5019728+03:00" endTime="2026-08-14T21:40:46.5019730+03:00" testType="13cdc9d9-ddb5-4fa4-a97d-d965ccfc6d4b" outcome="Passed" testListId="8c84fa94-04c1-424b-9868-57a2d4851a1d" relativeResultsDirectory="efa0b776-761f-40ff-b45b-bd3dfa901fb4" />
    <UnitTestResult executionId="94196188-2b25-4acc-a71f-57794cd98105" testId="6a2d23dd-b9ca-82c8-8fa8-6a4f5d0cf59c" testName="GisServer.Platform.Tests.Identity.RolesTests.A_private_layer_is_readable_by_its_owner" computerName="DESKTOP-M804G0L" duration="00:00:00.0001813" startTime="2026-08-14T21:40:46.5060461+03:00" endTime="2026-08-14T21:40:46.5060463+03:00" testType="13cdc9d9-ddb5-4fa4-a97d-d965ccfc6d4b" outcome="Passed" testListId="8c84fa94-04c1-424b-9868-57a2d4851a1d" relativeResultsDirectory="94196188-2b25-4acc-a71f-57794cd98105" />
    <UnitTestResult executionId="083f4230-5cea-4771-862a-2ce64891e5ac" testId="e283d6c5-24b0-d5d0-f0fd-04e270f23452" testName="GisServer.Platform.Tests.Schema.UpgradeAndRollbackTests.After_contract_the_previous_version_is_refused_and_told_why" computerName="DESKTOP-M804G0L" duration="00:00:00.0002789" startTime="2026-08-14T21:40:46.4925719+03:00" endTime="2026-08-14T21:40:46.4925720+03:00" testType="13cdc9d9-ddb5-4fa4-a97d-d965ccfc6d4b" outcome="Passed" testListId="8c84fa94-04c1-424b-9868-57a2d4851a1d" relativeResultsDirectory="083f4230-5cea-4771-862a-2ce64891e5ac" />
    <UnitTestResult executionId="a5331adb-c447-41a1-ab2a-af501e0f17db" testId="663da831-7c68-aa3b-7bcf-b81366b92bdc" testName="GisServer.Platform.Tests.Identity.LoginServiceTests.A_correct_password_issues_a_session" computerName="DESKTOP-M804G0L" duration="00:00:00.0011550" startTime="2026-08-14T21:40:46.5009885+03:00" endTime="2026-08-14T21:40:46.5009887+03:00" testType="13cdc9d9-ddb5-4fa4-a97d-d965ccfc6d4b" outcome="Passed" testListId="8c84fa94-04c1-424b-9868-57a2d4851a1d" relativeResultsDirectory="a5331adb-c447-41a1-ab2a-af501e0f17db" />
    <UnitTestResult executionId="31c0113a-98f6-479a-8b3b-355682abf388" testId="8ac66f67-bba0-badd-5f20-794002487722" testName="GisServer.Platform.Tests.Schema.UpgradeAndRollbackTests.An_un_migrated_store_refuses_every_component_and_says_what_to_do" computerName="DESKTOP-M804G0L" duration="00:00:00.0038511" startTime="2026-08-14T21:40:46.4916127+03:00" endTime="2026-08-14T21:40:46.4916128+03:00" testType="13cdc9d9-ddb5-4fa4-a97d-d965ccfc6d4b" outcome="Passed" testListId="8c84fa94-04c1-424b-9868-57a2d4851a1d" relativeResultsDirectory="31c0113a-98f6-479a-8b3b-355682abf388" />
    <UnitTestResult executionId="fd0fd6b8-9c05-4b16-baf5-bfc0b9bb273c" testId="1e277fb4-76e9-0221-fdb1-a721e4655129" testName="GisServer.Platform.Tests.Identity.LoginServiceTests.A_password_already_at_the_current_cost_is_not_rewritten" computerName="DESKTOP-M804G0L" duration="00:00:00.0012168" startTime="2026-08-14T21:40:46.5125349+03:00" endTime="2026-08-14T21:40:46.5125353+03:00" testType="13cdc9d9-ddb5-4fa4-a97d-d965ccfc6d4b" outcome="Passed" testListId="8c84fa94-04c1-424b-9868-57a2d4851a1d" relativeResultsDirectory="fd0fd6b8-9c05-4b16-baf5-bfc0b9bb273c" />
    <UnitTestResult executionId="a3e5b02f-3810-40b1-8104-5a4b6e4ec631" testId="dae3723d-bdae-d871-1721-21505014bdbf" testName="GisServer.Platform.Tests.Identity.RolesTests.A_publisher_cannot_administer" computerName="DESKTOP-M804G0L" duration="00:00:00.0000833" startTime="2026-08-14T21:40:46.5319254+03:00" endTime="2026-08-14T21:40:46.5319255+03:00" testType="13cdc9d9-ddb5-4fa4-a97d-d965ccfc6d4b" outcome="Passed" testListId="8c84fa94-04c1-424b-9868-57a2d4851a1d" relativeResultsDirectory="a3e5b02f-3810-40b1-8104-5a4b6e4ec631" />
    <UnitTestResult executionId="69dcf018-0b14-4918-9757-31fc98114235" testId="91c05049-00b9-9430-f9b4-361b80a82a24" testName="GisServer.Platform.Tests.Schema.SchemaStampTests.A_stamp_cannot_require_a_reader_newer_than_itself" computerName="DESKTOP-M804G0L" duration="00:00:00.0006607" startTime="2026-08-14T21:40:46.4317474+03:00" endTime="2026-08-14T21:40:46.4317475+03:00" testType="13cdc9d9-ddb5-4fa4-a97d-d965ccfc6d4b" outcome="Passed" testListId="8c84fa94-04c1-424b-9868-57a2d4851a1d" relativeResultsDirectory="69dcf018-0b14-4918-9757-31fc98114235" />
    <UnitTestResult executionId="368699a6-45a6-4caa-8dfd-c4402d614c94" testId="f41c9404-6c9d-954f-1472-38eab123d18d" testName="GisServer.Platform.Tests.Identity.RolesTests.Neither_new_migration_closes_the_rollback_window(version: 5)" computerName="DESKTOP-M804G0L" duration="00:00:00.0002815" startTime="2026-08-14T21:40:46.5063423+03:00" endTime="2026-08-14T21:40:46.5063424+03:00" testType="13cdc9d9-ddb5-4fa4-a97d-d965ccfc6d4b" outcome="Passed" testListId="8c84fa94-04c1-424b-9868-57a2d4851a1d" relativeResultsDirectory="368699a6-45a6-4caa-8dfd-c4402d614c94" />
    <UnitTestResult executionId="c875e4b2-75b2-4d01-9a33-55f0609fb4dd" testId="558d89f5-4512-a8b8-8047-10cb6a02b0f9" testName="GisServer.Platform.Tests.Schema.PlatformMigrationsTests.This_build_can_run_against_a_store_it_has_just_migrated" computerName="DESKTOP-M804G0L" duration="00:00:00.0532538" startTime="2026-08-14T21:40:46.4939139+03:00" endTime="2026-08-14T21:40:46.4939139+03:00" testType="13cdc9d9-ddb5-4fa4-a97d-d965ccfc6d4b" outcome="Passed" testListId="8c84fa94-04c1-424b-9868-57a2d4851a1d" relativeResultsDirectory="c875e4b2-75b2-4d01-9a33-55f0609fb4dd" />
    <UnitTestResult executionId="f99b6394-39cf-4e3c-8f44-1fd16c4bd05e" testId="50ece40e-fa6b-d28a-7fab-409637bbbd33" testName="GisServer.Platform.Tests.Schema.SchemaStampTests.A_stamp_needs_a_real_applied_level" computerName="DESKTOP-M804G0L" duration="00:00:00.0002218" startTime="2026-08-14T21:40:46.4881554+03:00" endTime="2026-08-14T21:40:46.4881555+03:00" testType="13cdc9d9-ddb5-4fa4-a97d-d965ccfc6d4b" outcome="Passed" testListId="8c84fa94-04c1-424b-9868-57a2d4851a1d" relativeResultsDirectory="f99b6394-39cf-4e3c-8f44-1fd16c4bd05e" />
  </Results>
  <TestDefinitions>
    <UnitTest name="GisServer.Platform.Tests.Identity.LoginServiceTests.The_address_limit_refuses_before_spending_a_verification" storage="c:\personal\projects\gis\tests\gisserver.platform.tests\bin\release\net9.0\gisserver.platform.tests.dll" id="665bc5d4-29cd-902f-a49c-c1bf9b0c96b5">
      <Execution id="6eb8ce6f-0531-414e-8ad8-19afa89664ec" />
      <TestMethod codeBase="C:\Personal\Projects\GIS\tests\GisServer.Platform.Tests\bin\Release\net9.0\GisServer.Platform.Tests.dll" adapterTypeName="executor://xunit/VsTestRunner2/netcoreapp" className="GisServer.Platform.Tests.Identity.LoginServiceTests" name="The_address_limit_refuses_before_spending_a_verification" />
    </UnitTest>
    <UnitTest name="GisServer.Platform.Tests.Schema.SchemaStampTests.A_stamp_needs_a_real_applied_level" storage="c:\personal\projects\gis\tests\gisserver.platform.tests\bin\release\net9.0\gisserver.platform.tests.dll" id="50ece40e-fa6b-d28a-7fab-409637bbbd33">
      <Execution id="f99b6394-39cf-4e3c-8f44-1fd16c4bd05e" />
      <TestMethod codeBase="C:\Personal\Projects\GIS\tests\GisServer.Platform.Tests\bin\Release\net9.0\GisServer.Platform.Tests.dll" adapterTypeName="executor://xunit/VsTestRunner2/netcoreapp" className="GisServer.Platform.Tests.Schema.SchemaStampTests" name="A_stamp_needs_a_real_applied_level" />
    </UnitTest>
    <UnitTest name="GisServer.Platform.Tests.Schema.MigrationTests.An_expand_does_not_move_the_minimum_reader" storage="c:\personal\projects\gis\tests\gisserver.platform.tests\bin\release\net9.0\gisserver.platform.tests.dll" id="71a446f2-c13c-ccc6-d2d7-2a9d44a40dd7">
      <Execution id="9956fa3c-2c50-4690-9153-677a73f4504c" />
      <TestMethod codeBase="C:\Personal\Projects\GIS\tests\GisServer.Platform.Tests\bin\Release\net9.0\GisServer.Platform.Tests.dll" adapterTypeName="executor://xunit/VsTestRunner2/netcoreapp" className="GisServer.Platform.Tests.Schema.MigrationTests" name="An_expand_does_not_move_the_minimum_reader" />
    </UnitTest>
    <UnitTest name="GisServer.Platform.Tests.Schema.MigrationTests.A_contract_cannot_require_a_reader_from_the_future" storage="c:\personal\projects\gis\tests\gisserver.platform.tests\bin\release\net9.0\gisserver.platform.tests.dll" id="a915fd22-4aee-a941-8fc3-3faed6a6c77b">
      <Execution id="1dd9f10a-14fc-48ef-adf9-fa8475d9daf7" />
      <TestMethod codeBase="C:\Personal\Projects\GIS\tests\GisServer.Platform.Tests\bin\Release\net9.0\GisServer.Platform.Tests.dll" adapterTypeName="executor://xunit/VsTestRunner2/netcoreapp" className="GisServer.Platform.Tests.Schema.MigrationTests" name="A_contract_cannot_require_a_reader_from_the_future" />
    </UnitTest>
    <UnitTest name="GisServer.Platform.Tests.Identity.LoginServiceTests.An_expired_session_stops_working" storage="c:\personal\projects\gis\tests\gisserver.platform.tests\bin\release\net9.0\gisserver.platform.tests.dll" id="be38b273-57f2-6d50-678d-b4d9d278497c">
      <Execution id="cdf30985-32eb-4eaa-a59f-8c0705a0fbca" />
      <TestMethod codeBase="C:\Personal\Projects\GIS\tests\GisServer.Platform.Tests\bin\Release\net9.0\GisServer.Platform.Tests.dll" adapterTypeName="executor://xunit/VsTestRunner2/netcoreapp" className="GisServer.Platform.Tests.Identity.LoginServiceTests" name="An_expired_session_stops_working" />
    </UnitTest>
    <UnitTest name="GisServer.Platform.Tests.Schema.UpgradeAndRollbackTests.After_expand_the_previous_version_still_runs_which_is_the_rollback_window" storage="c:\personal\projects\gis\tests\gisserver.platform.tests\bin\release\net9.0\gisserver.platform.tests.dll" id="b9f52065-23d4-cd64-993b-cbabc3c4012d">
      <Execution id="8b10b9fb-878a-4528-9ebf-9b50f1c448e3" />
      <TestMethod codeBase="C:\Personal\Projects\GIS\tests\GisServer.Platform.Tests\bin\Release\net9.0\GisServer.Platform.Tests.dll" adapterTypeName="executor://xunit/VsTestRunner2/netcoreapp" className="GisServer.Platform.Tests.Schema.UpgradeAndRollbackTests" name="After_expand_the_previous_version_still_runs_which_is_the_rollback_window" />
    </UnitTest>
    <UnitTest name="GisServer.Platform.Tests.Identity.RolesTests.The_default_user_type_withholds_nothing" storage="c:\personal\projects\gis\tests\gisserver.platform.tests\bin\release\net9.0\gisserver.platform.tests.dll" id="2b12c489-4e12-ace6-b789-fbad6d79ba8c">
      <Execution id="f414c8dc-5347-43ba-93f5-7ee3f1fed3bd" />
      <TestMethod codeBase="C:\Personal\Projects\GIS\tests\GisServer.Platform.Tests\bin\Release\net9.0\GisServer.Platform.Tests.dll" adapterTypeName="executor://xunit/VsTestRunner2/netcoreapp" className="GisServer.Platform.Tests.Identity.RolesTests" name="The_default_user_type_withholds_nothing" />
    </UnitTest>
    <UnitTest name="GisServer.Platform.Tests.Schema.SchemaMigratorTests.An_expand_only_upgrade_does_not_warn" storage="c:\personal\projects\gis\tests\gisserver.platform.tests\bin\release\net9.0\gisserver.platform.tests.dll" id="d45410d4-fe9e-46cd-5d83-b86df59c365a">
      <Execution id="8222822a-2852-44a6-a41e-f4f096321e52" />
      <TestMethod codeBase="C:\Personal\Projects\GIS\tests\GisServer.Platform.Tests\bin\Release\net9.0\GisServer.Platform.Tests.dll" adapterTypeName="executor://xunit/VsTestRunner2/netcoreapp" className="GisServer.Platform.Tests.Schema.SchemaMigratorTests" name="An_expand_only_upgrade_does_not_warn" />
    </UnitTest>
    <UnitTest name="GisServer.Platform.Tests.Schema.SchemaMigratorTests.Each_migration_is_handed_the_stamp_it_must_end_with" storage="c:\personal\projects\gis\tests\gisserver.platform.tests\bin\release\net9.0\gisserver.platform.tests.dll" id="b9192802-c4f8-a9f6-9273-0f98a4923df8">
      <Execution id="5ea96e72-6944-42e4-a40a-f7c950211153" />
      <TestMethod codeBase="C:\Personal\Projects\GIS\tests\GisServer.Platform.Tests\bin\Release\net9.0\GisServer.Platform.Tests.dll" adapterTypeName="executor://xunit/VsTestRunner2/netcoreapp" className="GisServer.Platform.Tests.Schema.SchemaMigratorTests" name="Each_migration_is_handed_the_stamp_it_must_end_with" />
    </UnitTest>
    <UnitTest name="GisServer.Platform.Tests.Schema.UpgradeAndRollbackTests.An_un_migrated_store_refuses_every_component_and_says_what_to_do" storage="c:\personal\projects\gis\tests\gisserver.platform.tests\bin\release\net9.0\gisserver.platform.tests.dll" id="8ac66f67-bba0-badd-5f20-794002487722">
      <Execution id="31c0113a-98f6-479a-8b3b-355682abf388" />
      <TestMethod codeBase="C:\Personal\Projects\GIS\tests\GisServer.Platform.Tests\bin\Release\net9.0\GisServer.Platform.Tests.dll" adapterTypeName="executor://xunit/VsTestRunner2/netcoreapp" className="GisServer.Platform.Tests.Schema.UpgradeAndRollbackTests" name="An_un_migrated_store_refuses_every_component_and_says_what_to_do" />
    </UnitTest>
    <UnitTest name="GisServer.Platform.Tests.Identity.RolesTests.The_role_set_is_the_five_portal_defaults" storage="c:\personal\projects\gis\tests\gisserver.platform.tests\bin\release\net9.0\gisserver.platform.tests.dll" id="c3f487c7-179d-6884-fa88-7e823238eaf9">
      <Execution id="2cc13760-0465-48f8-a15a-fb64ca254386" />
      <TestMethod codeBase="C:\Personal\Projects\GIS\tests\GisServer.Platform.Tests\bin\Release\net9.0\GisServer.Platform.Tests.dll" adapterTypeName="executor://xunit/VsTestRunner2/netcoreapp" className="GisServer.Platform.Tests.Identity.RolesTests" name="The_role_set_is_the_five_portal_defaults" />
    </UnitTest>
    <UnitTest name="GisServer.Platform.Tests.Schema.MigrationTests.A_contract_must_state_the_reader_it_requires" storage="c:\personal\projects\gis\tests\gisserver.platform.tests\bin\release\net9.0\gisserver.platform.tests.dll" id="0370e157-7326-f336-a14e-82e36eeaf787">
      <Execution id="43d09115-8338-42a0-92c6-64970dec3f30" />
      <TestMethod codeBase="C:\Personal\Projects\GIS\tests\GisServer.Platform.Tests\bin\Release\net9.0\GisServer.Platform.Tests.dll" adapterTypeName="executor://xunit/VsTestRunner2/netcoreapp" className="GisServer.Platform.Tests.Schema.MigrationTests" name="A_contract_must_state_the_reader_it_requires" />
    </UnitTest>
    <UnitTest name="GisServer.Platform.Tests.Identity.RolesTests.A_private_layer_is_readable_by_its_owner" storage="c:\personal\projects\gis\tests\gisserver.platform.tests\bin\release\net9.0\gisserver.platform.tests.dll" id="6a2d23dd-b9ca-82c8-8fa8-6a4f5d0cf59c">
      <Execution id="94196188-2b25-4acc-a71f-57794cd98105" />
      <TestMethod codeBase="C:\Personal\Projects\GIS\tests\GisServer.Platform.Tests\bin\Release\net9.0\GisServer.Platform.Tests.dll" adapterTypeName="executor://xunit/VsTestRunner2/netcoreapp" className="GisServer.Platform.Tests.Identity.RolesTests" name="A_private_layer_is_readable_by_its_owner" />
    </UnitTest>
    <UnitTest name="GisServer.Platform.Tests.Identity.RolesTests.An_unknown_role_confers_nothing_rather_than_throwing" storage="c:\personal\projects\gis\tests\gisserver.platform.tests\bin\release\net9.0\gisserver.platform.tests.dll" id="c3bcc0e1-c408-427a-6197-ec1a076702d6">
      <Execution id="7bcfed3e-618f-4920-aaa1-c6aadd2dd218" />
      <TestMethod codeBase="C:\Personal\Projects\GIS\tests\GisServer.Platform.Tests\bin\Release\net9.0\GisServer.Platform.Tests.dll" adapterTypeName="executor://xunit/VsTestRunner2/netcoreapp" className="GisServer.Platform.Tests.Identity.RolesTests" name="An_unknown_role_confers_nothing_rather_than_throwing" />
    </UnitTest>
    <UnitTest name="GisServer.Platform.Tests.Identity.RolesTests.The_sharing_scopes_the_code_knows_are_the_ones_the_check_constraint_allows" storage="c:\personal\projects\gis\tests\gisserver.platform.tests\bin\release\net9.0\gisserver.platform.tests.dll" id="d7decea2-d85f-60c2-9aa0-271df879da63">
      <Execution id="63bd3021-52f6-4b35-a43f-cd38588c7dbd" />
      <TestMethod codeBase="C:\Personal\Projects\GIS\tests\GisServer.Platform.Tests\bin\Release\net9.0\GisServer.Platform.Tests.dll" adapterTypeName="executor://xunit/VsTestRunner2/netcoreapp" className="GisServer.Platform.Tests.Identity.RolesTests" name="The_sharing_scopes_the_code_knows_are_the_ones_the_check_constraint_allows" />
    </UnitTest>
    <UnitTest name="GisServer.Platform.Tests.Identity.RolesTests.A_clipped_privilege_reports_that_the_ceiling_took_it" storage="c:\personal\projects\gis\tests\gisserver.platform.tests\bin\release\net9.0\gisserver.platform.tests.dll" id="0bdadb17-8007-fad0-3db0-ef1f0b346744">
      <Execution id="f560bbd2-3b02-4aac-bc74-18b60d9c0048" />
      <TestMethod codeBase="C:\Personal\Projects\GIS\tests\GisServer.Platform.Tests\bin\Release\net9.0\GisServer.Platform.Tests.dll" adapterTypeName="executor://xunit/VsTestRunner2/netcoreapp" className="GisServer.Platform.Tests.Identity.RolesTests" name="A_clipped_privilege_reports_that_the_ceiling_took_it" />
    </UnitTest>
    <UnitTest name="GisServer.Platform.Tests.Identity.RolesTests.Publishing_hosted_content_does_not_carry_registering_a_data_source" storage="c:\personal\projects\gis\tests\gisserver.platform.tests\bin\release\net9.0\gisserver.platform.tests.dll" id="9d7ebfa7-5b6a-f17b-1132-332e4becabe9">
      <Execution id="dba17124-33b7-4e54-b0df-a551255dcac0" />
      <TestMethod codeBase="C:\Personal\Projects\GIS\tests\GisServer.Platform.Tests\bin\Release\net9.0\GisServer.Platform.Tests.dll" adapterTypeName="executor://xunit/VsTestRunner2/netcoreapp" className="GisServer.Platform.Tests.Identity.RolesTests" name="Publishing_hosted_content_does_not_carry_registering_a_data_source" />
    </UnitTest>
    <UnitTest name="GisServer.Platform.Tests.Identity.LoginServiceTests.A_wrong_name_and_a_wrong_password_are_indistinguishable(name: &quot;alice&quot;, password: &quot;wrong password entirely&quot;)" storage="c:\personal\projects\gis\tests\gisserver.platform.tests\bin\release\net9.0\gisserver.platform.tests.dll" id="506b8ec6-0e0e-ba42-4a4a-396065423c6b">
      <Execution id="21a1f0a1-c27f-47af-9d19-17ecbcea115d" />
      <TestMethod codeBase="C:\Personal\Projects\GIS\tests\GisServer.Platform.Tests\bin\Release\net9.0\GisServer.Platform.Tests.dll" adapterTypeName="executor://xunit/VsTestRunner2/netcoreapp" className="GisServer.Platform.Tests.Identity.LoginServiceTests" name="A_wrong_name_and_a_wrong_password_are_indistinguishable" />
    </UnitTest>
    <UnitTest name="GisServer.Platform.Tests.Schema.MigrationSetTests.Duplicate_levels_are_rejected" storage="c:\personal\projects\gis\tests\gisserver.platform.tests\bin\release\net9.0\gisserver.platform.tests.dll" id="cdf360cd-3e6f-3f67-b8f3-62d8c0765524">
      <Execution id="41183028-82d8-4581-9fe9-f78a41453371" />
      <TestMethod codeBase="C:\Personal\Projects\GIS\tests\GisServer.Platform.Tests\bin\Release\net9.0\GisServer.Platform.Tests.dll" adapterTypeName="executor://xunit/VsTestRunner2/netcoreapp" className="GisServer.Platform.Tests.Schema.MigrationSetTests" name="Duplicate_levels_are_rejected" />
    </UnitTest>
    <UnitTest name="GisServer.Platform.Tests.Identity.RolesTests.A_publisher_cannot_administer" storage="c:\personal\projects\gis\tests\gisserver.platform.tests\bin\release\net9.0\gisserver.platform.tests.dll" id="dae3723d-bdae-d871-1721-21505014bdbf">
      <Execution id="a3e5b02f-3810-40b1-8104-5a4b6e4ec631" />
      <TestMethod codeBase="C:\Personal\Projects\GIS\tests\GisServer.Platform.Tests\bin\Release\net9.0\GisServer.Platform.Tests.dll" adapterTypeName="executor://xunit/VsTestRunner2/netcoreapp" className="GisServer.Platform.Tests.Identity.RolesTests" name="A_publisher_cannot_administer" />
    </UnitTest>
    <UnitTest name="GisServer.Platform.Tests.Schema.MigrationSetTests.A_current_store_has_nothing_pending" storage="c:\personal\projects\gis\tests\gisserver.platform.tests\bin\release\net9.0\gisserver.platform.tests.dll" id="95dff4b1-bdbb-ae9f-09f9-b02f79b3b0ce">
      <Execution id="d85e8356-79fd-47e9-9827-d34b90dd1d97" />
      <TestMethod codeBase="C:\Personal\Projects\GIS\tests\GisServer.Platform.Tests\bin\Release\net9.0\GisServer.Platform.Tests.dll" adapterTypeName="executor://xunit/VsTestRunner2/netcoreapp" className="GisServer.Platform.Tests.Schema.MigrationSetTests" name="A_current_store_has_nothing_pending" />
    </UnitTest>
    <UnitTest name="GisServer.Platform.Tests.Schema.PlatformMigrationsTests.The_shipped_history_is_a_valid_sequence" storage="c:\personal\projects\gis\tests\gisserver.platform.tests\bin\release\net9.0\gisserver.platform.tests.dll" id="bdc40595-18eb-0876-d4e4-caaf221327fc">
      <Execution id="a7cb5263-e1dd-46ec-ae32-4782699a0b6b" />
      <TestMethod codeBase="C:\Personal\Projects\GIS\tests\GisServer.Platform.Tests\bin\Release\net9.0\GisServer.Platform.Tests.dll" adapterTypeName="executor://xunit/VsTestRunner2/netcoreapp" className="GisServer.Platform.Tests.Schema.PlatformMigrationsTests" name="The_shipped_history_is_a_valid_sequence" />
    </UnitTest>
    <UnitTest name="GisServer.Platform.Tests.Identity.LoginServiceTests.The_issued_token_resolves_to_the_session_and_is_not_stored_in_the_clear" storage="c:\personal\projects\gis\tests\gisserver.platform.tests\bin\release\net9.0\gisserver.platform.tests.dll" id="6864cfb4-caba-c253-66b1-751b19b60953">
      <Execution id="7be56230-3600-44b9-b82f-89f5e4efe326" />
      <TestMethod codeBase="C:\Personal\Projects\GIS\tests\GisServer.Platform.Tests\bin\Release\net9.0\GisServer.Platform.Tests.dll" adapterTypeName="executor://xunit/VsTestRunner2/netcoreapp" className="GisServer.Platform.Tests.Identity.LoginServiceTests" name="The_issued_token_resolves_to_the_session_and_is_not_stored_in_the_clear" />
    </UnitTest>
    <UnitTest name="GisServer.Platform.Tests.Identity.LoginServiceTests.A_disabled_account_cannot_log_in_even_with_the_right_password" storage="c:\personal\projects\gis\tests\gisserver.platform.tests\bin\release\net9.0\gisserver.platform.tests.dll" id="9b2c9ded-a625-6990-6750-31bd9d57e54c">
      <Execution id="61d2c87f-2e55-4df2-b2df-613f9425061c" />
      <TestMethod codeBase="C:\Personal\Projects\GIS\tests\GisServer.Platform.Tests\bin\Release\net9.0\GisServer.Platform.Tests.dll" adapterTypeName="executor://xunit/VsTestRunner2/netcoreapp" className="GisServer.Platform.Tests.Identity.LoginServiceTests" name="A_disabled_account_cannot_log_in_even_with_the_right_password" />
    </UnitTest>
    <UnitTest name="GisServer.Platform.Tests.Identity.LoginServiceTests.A_revoked_session_stops_working_immediately" storage="c:\personal\projects\gis\tests\gisserver.platform.tests\bin\release\net9.0\gisserver.platform.tests.dll" id="1e572622-bdb2-25b2-6f4b-ffe78dbce32b">
      <Execution id="485eb066-a66f-4562-9e88-bec9015f3db8" />
      <TestMethod codeBase="C:\Personal\Projects\GIS\tests\GisServer.Platform.Tests\bin\Release\net9.0\GisServer.Platform.Tests.dll" adapterTypeName="executor://xunit/VsTestRunner2/netcoreapp" className="GisServer.Platform.Tests.Identity.LoginServiceTests" name="A_revoked_session_stops_working_immediately" />
    </UnitTest>
    <UnitTest name="GisServer.Platform.Tests.Identity.LoginServiceTests.An_unknown_name_still_costs_a_verification" storage="c:\personal\projects\gis\tests\gisserver.platform.tests\bin\release\net9.0\gisserver.platform.tests.dll" id="8db51385-9e1f-f666-9297-cd6f8af36a30">
      <Execution id="4bfe5c5c-fa49-4eb9-8194-11fadb52b9ac" />
      <TestMethod codeBase="C:\Personal\Projects\GIS\tests\GisServer.Platform.Tests\bin\Release\net9.0\GisServer.Platform.Tests.dll" adapterTypeName="executor://xunit/VsTestRunner2/netcoreapp" className="GisServer.Platform.Tests.Identity.LoginServiceTests" name="An_unknown_name_still_costs_a_verification" />
    </UnitTest>
    <UnitTest name="GisServer.Platform.Tests.Schema.MigrationSetTests.Migrations_must_ascend" storage="c:\personal\projects\gis\tests\gisserver.platform.tests\bin\release\net9.0\gisserver.platform.tests.dll" id="19b93dd9-4ea6-a5cf-e496-3d718317fbac">
      <Execution id="5c2b29cf-2089-4f93-9916-8aa0fd5e7e9f" />
      <TestMethod codeBase="C:\Personal\Projects\GIS\tests\GisServer.Platform.Tests\bin\Release\net9.0\GisServer.Platform.Tests.dll" adapterTypeName="executor://xunit/VsTestRunner2/netcoreapp" className="GisServer.Platform.Tests.Schema.MigrationSetTests" name="Migrations_must_ascend" />
    </UnitTest>
    <UnitTest name="GisServer.Platform.Tests.Identity.RolesTests.The_shipped_schema_version_matches_the_highest_migration" storage="c:\personal\projects\gis\tests\gisserver.platform.tests\bin\release\net9.0\gisserver.platform.tests.dll" id="4ecdc4bf-f48d-a6e8-3cc9-4cd5fb818e92">
      <Execution id="f9d9af13-9c33-4c74-b532-fc43fd95f1eb" />
      <TestMethod codeBase="C:\Personal\Projects\GIS\tests\GisServer.Platform.Tests\bin\Release\net9.0\GisServer.Platform.Tests.dll" adapterTypeName="executor://xunit/VsTestRunner2/netcoreapp" className="GisServer.Platform.Tests.Identity.RolesTests" name="The_shipped_schema_version_matches_the_highest_migration" />
    </UnitTest>
    <UnitTest name="GisServer.Platform.Tests.Identity.RolesTests.An_administrator_reads_a_private_layer_by_override_and_it_is_labelled_as_one" storage="c:\personal\projects\gis\tests\gisserver.platform.tests\bin\release\net9.0\gisserver.platform.tests.dll" id="5bacacd7-241d-bf2a-bf42-7debf169d8c2">
      <Execution id="df16af02-f0e4-41e7-9f5d-6fb7b1dfedd4" />
      <TestMethod codeBase="C:\Personal\Projects\GIS\tests\GisServer.Platform.Tests\bin\Release\net9.0\GisServer.Platform.Tests.dll" adapterTypeName="executor://xunit/VsTestRunner2/netcoreapp" className="GisServer.Platform.Tests.Identity.RolesTests" name="An_administrator_reads_a_private_layer_by_override_and_it_is_labelled_as_one" />
    </UnitTest>
    <UnitTest name="GisServer.Platform.Tests.Identity.LoginServiceTests.An_address_that_is_already_blocked_cannot_extend_its_own_block" storage="c:\personal\projects\gis\tests\gisserver.platform.tests\bin\release\net9.0\gisserver.platform.tests.dll" id="bb774d06-9690-2dc1-8e3b-799c0f4c7a49">
      <Execution id="6d670826-bf38-46e1-ba71-ed157fd1fc44" />
      <TestMethod codeBase="C:\Personal\Projects\GIS\tests\GisServer.Platform.Tests\bin\Release\net9.0\GisServer.Platform.Tests.dll" adapterTypeName="executor://xunit/VsTestRunner2/netcoreapp" className="GisServer.Platform.Tests.Identity.LoginServiceTests" name="An_address_that_is_already_blocked_cannot_extend_its_own_block" />
    </UnitTest>
    <UnitTest name="GisServer.Platform.Tests.Schema.UpgradeAndRollbackTests.A_component_newer_than_the_store_is_refused_and_told_to_migrate" storage="c:\personal\projects\gis\tests\gisserver.platform.tests\bin\release\net9.0\gisserver.platform.tests.dll" id="0748d099-1300-efa0-d884-3c5cf611eae0">
      <Execution id="089225fa-823b-4356-b6b7-e56a47582ace" />
      <TestMethod codeBase="C:\Personal\Projects\GIS\tests\GisServer.Platform.Tests\bin\Release\net9.0\GisServer.Platform.Tests.dll" adapterTypeName="executor://xunit/VsTestRunner2/netcoreapp" className="GisServer.Platform.Tests.Schema.UpgradeAndRollbackTests" name="A_component_newer_than_the_store_is_refused_and_told_to_migrate" />
    </UnitTest>
    <UnitTest name="GisServer.Platform.Tests.Schema.SchemaStampTests.A_stamp_cannot_require_a_reader_newer_than_itself" storage="c:\personal\projects\gis\tests\gisserver.platform.tests\bin\release\net9.0\gisserver.platform.tests.dll" id="91c05049-00b9-9430-f9b4-361b80a82a24">
      <Execution id="69dcf018-0b14-4918-9757-31fc98114235" />
      <TestMethod codeBase="C:\Personal\Projects\GIS\tests\GisServer.Platform.Tests\bin\Release\net9.0\GisServer.Platform.Tests.dll" adapterTypeName="executor://xunit/VsTestRunner2/netcoreapp" className="GisServer.Platform.Tests.Schema.SchemaStampTests" name="A_stamp_cannot_require_a_reader_newer_than_itself" />
    </UnitTest>
    <UnitTest name="GisServer.Platform.Tests.Identity.RolesTests.Neither_new_migration_closes_the_rollback_window(version: 5)" storage="c:\personal\projects\gis\tests\gisserver.platform.tests\bin\release\net9.0\gisserver.platform.tests.dll" id="f41c9404-6c9d-954f-1472-38eab123d18d">
      <Execution id="368699a6-45a6-4caa-8dfd-c4402d614c94" />
      <TestMethod codeBase="C:\Personal\Projects\GIS\tests\GisServer.Platform.Tests\bin\Release\net9.0\GisServer.Platform.Tests.dll" adapterTypeName="executor://xunit/VsTestRunner2/netcoreapp" className="GisServer.Platform.Tests.Identity.RolesTests" name="Neither_new_migration_closes_the_rollback_window" />
    </UnitTest>
    <UnitTest name="GisServer.Platform.Tests.Identity.RolesTests.A_narrow_user_type_clips_a_wide_role" storage="c:\personal\projects\gis\tests\gisserver.platform.tests\bin\release\net9.0\gisserver.platform.tests.dll" id="f4a23656-debd-da36-d5bc-8f31aeac18b8">
      <Execution id="c1af8c06-6754-4a60-b5c9-8bad00efb18d" />
      <TestMethod codeBase="C:\Personal\Projects\GIS\tests\GisServer.Platform.Tests\bin\Release\net9.0\GisServer.Platform.Tests.dll" adapterTypeName="executor://xunit/VsTestRunner2/netcoreapp" className="GisServer.Platform.Tests.Identity.RolesTests" name="A_narrow_user_type_clips_a_wide_role" />
    </UnitTest>
    <UnitTest name="GisServer.Platform.Tests.Schema.SchemaVersionTests.Levels_order_and_compare" storage="c:\personal\projects\gis\tests\gisserver.platform.tests\bin\release\net9.0\gisserver.platform.tests.dll" id="e29fb1d5-35ca-0b98-cd4c-4a4a72a2780e">
      <Execution id="d947d2a4-548b-4ca8-ab03-5b6ef68d4bb1" />
      <TestMethod codeBase="C:\Personal\Projects\GIS\tests\GisServer.Platform.Tests\bin\Release\net9.0\GisServer.Platform.Tests.dll" adapterTypeName="executor://xunit/VsTestRunner2/netcoreapp" className="GisServer.Platform.Tests.Schema.SchemaVersionTests" name="Levels_order_and_compare" />
    </UnitTest>
    <UnitTest name="GisServer.Platform.Tests.Identity.LoginServiceTests.A_password_hashed_at_a_weaker_cost_is_rehashed_on_the_way_through" storage="c:\personal\projects\gis\tests\gisserver.platform.tests\bin\release\net9.0\gisserver.platform.tests.dll" id="8498250c-ea81-9d07-0abd-fadf2c02a292">
      <Execution id="fb70ef2b-bd1a-443f-9c0b-252c888f2b50" />
      <TestMethod codeBase="C:\Personal\Projects\GIS\tests\GisServer.Platform.Tests\bin\Release\net9.0\GisServer.Platform.Tests.dll" adapterTypeName="executor://xunit/VsTestRunner2/netcoreapp" className="GisServer.Platform.Tests.Identity.LoginServiceTests" name="A_password_hashed_at_a_weaker_cost_is_rehashed_on_the_way_through" />
    </UnitTest>
    <UnitTest name="GisServer.Platform.Tests.Identity.LoginServiceTests.A_correct_password_issues_a_session" storage="c:\personal\projects\gis\tests\gisserver.platform.tests\bin\release\net9.0\gisserver.platform.tests.dll" id="663da831-7c68-aa3b-7bcf-b81366b92bdc">
      <Execution id="a5331adb-c447-41a1-ab2a-af501e0f17db" />
      <TestMethod codeBase="C:\Personal\Projects\GIS\tests\GisServer.Platform.Tests\bin\Release\net9.0\GisServer.Platform.Tests.dll" adapterTypeName="executor://xunit/VsTestRunner2/netcoreapp" className="GisServer.Platform.Tests.Identity.LoginServiceTests" name="A_correct_password_issues_a_session" />
    </UnitTest>
    <UnitTest name="GisServer.Platform.Tests.Identity.RolesTests.The_administrator_carries_every_privilege_that_exists" storage="c:\personal\projects\gis\tests\gisserver.platform.tests\bin\release\net9.0\gisserver.platform.tests.dll" id="489f94e5-8590-29b6-de81-505b0220c895">
      <Execution id="8a10e78e-67a4-46c3-87dc-f962cbb5a6e4" />
      <TestMethod codeBase="C:\Personal\Projects\GIS\tests\GisServer.Platform.Tests\bin\Release\net9.0\GisServer.Platform.Tests.dll" adapterTypeName="executor://xunit/VsTestRunner2/netcoreapp" className="GisServer.Platform.Tests.Identity.RolesTests" name="The_administrator_carries_every_privilege_that_exists" />
    </UnitTest>
    <UnitTest name="GisServer.Platform.Tests.Schema.SchemaStampTests.A_contract_never_lowers_the_minimum_reader" storage="c:\personal\projects\gis\tests\gisserver.platform.tests\bin\release\net9.0\gisserver.platform.tests.dll" id="ea7ce0de-f973-6c73-4e99-68e251df322e">
      <Execution id="8e80585b-9554-4049-9645-500d479fa151" />
      <TestMethod codeBase="C:\Personal\Projects\GIS\tests\GisServer.Platform.Tests\bin\Release\net9.0\GisServer.Platform.Tests.dll" adapterTypeName="executor://xunit/VsTestRunner2/netcoreapp" className="GisServer.Platform.Tests.Schema.SchemaStampTests" name="A_contract_never_lowers_the_minimum_reader" />
    </UnitTest>
    <UnitTest name="GisServer.Platform.Tests.Identity.RolesTests.Viewer_carries_no_privileges_at_all" storage="c:\personal\projects\gis\tests\gisserver.platform.tests\bin\release\net9.0\gisserver.platform.tests.dll" id="0b36b598-ff7c-855b-06ea-55833622c7c7">
      <Execution id="6a004570-c467-43fc-8256-2c9d739ae584" />
      <TestMethod codeBase="C:\Personal\Projects\GIS\tests\GisServer.Platform.Tests\bin\Release\net9.0\GisServer.Platform.Tests.dll" adapterTypeName="executor://xunit/VsTestRunner2/netcoreapp" className="GisServer.Platform.Tests.Identity.RolesTests" name="Viewer_carries_no_privileges_at_all" />
    </UnitTest>
    <UnitTest name="GisServer.Platform.Tests.Identity.RolesTests.A_public_layer_is_readable_by_anonymous" storage="c:\personal\projects\gis\tests\gisserver.platform.tests\bin\release\net9.0\gisserver.platform.tests.dll" id="7f34d115-a22e-7161-4393-1d903d2d7f20">
      <Execution id="f3be9b44-c6ae-4dc0-aca9-05b36c294202" />
      <TestMethod codeBase="C:\Personal\Projects\GIS\tests\GisServer.Platform.Tests\bin\Release\net9.0\GisServer.Platform.Tests.dll" adapterTypeName="executor://xunit/VsTestRunner2/netcoreapp" className="GisServer.Platform.Tests.Identity.RolesTests" name="A_public_layer_is_readable_by_anonymous" />
    </UnitTest>
    <UnitTest name="GisServer.Platform.Tests.Schema.SchemaMigratorTests.An_up_to_date_store_is_left_alone" storage="c:\personal\projects\gis\tests\gisserver.platform.tests\bin\release\net9.0\gisserver.platform.tests.dll" id="bf882690-1a1f-97e2-bb7c-248eec00fb7d">
      <Execution id="32361097-d9d7-43e0-84e5-cdc5d12029b1" />
      <TestMethod codeBase="C:\Personal\Projects\GIS\tests\GisServer.Platform.Tests\bin\Release\net9.0\GisServer.Platform.Tests.dll" adapterTypeName="executor://xunit/VsTestRunner2/netcoreapp" className="GisServer.Platform.Tests.Schema.SchemaMigratorTests" name="An_up_to_date_store_is_left_alone" />
    </UnitTest>
    <UnitTest name="GisServer.Platform.Tests.Schema.PlatformMigrationsTests.The_first_migration_creates_the_stamp_table_it_will_be_read_from" storage="c:\personal\projects\gis\tests\gisserver.platform.tests\bin\release\net9.0\gisserver.platform.tests.dll" id="585c7f3d-762e-89b0-810f-8758739dec54">
      <Execution id="cb0fb4c9-127a-4337-b0ec-d67abefaf516" />
      <TestMethod codeBase="C:\Personal\Projects\GIS\tests\GisServer.Platform.Tests\bin\Release\net9.0\GisServer.Platform.Tests.dll" adapterTypeName="executor://xunit/VsTestRunner2/netcoreapp" className="GisServer.Platform.Tests.Schema.PlatformMigrationsTests" name="The_first_migration_creates_the_stamp_table_it_will_be_read_from" />
    </UnitTest>
    <UnitTest name="GisServer.Platform.Tests.Schema.SchemaVersionTests.None_is_distinct_from_a_real_level" storage="c:\personal\projects\gis\tests\gisserver.platform.tests\bin\release\net9.0\gisserver.platform.tests.dll" id="ba764118-c283-8333-6626-209ffe627bef">
      <Execution id="e1c7cbee-93ab-4f42-9d99-66a1eb4a3bc7" />
      <TestMethod codeBase="C:\Personal\Projects\GIS\tests\GisServer.Platform.Tests\bin\Release\net9.0\GisServer.Platform.Tests.dll" adapterTypeName="executor://xunit/VsTestRunner2/netcoreapp" className="GisServer.Platform.Tests.Schema.SchemaVersionTests" name="None_is_distinct_from_a_real_level" />
    </UnitTest>
    <UnitTest name="GisServer.Platform.Tests.Schema.SchemaStampTests.A_migration_must_be_ahead_of_the_applied_level" storage="c:\personal\projects\gis\tests\gisserver.platform.tests\bin\release\net9.0\gisserver.platform.tests.dll" id="9d3eee96-98bf-f946-fd55-1f9b89b367cd">
      <Execution id="d052a6e2-73c9-4b97-b869-26aafb431a26" />
      <TestMethod codeBase="C:\Personal\Projects\GIS\tests\GisServer.Platform.Tests\bin\Release\net9.0\GisServer.Platform.Tests.dll" adapterTypeName="executor://xunit/VsTestRunner2/netcoreapp" className="GisServer.Platform.Tests.Schema.SchemaStampTests" name="A_migration_must_be_ahead_of_the_applied_level" />
    </UnitTest>
    <UnitTest name="GisServer.Platform.Tests.Schema.MigrationTests.A_migration_needs_a_description_for_the_operator_report" storage="c:\personal\projects\gis\tests\gisserver.platform.tests\bin\release\net9.0\gisserver.platform.tests.dll" id="6235e656-fd68-12bc-a236-e89d6f600a8e">
      <Execution id="a620a181-b077-4419-903b-16775d2d5071" />
      <TestMethod codeBase="C:\Personal\Projects\GIS\tests\GisServer.Platform.Tests\bin\Release\net9.0\GisServer.Platform.Tests.dll" adapterTypeName="executor://xunit/VsTestRunner2/netcoreapp" className="GisServer.Platform.Tests.Schema.MigrationTests" name="A_migration_needs_a_description_for_the_operator_report" />
    </UnitTest>
    <UnitTest name="GisServer.Platform.Tests.Identity.RolesTests.Neither_new_migration_closes_the_rollback_window(version: 3)" storage="c:\personal\projects\gis\tests\gisserver.platform.tests\bin\release\net9.0\gisserver.platform.tests.dll" id="f49f3a2f-8afb-4cae-27a4-383ac57fbb36">
      <Execution id="4a7dcc2d-02e6-43e0-b10f-c50e3b1446e6" />
      <TestMethod codeBase="C:\Personal\Projects\GIS\tests\GisServer.Platform.Tests\bin\Release\net9.0\GisServer.Platform.Tests.dll" adapterTypeName="executor://xunit/VsTestRunner2/netcoreapp" className="GisServer.Platform.Tests.Identity.RolesTests" name="Neither_new_migration_closes_the_rollback_window" />
    </UnitTest>
    <UnitTest name="GisServer.Platform.Tests.Schema.PlatformMigrationsTests.This_build_can_run_against_a_store_it_has_just_migrated" storage="c:\personal\projects\gis\tests\gisserver.platform.tests\bin\release\net9.0\gisserver.platform.tests.dll" id="558d89f5-4512-a8b8-8047-10cb6a02b0f9">
      <Execution id="c875e4b2-75b2-4d01-9a33-55f0609fb4dd" />
      <TestMethod codeBase="C:\Personal\Projects\GIS\tests\GisServer.Platform.Tests\bin\Release\net9.0\GisServer.Platform.Tests.dll" adapterTypeName="executor://xunit/VsTestRunner2/netcoreapp" className="GisServer.Platform.Tests.Schema.PlatformMigrationsTests" name="This_build_can_run_against_a_store_it_has_just_migrated" />
    </UnitTest>
    <UnitTest name="GisServer.Platform.Tests.Identity.RolesTests.A_creator_may_publish_but_never_administer" storage="c:\personal\projects\gis\tests\gisserver.platform.tests\bin\release\net9.0\gisserver.platform.tests.dll" id="b349b72c-6dfe-86eb-2f63-aca43256d8c2">
      <Execution id="a114ea8f-4e0b-44fd-83cf-7fa53407ed2e" />
      <TestMethod codeBase="C:\Personal\Projects\GIS\tests\GisServer.Platform.Tests\bin\Release\net9.0\GisServer.Platform.Tests.dll" adapterTypeName="executor://xunit/VsTestRunner2/netcoreapp" className="GisServer.Platform.Tests.Identity.RolesTests" name="A_creator_may_publish_but_never_administer" />
    </UnitTest>
    <UnitTest name="GisServer.Platform.Tests.Identity.RolesTests.An_organisation_layer_is_not_readable_by_anonymous" storage="c:\personal\projects\gis\tests\gisserver.platform.tests\bin\release\net9.0\gisserver.platform.tests.dll" id="e2a57b8f-0947-641f-1ee4-4ffa12afeef0">
      <Execution id="1f362d2a-9786-4144-8ffc-6376de27f3be" />
      <TestMethod codeBase="C:\Personal\Projects\GIS\tests\GisServer.Platform.Tests\bin\Release\net9.0\GisServer.Platform.Tests.dll" adapterTypeName="executor://xunit/VsTestRunner2/netcoreapp" className="GisServer.Platform.Tests.Identity.RolesTests" name="An_organisation_layer_is_not_readable_by_anonymous" />
    </UnitTest>
    <UnitTest name="GisServer.Platform.Tests.Identity.LoginServiceTests.The_account_limit_cannot_be_used_to_lock_someone_out" storage="c:\personal\projects\gis\tests\gisserver.platform.tests\bin\release\net9.0\gisserver.platform.tests.dll" id="518ac995-ca56-7f85-1fdd-3eb806a18ecc">
      <Execution id="d130252e-09f4-44d8-b847-ba9202a9eb1a" />
      <TestMethod codeBase="C:\Personal\Projects\GIS\tests\GisServer.Platform.Tests\bin\Release\net9.0\GisServer.Platform.Tests.dll" adapterTypeName="executor://xunit/VsTestRunner2/netcoreapp" className="GisServer.Platform.Tests.Identity.LoginServiceTests" name="The_account_limit_cannot_be_used_to_lock_someone_out" />
    </UnitTest>
    <UnitTest name="GisServer.Platform.Tests.Identity.RolesTests.An_organisation_layer_is_readable_by_any_authenticated_principal" storage="c:\personal\projects\gis\tests\gisserver.platform.tests\bin\release\net9.0\gisserver.platform.tests.dll" id="dc47ccd9-3efc-1c48-94aa-82ecedbaa4d2">
      <Execution id="199b2df8-eed2-4b53-b3ae-501769df517a" />
      <TestMethod codeBase="C:\Personal\Projects\GIS\tests\GisServer.Platform.Tests\bin\Release\net9.0\GisServer.Platform.Tests.dll" adapterTypeName="executor://xunit/VsTestRunner2/netcoreapp" className="GisServer.Platform.Tests.Identity.RolesTests" name="An_organisation_layer_is_readable_by_any_authenticated_principal" />
    </UnitTest>
    <UnitTest name="GisServer.Platform.Tests.Schema.UpgradeAndRollbackTests.Contract_does_not_close_the_window_further_than_it_must" storage="c:\personal\projects\gis\tests\gisserver.platform.tests\bin\release\net9.0\gisserver.platform.tests.dll" id="ea498b4e-e90e-21ca-276a-08a1a7eee5b3">
      <Execution id="43de984f-0c94-45c7-9a95-66dac1c04293" />
      <TestMethod codeBase="C:\Personal\Projects\GIS\tests\GisServer.Platform.Tests\bin\Release\net9.0\GisServer.Platform.Tests.dll" adapterTypeName="executor://xunit/VsTestRunner2/netcoreapp" className="GisServer.Platform.Tests.Schema.UpgradeAndRollbackTests" name="Contract_does_not_close_the_window_further_than_it_must" />
    </UnitTest>
    <UnitTest name="GisServer.Platform.Tests.Identity.RolesTests.A_private_layer_is_not_readable_by_another_member" storage="c:\personal\projects\gis\tests\gisserver.platform.tests\bin\release\net9.0\gisserver.platform.tests.dll" id="6f8b1846-7942-73fa-1a18-6a85dd68e7c7">
      <Execution id="6838ed61-6db5-4dd9-8024-346f435a08b5" />
      <TestMethod codeBase="C:\Personal\Projects\GIS\tests\GisServer.Platform.Tests\bin\Release\net9.0\GisServer.Platform.Tests.dll" adapterTypeName="executor://xunit/VsTestRunner2/netcoreapp" className="GisServer.Platform.Tests.Identity.RolesTests" name="A_private_layer_is_not_readable_by_another_member" />
    </UnitTest>
[...]
    </UnitTest>
    <UnitTest name="GisServer.Platform.Tests.Identity.RolesTests.An_unknown_user_type_clamps_to_nothing_rather_than_failing_open" storage="c:\personal\projects\gis\tests\gisserver.platform.tests\bin\release\net9.0\gisserver.platform.tests.dll" id="2a735e1a-414a-3152-78b8-396c75bbadc3">
      <Execution id="c40bd42f-5598-4e3d-ad41-f956cc866879" />
      <TestMethod codeBase="C:\Personal\Projects\GIS\tests\GisServer.Platform.Tests\bin\Release\net9.0\GisServer.Platform.Tests.dll" adapterTypeName="executor://xunit/VsTestRunner2/netcoreapp" className="GisServer.Platform.Tests.Identity.RolesTests" name="An_unknown_user_type_clamps_to_nothing_rather_than_failing_open" />
    </UnitTest>
    <UnitTest name="GisServer.Platform.Tests.Identity.LoginServiceTests.Two_logins_produce_two_different_tokens" storage="c:\personal\projects\gis\tests\gisserver.platform.tests\bin\release\net9.0\gisserver.platform.tests.dll" id="01e4de1c-8f36-9fca-f157-17c65f0174f1">
      <Execution id="31078979-00ef-4976-a3da-9a1e8809a4de" />
      <TestMethod codeBase="C:\Personal\Projects\GIS\tests\GisServer.Platform.Tests\bin\Release\net9.0\GisServer.Platform.Tests.dll" adapterTypeName="executor://xunit/VsTestRunner2/netcoreapp" className="GisServer.Platform.Tests.Identity.LoginServiceTests" name="Two_logins_produce_two_different_tokens" />
    </UnitTest>
    <UnitTest name="GisServer.Platform.Tests.Schema.MigrationTests.A_migration_must_do_something" storage="c:\personal\projects\gis\tests\gisserver.platform.tests\bin\release\net9.0\gisserver.platform.tests.dll" id="0f99bff1-8fbb-4b45-3d61-7232fc2c1f5f">
      <Execution id="89a3b544-1e14-4d6a-874b-097f55dd6dfa" />
      <TestMethod codeBase="C:\Personal\Projects\GIS\tests\GisServer.Platform.Tests\bin\Release\net9.0\GisServer.Platform.Tests.dll" adapterTypeName="executor://xunit/VsTestRunner2/netcoreapp" className="GisServer.Platform.Tests.Schema.MigrationTests" name="A_migration_must_do_something" />
    </UnitTest>
    <UnitTest name="GisServer.Platform.Tests.Identity.LoginServiceTests.A_password_already_at_the_current_cost_is_not_rewritten" storage="c:\personal\projects\gis\tests\gisserver.platform.tests\bin\release\net9.0\gisserver.platform.tests.dll" id="1e277fb4-76e9-0221-fdb1-a721e4655129">
      <Execution id="fd0fd6b8-9c05-4b16-baf5-bfc0b9bb273c" />
      <TestMethod codeBase="C:\Personal\Projects\GIS\tests\GisServer.Platform.Tests\bin\Release\net9.0\GisServer.Platform.Tests.dll" adapterTypeName="executor://xunit/VsTestRunner2/netcoreapp" className="GisServer.Platform.Tests.Identity.LoginServiceTests" name="A_password_already_at_the_current_cost_is_not_rewritten" />
    </UnitTest>
    <UnitTest name="GisServer.Platform.Tests.Schema.SchemaMigratorTests.A_failure_part_way_leaves_the_stamp_where_it_actually_got_to" storage="c:\personal\projects\gis\tests\gisserver.platform.tests\bin\release\net9.0\gisserver.platform.tests.dll" id="d67bc9a4-b195-8d59-7707-17d87b78b68e">
      <Execution id="01bc3073-d81e-4b51-b09c-776df32799a1" />
      <TestMethod codeBase="C:\Personal\Projects\GIS\tests\GisServer.Platform.Tests\bin\Release\net9.0\GisServer.Platform.Tests.dll" adapterTypeName="executor://xunit/VsTestRunner2/netcoreapp" className="GisServer.Platform.Tests.Schema.SchemaMigratorTests" name="A_failure_part_way_leaves_the_stamp_where_it_actually_got_to" />
    </UnitTest>
    <UnitTest name="GisServer.Platform.Tests.Schema.SchemaMigratorTests.A_fresh_store_gets_every_migration_in_order" storage="c:\personal\projects\gis\tests\gisserver.platform.tests\bin\release\net9.0\gisserver.platform.tests.dll" id="ee52efcd-e9de-14a8-a2e2-becbddc76173">
      <Execution id="bda4bbf1-5cc8-41fc-8a47-9b1b0c206bc6" />
      <TestMethod codeBase="C:\Personal\Projects\GIS\tests\GisServer.Platform.Tests\bin\Release\net9.0\GisServer.Platform.Tests.dll" adapterTypeName="executor://xunit/VsTestRunner2/netcoreapp" className="GisServer.Platform.Tests.Schema.SchemaMigratorTests" name="A_fresh_store_gets_every_migration_in_order" />
    </UnitTest>
    <UnitTest name="GisServer.Platform.Tests.Identity.RolesTests.An_ownerless_layer_is_private_to_nobody_rather_than_public_to_everybody" storage="c:\personal\projects\gis\tests\gisserver.platform.tests\bin\release\net9.0\gisserver.platform.tests.dll" id="5dfcbbe2-c97a-aadc-fa8c-8f2bb4a2cf57">
      <Execution id="3e6b420c-6127-49d7-a4ab-c2efe2963187" />
      <TestMethod codeBase="C:\Personal\Projects\GIS\tests\GisServer.Platform.Tests\bin\Release\net9.0\GisServer.Platform.Tests.dll" adapterTypeName="executor://xunit/VsTestRunner2/netcoreapp" className="GisServer.Platform.Tests.Identity.RolesTests" name="An_ownerless_layer_is_private_to_nobody_rather_than_public_to_everybody" />
    </UnitTest>
    <UnitTest name="GisServer.Platform.Tests.Identity.LoginServiceTests.Failures_outside_the_window_do_not_count" storage="c:\personal\projects\gis\tests\gisserver.platform.tests\bin\release\net9.0\gisserver.platform.tests.dll" id="cde4558d-056c-1e86-5584-3d5b8762f3a8">
      <Execution id="8bec8860-f64a-4ca1-9195-7f01af2c042d" />
      <TestMethod codeBase="C:\Personal\Projects\GIS\tests\GisServer.Platform.Tests\bin\Release\net9.0\GisServer.Platform.Tests.dll" adapterTypeName="executor://xunit/VsTestRunner2/netcoreapp" className="GisServer.Platform.Tests.Identity.LoginServiceTests" name="Failures_outside_the_window_do_not_count" />
    </UnitTest>
    <UnitTest name="GisServer.Platform.Tests.Identity.RolesTests.Sharing_publicly_is_separated_from_sharing_with_the_organisation" storage="c:\personal\projects\gis\tests\gisserver.platform.tests\bin\release\net9.0\gisserver.platform.tests.dll" id="fbf8a41a-985d-4b71-5bfe-917951232f6c">
      <Execution id="1f07e409-c075-46eb-9b79-e72be784eed3" />
      <TestMethod codeBase="C:\Personal\Projects\GIS\tests\GisServer.Platform.Tests\bin\Release\net9.0\GisServer.Platform.Tests.dll" adapterTypeName="executor://xunit/VsTestRunner2/netcoreapp" className="GisServer.Platform.Tests.Identity.RolesTests" name="Sharing_publicly_is_separated_from_sharing_with_the_organisation" />
    </UnitTest>
  </TestDefinitions>
  <TestEntries>
    <TestEntry testId="b9f52065-23d4-cd64-993b-cbabc3c4012d" executionId="8b10b9fb-878a-4528-9ebf-9b50f1c448e3" testListId="8c84fa94-04c1-424b-9868-57a2d4851a1d" />
    <TestEntry testId="a915fd22-4aee-a941-8fc3-3faed6a6c77b" executionId="1dd9f10a-14fc-48ef-adf9-fa8475d9daf7" testListId="8c84fa94-04c1-424b-9868-57a2d4851a1d" />
    <TestEntry testId="e2a57b8f-0947-641f-1ee4-4ffa12afeef0" executionId="1f362d2a-9786-4144-8ffc-6376de27f3be" testListId="8c84fa94-04c1-424b-9868-57a2d4851a1d" />
    <TestEntry testId="e29fb1d5-35ca-0b98-cd4c-4a4a72a2780e" executionId="d947d2a4-548b-4ca8-ab03-5b6ef68d4bb1" testListId="8c84fa94-04c1-424b-9868-57a2d4851a1d" />
    <TestEntry testId="c3bcc0e1-c408-427a-6197-ec1a076702d6" executionId="7bcfed3e-618f-4920-aaa1-c6aadd2dd218" testListId="8c84fa94-04c1-424b-9868-57a2d4851a1d" />
    <TestEntry testId="6f9e325f-7407-6455-b11f-31a427e6e2bd" executionId="d8f9e8c7-1279-4b98-b7e1-3388b3dcc1d6" testListId="8c84fa94-04c1-424b-9868-57a2d4851a1d" />
    <TestEntry testId="19b93dd9-4ea6-a5cf-e496-3d718317fbac" executionId="5c2b29cf-2089-4f93-9916-8aa0fd5e7e9f" testListId="8c84fa94-04c1-424b-9868-57a2d4851a1d" />
    <TestEntry testId="518ac995-ca56-7f85-1fdd-3eb806a18ecc" executionId="d130252e-09f4-44d8-b847-ba9202a9eb1a" testListId="8c84fa94-04c1-424b-9868-57a2d4851a1d" />
    <TestEntry testId="cdf360cd-3e6f-3f67-b8f3-62d8c0765524" executionId="41183028-82d8-4581-9fe9-f78a41453371" testListId="8c84fa94-04c1-424b-9868-57a2d4851a1d" />
    <TestEntry testId="b349b72c-6dfe-86eb-2f63-aca43256d8c2" executionId="a114ea8f-4e0b-44fd-83cf-7fa53407ed2e" testListId="8c84fa94-04c1-424b-9868-57a2d4851a1d" />
    <TestEntry testId="65e2599f-15ed-a585-1433-b007d3a3b4b1" executionId="75ed9aad-854e-4e9c-aa24-267e056f539a" testListId="8c84fa94-04c1-424b-9868-57a2d4851a1d" />
    <TestEntry testId="95dff4b1-bdbb-ae9f-09f9-b02f79b3b0ce" executionId="d85e8356-79fd-47e9-9827-d34b90dd1d97" testListId="8c84fa94-04c1-424b-9868-57a2d4851a1d" />
    <TestEntry testId="1acb04a1-93e8-f506-3690-9a628ce12620" executionId="e9bfe9b1-7c93-4b8c-99b2-7c10b2a55439" testListId="8c84fa94-04c1-424b-9868-57a2d4851a1d" />
    <TestEntry testId="4b202da2-ea67-34de-a7f5-57f8b30b79b1" executionId="88a21cd7-6dde-4e61-812c-3e49c98cddf1" testListId="8c84fa94-04c1-424b-9868-57a2d4851a1d" />
    <TestEntry testId="cde4558d-056c-1e86-5584-3d5b8762f3a8" executionId="8bec8860-f64a-4ca1-9195-7f01af2c042d" testListId="8c84fa94-04c1-424b-9868-57a2d4851a1d" />
    <TestEntry testId="bf882690-1a1f-97e2-bb7c-248eec00fb7d" executionId="32361097-d9d7-43e0-84e5-cdc5d12029b1" testListId="8c84fa94-04c1-424b-9868-57a2d4851a1d" />
    <TestEntry testId="ee52efcd-e9de-14a8-a2e2-becbddc76173" executionId="bda4bbf1-5cc8-41fc-8a47-9b1b0c206bc6" testListId="8c84fa94-04c1-424b-9868-57a2d4851a1d" />
    <TestEntry testId="01e4de1c-8f36-9fca-f157-17c65f0174f1" executionId="31078979-00ef-4976-a3da-9a1e8809a4de" testListId="8c84fa94-04c1-424b-9868-57a2d4851a1d" />
    <TestEntry testId="1e572622-bdb2-25b2-6f4b-ffe78dbce32b" executionId="485eb066-a66f-4562-9e88-bec9015f3db8" testListId="8c84fa94-04c1-424b-9868-57a2d4851a1d" />
    <TestEntry testId="b9192802-c4f8-a9f6-9273-0f98a4923df8" executionId="5ea96e72-6944-42e4-a40a-f7c950211153" testListId="8c84fa94-04c1-424b-9868-57a2d4851a1d" />
    <TestEntry testId="6f8b1846-7942-73fa-1a18-6a85dd68e7c7" executionId="6838ed61-6db5-4dd9-8024-346f435a08b5" testListId="8c84fa94-04c1-424b-9868-57a2d4851a1d" />
    <TestEntry testId="489f94e5-8590-29b6-de81-505b0220c895" executionId="8a10e78e-67a4-46c3-87dc-f962cbb5a6e4" testListId="8c84fa94-04c1-424b-9868-57a2d4851a1d" />
    <TestEntry testId="bdc40595-18eb-0876-d4e4-caaf221327fc" executionId="a7cb5263-e1dd-46ec-ae32-4782699a0b6b" testListId="8c84fa94-04c1-424b-9868-57a2d4851a1d" />
    <TestEntry testId="be38b273-57f2-6d50-678d-b4d9d278497c" executionId="cdf30985-32eb-4eaa-a59f-8c0705a0fbca" testListId="8c84fa94-04c1-424b-9868-57a2d4851a1d" />
    <TestEntry testId="71a446f2-c13c-ccc6-d2d7-2a9d44a40dd7" executionId="9956fa3c-2c50-4690-9153-677a73f4504c" testListId="8c84fa94-04c1-424b-9868-57a2d4851a1d" />
    <TestEntry testId="7f34d115-a22e-7161-4393-1d903d2d7f20" executionId="f3be9b44-c6ae-4dc0-aca9-05b36c294202" testListId="8c84fa94-04c1-424b-9868-57a2d4851a1d" />
    <TestEntry testId="5dfcbbe2-c97a-aadc-fa8c-8f2bb4a2cf57" executionId="3e6b420c-6127-49d7-a4ab-c2efe2963187" testListId="8c84fa94-04c1-424b-9868-57a2d4851a1d" />
    <TestEntry testId="0bdadb17-8007-fad0-3db0-ef1f0b346744" executionId="f560bbd2-3b02-4aac-bc74-18b60d9c0048" testListId="8c84fa94-04c1-424b-9868-57a2d4851a1d" />
    <TestEntry testId="6864cfb4-caba-c253-66b1-751b19b60953" executionId="7be56230-3600-44b9-b82f-89f5e4efe326" testListId="8c84fa94-04c1-424b-9868-57a2d4851a1d" />
    <TestEntry testId="d45410d4-fe9e-46cd-5d83-b86df59c365a" executionId="8222822a-2852-44a6-a41e-f4f096321e52" testListId="8c84fa94-04c1-424b-9868-57a2d4851a1d" />
    <TestEntry testId="526f9b74-7e6e-5657-7adc-8a85687bc462" executionId="cd0f5aca-e79e-4668-834f-2c82a390336a" testListId="8c84fa94-04c1-424b-9868-57a2d4851a1d" />
    <TestEntry testId="0370e157-7326-f336-a14e-82e36eeaf787" executionId="43d09115-8338-42a0-92c6-64970dec3f30" testListId="8c84fa94-04c1-424b-9868-57a2d4851a1d" />
    <TestEntry testId="9d3eee96-98bf-f946-fd55-1f9b89b367cd" executionId="d052a6e2-73c9-4b97-b869-26aafb431a26" testListId="8c84fa94-04c1-424b-9868-57a2d4851a1d" />
    <TestEntry testId="9b2c9ded-a625-6990-6750-31bd9d57e54c" executionId="61d2c87f-2e55-4df2-b2df-613f9425061c" testListId="8c84fa94-04c1-424b-9868-57a2d4851a1d" />
    <TestEntry testId="4ecdc4bf-f48d-a6e8-3cc9-4cd5fb818e92" executionId="f9d9af13-9c33-4c74-b532-fc43fd95f1eb" testListId="8c84fa94-04c1-424b-9868-57a2d4851a1d" />
    <TestEntry testId="0b36b598-ff7c-855b-06ea-55833622c7c7" executionId="6a004570-c467-43fc-8256-2c9d739ae584" testListId="8c84fa94-04c1-424b-9868-57a2d4851a1d" />
    <TestEntry testId="e6ac80d5-c623-de7e-d3fb-7661c5900db9" executionId="0d1cffd6-27e3-4070-80fc-ca561810ec75" testListId="8c84fa94-04c1-424b-9868-57a2d4851a1d" />
    <TestEntry testId="2a735e1a-414a-3152-78b8-396c75bbadc3" executionId="c40bd42f-5598-4e3d-ad41-f956cc866879" testListId="8c84fa94-04c1-424b-9868-57a2d4851a1d" />
    <TestEntry testId="0748d099-1300-efa0-d884-3c5cf611eae0" executionId="089225fa-823b-4356-b6b7-e56a47582ace" testListId="8c84fa94-04c1-424b-9868-57a2d4851a1d" />
    <TestEntry testId="ea498b4e-e90e-21ca-276a-08a1a7eee5b3" executionId="43de984f-0c94-45c7-9a95-66dac1c04293" testListId="8c84fa94-04c1-424b-9868-57a2d4851a1d" />
    <TestEntry testId="43082892-5b5d-83ce-1eb8-95f6c8a4e04b" executionId="e0d8d36d-79eb-4317-bd45-adaadca42d3a" testListId="8c84fa94-04c1-424b-9868-57a2d4851a1d" />
    <TestEntry testId="d7decea2-d85f-60c2-9aa0-271df879da63" executionId="63bd3021-52f6-4b35-a43f-cd38588c7dbd" testListId="8c84fa94-04c1-424b-9868-57a2d4851a1d" />
    <TestEntry testId="c8c2108e-1f85-34a7-66fb-53b4daeac98d" executionId="d9cd6f36-b865-4bb3-8a1a-c4cd165241f8" testListId="8c84fa94-04c1-424b-9868-57a2d4851a1d" />
    <TestEntry testId="506b8ec6-0e0e-ba42-4a4a-396065423c6b" executionId="21a1f0a1-c27f-47af-9d19-17ecbcea115d" testListId="8c84fa94-04c1-424b-9868-57a2d4851a1d" />
    <TestEntry testId="dc47ccd9-3efc-1c48-94aa-82ecedbaa4d2" executionId="199b2df8-eed2-4b53-b3ae-501769df517a" testListId="8c84fa94-04c1-424b-9868-57a2d4851a1d" />
    <TestEntry testId="ea7ce0de-f973-6c73-4e99-68e251df322e" executionId="8e80585b-9554-4049-9645-500d479fa151" testListId="8c84fa94-04c1-424b-9868-57a2d4851a1d" />
    <TestEntry testId="6235e656-fd68-12bc-a236-e89d6f600a8e" executionId="a620a181-b077-4419-903b-16775d2d5071" testListId="8c84fa94-04c1-424b-9868-57a2d4851a1d" />
    <TestEntry testId="8498250c-ea81-9d07-0abd-fadf2c02a292" executionId="fb70ef2b-bd1a-443f-9c0b-252c888f2b50" testListId="8c84fa94-04c1-424b-9868-57a2d4851a1d" />
    <TestEntry testId="f4a23656-debd-da36-d5bc-8f31aeac18b8" executionId="c1af8c06-6754-4a60-b5c9-8bad00efb18d" testListId="8c84fa94-04c1-424b-9868-57a2d4851a1d" />
    <TestEntry testId="665bc5d4-29cd-902f-a49c-c1bf9b0c96b5" executionId="6eb8ce6f-0531-414e-8ad8-19afa89664ec" testListId="8c84fa94-04c1-424b-9868-57a2d4851a1d" />
    <TestEntry testId="9d7ebfa7-5b6a-f17b-1132-332e4becabe9" executionId="dba17124-33b7-4e54-b0df-a551255dcac0" testListId="8c84fa94-04c1-424b-9868-57a2d4851a1d" />
    <TestEntry testId="3319e1a4-ac37-19f7-a87c-0d30a92533aa" executionId="fc4b5106-2e3a-407b-8928-7bebe5abbf7f" testListId="8c84fa94-04c1-424b-9868-57a2d4851a1d" />
    <TestEntry testId="585c7f3d-762e-89b0-810f-8758739dec54" executionId="cb0fb4c9-127a-4337-b0ec-d67abefaf516" testListId="8c84fa94-04c1-424b-9868-57a2d4851a1d" />
    <TestEntry testId="8db51385-9e1f-f666-9297-cd6f8af36a30" executionId="4bfe5c5c-fa49-4eb9-8194-11fadb52b9ac" testListId="8c84fa94-04c1-424b-9868-57a2d4851a1d" />
    <TestEntry testId="5bacacd7-241d-bf2a-bf42-7debf169d8c2" executionId="df16af02-f0e4-41e7-9f5d-6fb7b1dfedd4" testListId="8c84fa94-04c1-424b-9868-57a2d4851a1d" />
    <TestEntry testId="bb774d06-9690-2dc1-8e3b-799c0f4c7a49" executionId="6d670826-bf38-46e1-ba71-ed157fd1fc44" testListId="8c84fa94-04c1-424b-9868-57a2d4851a1d" />
    <TestEntry testId="fbf8a41a-985d-4b71-5bfe-917951232f6c" executionId="1f07e409-c075-46eb-9b79-e72be784eed3" testListId="8c84fa94-04c1-424b-9868-57a2d4851a1d" />
    <TestEntry testId="8f02065d-5fe3-3c05-e36c-b5e934536209" executionId="eaddea85-f1c4-4a77-aa6f-41126ff3286b" testListId="8c84fa94-04c1-424b-9868-57a2d4851a1d" />
    <TestEntry testId="2b12c489-4e12-ace6-b789-fbad6d79ba8c" executionId="f414c8dc-5347-43ba-93f5-7ee3f1fed3bd" testListId="8c84fa94-04c1-424b-9868-57a2d4851a1d" />
    <TestEntry testId="21e79236-06e6-0d15-a38f-f439f44cfea5" executionId="3210f05b-d8fa-4e78-96bc-23c9bc008d0b" testListId="8c84fa94-04c1-424b-9868-57a2d4851a1d" />
    <TestEntry testId="ba764118-c283-8333-6626-209ffe627bef" executionId="e1c7cbee-93ab-4f42-9d99-66a1eb4a3bc7" testListId="8c84fa94-04c1-424b-9868-57a2d4851a1d" />
    <TestEntry testId="0f99bff1-8fbb-4b45-3d61-7232fc2c1f5f" executionId="89a3b544-1e14-4d6a-874b-097f55dd6dfa" testListId="8c84fa94-04c1-424b-9868-57a2d4851a1d" />
    <TestEntry testId="f49f3a2f-8afb-4cae-27a4-383ac57fbb36" executionId="4a7dcc2d-02e6-43e0-b10f-c50e3b1446e6" testListId="8c84fa94-04c1-424b-9868-57a2d4851a1d" />
    <TestEntry testId="d67bc9a4-b195-8d59-7707-17d87b78b68e" executionId="01bc3073-d81e-4b51-b09c-776df32799a1" testListId="8c84fa94-04c1-424b-9868-57a2d4851a1d" />
    <TestEntry testId="ec37a68d-d207-bc2e-635b-e9c95e19ff80" executionId="b6b711c4-ced2-47ba-95f7-db726142060b" testListId="8c84fa94-04c1-424b-9868-57a2d4851a1d" />
    <TestEntry testId="c3f487c7-179d-6884-fa88-7e823238eaf9" executionId="2cc13760-0465-48f8-a15a-fb64ca254386" testListId="8c84fa94-04c1-424b-9868-57a2d4851a1d" />
    <TestEntry testId="9f6eacf3-d0ca-3e0a-c9a8-270906be072b" executionId="efa0b776-761f-40ff-b45b-bd3dfa901fb4" testListId="8c84fa94-04c1-424b-9868-57a2d4851a1d" />
    <TestEntry testId="6a2d23dd-b9ca-82c8-8fa8-6a4f5d0cf59c" executionId="94196188-2b25-4acc-a71f-57794cd98105" testListId="8c84fa94-04c1-424b-9868-57a2d4851a1d" />
    <TestEntry testId="e283d6c5-24b0-d5d0-f0fd-04e270f23452" executionId="083f4230-5cea-4771-862a-2ce64891e5ac" testListId="8c84fa94-04c1-424b-9868-57a2d4851a1d" />
    <TestEntry testId="663da831-7c68-aa3b-7bcf-b81366b92bdc" executionId="a5331adb-c447-41a1-ab2a-af501e0f17db" testListId="8c84fa94-04c1-424b-9868-57a2d4851a1d" />
    <TestEntry testId="8ac66f67-bba0-badd-5f20-794002487722" executionId="31c0113a-98f6-479a-8b3b-355682abf388" testListId="8c84fa94-04c1-424b-9868-57a2d4851a1d" />
    <TestEntry testId="1e277fb4-76e9-0221-fdb1-a721e4655129" executionId="fd0fd6b8-9c05-4b16-baf5-bfc0b9bb273c" testListId="8c84fa94-04c1-424b-9868-57a2d4851a1d" />
    <TestEntry testId="dae3723d-bdae-d871-1721-21505014bdbf" executionId="a3e5b02f-3810-40b1-8104-5a4b6e4ec631" testListId="8c84fa94-04c1-424b-9868-57a2d4851a1d" />
    <TestEntry testId="91c05049-00b9-9430-f9b4-361b80a82a24" executionId="69dcf018-0b14-4918-9757-31fc98114235" testListId="8c84fa94-04c1-424b-9868-57a2d4851a1d" />
    <TestEntry testId="f41c9404-6c9d-954f-1472-38eab123d18d" executionId="368699a6-45a6-4caa-8dfd-c4402d614c94" testListId="8c84fa94-04c1-424b-9868-57a2d4851a1d" />
    <TestEntry testId="558d89f5-4512-a8b8-8047-10cb6a02b0f9" executionId="c875e4b2-75b2-4d01-9a33-55f0609fb4dd" testListId="8c84fa94-04c1-424b-9868-57a2d4851a1d" />
    <TestEntry testId="50ece40e-fa6b-d28a-7fab-409637bbbd33" executionId="f99b6394-39cf-4e3c-8f44-1fd16c4bd05e" testListId="8c84fa94-04c1-424b-9868-57a2d4851a1d" />
  </TestEntries>
  <TestLists>
    <TestList name="Results Not in a List" id="8c84fa94-04c1-424b-9868-57a2d4851a1d" />
    <TestList name="All Loaded Results" id="19431567-8539-422a-85d7-44ee4e166bda" />
  </TestLists>
  <ResultSummary outcome="Completed">
    <Counters total="77" executed="77" passed="77" failed="0" error="0" timeout="0" aborted="0" inconclusive="0" passedButRunAborted="0" notRunnable="0" notExecuted="0" disconnected="0" warning="0" completed="0" inProgress="0" pending="0" />
    <Output>
      <StdOut>[xUnit.net 00:00:00.00] xUnit.net VSTest Adapter v2.8.2+699d445a1a (64-bit .NET 9.0.19)&#xD;
[xUnit.net 00:00:00.12]   Discovering: GisServer.Platform.Tests&#xD;
[xUnit.net 00:00:00.29]   Discovered:  GisServer.Platform.Tests&#xD;
[xUnit.net 00:00:00.29]   Starting:    GisServer.Platform.Tests&#xD;
[xUnit.net 00:00:00.50]   Finished:    GisServer.Platform.Tests&#xD;
</StdOut>
    </Output>
  </ResultSummary>
</TestRun>