<?xml version="1.0" encoding="utf-8"?>
<TestRun id="82f82a88-52bb-4992-a0a4-dee8eb51094d" name="Erdinc@DESKTOP-M804G0L 2026-08-14 21:39:08" runUser="DESKTOP-M804G0L\Erdinc" xmlns="http://microsoft.com/schemas/VisualStudio/TeamTest/2010">
  <Times creation="2026-08-14T21:39:08.6762078+03:00" queuing="2026-08-14T21:39:08.6762081+03:00" start="2026-08-14T21:39:06.7119235+03:00" finish="2026-08-14T21:39:08.8966316+03:00" />
  <TestSettings name="default" id="40d26949-5416-4edf-a2fa-63728c0d0365">
    <Deployment runDeploymentRoot="Erdinc_DESKTOP-M804G0L_2026-08-14_21_39_08" />
  </TestSettings>
  <Results>
    <UnitTestResult executionId="9cb122fb-b66d-43a0-bf1a-b63f4dfce5f3" testId="08c4b42e-666b-9a92-0a9b-dfc93511c889" testName="GisServer.Api.ArcGis.Tests.ArcGisGeometryReaderTests.A_ring_with_too_few_positions_is_refused" computerName="DESKTOP-M804G0L" duration="00:00:00.0001116" startTime="2026-08-14T21:39:08.6258878+03:00" endTime="2026-08-14T21:39:08.6258879+03:00" testType="13cdc9d9-ddb5-4fa4-a97d-d965ccfc6d4b" outcome="Passed" testListId="8c84fa94-04c1-424b-9868-57a2d4851a1d" relativeResultsDirectory="9cb122fb-b66d-43a0-bf1a-b63f4dfce5f3" />
    <UnitTestResult executionId="738b023a-eb1a-4b15-9963-fa838415a71f" testId="fb72a668-ecd1-cfab-ad8d-835c7a8dd55d" testName="GisServer.Api.ArcGis.Tests.ArcGisGeometryReaderTests.A_geometry_with_no_recognisable_member_is_refused_with_the_list" computerName="DESKTOP-M804G0L" duration="00:00:00.0000727" startTime="2026-08-14T21:39:08.6259456+03:00" endTime="2026-08-14T21:39:08.6259457+03:00" testType="13cdc9d9-ddb5-4fa4-a97d-d965ccfc6d4b" outcome="Passed" testListId="8c84fa94-04c1-424b-9868-57a2d4851a1d" relativeResultsDirectory="738b023a-eb1a-4b15-9963-fa838415a71f" />
    <UnitTestResult executionId="984e64a5-969c-4a0b-9bf0-f396cec52725" testId="1b6d0f74-6c81-db7f-0356-e68fe2ded136" testName="GisServer.Api.ArcGis.Tests.VectorTileServerMetadataWriterTests.The_service_declares_itself_a_vector_tile_service" computerName="DESKTOP-M804G0L" duration="00:00:00.0004816" startTime="2026-08-14T21:39:08.6305678+03:00" endTime="2026-08-14T21:39:08.6305679+03:00" testType="13cdc9d9-ddb5-4fa4-a97d-d965ccfc6d4b" outcome="Passed" testListId="8c84fa94-04c1-424b-9868-57a2d4851a1d" relativeResultsDirectory="984e64a5-969c-4a0b-9bf0-f396cec52725" />
    <UnitTestResult executionId="a7f10fad-7598-47a6-ba11-30fd7b944bed" testId="832e8c59-e06a-f2d1-94ab-b3cb8eed0446" testName="GisServer.Api.ArcGis.Tests.VectorTileServerMetadataWriterTests.The_tile_template_is_z_slash_y_slash_x_which_is_not_the_usual_order" computerName="DESKTOP-M804G0L" duration="00:00:00.0002405" startTime="2026-08-14T21:39:08.6345460+03:00" endTime="2026-08-14T21:39:08.6345460+03:00" testType="13cdc9d9-ddb5-4fa4-a97d-d965ccfc6d4b" outcome="Passed" testListId="8c84fa94-04c1-424b-9868-57a2d4851a1d" relativeResultsDirectory="a7f10fad-7598-47a6-ba11-30fd7b944bed" />
    <UnitTestResult executionId="e79fb5b6-d620-4b60-9fbb-11bd1c10b8c0" testId="fd3b998e-ca04-a84b-8c17-54e506aaad69" testName="GisServer.Api.ArcGis.Tests.VectorTileServerMetadataWriterTests.The_style_source_points_two_levels_up_at_the_service_root" computerName="DESKTOP-M804G0L" duration="00:00:00.0204738" startTime="2026-08-14T21:39:08.6289196+03:00" endTime="2026-08-14T21:39:08.6289197+03:00" testType="13cdc9d9-ddb5-4fa4-a97d-d965ccfc6d4b" outcome="Passed" testListId="8c84fa94-04c1-424b-9868-57a2d4851a1d" relativeResultsDirectory="e79fb5b6-d620-4b60-9fbb-11bd1c10b8c0" />
    <UnitTestResult executionId="b387a9e2-cc00-4d0b-8924-a7962729818e" testId="b71c4738-cd27-6a1e-2444-4cda4146331d" testName="GisServer.Api.ArcGis.Tests.ArcGisGeometryReaderTests.Two_shells_are_a_MultiPolygon_and_each_keeps_its_own_hole" computerName="DESKTOP-M804G0L" duration="00:00:00.0014647" startTime="2026-08-14T21:39:08.6271679+03:00" endTime="2026-08-14T21:39:08.6271680+03:00" testType="13cdc9d9-ddb5-4fa4-a97d-d965ccfc6d4b" outcome="Passed" testListId="8c84fa94-04c1-424b-9868-57a2d4851a1d" relativeResultsDirectory="b387a9e2-cc00-4d0b-8924-a7962729818e" />
    <UnitTestResult executionId="828953a4-b007-40cc-9bb0-64b0615cc0b2" testId="211f2fa8-7fad-fcc5-e532-618d4e4971a4" testName="GisServer.Api.ArcGis.Tests.ArcGisGeometryReaderTests.A_matching_spatial_reference_is_accepted" computerName="DESKTOP-M804G0L" duration="00:00:00.0000660" startTime="2026-08-14T21:39:08.6257673+03:00" endTime="2026-08-14T21:39:08.6257673+03:00" testType="13cdc9d9-ddb5-4fa4-a97d-d965ccfc6d4b" outcome="Passed" testListId="8c84fa94-04c1-424b-9868-57a2d4851a1d" relativeResultsDirectory="828953a4-b007-40cc-9bb0-64b0615cc0b2" />
    <UnitTestResult executionId="4c84f81b-98ec-4bb5-bd53-051dd0b02162" testId="6ac204e0-9d24-39cc-940b-c23242f0fd70" testName="GisServer.Api.ArcGis.Tests.VectorTileServerMetadataWriterTests.Each_level_halves_the_resolution_and_the_scale" computerName="DESKTOP-M804G0L" duration="00:00:00.0032928" startTime="2026-08-14T21:39:08.6306185+03:00" endTime="2026-08-14T21:39:08.6306185+03:00" testType="13cdc9d9-ddb5-4fa4-a97d-d965ccfc6d4b" outcome="Passed" testListId="8c84fa94-04c1-424b-9868-57a2d4851a1d" relativeResultsDirectory="4c84f81b-98ec-4bb5-bd53-051dd0b02162" />
    <UnitTestResult executionId="59b6759d-68c3-42ee-8e06-63365d13feee" testId="15e8a638-31d1-244b-0bd8-f74ca1dc6092" testName="GisServer.Api.ArcGis.Tests.VectorTileServerMetadataWriterTests.The_style_draws_each_geometry_kind_as_the_right_thing(kind: MultiPoint, expected: &quot;circle&quot;)" computerName="DESKTOP-M804G0L" duration="00:00:00.0000498" startTime="2026-08-14T21:39:08.6303875+03:00" endTime="2026-08-14T21:39:08.6303876+03:00" testType="13cdc9d9-ddb5-4fa4-a97d-d965ccfc6d4b" outcome="Passed" testListId="8c84fa94-04c1-424b-9868-57a2d4851a1d" relativeResultsDirectory="59b6759d-68c3-42ee-8e06-63365d13feee" />
    <UnitTestResult executionId="171b6fae-5fab-4cdb-bbab-2387a00b35b4" testId="58730961-a2e2-3832-1f27-ce59a6138cde" testName="GisServer.Api.ArcGis.Tests.FeatureServerMetadataWriterTests.The_service_reports_exactly_one_layer_at_id_zero" computerName="DESKTOP-M804G0L" duration="00:00:00.0080781" startTime="2026-08-14T21:39:08.6531980+03:00" endTime="2026-08-14T21:39:08.6531981+03:00" testType="13cdc9d9-ddb5-4fa4-a97d-d965ccfc6d4b" outcome="Passed" testListId="8c84fa94-04c1-424b-9868-57a2d4851a1d" relativeResultsDirectory="171b6fae-5fab-4cdb-bbab-2387a00b35b4" />
    <UnitTestResult executionId="b6ae7dee-add3-4302-a4ba-f2feceae0f7b" testId="30a88823-5b96-3985-980b-187f73ed31ce" testName="GisServer.Api.ArcGis.Tests.VectorTileServerMetadataWriterTests.The_style_draws_each_geometry_kind_as_the_right_thing(kind: LineString, expected: &quot;line&quot;)" computerName="DESKTOP-M804G0L" duration="00:00:00.0001510" startTime="2026-08-14T21:39:08.6293115+03:00" endTime="2026-08-14T21:39:08.6293116+03:00" testType="13cdc9d9-ddb5-4fa4-a97d-d965ccfc6d4b" outcome="Passed" testListId="8c84fa94-04c1-424b-9868-57a2d4851a1d" relativeResultsDirectory="b6ae7dee-add3-4302-a4ba-f2feceae0f7b" />
    <UnitTestResult executionId="1fe91ed1-9c38-4e8c-901b-49e01b2a5611" testId="23bef4ff-c4d5-61f7-4c2c-37f7037d7553" testName="GisServer.Api.ArcGis.Tests.FeatureServerMetadataWriterTests.A_layer_with_no_text_field_falls_back_rather_than_leaving_it_blank" computerName="DESKTOP-M804G0L" duration="00:00:00.0008689" startTime="2026-08-14T21:39:08.6529339+03:00" endTime="2026-08-14T21:39:08.6529339+03:00" testType="13cdc9d9-ddb5-4fa4-a97d-d965ccfc6d4b" outcome="Passed" testListId="8c84fa94-04c1-424b-9868-57a2d4851a1d" relativeResultsDirectory="1fe91ed1-9c38-4e8c-901b-49e01b2a5611" />
    <UnitTestResult executionId="1ca384c7-3a6b-4f6d-b37b-c694e481cc48" testId="b23ddc9a-a1c5-a0c0-36e9-dab63b1ff2b7" testName="GisServer.Api.ArcGis.Tests.FeatureServerMetadataWriterTests.A_folder_listing_advertises_no_folders_of_its_own" computerName="DESKTOP-M804G0L" duration="00:00:00.0016259" startTime="2026-08-14T21:39:08.6344158+03:00" endTime="2026-08-14T21:39:08.6344159+03:00" testType="13cdc9d9-ddb5-4fa4-a97d-d965ccfc6d4b" outcome="Passed" testListId="8c84fa94-04c1-424b-9868-57a2d4851a1d" relativeResultsDirectory="1ca384c7-3a6b-4f6d-b37b-c694e481cc48" />
    <UnitTestResult executionId="41c83b23-b9ed-488c-b151-e4e0d365ffab" testId="a5dbcfbd-1dbd-c4db-5a9d-ad8283e9e77f" testName="GisServer.Api.ArcGis.Tests.FeatureServerMetadataWriterTests.The_service_document_reports_the_capabilities_it_is_given" computerName="DESKTOP-M804G0L" duration="00:00:00.0107443" startTime="2026-08-14T21:39:08.6307592+03:00" endTime="2026-08-14T21:39:08.6307592+03:00" testType="13cdc9d9-ddb5-4fa4-a97d-d965ccfc6d4b" outcome="Passed" testListId="8c84fa94-04c1-424b-9868-57a2d4851a1d" relativeResultsDirectory="41c83b23-b9ed-488c-b151-e4e0d365ffab" />
    <UnitTestResult executionId="b8d89ca1-ad91-4e4b-867f-3240fc3af23e" testId="db96477b-aab6-5137-bcb3-526506c15821" testName="GisServer.Api.ArcGis.Tests.ArcGisGeometryReaderTests.One_path_is_a_LineString_and_two_are_a_MultiLineString" computerName="DESKTOP-M804G0L" duration="00:00:00.0003051" startTime="2026-08-14T21:39:08.6272903+03:00" endTime="2026-08-14T21:39:08.6272903+03:00" testType="13cdc9d9-ddb5-4fa4-a97d-d965ccfc6d4b" outcome="Passed" testListId="8c84fa94-04c1-424b-9868-57a2d4851a1d" relativeResultsDirectory="b8d89ca1-ad91-4e4b-867f-3240fc3af23e" />
    <UnitTestResult executionId="6e4b28c2-f515-4eef-bc37-a2949346e229" testId="8f835af1-648b-4be9-2da3-74956e87313d" testName="GisServer.Api.ArcGis.Tests.FeatureServerMetadataWriterTests.A_known_extent_carries_its_spatial_reference" computerName="DESKTOP-M804G0L" duration="00:00:00.0016521" startTime="2026-08-14T21:39:08.6528449+03:00" endTime="2026-08-14T21:39:08.6528453+03:00" testType="13cdc9d9-ddb5-4fa4-a97d-d965ccfc6d4b" outcome="Passed" testListId="8c84fa94-04c1-424b-9868-57a2d4851a1d" relativeResultsDirectory="6e4b28c2-f515-4eef-bc37-a2949346e229" />
    <UnitTestResult executionId="051dcad1-3e14-4256-83f0-a78c68f3dd22" testId="6dcc5c24-8da5-35db-a84d-368663d46cb6" testName="GisServer.Api.ArcGis.Tests.ArcGisGeometryWriterTests.A_line_string_becomes_a_polyline_with_one_path" computerName="DESKTOP-M804G0L" duration="00:00:00.0003858" startTime="2026-08-14T21:39:08.5560418+03:00" endTime="2026-08-14T21:39:08.5560419+03:00" testType="13cdc9d9-ddb5-4fa4-a97d-d965ccfc6d4b" outcome="Passed" testListId="8c84fa94-04c1-424b-9868-57a2d4851a1d" relativeResultsDirectory="051dcad1-3e14-4256-83f0-a78c68f3dd22" />
    <UnitTestResult executionId="c8a3a86d-7b3e-4cb3-9ad2-720134e06c4e" testId="75a4b334-aa42-5032-8bd2-bea3190a362f" testName="GisServer.Api.ArcGis.Tests.FeatureServerMetadataWriterTests.The_layer_document_does_not_claim_capabilities_the_query_endpoint_refuses" computerName="DESKTOP-M804G0L" duration="00:00:00.0006565" startTime="2026-08-14T21:39:08.6532554+03:00" endTime="2026-08-14T21:39:08.6532554+03:00" testType="13cdc9d9-ddb5-4fa4-a97d-d965ccfc6d4b" outcome="Passed" testListId="8c84fa94-04c1-424b-9868-57a2d4851a1d" relativeResultsDirectory="c8a3a86d-7b3e-4cb3-9ad2-720134e06c4e" />
    <UnitTestResult executionId="d51de366-34be-4153-8f58-26570a802ff7" testId="fddd96f6-5027-b10e-567a-92fc4bf29aef" testName="GisServer.Api.ArcGis.Tests.VectorTileServerMetadataWriterTests.The_style_draws_each_geometry_kind_as_the_right_thing(kind: MultiPolygon, expected: &quot;fill&quot;)" computerName="DESKTOP-M804G0L" duration="00:00:00.0000775" startTime="2026-08-14T21:39:08.6295147+03:00" endTime="2026-08-14T21:39:08.6295147+03:00" testType="13cdc9d9-ddb5-4fa4-a97d-d965ccfc6d4b" outcome="Passed" testListId="8c84fa94-04c1-424b-9868-57a2d4851a1d" relativeResultsDirectory="d51de366-34be-4153-8f58-26570a802ff7" />
    <UnitTestResult executionId="58cd9ff0-ca2c-4e29-92a1-d5b837291fba" testId="4ae6aba6-9e84-5a82-90e7-01e96962efe8" testName="GisServer.Api.ArcGis.Tests.ArcGisGeometryWriterTests.A_multi_polygon_flattens_into_one_ring_array" computerName="DESKTOP-M804G0L" duration="00:00:00.0009291" startTime="2026-08-14T21:39:08.6159894+03:00" endTime="2026-08-14T21:39:08.6159895+03:00" testType="13cdc9d9-ddb5-4fa4-a97d-d965ccfc6d4b" outcome="Passed" testListId="8c84fa94-04c1-424b-9868-57a2d4851a1d" relativeResultsDirectory="58cd9ff0-ca2c-4e29-92a1-d5b837291fba" />
    <UnitTestResult executionId="83da3c0f-5435-459b-ba70-c5d46bdd420f" testId="122bdb36-af79-87b0-3749-baff37073244" testName="GisServer.Api.ArcGis.Tests.VectorTileServerMetadataWriterTests.A_known_extent_is_reported" computerName="DESKTOP-M804G0L" duration="00:00:00.0004218" startTime="2026-08-14T21:39:08.6343169+03:00" endTime="2026-08-14T21:39:08.6343170+03:00" testType="13cdc9d9-ddb5-4fa4-a97d-d965ccfc6d4b" outcome="Passed" testListId="8c84fa94-04c1-424b-9868-57a2d4851a1d" relativeResultsDirectory="83da3c0f-5435-459b-ba70-c5d46bdd420f" />
    <UnitTestResult executionId="a8468f69-9aa8-44d9-8a2f-9c35b933b110" testId="6f178e17-5c25-6626-33a5-dcb1f8fa123d" testName="GisServer.Api.ArcGis.Tests.VectorTileServerMetadataWriterTests.A_service_needs_a_name" computerName="DESKTOP-M804G0L" duration="00:00:00.0007709" startTime="2026-08-14T21:39:08.6342273+03:00" endTime="2026-08-14T21:39:08.6342275+03:00" testType="13cdc9d9-ddb5-4fa4-a97d-d965ccfc6d4b" outcome="Passed" testListId="8c84fa94-04c1-424b-9868-57a2d4851a1d" relativeResultsDirectory="a8468f69-9aa8-44d9-8a2f-9c35b933b110" />
    <UnitTestResult executionId="bdd1539e-e53e-4298-9a40-c7b07dd45cd5" testId="a26ada54-1506-ca0e-01f1-5409d9e9ec47" testName="GisServer.Api.ArcGis.Tests.ArcGisGeometryReaderTests.A_different_spatial_reference_is_refused_rather_than_reprojected" computerName="DESKTOP-M804G0L" duration="00:00:00.0002257" startTime="2026-08-14T21:39:08.6162632+03:00" endTime="2026-08-14T21:39:08.6162632+03:00" testType="13cdc9d9-ddb5-4fa4-a97d-d965ccfc6d4b" outcome="Passed" testListId="8c84fa94-04c1-424b-9868-57a2d4851a1d" relativeResultsDirectory="bdd1539e-e53e-4298-9a40-c7b07dd45cd5" />
    <UnitTestResult executionId="9386e184-9604-44a2-b5d9-6f95b491aa94" testId="26ca4990-7672-e708-1f1a-f2c8cf18b1ce" testName="GisServer.Api.ArcGis.Tests.VectorTileServerMetadataWriterTests.The_tile_template_is_relative_so_a_reverse_proxy_does_not_break_it" computerName="DESKTOP-M804G0L" duration="00:00:00.0003711" startTime="2026-08-14T21:39:08.6305153+03:00" endTime="2026-08-14T21:39:08.6305153+03:00" testType="13cdc9d9-ddb5-4fa4-a97d-d965ccfc6d4b" outcome="Passed" testListId="8c84fa94-04c1-424b-9868-57a2d4851a1d" relativeResultsDirectory="9386e184-9604-44a2-b5d9-6f95b491aa94" />
    <UnitTestResult executionId="2d0a89d3-8c4a-4fb4-8e04-a3a932ccdd13" testId="4aabffe3-af3e-dde8-70b9-20e6bce0066b" testName="GisServer.Api.ArcGis.Tests.ArcGisGeometryReaderTests.An_undeclared_third_ordinate_is_refused_too" computerName="DESKTOP-M804G0L" duration="00:00:00.0000894" startTime="2026-08-14T21:39:08.6193627+03:00" endTime="2026-08-14T21:39:08.6193627+03:00" testType="13cdc9d9-ddb5-4fa4-a97d-d965ccfc6d4b" outcome="Passed" testListId="8c84fa94-04c1-424b-9868-57a2d4851a1d" relativeResultsDirectory="2d0a89d3-8c4a-4fb4-8e04-a3a932ccdd13" />
    <UnitTestResult executionId="6c99bfd5-865b-4588-87e9-445b70583a85" testId="a795e6b1-3834-5eef-17f9-e201a5b9122c" testName="GisServer.Api.ArcGis.Tests.FeatureServerMetadataWriterTests.The_root_catalogue_types_every_service_and_advertises_the_hosted_folder" computerName="DESKTOP-M804G0L" duration="00:00:00.0307485" startTime="2026-08-14T21:39:08.6529898+03:00" endTime="2026-08-14T21:39:08.6529898+03:00" testType="13cdc9d9-ddb5-4fa4-a97d-d965ccfc6d4b" outcome="Passed" testListId="8c84fa94-04c1-424b-9868-57a2d4851a1d" relativeResultsDirectory="6c99bfd5-865b-4588-87e9-445b70583a85" />
    <UnitTestResult executionId="ef0cf42e-a5b8-476e-aaec-d05d48a74e5e" testId="1a464fa4-d6a5-b226-b583-d32aa0ba5995" testName="GisServer.Api.ArcGis.Tests.ArcGisGeometryReaderTests.A_non_numeric_coordinate_is_refused" computerName="DESKTOP-M804G0L" duration="00:00:00.0012839" startTime="2026-08-14T21:39:08.5565627+03:00" endTime="2026-08-14T21:39:08.5565628+03:00" testType="13cdc9d9-ddb5-4fa4-a97d-d965ccfc6d4b" outcome="Passed" testListId="8c84fa94-04c1-424b-9868-57a2d4851a1d" relativeResultsDirectory="ef0cf42e-a5b8-476e-aaec-d05d48a74e5e" />
    <UnitTestResult executionId="181767e1-57d1-4ccf-aa22-49d555014e01" testId="6dbd3013-2bb4-68bb-da1b-c210920c7517" testName="GisServer.Api.ArcGis.Tests.VectorTileServerMetadataWriterTests.The_initial_and_full_extents_agree" computerName="DESKTOP-M804G0L" duration="00:00:00.0002638" startTime="2026-08-14T21:39:08.6497706+03:00" endTime="2026-08-14T21:39:08.6497707+03:00" testType="13cdc9d9-ddb5-4fa4-a97d-d965ccfc6d4b" outcome="Passed" testListId="8c84fa94-04c1-424b-9868-57a2d4851a1d" relativeResultsDirectory="181767e1-57d1-4ccf-aa22-49d555014e01" />
    <UnitTestResult executionId="ac7b35f8-b2b6-447d-be5d-1b3a19424a03" testId="c8dbc292-dd25-5bcb-a8ef-01e417e538ee" testName="GisServer.Api.ArcGis.Tests.VectorTileServerMetadataWriterTests.The_spatial_reference_is_declared_in_the_code_Esri_clients_send" computerName="DESKTOP-M804G0L" duration="00:00:00.0002407" startTime="2026-08-14T21:39:08.6501298+03:00" endTime="2026-08-14T21:39:08.6501299+03:00" testType="13cdc9d9-ddb5-4fa4-a97d-d965ccfc6d4b" outcome="Passed" testListId="8c84fa94-04c1-424b-9868-57a2d4851a1d" relativeResultsDirectory="ac7b35f8-b2b6-447d-be5d-1b3a19424a03" />
    <UnitTestResult executionId="ffe19662-558e-4920-bbcf-524d30ca9ce4" testId="c2cf1a2f-eee8-d161-c46c-68f633e13e6e" testName="GisServer.Api.ArcGis.Tests.ArcGisGeometryWriterTests.An_empty_point_writes_nulls_rather_than_omitting_the_fields" computerName="DESKTOP-M804G0L" duration="00:00:00.0030705" startTime="2026-08-14T21:39:08.5566170+03:00" endTime="2026-08-14T21:39:08.5566170+03:00" testType="13cdc9d9-ddb5-4fa4-a97d-d965ccfc6d4b" outcome="Passed" testListId="8c84fa94-04c1-424b-9868-57a2d4851a1d" relativeResultsDirectory="ffe19662-558e-4920-bbcf-524d30ca9ce4" />
    <UnitTestResult executionId="a731cb4a-ed5d-437b-88c9-0eaad8ada9e8" testId="9e446f79-2375-bd00-66d9-a0e098fc78aa" testName="GisServer.Api.ArcGis.Tests.FeatureServerMetadataWriterTests.The_advertised_maximum_matches_the_limit_the_query_endpoint_enforces" computerName="DESKTOP-M804G0L" duration="00:00:00.0002085" startTime="2026-08-14T21:39:08.6504141+03:00" endTime="2026-08-14T21:39:08.6504142+03:00" testType="13cdc9d9-ddb5-4fa4-a97d-d965ccfc6d4b" outcome="Passed" testListId="8c84fa94-04c1-424b-9868-57a2d4851a1d" relativeResultsDirectory="a731cb4a-ed5d-437b-88c9-0eaad8ada9e8" />
    <UnitTestResult executionId="b8359ec8-fea7-4fe1-bc14-a2c7394df7a0" testId="3ed4fc50-e8bf-2de3-5e21-527289c5c189" testName="GisServer.Api.ArcGis.Tests.VectorTileServerMetadataWriterTests.The_tile_grid_is_square" computerName="DESKTOP-M804G0L" duration="00:00:00.0002907" startTime="2026-08-14T21:39:08.6345982+03:00" endTime="2026-08-14T21:39:08.6345983+03:00" testType="13cdc9d9-ddb5-4fa4-a97d-d965ccfc6d4b" outcome="Passed" testListId="8c84fa94-04c1-424b-9868-57a2d4851a1d" relativeResultsDirectory="b8359ec8-fea7-4fe1-bc14-a2c7394df7a0" />
    <UnitTestResult executionId="b3deef66-a838-41a8-844f-8ad2477337fd" testId="cfe5bd5f-1d49-ab5b-4986-9817b09957d1" testName="GisServer.Api.ArcGis.Tests.VectorTileServerMetadataWriterTests.The_maximum_zoom_is_reported_and_matches_the_deepest_level" computerName="DESKTOP-M804G0L" duration="00:00:00.0005051" startTime="2026-08-14T21:39:08.6307006+03:00" endTime="2026-08-14T21:39:08.6307006+03:00" testType="13cdc9d9-ddb5-4fa4-a97d-d965ccfc6d4b" outcome="Passed" testListId="8c84fa94-04c1-424b-9868-57a2d4851a1d" relativeResultsDirectory="b3deef66-a838-41a8-844f-8ad2477337fd" />
    <UnitTestResult executionId="a97c7a7f-7633-4ca0-909e-22b33858580b" testId="d0b5be7d-49ac-f6e7-5e75-25a32f4511df" testName="GisServer.Api.ArcGis.Tests.ArcGisGeometryReaderTests.A_point_reads" computerName="DESKTOP-M804G0L" duration="00:00:00.0001385" startTime="2026-08-14T21:39:08.6194190+03:00" endTime="2026-08-14T21:39:08.6194190+03:00" testType="13cdc9d9-ddb5-4fa4-a97d-d965ccfc6d4b" outcome="Passed" testListId="8c84fa94-04c1-424b-9868-57a2d4851a1d" relativeResultsDirectory="a97c7a7f-7633-4ca0-909e-22b33858580b" />
    <UnitTestResult executionId="97a95c13-5955-40b8-9219-dccb5496fbdc" testId="2edf353f-cce6-fd13-b4d4-ed9801403aeb" testName="GisServer.Api.ArcGis.Tests.VectorTileServerMetadataWriterTests.There_is_one_level_of_detail_per_zoom_including_zero" computerName="DESKTOP-M804G0L" duration="00:00:00.0603795" startTime="2026-08-14T21:39:08.6190443+03:00" endTime="2026-08-14T21:39:08.6190445+03:00" testType="13cdc9d9-ddb5-4fa4-a97d-d965ccfc6d4b" outcome="Passed" testListId="8c84fa94-04c1-424b-9868-57a2d4851a1d" relativeResultsDirectory="97a95c13-5955-40b8-9219-dccb5496fbdc" />
    <UnitTestResult executionId="9c6b9824-b76d-4f9f-ad79-5d9816233af6" testId="e7d9be20-0f7a-985d-fe06-3f1a5dd08855" testName="GisServer.Api.ArcGis.Tests.VectorTileServerMetadataWriterTests.The_style_draws_each_geometry_kind_as_the_right_thing(kind: Polygon, expected: &quot;fill&quot;)" computerName="DESKTOP-M804G0L" duration="00:00:00.0002783" startTime="2026-08-14T21:39:08.6294406+03:00" endTime="2026-08-14T21:39:08.6294407+03:00" testType="13cdc9d9-ddb5-4fa4-a97d-d965ccfc6d4b" outcome="Passed" testListId="8c84fa94-04c1-424b-9868-57a2d4851a1d" relativeResultsDirectory="9c6b9824-b76d-4f9f-ad79-5d9816233af6" />
    <UnitTestResult executionId="0e14f51d-8d47-4fa9-94be-a6978108fe8c" testId="57f1c1fe-4a23-62a0-4af1-625830026660" testName="GisServer.Api.ArcGis.Tests.ArcGisGeometryReaderTests.A_declared_Z_is_refused_rather_than_dropped" computerName="DESKTOP-M804G0L" duration="00:00:00.0001035" startTime="2026-08-14T21:39:08.6193060+03:00" endTime="2026-08-14T21:39:08.6193060+03:00" testType="13cdc9d9-ddb5-4fa4-a97d-d965ccfc6d4b" outcome="Passed" testListId="8c84fa94-04c1-424b-9868-57a2d4851a1d" relativeResultsDirectory="0e14f51d-8d47-4fa9-94be-a6978108fe8c" />
    <UnitTestResult executionId="dd1164ad-c716-4ecc-bf22-6e509b4c760c" testId="3a86fded-196e-dea7-25c6-3bf0434d4f6b" testName="GisServer.Api.ArcGis.Tests.VectorTileServerMetadataWriterTests.The_style_paint_matches_the_layer_type_it_declares" computerName="DESKTOP-M804G0L" duration="00:00:00.0017233" startTime="2026-08-14T21:39:08.6292426+03:00" endTime="2026-08-14T21:39:08.6292427+03:00" testType="13cdc9d9-ddb5-4fa4-a97d-d965ccfc6d4b" outcome="Passed" testListId="8c84fa94-04c1-424b-9868-57a2d4851a1d" relativeResultsDirectory="dd1164ad-c716-4ecc-bf22-6e509b4c760c" />
    <UnitTestResult executionId="ceec47f3-e5b4-4509-9391-5667466be3ba" testId="919d2404-07a2-9619-4127-696c1bbe4ed4" testName="GisServer.Api.ArcGis.Tests.ArcGisGeometryReaderTests.A_point_with_x_and_no_y_is_refused" computerName="DESKTOP-M804G0L" duration="00:00:00.0000702" startTime="2026-08-14T21:39:08.6245897+03:00" endTime="2026-08-14T21:39:08.6245898+03:00" testType="13cdc9d9-ddb5-4fa4-a97d-d965ccfc6d4b" outcome="Passed" testListId="8c84fa94-04c1-424b-9868-57a2d4851a1d" relativeResultsDirectory="ceec47f3-e5b4-4509-9391-5667466be3ba" />
    <UnitTestResult executionId="59bdbe4f-47ed-4512-b50e-3de42ab22cef" testId="eaf5fe14-7a62-f7b3-e107-6a1c0cace5d7" testName="GisServer.Api.ArcGis.Tests.VectorTileServerMetadataWriterTests.The_style_draws_each_geometry_kind_as_the_right_thing(kind: MultiLineString, expected: &quot;line&quot;)" computerName="DESKTOP-M804G0L" duration="00:00:00.0000384" startTime="2026-08-14T21:39:08.6304552+03:00" endTime="2026-08-14T21:39:08.6304553+03:00" testType="13cdc9d9-ddb5-4fa4-a97d-d965ccfc6d4b" outcome="Passed" testListId="8c84fa94-04c1-424b-9868-57a2d4851a1d" relativeResultsDirectory="59bdbe4f-47ed-4512-b50e-3de42ab22cef" />
    <UnitTestResult executionId="05d5fa70-4a45-48b6-8ddd-bdf78cfd27a3" testId="b8404706-f24e-b6cb-9b4e-7c6c41febcd8" testName="GisServer.Api.ArcGis.Tests.FeatureServerMetadataWriterTests.A_sixty_four_bit_integer_is_declared_as_text_matching_how_it_is_written" computerName="DESKTOP-M804G0L" duration="00:00:00.0002230" startTime="2026-08-14T21:39:08.6530991+03:00" endTime="2026-08-14T21:39:08.6530991+03:00" testType="13cdc9d9-ddb5-4fa4-a97d-d965ccfc6d4b" outcome="Passed" testListId="8c84fa94-04c1-424b-9868-57a2d4851a1d" relativeResultsDirectory="05d5fa70-4a45-48b6-8ddd-bdf78cfd27a3" />
    <UnitTestResult executionId="06580ab8-60cb-47eb-8ee6-a99035ace843" testId="3d8e0f3c-1f4a-fb1d-6537-fd6457ff2cf2" testName="GisServer.Api.ArcGis.Tests.ArcGisGeometryReaderTests.Every_refusal_says_something_the_caller_can_act_on" computerName="DESKTOP-M804G0L" duration="00:00:00.0002613" startTime="2026-08-14T21:39:08.6256690+03:00" endTime="2026-08-14T21:39:08.6256691+03:00" testType="13cdc9d9-ddb5-4fa4-a97d-d965ccfc6d4b" outcome="Passed" testListId="8c84fa94-04c1-424b-9868-57a2d4851a1d" relativeResultsDirectory="06580ab8-60cb-47eb-8ee6-a99035ace843" />
    <UnitTestResult executionId="9180f95e-3183-4ab6-92cf-d074ab5a46b4" testId="c711662d-c765-34e1-de90-5bea37db1a32" testName="GisServer.Api.ArcGis.Tests.ArcGisGeometryReaderTests.A_clockwise_ring_is_a_shell" computerName="DESKTOP-M804G0L" duration="00:00:00.0032378" startTime="2026-08-14T21:39:08.6158717+03:00" endTime="2026-08-14T21:39:08.6158718+03:00" testType="13cdc9d9-ddb5-4fa4-a97d-d965ccfc6d4b" outcome="Passed" testListId="8c84fa94-04c1-424b-9868-57a2d4851a1d" relativeResultsDirectory="9180f95e-3183-4ab6-92cf-d074ab5a46b4" />
    <UnitTestResult executionId="d59fe8cb-8a37-427c-bbbe-9ed3e2697835" testId="1e0a38cd-f5ab-5ac7-a1d9-712290bf4c18" testName="GisServer.Api.ArcGis.Tests.ArcGisGeometryReaderTests.A_null_x_is_an_empty_point_not_an_error" computerName="DESKTOP-M804G0L" duration="00:00:00.0002069" startTime="2026-08-14T21:39:08.6162002+03:00" endTime="2026-08-14T21:39:08.6162003+03:00" testType="13cdc9d9-ddb5-4fa4-a97d-d965ccfc6d4b" outcome="Passed" testListId="8c84fa94-04c1-424b-9868-57a2d4851a1d" relativeResultsDirectory="d59fe8cb-8a37-427c-bbbe-9ed3e2697835" />
    <UnitTestResult executionId="8339f3d9-c7c5-4817-a2aa-8c792c36b7e9" testId="6e156707-b979-fd42-5d5f-a0232b3f754c" testName="GisServer.Api.ArcGis.Tests.ArcGisGeometryReaderTests.An_empty_part_list_is_refused(json: &quot;{\&quot;paths\&quot;:[]}&quot;)" computerName="DESKTOP-M804G0L" duration="00:00:00.0000152" startTime="2026-08-14T21:39:08.6161445+03:00" endTime="2026-08-14T21:39:08.6161446+03:00" testType="13cdc9d9-ddb5-4fa4-a97d-d965ccfc6d4b" outcome="Passed" testListId="8c84fa94-04c1-424b-9868-57a2d4851a1d" relativeResultsDirectory="8339f3d9-c7c5-4817-a2aa-8c792c36b7e9" />
    <UnitTestResult executionId="2f4fe39a-3f0d-4488-b5a8-c5f9c1a66b5f" testId="65dfa4d4-ffdc-d0e9-013e-7b1bf3661c61" testName="GisServer.Api.ArcGis.Tests.FeatureServerMetadataWriterTests.An_unknown_extent_is_null_rather_than_a_box_at_the_origin" computerName="DESKTOP-M804G0L" duration="00:00:00.0002239" startTime="2026-08-14T21:39:08.6503506+03:00" endTime="2026-08-14T21:39:08.6503506+03:00" testType="13cdc9d9-ddb5-4fa4-a97d-d965ccfc6d4b" outcome="Passed" testListId="8c84fa94-04c1-424b-9868-57a2d4851a1d" relativeResultsDirectory="2f4fe39a-3f0d-4488-b5a8-c5f9c1a66b5f" />
    <UnitTestResult executionId="e8a5751e-0eb3-4393-a7be-10a22de55ab9" testId="125ef800-4e19-9727-3af0-e1d3d7f01f80" testName="GisServer.Api.ArcGis.Tests.ArcGisGeometryReaderTests.A_hole_before_any_shell_is_refused_rather_than_promoted" computerName="DESKTOP-M804G0L" duration="00:00:00.0491876" startTime="2026-08-14T21:39:08.5564387+03:00" endTime="2026-08-14T21:39:08.5564387+03:00" testType="13cdc9d9-ddb5-4fa4-a97d-d965ccfc6d4b" outcome="Passed" testListId="8c84fa94-04c1-424b-9868-57a2d4851a1d" relativeResultsDirectory="e8a5751e-0eb3-4393-a7be-10a22de55ab9" />
    <UnitTestResult executionId="bc9ad64c-9bf8-4de4-aabf-5cca5b573eb6" testId="60ace827-e392-23bc-3aae-566237d59f28" testName="GisServer.Api.ArcGis.Tests.ArcGisGeometryReaderTests.An_empty_part_list_is_refused(json: &quot;{\&quot;rings\&quot;:[]}&quot;)" computerName="DESKTOP-M804G0L" duration="00:00:00.0002835" startTime="2026-08-14T21:39:08.6160913+03:00" endTime="2026-08-14T21:39:08.6160914+03:00" testType="13cdc9d9-ddb5-4fa4-a97d-d965ccfc6d4b" outcome="Passed" testListId="8c84fa94-04c1-424b-9868-57a2d4851a1d" relativeResultsDirectory="bc9ad64c-9bf8-4de4-aabf-5cca5b573eb6" />
    <UnitTestResult executionId="cfd333ce-dff1-4008-921a-c88119c8c6a8" testId="3f960e65-b322-e9a8-e9ff-762557c33218" testName="GisServer.Api.ArcGis.Tests.ArcGisGeometryReaderTests.An_unclosed_ring_is_closed_rather_than_refused" computerName="DESKTOP-M804G0L" duration="00:00:00.0021758" startTime="2026-08-14T21:39:08.6191713+03:00" endTime="2026-08-14T21:39:08.6191714+03:00" testType="13cdc9d9-ddb5-4fa4-a97d-d965ccfc6d4b" outcome="Passed" testListId="8c84fa94-04c1-424b-9868-57a2d4851a1d" relativeResultsDirectory="cfd333ce-dff1-4008-921a-c88119c8c6a8" />
    <UnitTestResult executionId="f204d0d7-6791-4ce5-8af9-62a05c0fef3c" testId="3c8701cc-9ffb-0fee-521f-f7b88ff824c8" testName="GisServer.Api.ArcGis.Tests.FeatureServerMetadataWriterTests.Server_info_declares_token_security_and_where_to_get_one" computerName="DESKTOP-M804G0L" duration="00:00:00.0036428" startTime="2026-08-14T21:39:08.6531465+03:00" endTime="2026-08-14T21:39:08.6531465+03:00" testType="13cdc9d9-ddb5-4fa4-a97d-d965ccfc6d4b" outcome="Passed" testListId="8c84fa94-04c1-424b-9868-57a2d4851a1d" relativeResultsDirectory="f204d0d7-6791-4ce5-8af9-62a05c0fef3c" />
    <UnitTestResult executionId="93e8b1f7-1532-4cb4-a6ca-4e366911a50a" testId="7625bbcd-e420-f3bb-038a-c7a9ecd04afa" testName="GisServer.Api.ArcGis.Tests.FeatureServerMetadataWriterTests.A_layer_with_both_services_is_listed_twice_with_different_types" computerName="DESKTOP-M804G0L" duration="00:00:00.0016181" startTime="2026-08-14T21:39:08.6530447+03:00" endTime="2026-08-14T21:39:08.6530448+03:00" testType="13cdc9d9-ddb5-4fa4-a97d-d965ccfc6d4b" outcome="Passed" testListId="8c84fa94-04c1-424b-9868-57a2d4851a1d" relativeResultsDirectory="93e8b1f7-1532-4cb4-a6ca-4e366911a50a" />
    <UnitTestResult executionId="3a7f437a-9bd5-4695-bd4a-59344047ecb5" testId="de2f7a48-2dad-1e6d-703c-6fa91307df74" testName="GisServer.Api.ArcGis.Tests.VectorTileServerMetadataWriterTests.Bulk_export_is_refused_explicitly_rather_than_left_unstated" computerName="DESKTOP-M804G0L" duration="00:00:00.0003762" startTime="2026-08-14T21:39:08.6290398+03:00" endTime="2026-08-14T21:39:08.6290399+03:00" testType="13cdc9d9-ddb5-4fa4-a97d-d965ccfc6d4b" outcome="Passed" testListId="8c84fa94-04c1-424b-9868-57a2d4851a1d" relativeResultsDirectory="3a7f437a-9bd5-4695-bd4a-59344047ecb5" />
    <UnitTestResult executionId="a0d1ce66-6942-4baf-aad8-d4f02c5aec43" testId="78562a58-8721-cf01-c3d8-e4ff9bf472ca" testName="GisServer.Api.ArcGis.Tests.ArcGisGeometryReaderTests.An_empty_part_list_is_refused(json: &quot;{\&quot;points\&quot;:[]}&quot;)" computerName="DESKTOP-M804G0L" duration="00:00:00.0004891" startTime="2026-08-14T21:39:08.6160492+03:00" endTime="2026-08-14T21:39:08.6160493+03:00" testType="13cdc9d9-ddb5-4fa4-a97d-d965ccfc6d4b" outcome="Passed" testListId="8c84fa94-04c1-424b-9868-57a2d4851a1d" relativeResultsDirectory="a0d1ce66-6942-4baf-aad8-d4f02c5aec43" />
    <UnitTestResult executionId="d8d3b342-1563-4b51-ad97-7b3b3505d279" testId="eb93e82c-fe33-1be7-edff-8a0f5ca5a169" testName="GisServer.Api.ArcGis.Tests.ArcGisGeometryReaderTests.A_counter_clockwise_ring_after_a_shell_is_its_hole" computerName="DESKTOP-M804G0L" duration="00:00:00.0011786" startTime="2026-08-14T21:39:08.6258280+03:00" endTime="2026-08-14T21:39:08.6258280+03:00" testType="13cdc9d9-ddb5-4fa4-a97d-d965ccfc6d4b" outcome="Passed" testListId="8c84fa94-04c1-424b-9868-57a2d4851a1d" relativeResultsDirectory="d8d3b342-1563-4b51-ad97-7b3b3505d279" />
    <UnitTestResult executionId="03d91ac8-3839-4f86-ae6e-b60c13e56b63" testId="94aff2dd-9893-3558-e870-9224aca17216" testName="GisServer.Api.ArcGis.Tests.VectorTileServerMetadataWriterTests.The_style_draws_each_geometry_kind_as_the_right_thing(kind: Point, expected: &quot;circle&quot;)" computerName="DESKTOP-M804G0L" duration="00:00:00.0044069" startTime="2026-08-14T21:39:08.6294797+03:00" endTime="2026-08-14T21:39:08.6294797+03:00" testType="13cdc9d9-ddb5-4fa4-a97d-d965ccfc6d4b" outcome="Passed" testListId="8c84fa94-04c1-424b-9868-57a2d4851a1d" relativeResultsDirectory="03d91ac8-3839-4f86-ae6e-b60c13e56b63" />
    <UnitTestResult executionId="e465f5d8-04fd-4b67-9092-1978c7efe8ec" testId="bc5a6541-5f42-a538-8208-bdb0237f1318" testName="GisServer.Api.ArcGis.Tests.ArcGisGeometryWriterTests.A_point_writes_x_y_and_a_spatial_reference" computerName="DESKTOP-M804G0L" duration="00:00:00.0032923" startTime="2026-08-14T21:39:08.6192172+03:00" endTime="2026-08-14T21:39:08.6192172+03:00" testType="13cdc9d9-ddb5-4fa4-a97d-d965ccfc6d4b" outcome="Passed" testListId="8c84fa94-04c1-424b-9868-57a2d4851a1d" relativeResultsDirectory="e465f5d8-04fd-4b67-9092-1978c7efe8ec" />
    <UnitTestResult executionId="53129fe3-3c2d-41d6-b4ff-5afb9f34d7fb" testId="287d3540-01e1-baf2-b3d0-8b74f834e85b" testName="GisServer.Api.ArcGis.Tests.FeatureServerMetadataWriterTests.An_unknown_field_type_is_declared_as_text_rather_than_omitted" computerName="DESKTOP-M804G0L" duration="00:00:00.0000695" startTime="2026-08-14T21:39:08.6500712+03:00" endTime="2026-08-14T21:39:08.6500712+03:00" testType="13cdc9d9-ddb5-4fa4-a97d-d965ccfc6d4b" outcome="Passed" testListId="8c84fa94-04c1-424b-9868-57a2d4851a1d" relativeResultsDirectory="53129fe3-3c2d-41d6-b4ff-5afb9f34d7fb" />
    <UnitTestResult executionId="87aea7af-e6e4-4798-9d41-f8cd9ebc4d45" testId="4792469e-3fbf-cef5-8b83-96856d67638f" testName="GisServer.Api.ArcGis.Tests.ArcGisGeometryWriterTests.A_multi_point_writes_a_points_array" computerName="DESKTOP-M804G0L" duration="00:00:00.0004955" startTime="2026-08-14T21:39:08.6194794+03:00" endTime="2026-08-14T21:39:08.6194795+03:00" testType="13cdc9d9-ddb5-4fa4-a97d-d965ccfc6d4b" outcome="Passed" testListId="8c84fa94-04c1-424b-9868-57a2d4851a1d" relativeResultsDirectory="87aea7af-e6e4-4798-9d41-f8cd9ebc4d45" />
    <UnitTestResult executionId="9a18f63d-4d06-429b-a45c-cda96677ebe5" testId="cbf04ea8-4972-5360-cb87-de296d13311b" testName="GisServer.Api.ArcGis.Tests.VectorTileServerMetadataWriterTests.The_origin_is_the_top_left_of_the_world" computerName="DESKTOP-M804G0L" duration="00:00:00.0003005" startTime="2026-08-14T21:39:08.6346548+03:00" endTime="2026-08-14T21:39:08.6346549+03:00" testType="13cdc9d9-ddb5-4fa4-a97d-d965ccfc6d4b" outcome="Passed" testListId="8c84fa94-04c1-424b-9868-57a2d4851a1d" relativeResultsDirectory="9a18f63d-4d06-429b-a45c-cda96677ebe5" />
    <UnitTestResult executionId="fe010289-e18a-49bd-b04a-07be63e03643" testId="c19815bd-c148-6d37-8887-648d6cf68a6f" testName="GisServer.Api.ArcGis.Tests.VectorTileServerMetadataWriterTests.An_unknown_extent_becomes_the_world_rather_than_being_omitted" computerName="DESKTOP-M804G0L" duration="00:00:00.0002834" startTime="2026-08-14T21:39:08.6343755+03:00" endTime="2026-08-14T21:39:08.6343755+03:00" testType="13cdc9d9-ddb5-4fa4-a97d-d965ccfc6d4b" outcome="Passed" testListId="8c84fa94-04c1-424b-9868-57a2d4851a1d" relativeResultsDirectory="fe010289-e18a-49bd-b04a-07be63e03643" />
    <UnitTestResult executionId="a6c4d744-dfa9-4ec4-8dbc-0eabcd7045ca" testId="e61bde46-4fed-a8dd-c51e-3910816b7e5f" testName="GisServer.Api.ArcGis.Tests.FeatureServerMetadataWriterTests.A_layer_with_no_integer_identity_reports_a_null_object_id_field" computerName="DESKTOP-M804G0L" duration="00:00:00.0791070" startTime="2026-08-14T21:39:08.6274242+03:00" endTime="2026-08-14T21:39:08.6274244+03:00" testType="13cdc9d9-ddb5-4fa4-a97d-d965ccfc6d4b" outcome="Passed" testListId="8c84fa94-04c1-424b-9868-57a2d4851a1d" relativeResultsDirectory="a6c4d744-dfa9-4ec4-8dbc-0eabcd7045ca" />
    <UnitTestResult executionId="d2276d25-e1eb-48e7-beaf-e22ba1094fa4" testId="e49e3cf0-27ea-5a4d-d647-54fa68516084" testName="GisServer.Api.ArcGis.Tests.ArcGisGeometryReaderTests.An_absent_spatial_reference_means_the_layer_own" computerName="DESKTOP-M804G0L" duration="00:00:00.0000611" startTime="2026-08-14T21:39:08.6195179+03:00" endTime="2026-08-14T21:39:08.6195180+03:00" testType="13cdc9d9-ddb5-4fa4-a97d-d965ccfc6d4b" outcome="Passed" testListId="8c84fa94-04c1-424b-9868-57a2d4851a1d" relativeResultsDirectory="d2276d25-e1eb-48e7-beaf-e22ba1094fa4" />
    <UnitTestResult executionId="46fc5055-204b-475f-837b-800bbe7f9070" testId="f0814f0a-86b7-a414-2561-c62559ed9a2e" testName="GisServer.Api.ArcGis.Tests.ArcGisGeometryWriterTests.A_shell_is_written_clockwise_whatever_way_it_arrived" computerName="DESKTOP-M804G0L" duration="00:00:00.0481063" startTime="2026-08-14T21:39:08.5511845+03:00" endTime="2026-08-14T21:39:08.5513377+03:00" testType="13cdc9d9-ddb5-4fa4-a97d-d965ccfc6d4b" outcome="Passed" testListId="8c84fa94-04c1-424b-9868-57a2d4851a1d" relativeResultsDirectory="46fc5055-204b-475f-837b-800bbe7f9070" />
    <UnitTestResult executionId="2dad1a76-4640-47ae-9d49-3813b4229f53" testId="116fb26e-efaa-1ce6-288c-1879e9e926b4" testName="GisServer.Api.ArcGis.Tests.VectorTileServerMetadataWriterTests.The_style_declares_version_eight" computerName="DESKTOP-M804G0L" duration="00:00:00.0001898" startTime="2026-08-14T21:39:08.6308032+03:00" endTime="2026-08-14T21:39:08.6308032+03:00" testType="13cdc9d9-ddb5-4fa4-a97d-d965ccfc6d4b" outcome="Passed" testListId="8c84fa94-04c1-424b-9868-57a2d4851a1d" relativeResultsDirectory="2dad1a76-4640-47ae-9d49-3813b4229f53" />
    <UnitTestResult executionId="31d15988-f201-4983-89ed-d7343888daf2" testId="a83bb615-a472-9fa5-624c-13c4feb66d13" testName="GisServer.Api.ArcGis.Tests.FeatureServerMetadataWriterTests.A_service_inside_a_folder_reports_its_name_with_the_folder_on_the_front" computerName="DESKTOP-M804G0L" duration="00:00:00.0038188" startTime="2026-08-14T21:39:08.6291383+03:00" endTime="2026-08-14T21:39:08.6291384+03:00" testType="13cdc9d9-ddb5-4fa4-a97d-d965ccfc6d4b" outcome="Passed" testListId="8c84fa94-04c1-424b-9868-57a2d4851a1d" relativeResultsDirectory="31d15988-f201-4983-89ed-d7343888daf2" />
    <UnitTestResult executionId="e3cfdba6-88b5-4cef-973a-2148c49808b0" testId="c2691903-0a99-ec59-e1df-56d0a3882da3" testName="GisServer.Api.ArcGis.Tests.ArcGisGeometryWriterTests.A_multi_line_string_becomes_a_polyline_with_several_paths" computerName="DESKTOP-M804G0L" duration="00:00:00.0021513" startTime="2026-08-14T21:39:08.5564986+03:00" endTime="2026-08-14T21:39:08.5564986+03:00" testType="13cdc9d9-ddb5-4fa4-a97d-d965ccfc6d4b" outcome="Passed" testListId="8c84fa94-04c1-424b-9868-57a2d4851a1d" relativeResultsDirectory="e3cfdba6-88b5-4cef-973a-2148c49808b0" />
    <UnitTestResult executionId="f7c06d33-f6b5-472d-929b-7f6256442472" testId="ca4e0204-a752-c469-d0ef-0f0a9d503060" testName="GisServer.Api.ArcGis.Tests.ArcGisGeometryWriterTests.A_hole_is_written_counter_clockwise_whatever_way_it_arrived" computerName="DESKTOP-M804G0L" duration="00:00:00.0004874" startTime="2026-08-14T21:39:08.6257371+03:00" endTime="2026-08-14T21:39:08.6257372+03:00" testType="13cdc9d9-ddb5-4fa4-a97d-d965ccfc6d4b" outcome="Passed" testListId="8c84fa94-04c1-424b-9868-57a2d4851a1d" relativeResultsDirectory="f7c06d33-f6b5-472d-929b-7f6256442472" />
    <UnitTestResult executionId="8a8b6b03-fed8-48d2-8411-18d27a701f9e" testId="cf5ba291-d681-4269-83e8-ae17dda767e4" testName="GisServer.Api.ArcGis.Tests.VectorTileServerMetadataWriterTests.The_level_zero_resolution_matches_the_declared_tile_size" computerName="DESKTOP-M804G0L" duration="00:00:00.0002814" startTime="2026-08-14T21:39:08.6344863+03:00" endTime="2026-08-14T21:39:08.6344864+03:00" testType="13cdc9d9-ddb5-4fa4-a97d-d965ccfc6d4b" outcome="Passed" testListId="8c84fa94-04c1-424b-9868-57a2d4851a1d" relativeResultsDirectory="8a8b6b03-fed8-48d2-8411-18d27a701f9e" />
    <UnitTestResult executionId="5a71434f-a176-4630-86bd-dd99d281828c" testId="fafd6d8b-3678-a2c5-1ba3-9836b7a4e3a1" testName="GisServer.Api.ArcGis.Tests.FeatureServerMetadataWriterTests.A_boolean_is_declared_as_the_small_integer_it_is_written_as" computerName="DESKTOP-M804G0L" duration="00:00:00.0000582" startTime="2026-08-14T21:39:08.6504674+03:00" endTime="2026-08-14T21:39:08.6504674+03:00" testType="13cdc9d9-ddb5-4fa4-a97d-d965ccfc6d4b" outcome="Passed" testListId="8c84fa94-04c1-424b-9868-57a2d4851a1d" relativeResultsDirectory="5a71434f-a176-4630-86bd-dd99d281828c" />
    <UnitTestResult executionId="286ba6d3-33f7-49f0-8015-cde84524cdb1" testId="c23762e7-4b64-3ab0-d595-30d2a4affce7" testName="GisServer.Api.ArcGis.Tests.VectorTileServerMetadataWriterTests.The_style_names_the_layer_inside_the_tile_under_the_hyphenated_key" computerName="DESKTOP-M804G0L" duration="00:00:00.0001414" startTime="2026-08-14T21:39:08.6499977+03:00" endTime="2026-08-14T21:39:08.6499978+03:00" testType="13cdc9d9-ddb5-4fa4-a97d-d965ccfc6d4b" outcome="Passed" testListId="8c84fa94-04c1-424b-9868-57a2d4851a1d" relativeResultsDirectory="286ba6d3-33f7-49f0-8015-cde84524cdb1" />
    <UnitTestResult executionId="6b7d2769-d28f-4b11-8ec5-4c124b9234f3" testId="0d9caaf1-0669-4668-fa2d-c88969b313f2" testName="GisServer.Api.ArcGis.Tests.ArcGisGeometryWriterTests.Reversing_a_ring_preserves_every_vertex" computerName="DESKTOP-M804G0L" duration="00:00:00.0002426" startTime="2026-08-14T21:39:08.6155088+03:00" endTime="2026-08-14T21:39:08.6155089+03:00" testType="13cdc9d9-ddb5-4fa4-a97d-d965ccfc6d4b" outcome="Passed" testListId="8c84fa94-04c1-424b-9868-57a2d4851a1d" relativeResultsDirectory="6b7d2769-d28f-4b11-8ec5-4c124b9234f3" />
    <UnitTestResult executionId="1912538e-15d2-4f31-bcf1-e55cd4e1b268" testId="4e988c23-a232-44ff-7d3b-0c531b3f8151" testName="GisServer.Api.ArcGis.Tests.FeatureServerMetadataWriterTests.The_object_id_field_is_declared_as_the_OID_type_not_merely_named" computerName="DESKTOP-M804G0L" duration="00:00:00.0016195" startTime="2026-08-14T21:39:08.6499039+03:00" endTime="2026-08-14T21:39:08.6499040+03:00" testType="13cdc9d9-ddb5-4fa4-a97d-d965ccfc6d4b" outcome="Passed" testListId="8c84fa94-04c1-424b-9868-57a2d4851a1d" relativeResultsDirectory="1912538e-15d2-4f31-bcf1-e55cd4e1b268" />
    <UnitTestResult executionId="4f8a90dc-55e9-4132-9379-eb0fe99cc2fc" testId="df4634f3-2a1e-e27b-062e-7f5f30abbcc7" testName="GisServer.Api.ArcGis.Tests.FeatureServerMetadataWriterTests.The_display_field_prefers_a_text_field_over_the_object_id" computerName="DESKTOP-M804G0L" duration="00:00:00.0002158" startTime="2026-08-14T21:39:08.6502678+03:00" endTime="2026-08-14T21:39:08.6502679+03:00" testType="13cdc9d9-ddb5-4fa4-a97d-d965ccfc6d4b" outcome="Passed" testListId="8c84fa94-04c1-424b-9868-57a2d4851a1d" relativeResultsDirectory="4f8a90dc-55e9-4132-9379-eb0fe99cc2fc" />
  </Results>
  <TestDefinitions>
    <UnitTest name="GisServer.Api.ArcGis.Tests.VectorTileServerMetadataWriterTests.The_tile_grid_is_square" storage="c:\personal\projects\gis\tests\gisserver.api.arcgis.tests\bin\release\net9.0\gisserver.api.arcgis.tests.dll" id="3ed4fc50-e8bf-2de3-5e21-527289c5c189">
      <Execution id="b8359ec8-fea7-4fe1-bc14-a2c7394df7a0" />
      <TestMethod codeBase="C:\Personal\Projects\GIS\tests\GisServer.Api.ArcGis.Tests\bin\Release\net9.0\GisServer.Api.ArcGis.Tests.dll" adapterTypeName="executor://xunit/VsTestRunner2/netcoreapp" className="GisServer.Api.ArcGis.Tests.VectorTileServerMetadataWriterTests" name="The_tile_grid_is_square" />
    </UnitTest>
    <UnitTest name="GisServer.Api.ArcGis.Tests.FeatureServerMetadataWriterTests.A_service_inside_a_folder_reports_its_name_with_the_folder_on_the_front" storage="c:\personal\projects\gis\tests\gisserver.api.arcgis.tests\bin\release\net9.0\gisserver.api.arcgis.tests.dll" id="a83bb615-a472-9fa5-624c-13c4feb66d13">
      <Execution id="31d15988-f201-4983-89ed-d7343888daf2" />
      <TestMethod codeBase="C:\Personal\Projects\GIS\tests\GisServer.Api.ArcGis.Tests\bin\Release\net9.0\GisServer.Api.ArcGis.Tests.dll" adapterTypeName="executor://xunit/VsTestRunner2/netcoreapp" className="GisServer.Api.ArcGis.Tests.FeatureServerMetadataWriterTests" name="A_service_inside_a_folder_reports_its_name_with_the_folder_on_the_front" />
    </UnitTest>
    <UnitTest name="GisServer.Api.ArcGis.Tests.FeatureServerMetadataWriterTests.The_service_document_reports_the_capabilities_it_is_given" storage="c:\personal\projects\gis\tests\gisserver.api.arcgis.tests\bin\release\net9.0\gisserver.api.arcgis.tests.dll" id="a5dbcfbd-1dbd-c4db-5a9d-ad8283e9e77f">
      <Execution id="41c83b23-b9ed-488c-b151-e4e0d365ffab" />
      <TestMethod codeBase="C:\Personal\Projects\GIS\tests\GisServer.Api.ArcGis.Tests\bin\Release\net9.0\GisServer.Api.ArcGis.Tests.dll" adapterTypeName="executor://xunit/VsTestRunner2/netcoreapp" className="GisServer.Api.ArcGis.Tests.FeatureServerMetadataWriterTests" name="The_service_document_reports_the_capabilities_it_is_given" />
    </UnitTest>
    <UnitTest name="GisServer.Api.ArcGis.Tests.VectorTileServerMetadataWriterTests.The_initial_and_full_extents_agree" storage="c:\personal\projects\gis\tests\gisserver.api.arcgis.tests\bin\release\net9.0\gisserver.api.arcgis.tests.dll" id="6dbd3013-2bb4-68bb-da1b-c210920c7517">
      <Execution id="181767e1-57d1-4ccf-aa22-49d555014e01" />
      <TestMethod codeBase="C:\Personal\Projects\GIS\tests\GisServer.Api.ArcGis.Tests\bin\Release\net9.0\GisServer.Api.ArcGis.Tests.dll" adapterTypeName="executor://xunit/VsTestRunner2/netcoreapp" className="GisServer.Api.ArcGis.Tests.VectorTileServerMetadataWriterTests" name="The_initial_and_full_extents_agree" />
    </UnitTest>
    <UnitTest name="GisServer.Api.ArcGis.Tests.VectorTileServerMetadataWriterTests.The_origin_is_the_top_left_of_the_world" storage="c:\personal\projects\gis\tests\gisserver.api.arcgis.tests\bin\release\net9.0\gisserver.api.arcgis.tests.dll" id="cbf04ea8-4972-5360-cb87-de296d13311b">
      <Execution id="9a18f63d-4d06-429b-a45c-cda96677ebe5" />
      <TestMethod codeBase="C:\Personal\Projects\GIS\tests\GisServer.Api.ArcGis.Tests\bin\Release\net9.0\GisServer.Api.ArcGis.Tests.dll" adapterTypeName="executor://xunit/VsTestRunner2/netcoreapp" className="GisServer.Api.ArcGis.Tests.VectorTileServerMetadataWriterTests" name="The_origin_is_the_top_left_of_the_world" />
    </UnitTest>
    <UnitTest name="GisServer.Api.ArcGis.Tests.ArcGisGeometryWriterTests.A_multi_polygon_flattens_into_one_ring_array" storage="c:\personal\projects\gis\tests\gisserver.api.arcgis.tests\bin\release\net9.0\gisserver.api.arcgis.tests.dll" id="4ae6aba6-9e84-5a82-90e7-01e96962efe8">
      <Execution id="58cd9ff0-ca2c-4e29-92a1-d5b837291fba" />
      <TestMethod codeBase="C:\Personal\Projects\GIS\tests\GisServer.Api.ArcGis.Tests\bin\Release\net9.0\GisServer.Api.ArcGis.Tests.dll" adapterTypeName="executor://xunit/VsTestRunner2/netcoreapp" className="GisServer.Api.ArcGis.Tests.ArcGisGeometryWriterTests" name="A_multi_polygon_flattens_into_one_ring_array" />
    </UnitTest>
    <UnitTest name="GisServer.Api.ArcGis.Tests.VectorTileServerMetadataWriterTests.The_style_draws_each_geometry_kind_as_the_right_thing(kind: MultiLineString, expected: &quot;line&quot;)" storage="c:\personal\projects\gis\tests\gisserver.api.arcgis.tests\bin\release\net9.0\gisserver.api.arcgis.tests.dll" id="eaf5fe14-7a62-f7b3-e107-6a1c0cace5d7">
      <Execution id="59bdbe4f-47ed-4512-b50e-3de42ab22cef" />
      <TestMethod codeBase="C:\Personal\Projects\GIS\tests\GisServer.Api.ArcGis.Tests\bin\Release\net9.0\GisServer.Api.ArcGis.Tests.dll" adapterTypeName="executor://xunit/VsTestRunner2/netcoreapp" className="GisServer.Api.ArcGis.Tests.VectorTileServerMetadataWriterTests" name="The_style_draws_each_geometry_kind_as_the_right_thing" />
    </UnitTest>
    <UnitTest name="GisServer.Api.ArcGis.Tests.ArcGisGeometryReaderTests.A_counter_clockwise_ring_after_a_shell_is_its_hole" storage="c:\personal\projects\gis\tests\gisserver.api.arcgis.tests\bin\release\net9.0\gisserver.api.arcgis.tests.dll" id="eb93e82c-fe33-1be7-edff-8a0f5ca5a169">
      <Execution id="d8d3b342-1563-4b51-ad97-7b3b3505d279" />
      <TestMethod codeBase="C:\Personal\Projects\GIS\tests\GisServer.Api.ArcGis.Tests\bin\Release\net9.0\GisServer.Api.ArcGis.Tests.dll" adapterTypeName="executor://xunit/VsTestRunner2/netcoreapp" className="GisServer.Api.ArcGis.Tests.ArcGisGeometryReaderTests" name="A_counter_clockwise_ring_after_a_shell_is_its_hole" />
    </UnitTest>
    <UnitTest name="GisServer.Api.ArcGis.Tests.FeatureServerMetadataWriterTests.A_layer_with_no_text_field_falls_back_rather_than_leaving_it_blank" storage="c:\personal\projects\gis\tests\gisserver.api.arcgis.tests\bin\release\net9.0\gisserver.api.arcgis.tests.dll" id="23bef4ff-c4d5-61f7-4c2c-37f7037d7553">
      <Execution id="1fe91ed1-9c38-4e8c-901b-49e01b2a5611" />
      <TestMethod codeBase="C:\Personal\Projects\GIS\tests\GisServer.Api.ArcGis.Tests\bin\Release\net9.0\GisServer.Api.ArcGis.Tests.dll" adapterTypeName="executor://xunit/VsTestRunner2/netcoreapp" className="GisServer.Api.ArcGis.Tests.FeatureServerMetadataWriterTests" name="A_layer_with_no_text_field_falls_back_rather_than_leaving_it_blank" />
    </UnitTest>
    <UnitTest name="GisServer.Api.ArcGis.Tests.ArcGisGeometryReaderTests.A_clockwise_ring_is_a_shell" storage="c:\personal\projects\gis\tests\gisserver.api.arcgis.tests\bin\release\net9.0\gisserver.api.arcgis.tests.dll" id="c711662d-c765-34e1-de90-5bea37db1a32">
      <Execution id="9180f95e-3183-4ab6-92cf-d074ab5a46b4" />
      <TestMethod codeBase="C:\Personal\Projects\GIS\tests\GisServer.Api.ArcGis.Tests\bin\Release\net9.0\GisServer.Api.ArcGis.Tests.dll" adapterTypeName="executor://xunit/VsTestRunner2/netcoreapp" className="GisServer.Api.ArcGis.Tests.ArcGisGeometryReaderTests" name="A_clockwise_ring_is_a_shell" />
    </UnitTest>
    <UnitTest name="GisServer.Api.ArcGis.Tests.ArcGisGeometryReaderTests.A_point_reads" storage="c:\personal\projects\gis\tests\gisserver.api.arcgis.tests\bin\release\net9.0\gisserver.api.arcgis.tests.dll" id="d0b5be7d-49ac-f6e7-5e75-25a32f4511df">
      <Execution id="a97c7a7f-7633-4ca0-909e-22b33858580b" />
      <TestMethod codeBase="C:\Personal\Projects\GIS\tests\GisServer.Api.ArcGis.Tests\bin\Release\net9.0\GisServer.Api.ArcGis.Tests.dll" adapterTypeName="executor://xunit/VsTestRunner2/netcoreapp" className="GisServer.Api.ArcGis.Tests.ArcGisGeometryReaderTests" name="A_point_reads" />
    </UnitTest>
    <UnitTest name="GisServer.Api.ArcGis.Tests.VectorTileServerMetadataWriterTests.The_style_draws_each_geometry_kind_as_the_right_thing(kind: MultiPolygon, expected: &quot;fill&quot;)" storage="c:\personal\projects\gis\tests\gisserver.api.arcgis.tests\bin\release\net9.0\gisserver.api.arcgis.tests.dll" id="fddd96f6-5027-b10e-567a-92fc4bf29aef">
      <Execution id="d51de366-34be-4153-8f58-26570a802ff7" />
      <TestMethod codeBase="C:\Personal\Projects\GIS\tests\GisServer.Api.ArcGis.Tests\bin\Release\net9.0\GisServer.Api.ArcGis.Tests.dll" adapterTypeName="executor://xunit/VsTestRunner2/netcoreapp" className="GisServer.Api.ArcGis.Tests.VectorTileServerMetadataWriterTests" name="The_style_draws_each_geometry_kind_as_the_right_thing" />
    </UnitTest>
    <UnitTest name="GisServer.Api.ArcGis.Tests.ArcGisGeometryWriterTests.An_empty_point_writes_nulls_rather_than_omitting_the_fields" storage="c:\personal\projects\gis\tests\gisserver.api.arcgis.tests\bin\release\net9.0\gisserver.api.arcgis.tests.dll" id="c2cf1a2f-eee8-d161-c46c-68f633e13e6e">
      <Execution id="ffe19662-558e-4920-bbcf-524d30ca9ce4" />
      <TestMethod codeBase="C:\Personal\Projects\GIS\tests\GisServer.Api.ArcGis.Tests\bin\Release\net9.0\GisServer.Api.ArcGis.Tests.dll" adapterTypeName="executor://xunit/VsTestRunner2/netcoreapp" className="GisServer.Api.ArcGis.Tests.ArcGisGeometryWriterTests" name="An_empty_point_writes_nulls_rather_than_omitting_the_fields" />
    </UnitTest>
    <UnitTest name="GisServer.Api.ArcGis.Tests.ArcGisGeometryWriterTests.A_multi_point_writes_a_points_array" storage="c:\personal\projects\gis\tests\gisserver.api.arcgis.tests\bin\release\net9.0\gisserver.api.arcgis.tests.dll" id="4792469e-3fbf-cef5-8b83-96856d67638f">
      <Execution id="87aea7af-e6e4-4798-9d41-f8cd9ebc4d45" />
      <TestMethod codeBase="C:\Personal\Projects\GIS\tests\GisServer.Api.ArcGis.Tests\bin\Release\net9.0\GisServer.Api.ArcGis.Tests.dll" adapterTypeName="executor://xunit/VsTestRunner2/netcoreapp" className="GisServer.Api.ArcGis.Tests.ArcGisGeometryWriterTests" name="A_multi_point_writes_a_points_array" />
    </UnitTest>
    <UnitTest name="GisServer.Api.ArcGis.Tests.ArcGisGeometryReaderTests.A_null_x_is_an_empty_point_not_an_error" storage="c:\personal\projects\gis\tests\gisserver.api.arcgis.tests\bin\release\net9.0\gisserver.api.arcgis.tests.dll" id="1e0a38cd-f5ab-5ac7-a1d9-712290bf4c18">
      <Execution id="d59fe8cb-8a37-427c-bbbe-9ed3e2697835" />
      <TestMethod codeBase="C:\Personal\Projects\GIS\tests\GisServer.Api.ArcGis.Tests\bin\Release\net9.0\GisServer.Api.ArcGis.Tests.dll" adapterTypeName="executor://xunit/VsTestRunner2/netcoreapp" className="GisServer.Api.ArcGis.Tests.ArcGisGeometryReaderTests" name="A_null_x_is_an_empty_point_not_an_error" />
    </UnitTest>
    <UnitTest name="GisServer.Api.ArcGis.Tests.FeatureServerMetadataWriterTests.The_object_id_field_is_declared_as_the_OID_type_not_merely_named" storage="c:\personal\projects\gis\tests\gisserver.api.arcgis.tests\bin\release\net9.0\gisserver.api.arcgis.tests.dll" id="4e988c23-a232-44ff-7d3b-0c531b3f8151">
      <Execution id="1912538e-15d2-4f31-bcf1-e55cd4e1b268" />
      <TestMethod codeBase="C:\Personal\Projects\GIS\tests\GisServer.Api.ArcGis.Tests\bin\Release\net9.0\GisServer.Api.ArcGis.Tests.dll" adapterTypeName="executor://xunit/VsTestRunner2/netcoreapp" className="GisServer.Api.ArcGis.Tests.FeatureServerMetadataWriterTests" name="The_object_id_field_is_declared_as_the_OID_type_not_merely_named" />
    </UnitTest>
    <UnitTest name="GisServer.Api.ArcGis.Tests.VectorTileServerMetadataWriterTests.Each_level_halves_the_resolution_and_the_scale" storage="c:\personal\projects\gis\tests\gisserver.api.arcgis.tests\bin\release\net9.0\gisserver.api.arcgis.tests.dll" id="6ac204e0-9d24-39cc-940b-c23242f0fd70">
      <Execution id="4c84f81b-98ec-4bb5-bd53-051dd0b02162" />
      <TestMethod codeBase="C:\Personal\Projects\GIS\tests\GisServer.Api.ArcGis.Tests\bin\Release\net9.0\GisServer.Api.ArcGis.Tests.dll" adapterTypeName="executor://xunit/VsTestRunner2/netcoreapp" className="GisServer.Api.ArcGis.Tests.VectorTileServerMetadataWriterTests" name="Each_level_halves_the_resolution_and_the_scale" />
    </UnitTest>
    <UnitTest name="GisServer.Api.ArcGis.Tests.VectorTileServerMetadataWriterTests.The_tile_template_is_relative_so_a_reverse_proxy_does_not_break_it" storage="c:\personal\projects\gis\tests\gisserver.api.arcgis.tests\bin\release\net9.0\gisserver.api.arcgis.tests.dll" id="26ca4990-7672-e708-1f1a-f2c8cf18b1ce">
      <Execution id="9386e184-9604-44a2-b5d9-6f95b491aa94" />
      <TestMethod codeBase="C:\Personal\Projects\GIS\tests\GisServer.Api.ArcGis.Tests\bin\Release\net9.0\GisServer.Api.ArcGis.Tests.dll" adapterTypeName="executor://xunit/VsTestRunner2/netcoreapp" className="GisServer.Api.ArcGis.Tests.VectorTileServerMetadataWriterTests" name="The_tile_template_is_relative_so_a_reverse_proxy_does_not_break_it" />
    </UnitTest>
    <UnitTest name="GisServer.Api.ArcGis.Tests.ArcGisGeometryReaderTests.An_empty_part_list_is_refused(json: &quot;{\&quot;rings\&quot;:[]}&quot;)" storage="c:\personal\projects\gis\tests\gisserver.api.arcgis.tests\bin\release\net9.0\gisserver.api.arcgis.tests.dll" id="60ace827-e392-23bc-3aae-566237d59f28">
      <Execution id="bc9ad64c-9bf8-4de4-aabf-5cca5b573eb6" />
      <TestMethod codeBase="C:\Personal\Projects\GIS\tests\GisServer.Api.ArcGis.Tests\bin\Release\net9.0\GisServer.Api.ArcGis.Tests.dll" adapterTypeName="executor://xunit/VsTestRunner2/netcoreapp" className="GisServer.Api.ArcGis.Tests.ArcGisGeometryReaderTests" name="An_empty_part_list_is_refused" />
    </UnitTest>
    <UnitTest name="GisServer.Api.ArcGis.Tests.VectorTileServerMetadataWriterTests.There_is_one_level_of_detail_per_zoom_including_zero" storage="c:\personal\projects\gis\tests\gisserver.api.arcgis.tests\bin\release\net9.0\gisserver.api.arcgis.tests.dll" id="2edf353f-cce6-fd13-b4d4-ed9801403aeb">
      <Execution id="97a95c13-5955-40b8-9219-dccb5496fbdc" />
      <TestMethod codeBase="C:\Personal\Projects\GIS\tests\GisServer.Api.ArcGis.Tests\bin\Release\net9.0\GisServer.Api.ArcGis.Tests.dll" adapterTypeName="executor://xunit/VsTestRunner2/netcoreapp" className="GisServer.Api.ArcGis.Tests.VectorTileServerMetadataWriterTests" name="There_is_one_level_of_detail_per_zoom_including_zero" />
    </UnitTest>
    <UnitTest name="GisServer.Api.ArcGis.Tests.VectorTileServerMetadataWriterTests.Bulk_export_is_refused_explicitly_rather_than_left_unstated" storage="c:\personal\projects\gis\tests\gisserver.api.arcgis.tests\bin\release\net9.0\gisserver.api.arcgis.tests.dll" id="de2f7a48-2dad-1e6d-703c-6fa91307df74">
      <Execution id="3a7f437a-9bd5-4695-bd4a-59344047ecb5" />
      <TestMethod codeBase="C:\Personal\Projects\GIS\tests\GisServer.Api.ArcGis.Tests\bin\Release\net9.0\GisServer.Api.ArcGis.Tests.dll" adapterTypeName="executor://xunit/VsTestRunner2/netcoreapp" className="GisServer.Api.ArcGis.Tests.VectorTileServerMetadataWriterTests" name="Bulk_export_is_refused_explicitly_rather_than_left_unstated" />
    </UnitTest>
    <UnitTest name="GisServer.Api.ArcGis.Tests.VectorTileServerMetadataWriterTests.The_style_names_the_layer_inside_the_tile_under_the_hyphenated_key" storage="c:\personal\projects\gis\tests\gisserver.api.arcgis.tests\bin\release\net9.0\gisserver.api.arcgis.tests.dll" id="c23762e7-4b64-3ab0-d595-30d2a4affce7">
      <Execution id="286ba6d3-33f7-49f0-8015-cde84524cdb1" />
      <TestMethod codeBase="C:\Personal\Projects\GIS\tests\GisServer.Api.ArcGis.Tests\bin\Release\net9.0\GisServer.Api.ArcGis.Tests.dll" adapterTypeName="executor://xunit/VsTestRunner2/netcoreapp" className="GisServer.Api.ArcGis.Tests.VectorTileServerMetadataWriterTests" name="The_style_names_the_layer_inside_the_tile_under_the_hyphenated_key" />
    </UnitTest>
    <UnitTest name="GisServer.Api.ArcGis.Tests.VectorTileServerMetadataWriterTests.The_level_zero_resolution_matches_the_declared_tile_size" storage="c:\personal\projects\gis\tests\gisserver.api.arcgis.tests\bin\release\net9.0\gisserver.api.arcgis.tests.dll" id="cf5ba291-d681-4269-83e8-ae17dda767e4">
      <Execution id="8a8b6b03-fed8-48d2-8411-18d27a701f9e" />
      <TestMethod codeBase="C:\Personal\Projects\GIS\tests\GisServer.Api.ArcGis.Tests\bin\Release\net9.0\GisServer.Api.ArcGis.Tests.dll" adapterTypeName="executor://xunit/VsTestRunner2/netcoreapp" className="GisServer.Api.ArcGis.Tests.VectorTileServerMetadataWriterTests" name="The_level_zero_resolution_matches_the_declared_tile_size" />
    </UnitTest>
    <UnitTest name="GisServer.Api.ArcGis.Tests.VectorTileServerMetadataWriterTests.The_style_draws_each_geometry_kind_as_the_right_thing(kind: MultiPoint, expected: &quot;circle&quot;)" storage="c:\personal\projects\gis\tests\gisserver.api.arcgis.tests\bin\release\net9.0\gisserver.api.arcgis.tests.dll" id="15e8a638-31d1-244b-0bd8-f74ca1dc6092">
      <Execution id="59b6759d-68c3-42ee-8e06-63365d13feee" />
      <TestMethod codeBase="C:\Personal\Projects\GIS\tests\GisServer.Api.ArcGis.Tests\bin\Release\net9.0\GisServer.Api.ArcGis.Tests.dll" adapterTypeName="executor://xunit/VsTestRunner2/netcoreapp" className="GisServer.Api.ArcGis.Tests.VectorTileServerMetadataWriterTests" name="The_style_draws_each_geometry_kind_as_the_right_thing" />
    </UnitTest>
    <UnitTest name="GisServer.Api.ArcGis.Tests.ArcGisGeometryWriterTests.A_hole_is_written_counter_clockwise_whatever_way_it_arrived" storage="c:\personal\projects\gis\tests\gisserver.api.arcgis.tests\bin\release\net9.0\gisserver.api.arcgis.tests.dll" id="ca4e0204-a752-c469-d0ef-0f0a9d503060">
      <Execution id="f7c06d33-f6b5-472d-929b-7f6256442472" />
      <TestMethod codeBase="C:\Personal\Projects\GIS\tests\GisServer.Api.ArcGis.Tests\bin\Release\net9.0\GisServer.Api.ArcGis.Tests.dll" adapterTypeName="executor://xunit/VsTestRunner2/netcoreapp" className="GisServer.Api.ArcGis.Tests.ArcGisGeometryWriterTests" name="A_hole_is_written_counter_clockwise_whatever_way_it_arrived" />
    </UnitTest>
    <UnitTest name="GisServer.Api.ArcGis.Tests.VectorTileServerMetadataWriterTests.The_tile_template_is_z_slash_y_slash_x_which_is_not_the_usual_order" storage="c:\personal\projects\gis\tests\gisserver.api.arcgis.tests\bin\release\net9.0\gisserver.api.arcgis.tests.dll" id="832e8c59-e06a-f2d1-94ab-b3cb8eed0446">
      <Execution id="a7f10fad-7598-47a6-ba11-30fd7b944bed" />
      <TestMethod codeBase="C:\Personal\Projects\GIS\tests\GisServer.Api.ArcGis.Tests\bin\Release\net9.0\GisServer.Api.ArcGis.Tests.dll" adapterTypeName="executor://xunit/VsTestRunner2/netcoreapp" className="GisServer.Api.ArcGis.Tests.VectorTileServerMetadataWriterTests" name="The_tile_template_is_z_slash_y_slash_x_which_is_not_the_usual_order" />
    </UnitTest>
    <UnitTest name="GisServer.Api.ArcGis.Tests.VectorTileServerMetadataWriterTests.The_style_source_points_two_levels_up_at_the_service_root" storage="c:\personal\projects\gis\tests\gisserver.api.arcgis.tests\bin\release\net9.0\gisserver.api.arcgis.tests.dll" id="fd3b998e-ca04-a84b-8c17-54e506aaad69">
      <Execution id="e79fb5b6-d620-4b60-9fbb-11bd1c10b8c0" />
      <TestMethod codeBase="C:\Personal\Projects\GIS\tests\GisServer.Api.ArcGis.Tests\bin\Release\net9.0\GisServer.Api.ArcGis.Tests.dll" adapterTypeName="executor://xunit/VsTestRunner2/netcoreapp" className="GisServer.Api.ArcGis.Tests.VectorTileServerMetadataWriterTests" name="The_style_source_points_two_levels_up_at_the_service_root" />
    </UnitTest>
    <UnitTest name="GisServer.Api.ArcGis.Tests.FeatureServerMetadataWriterTests.The_advertised_maximum_matches_the_limit_the_query_endpoint_enforces" storage="c:\personal\projects\gis\tests\gisserver.api.arcgis.tests\bin\release\net9.0\gisserver.api.arcgis.tests.dll" id="9e446f79-2375-bd00-66d9-a0e098fc78aa">
      <Execution id="a731cb4a-ed5d-437b-88c9-0eaad8ada9e8" />
      <TestMethod codeBase="C:\Personal\Projects\GIS\tests\GisServer.Api.ArcGis.Tests\bin\Release\net9.0\GisServer.Api.ArcGis.Tests.dll" adapterTypeName="executor://xunit/VsTestRunner2/netcoreapp" className="GisServer.Api.ArcGis.Tests.FeatureServerMetadataWriterTests" name="The_advertised_maximum_matches_the_limit_the_query_endpoint_enforces" />
    </UnitTest>
    <UnitTest name="GisServer.Api.ArcGis.Tests.FeatureServerMetadataWriterTests.A_layer_with_no_integer_identity_reports_a_null_object_id_field" storage="c:\personal\projects\gis\tests\gisserver.api.arcgis.tests\bin\release\net9.0\gisserver.api.arcgis.tests.dll" id="e61bde46-4fed-a8dd-c51e-3910816b7e5f">
      <Execution id="a6c4d744-dfa9-4ec4-8dbc-0eabcd7045ca" />
      <TestMethod codeBase="C:\Personal\Projects\GIS\tests\GisServer.Api.ArcGis.Tests\bin\Release\net9.0\GisServer.Api.ArcGis.Tests.dll" adapterTypeName="executor://xunit/VsTestRunner2/netcoreapp" className="GisServer.Api.ArcGis.Tests.FeatureServerMetadataWriterTests" name="A_layer_with_no_integer_identity_reports_a_null_object_id_field" />
    </UnitTest>
    <UnitTest name="GisServer.Api.ArcGis.Tests.FeatureServerMetadataWriterTests.A_boolean_is_declared_as_the_small_integer_it_is_written_as" storage="c:\personal\projects\gis\tests\gisserver.api.arcgis.tests\bin\release\net9.0\gisserver.api.arcgis.tests.dll" id="fafd6d8b-3678-a2c5-1ba3-9836b7a4e3a1">
      <Execution id="5a71434f-a176-4630-86bd-dd99d281828c" />
      <TestMethod codeBase="C:\Personal\Projects\GIS\tests\GisServer.Api.ArcGis.Tests\bin\Release\net9.0\GisServer.Api.ArcGis.Tests.dll" adapterTypeName="executor://xunit/VsTestRunner2/netcoreapp" className="GisServer.Api.ArcGis.Tests.FeatureServerMetadataWriterTests" name="A_boolean_is_declared_as_the_small_integer_it_is_written_as" />
    </UnitTest>
    <UnitTest name="GisServer.Api.ArcGis.Tests.ArcGisGeometryReaderTests.An_empty_part_list_is_refused(json: &quot;{\&quot;paths\&quot;:[]}&quot;)" storage="c:\personal\projects\gis\tests\gisserver.api.arcgis.tests\bin\release\net9.0\gisserver.api.arcgis.tests.dll" id="6e156707-b979-fd42-5d5f-a0232b3f754c">
      <Execution id="8339f3d9-c7c5-4817-a2aa-8c792c36b7e9" />
      <TestMethod codeBase="C:\Personal\Projects\GIS\tests\GisServer.Api.ArcGis.Tests\bin\Release\net9.0\GisServer.Api.ArcGis.Tests.dll" adapterTypeName="executor://xunit/VsTestRunner2/netcoreapp" className="GisServer.Api.ArcGis.Tests.ArcGisGeometryReaderTests" name="An_empty_part_list_is_refused" />
    </UnitTest>
    <UnitTest name="GisServer.Api.ArcGis.Tests.VectorTileServerMetadataWriterTests.A_known_extent_is_reported" storage="c:\personal\projects\gis\tests\gisserver.api.arcgis.tests\bin\release\net9.0\gisserver.api.arcgis.tests.dll" id="122bdb36-af79-87b0-3749-baff37073244">
      <Execution id="83da3c0f-5435-459b-ba70-c5d46bdd420f" />
      <TestMethod codeBase="C:\Personal\Projects\GIS\tests\GisServer.Api.ArcGis.Tests\bin\Release\net9.0\GisServer.Api.ArcGis.Tests.dll" adapterTypeName="executor://xunit/VsTestRunner2/netcoreapp" className="GisServer.Api.ArcGis.Tests.VectorTileServerMetadataWriterTests" name="A_known_extent_is_reported" />
    </UnitTest>
    <UnitTest name="GisServer.Api.ArcGis.Tests.FeatureServerMetadataWriterTests.A_folder_listing_advertises_no_folders_of_its_own" storage="c:\personal\projects\gis\tests\gisserver.api.arcgis.tests\bin\release\net9.0\gisserver.api.arcgis.tests.dll" id="b23ddc9a-a1c5-a0c0-36e9-dab63b1ff2b7">
      <Execution id="1ca384c7-3a6b-4f6d-b37b-c694e481cc48" />
      <TestMethod codeBase="C:\Personal\Projects\GIS\tests\GisServer.Api.ArcGis.Tests\bin\Release\net9.0\GisServer.Api.ArcGis.Tests.dll" adapterTypeName="executor://xunit/VsTestRunner2/netcoreapp" className="GisServer.Api.ArcGis.Tests.FeatureServerMetadataWriterTests" name="A_folder_listing_advertises_no_folders_of_its_own" />
    </UnitTest>
    <UnitTest name="GisServer.Api.ArcGis.Tests.VectorTileServerMetadataWriterTests.The_style_declares_version_eight" storage="c:\personal\projects\gis\tests\gisserver.api.arcgis.tests\bin\release\net9.0\gisserver.api.arcgis.tests.dll" id="116fb26e-efaa-1ce6-288c-1879e9e926b4">
      <Execution id="2dad1a76-4640-47ae-9d49-3813b4229f53" />
      <TestMethod codeBase="C:\Personal\Projects\GIS\tests\GisServer.Api.ArcGis.Tests\bin\Release\net9.0\GisServer.Api.ArcGis.Tests.dll" adapterTypeName="executor://xunit/VsTestRunner2/netcoreapp" className="GisServer.Api.ArcGis.Tests.VectorTileServerMetadataWriterTests" name="The_style_declares_version_eight" />
    </UnitTest>
    <UnitTest name="GisServer.Api.ArcGis.Tests.FeatureServerMetadataWriterTests.An_unknown_field_type_is_declared_as_text_rather_than_omitted" storage="c:\personal\projects\gis\tests\gisserver.api.arcgis.tests\bin\release\net9.0\gisserver.api.arcgis.tests.dll" id="287d3540-01e1-baf2-b3d0-8b74f834e85b">
      <Execution id="53129fe3-3c2d-41d6-b4ff-5afb9f34d7fb" />
      <TestMethod codeBase="C:\Personal\Projects\GIS\tests\GisServer.Api.ArcGis.Tests\bin\Release\net9.0\GisServer.Api.ArcGis.Tests.dll" adapterTypeName="executor://xunit/VsTestRunner2/netcoreapp" className="GisServer.Api.ArcGis.Tests.FeatureServerMetadataWriterTests" name="An_unknown_field_type_is_declared_as_text_rather_than_omitted" />
    </UnitTest>
    <UnitTest name="GisServer.Api.ArcGis.Tests.ArcGisGeometryReaderTests.A_matching_spatial_reference_is_accepted" storage="c:\personal\projects\gis\tests\gisserver.api.arcgis.tests\bin\release\net9.0\gisserver.api.arcgis.tests.dll" id="211f2fa8-7fad-fcc5-e532-618d4e4971a4">
      <Execution id="828953a4-b007-40cc-9bb0-64b0615cc0b2" />
      <TestMethod codeBase="C:\Personal\Projects\GIS\tests\GisServer.Api.ArcGis.Tests\bin\Release\net9.0\GisServer.Api.ArcGis.Tests.dll" adapterTypeName="executor://xunit/VsTestRunner2/netcoreapp" className="GisServer.Api.ArcGis.Tests.ArcGisGeometryReaderTests" name="A_matching_spatial_reference_is_accepted" />
    </UnitTest>
    <UnitTest name="GisServer.Api.ArcGis.Tests.VectorTileServerMetadataWriterTests.A_service_needs_a_name" storage="c:\personal\projects\gis\tests\gisserver.api.arcgis.tests\bin\release\net9.0\gisserver.api.arcgis.tests.dll" id="6f178e17-5c25-6626-33a5-dcb1f8fa123d">
      <Execution id="a8468f69-9aa8-44d9-8a2f-9c35b933b110" />
      <TestMethod codeBase="C:\Personal\Projects\GIS\tests\GisServer.Api.ArcGis.Tests\bin\Release\net9.0\GisServer.Api.ArcGis.Tests.dll" adapterTypeName="executor://xunit/VsTestRunner2/netcoreapp" className="GisServer.Api.ArcGis.Tests.VectorTileServerMetadataWriterTests" name="A_service_needs_a_name" />
    </UnitTest>
    <UnitTest name="GisServer.Api.ArcGis.Tests.ArcGisGeometryReaderTests.Every_refusal_says_something_the_caller_can_act_on" storage="c:\personal\projects\gis\tests\gisserver.api.arcgis.tests\bin\release\net9.0\gisserver.api.arcgis.tests.dll" id="3d8e0f3c-1f4a-fb1d-6537-fd6457ff2cf2">
      <Execution id="06580ab8-60cb-47eb-8ee6-a99035ace843" />
      <TestMethod codeBase="C:\Personal\Projects\GIS\tests\GisServer.Api.ArcGis.Tests\bin\Release\net9.0\GisServer.Api.ArcGis.Tests.dll" adapterTypeName="executor://xunit/VsTestRunner2/netcoreapp" className="GisServer.Api.ArcGis.Tests.ArcGisGeometryReaderTests" name="Every_refusal_says_something_the_caller_can_act_on" />
    </UnitTest>
    <UnitTest name="GisServer.Api.ArcGis.Tests.VectorTileServerMetadataWriterTests.The_service_declares_itself_a_vector_tile_service" storage="c:\personal\projects\gis\tests\gisserver.api.arcgis.tests\bin\release\net9.0\gisserver.api.arcgis.tests.dll" id="1b6d0f74-6c81-db7f-0356-e68fe2ded136">
      <Execution id="984e64a5-969c-4a0b-9bf0-f396cec52725" />
      <TestMethod codeBase="C:\Personal\Projects\GIS\tests\GisServer.Api.ArcGis.Tests\bin\Release\net9.0\GisServer.Api.ArcGis.Tests.dll" adapterTypeName="executor://xunit/VsTestRunner2/netcoreapp" className="GisServer.Api.ArcGis.Tests.VectorTileServerMetadataWriterTests" name="The_service_declares_itself_a_vector_tile_service" />
    </UnitTest>
    <UnitTest name="GisServer.Api.ArcGis.Tests.VectorTileServerMetadataWriterTests.An_unknown_extent_becomes_the_world_rather_than_being_omitted" storage="c:\personal\projects\gis\tests\gisserver.api.arcgis.tests\bin\release\net9.0\gisserver.api.arcgis.tests.dll" id="c19815bd-c148-6d37-8887-648d6cf68a6f">
      <Execution id="fe010289-e18a-49bd-b04a-07be63e03643" />
      <TestMethod codeBase="C:\Personal\Projects\GIS\tests\GisServer.Api.ArcGis.Tests\bin\Release\net9.0\GisServer.Api.ArcGis.Tests.dll" adapterTypeName="executor://xunit/VsTestRunner2/netcoreapp" className="GisServer.Api.ArcGis.Tests.VectorTileServerMetadataWriterTests" name="An_unknown_extent_becomes_the_world_rather_than_being_omitted" />
    </UnitTest>
    <UnitTest name="GisServer.Api.ArcGis.Tests.ArcGisGeometryWriterTests.Reversing_a_ring_preserves_every_vertex" storage="c:\personal\projects\gis\tests\gisserver.api.arcgis.tests\bin\release\net9.0\gisserver.api.arcgis.tests.dll" id="0d9caaf1-0669-4668-fa2d-c88969b313f2">
      <Execution id="6b7d2769-d28f-4b11-8ec5-4c124b9234f3" />
      <TestMethod codeBase="C:\Personal\Projects\GIS\tests\GisServer.Api.ArcGis.Tests\bin\Release\net9.0\GisServer.Api.ArcGis.Tests.dll" adapterTypeName="executor://xunit/VsTestRunner2/netcoreapp" className="GisServer.Api.ArcGis.Tests.ArcGisGeometryWriterTests" name="Reversing_a_ring_preserves_every_vertex" />
    </UnitTest>
    <UnitTest name="GisServer.Api.ArcGis.Tests.VectorTileServerMetadataWriterTests.The_style_paint_matches_the_layer_type_it_declares" storage="c:\personal\projects\gis\tests\gisserver.api.arcgis.tests\bin\release\net9.0\gisserver.api.arcgis.tests.dll" id="3a86fded-196e-dea7-25c6-3bf0434d4f6b">
      <Execution id="dd1164ad-c716-4ecc-bf22-6e509b4c760c" />
      <TestMethod codeBase="C:\Personal\Projects\GIS\tests\GisServer.Api.ArcGis.Tests\bin\Release\net9.0\GisServer.Api.ArcGis.Tests.dll" adapterTypeName="executor://xunit/VsTestRunner2/netcoreapp" className="GisServer.Api.ArcGis.Tests.VectorTileServerMetadataWriterTests" name="The_style_paint_matches_the_layer_type_it_declares" />
    </UnitTest>
    <UnitTest name="GisServer.Api.ArcGis.Tests.ArcGisGeometryReaderTests.An_empty_part_list_is_refused(json: &quot;{\&quot;points\&quot;:[]}&quot;)" storage="c:\personal\projects\gis\tests\gisserver.api.arcgis.tests\bin\release\net9.0\gisserver.api.arcgis.tests.dll" id="78562a58-8721-cf01-c3d8-e4ff9bf472ca">
      <Execution id="a0d1ce66-6942-4baf-aad8-d4f02c5aec43" />
      <TestMethod codeBase="C:\Personal\Projects\GIS\tests\GisServer.Api.ArcGis.Tests\bin\Release\net9.0\GisServer.Api.ArcGis.Tests.dll" adapterTypeName="executor://xunit/VsTestRunner2/netcoreapp" className="GisServer.Api.ArcGis.Tests.ArcGisGeometryReaderTests" name="An_empty_part_list_is_refused" />
    </UnitTest>
    <UnitTest name="GisServer.Api.ArcGis.Tests.VectorTileServerMetadataWriterTests.The_maximum_zoom_is_reported_and_matches_the_deepest_level" storage="c:\personal\projects\gis\tests\gisserver.api.arcgis.tests\bin\release\net9.0\gisserver.api.arcgis.tests.dll" id="cfe5bd5f-1d49-ab5b-4986-9817b09957d1">
      <Execution id="b3deef66-a838-41a8-844f-8ad2477337fd" />
      <TestMethod codeBase="C:\Personal\Projects\GIS\tests\GisServer.Api.ArcGis.Tests\bin\Release\net9.0\GisServer.Api.ArcGis.Tests.dll" adapterTypeName="executor://xunit/VsTestRunner2/netcoreapp" className="GisServer.Api.ArcGis.Tests.VectorTileServerMetadataWriterTests" name="The_maximum_zoom_is_reported_and_matches_the_deepest_level" />
    </UnitTest>
    <UnitTest name="GisServer.Api.ArcGis.Tests.ArcGisGeometryWriterTests.A_point_writes_x_y_and_a_spatial_reference" storage="c:\personal\projects\gis\tests\gisserver.api.arcgis.tests\bin\release\net9.0\gisserver.api.arcgis.tests.dll" id="bc5a6541-5f42-a538-8208-bdb0237f1318">
      <Execution id="e465f5d8-04fd-4b67-9092-1978c7efe8ec" />
      <TestMethod codeBase="C:\Personal\Projects\GIS\tests\GisServer.Api.ArcGis.Tests\bin\Release\net9.0\GisServer.Api.ArcGis.Tests.dll" adapterTypeName="executor://xunit/VsTestRunner2/netcoreapp" className="GisServer.Api.ArcGis.Tests.ArcGisGeometryWriterTests" name="A_point_writes_x_y_and_a_spatial_reference" />
    </UnitTest>
    <UnitTest name="GisServer.Api.ArcGis.Tests.ArcGisGeometryReaderTests.An_undeclared_third_ordinate_is_refused_too" storage="c:\personal\projects\gis\tests\gisserver.api.arcgis.tests\bin\release\net9.0\gisserver.api.arcgis.tests.dll" id="4aabffe3-af3e-dde8-70b9-20e6bce0066b">
      <Execution id="2d0a89d3-8c4a-4fb4-8e04-a3a932ccdd13" />
      <TestMethod codeBase="C:\Personal\Projects\GIS\tests\GisServer.Api.ArcGis.Tests\bin\Release\net9.0\GisServer.Api.ArcGis.Tests.dll" adapterTypeName="executor://xunit/VsTestRunner2/netcoreapp" className="GisServer.Api.ArcGis.Tests.ArcGisGeometryReaderTests" name="An_undeclared_third_ordinate_is_refused_too" />
    </UnitTest>
    <UnitTest name="GisServer.Api.ArcGis.Tests.FeatureServerMetadataWriterTests.A_layer_with_both_services_is_listed_twice_with_different_types" storage="c:\personal\projects\gis\tests\gisserver.api.arcgis.tests\bin\release\net9.0\gisserver.api.arcgis.tests.dll" id="7625bbcd-e420-f3bb-038a-c7a9ecd04afa">
      <Execution id="93e8b1f7-1532-4cb4-a6ca-4e366911a50a" />
      <TestMethod codeBase="C:\Personal\Projects\GIS\tests\GisServer.Api.ArcGis.Tests\bin\Release\net9.0\GisServer.Api.ArcGis.Tests.dll" adapterTypeName="executor://xunit/VsTestRunner2/netcoreapp" className="GisServer.Api.ArcGis.Tests.FeatureServerMetadataWriterTests" name="A_layer_with_both_services_is_listed_twice_with_different_types" />
    </UnitTest>
    <UnitTest name="GisServer.Api.ArcGis.Tests.ArcGisGeometryReaderTests.Two_shells_are_a_MultiPolygon_and_each_keeps_its_own_hole" storage="c:\personal\projects\gis\tests\gisserver.api.arcgis.tests\bin\release\net9.0\gisserver.api.arcgis.tests.dll" id="b71c4738-cd27-6a1e-2444-4cda4146331d">
      <Execution id="b387a9e2-cc00-4d0b-8924-a7962729818e" />
      <TestMethod codeBase="C:\Personal\Projects\GIS\tests\GisServer.Api.ArcGis.Tests\bin\Release\net9.0\GisServer.Api.ArcGis.Tests.dll" adapterTypeName="executor://xunit/VsTestRunner2/netcoreapp" className="GisServer.Api.ArcGis.Tests.ArcGisGeometryReaderTests" name="Two_shells_are_a_MultiPolygon_and_each_keeps_its_own_hole" />
    </UnitTest>
    <UnitTest name="GisServer.Api.ArcGis.Tests.FeatureServerMetadataWriterTests.The_service_reports_exactly_one_layer_at_id_zero" storage="c:\personal\projects\gis\tests\gisserver.api.arcgis.tests\bin\release\net9.0\gisserver.api.arcgis.tests.dll" id="58730961-a2e2-3832-1f27-ce59a6138cde">
      <Execution id="171b6fae-5fab-4cdb-bbab-2387a00b35b4" />
      <TestMethod codeBase="C:\Personal\Projects\GIS\tests\GisServer.Api.ArcGis.Tests\bin\Release\net9.0\GisServer.Api.ArcGis.Tests.dll" adapterTypeName="executor://xunit/VsTestRunner2/netcoreapp" className="GisServer.Api.ArcGis.Tests.FeatureServerMetadataWriterTests" name="The_service_reports_exactly_one_layer_at_id_zero" />
    </UnitTest>
    <UnitTest name="GisServer.Api.ArcGis.Tests.ArcGisGeometryReaderTests.A_geometry_with_no_recognisable_member_is_refused_with_the_list" storage="c:\personal\projects\gis\tests\gisserver.api.arcgis.tests\bin\release\net9.0\gisserver.api.arcgis.tests.dll" id="fb72a668-ecd1-cfab-ad8d-835c7a8dd55d">
      <Execution id="738b023a-eb1a-4b15-9963-fa838415a71f" />
      <TestMethod codeBase="C:\Personal\Projects\GIS\tests\GisServer.Api.ArcGis.Tests\bin\Release\net9.0\GisServer.Api.ArcGis.Tests.dll" adapterTypeName="executor://xunit/VsTestRunner2/netcoreapp" className="GisServer.Api.ArcGis.Tests.ArcGisGeometryReaderTests" name="A_geometry_with_no_recognisable_member_is_refused_with_the_list" />
    </UnitTest>
    <UnitTest name="GisServer.Api.ArcGis.Tests.FeatureServerMetadataWriterTests.An_unknown_extent_is_null_rather_than_a_box_at_the_origin" storage="c:\personal\projects\gis\tests\gisserver.api.arcgis.tests\bin\release\net9.0\gisserver.api.arcgis.tests.dll" id="65dfa4d4-ffdc-d0e9-013e-7b1bf3661c61">
      <Execution id="2f4fe39a-3f0d-4488-b5a8-c5f9c1a66b5f" />
      <TestMethod codeBase="C:\Personal\Projects\GIS\tests\GisServer.Api.ArcGis.Tests\bin\Release\net9.0\GisServer.Api.ArcGis.Tests.dll" adapterTypeName="executor://xunit/VsTestRunner2/netcoreapp" className="GisServer.Api.ArcGis.Tests.FeatureServerMetadataWriterTests" name="An_unknown_extent_is_null_rather_than_a_box_at_the_origin" />
    </UnitTest>
    <UnitTest name="GisServer.Api.ArcGis.Tests.ArcGisGeometryReaderTests.A_declared_Z_is_refused_rather_than_dropped" storage="c:\personal\projects\gis\tests\gisserver.api.arcgis.tests\bin\release\net9.0\gisserver.api.arcgis.tests.dll" id="57f1c1fe-4a23-62a0-4af1-625830026660">
      <Execution id="0e14f51d-8d47-4fa9-94be-a6978108fe8c" />
      <TestMethod codeBase="C:\Personal\Projects\GIS\tests\GisServer.Api.ArcGis.Tests\bin\Release\net9.0\GisServer.Api.ArcGis.Tests.dll" adapterTypeName="executor://xunit/VsTestRunner2/netcoreapp" className="GisServer.Api.ArcGis.Tests.ArcGisGeometryReaderTests" name="A_declared_Z_is_refused_rather_than_dropped" />
    </UnitTest>
    <UnitTest name="GisServer.Api.ArcGis.Tests.FeatureServerMetadataWriterTests.A_known_extent_carries_its_spatial_reference" storage="c:\personal\projects\gis\tests\gisserver.api.arcgis.tests\bin\release\net9.0\gisserver.api.arcgis.tests.dll" id="8f835af1-648b-4be9-2da3-74956e87313d">
      <Execution id="6e4b28c2-f515-4eef-bc37-a2949346e229" />
      <TestMethod codeBase="C:\Personal\Projects\GIS\tests\GisServer.Api.ArcGis.Tests\bin\Release\net9.0\GisServer.Api.ArcGis.Tests.dll" adapterTypeName="executor://xunit/VsTestRunner2/netcoreapp" className="GisServer.Api.ArcGis.Tests.FeatureServerMetadataWriterTests" name="A_known_extent_carries_its_spatial_reference" />
    </UnitTest>
[...]
      <Execution id="46fc5055-204b-475f-837b-800bbe7f9070" />
      <TestMethod codeBase="C:\Personal\Projects\GIS\tests\GisServer.Api.ArcGis.Tests\bin\Release\net9.0\GisServer.Api.ArcGis.Tests.dll" adapterTypeName="executor://xunit/VsTestRunner2/netcoreapp" className="GisServer.Api.ArcGis.Tests.ArcGisGeometryWriterTests" name="A_shell_is_written_clockwise_whatever_way_it_arrived" />
    </UnitTest>
    <UnitTest name="GisServer.Api.ArcGis.Tests.VectorTileServerMetadataWriterTests.The_style_draws_each_geometry_kind_as_the_right_thing(kind: LineString, expected: &quot;line&quot;)" storage="c:\personal\projects\gis\tests\gisserver.api.arcgis.tests\bin\release\net9.0\gisserver.api.arcgis.tests.dll" id="30a88823-5b96-3985-980b-187f73ed31ce">
      <Execution id="b6ae7dee-add3-4302-a4ba-f2feceae0f7b" />
      <TestMethod codeBase="C:\Personal\Projects\GIS\tests\GisServer.Api.ArcGis.Tests\bin\Release\net9.0\GisServer.Api.ArcGis.Tests.dll" adapterTypeName="executor://xunit/VsTestRunner2/netcoreapp" className="GisServer.Api.ArcGis.Tests.VectorTileServerMetadataWriterTests" name="The_style_draws_each_geometry_kind_as_the_right_thing" />
    </UnitTest>
    <UnitTest name="GisServer.Api.ArcGis.Tests.ArcGisGeometryReaderTests.A_point_with_x_and_no_y_is_refused" storage="c:\personal\projects\gis\tests\gisserver.api.arcgis.tests\bin\release\net9.0\gisserver.api.arcgis.tests.dll" id="919d2404-07a2-9619-4127-696c1bbe4ed4">
      <Execution id="ceec47f3-e5b4-4509-9391-5667466be3ba" />
      <TestMethod codeBase="C:\Personal\Projects\GIS\tests\GisServer.Api.ArcGis.Tests\bin\Release\net9.0\GisServer.Api.ArcGis.Tests.dll" adapterTypeName="executor://xunit/VsTestRunner2/netcoreapp" className="GisServer.Api.ArcGis.Tests.ArcGisGeometryReaderTests" name="A_point_with_x_and_no_y_is_refused" />
    </UnitTest>
    <UnitTest name="GisServer.Api.ArcGis.Tests.VectorTileServerMetadataWriterTests.The_style_draws_each_geometry_kind_as_the_right_thing(kind: Point, expected: &quot;circle&quot;)" storage="c:\personal\projects\gis\tests\gisserver.api.arcgis.tests\bin\release\net9.0\gisserver.api.arcgis.tests.dll" id="94aff2dd-9893-3558-e870-9224aca17216">
      <Execution id="03d91ac8-3839-4f86-ae6e-b60c13e56b63" />
      <TestMethod codeBase="C:\Personal\Projects\GIS\tests\GisServer.Api.ArcGis.Tests\bin\Release\net9.0\GisServer.Api.ArcGis.Tests.dll" adapterTypeName="executor://xunit/VsTestRunner2/netcoreapp" className="GisServer.Api.ArcGis.Tests.VectorTileServerMetadataWriterTests" name="The_style_draws_each_geometry_kind_as_the_right_thing" />
    </UnitTest>
    <UnitTest name="GisServer.Api.ArcGis.Tests.FeatureServerMetadataWriterTests.A_sixty_four_bit_integer_is_declared_as_text_matching_how_it_is_written" storage="c:\personal\projects\gis\tests\gisserver.api.arcgis.tests\bin\release\net9.0\gisserver.api.arcgis.tests.dll" id="b8404706-f24e-b6cb-9b4e-7c6c41febcd8">
      <Execution id="05d5fa70-4a45-48b6-8ddd-bdf78cfd27a3" />
      <TestMethod codeBase="C:\Personal\Projects\GIS\tests\GisServer.Api.ArcGis.Tests\bin\Release\net9.0\GisServer.Api.ArcGis.Tests.dll" adapterTypeName="executor://xunit/VsTestRunner2/netcoreapp" className="GisServer.Api.ArcGis.Tests.FeatureServerMetadataWriterTests" name="A_sixty_four_bit_integer_is_declared_as_text_matching_how_it_is_written" />
    </UnitTest>
    <UnitTest name="GisServer.Api.ArcGis.Tests.FeatureServerMetadataWriterTests.The_layer_document_does_not_claim_capabilities_the_query_endpoint_refuses" storage="c:\personal\projects\gis\tests\gisserver.api.arcgis.tests\bin\release\net9.0\gisserver.api.arcgis.tests.dll" id="75a4b334-aa42-5032-8bd2-bea3190a362f">
      <Execution id="c8a3a86d-7b3e-4cb3-9ad2-720134e06c4e" />
      <TestMethod codeBase="C:\Personal\Projects\GIS\tests\GisServer.Api.ArcGis.Tests\bin\Release\net9.0\GisServer.Api.ArcGis.Tests.dll" adapterTypeName="executor://xunit/VsTestRunner2/netcoreapp" className="GisServer.Api.ArcGis.Tests.FeatureServerMetadataWriterTests" name="The_layer_document_does_not_claim_capabilities_the_query_endpoint_refuses" />
    </UnitTest>
    <UnitTest name="GisServer.Api.ArcGis.Tests.ArcGisGeometryReaderTests.An_absent_spatial_reference_means_the_layer_own" storage="c:\personal\projects\gis\tests\gisserver.api.arcgis.tests\bin\release\net9.0\gisserver.api.arcgis.tests.dll" id="e49e3cf0-27ea-5a4d-d647-54fa68516084">
      <Execution id="d2276d25-e1eb-48e7-beaf-e22ba1094fa4" />
      <TestMethod codeBase="C:\Personal\Projects\GIS\tests\GisServer.Api.ArcGis.Tests\bin\Release\net9.0\GisServer.Api.ArcGis.Tests.dll" adapterTypeName="executor://xunit/VsTestRunner2/netcoreapp" className="GisServer.Api.ArcGis.Tests.ArcGisGeometryReaderTests" name="An_absent_spatial_reference_means_the_layer_own" />
    </UnitTest>
    <UnitTest name="GisServer.Api.ArcGis.Tests.ArcGisGeometryReaderTests.An_unclosed_ring_is_closed_rather_than_refused" storage="c:\personal\projects\gis\tests\gisserver.api.arcgis.tests\bin\release\net9.0\gisserver.api.arcgis.tests.dll" id="3f960e65-b322-e9a8-e9ff-762557c33218">
      <Execution id="cfd333ce-dff1-4008-921a-c88119c8c6a8" />
      <TestMethod codeBase="C:\Personal\Projects\GIS\tests\GisServer.Api.ArcGis.Tests\bin\Release\net9.0\GisServer.Api.ArcGis.Tests.dll" adapterTypeName="executor://xunit/VsTestRunner2/netcoreapp" className="GisServer.Api.ArcGis.Tests.ArcGisGeometryReaderTests" name="An_unclosed_ring_is_closed_rather_than_refused" />
    </UnitTest>
    <UnitTest name="GisServer.Api.ArcGis.Tests.ArcGisGeometryReaderTests.A_different_spatial_reference_is_refused_rather_than_reprojected" storage="c:\personal\projects\gis\tests\gisserver.api.arcgis.tests\bin\release\net9.0\gisserver.api.arcgis.tests.dll" id="a26ada54-1506-ca0e-01f1-5409d9e9ec47">
      <Execution id="bdd1539e-e53e-4298-9a40-c7b07dd45cd5" />
      <TestMethod codeBase="C:\Personal\Projects\GIS\tests\GisServer.Api.ArcGis.Tests\bin\Release\net9.0\GisServer.Api.ArcGis.Tests.dll" adapterTypeName="executor://xunit/VsTestRunner2/netcoreapp" className="GisServer.Api.ArcGis.Tests.ArcGisGeometryReaderTests" name="A_different_spatial_reference_is_refused_rather_than_reprojected" />
    </UnitTest>
    <UnitTest name="GisServer.Api.ArcGis.Tests.ArcGisGeometryReaderTests.A_non_numeric_coordinate_is_refused" storage="c:\personal\projects\gis\tests\gisserver.api.arcgis.tests\bin\release\net9.0\gisserver.api.arcgis.tests.dll" id="1a464fa4-d6a5-b226-b583-d32aa0ba5995">
      <Execution id="ef0cf42e-a5b8-476e-aaec-d05d48a74e5e" />
      <TestMethod codeBase="C:\Personal\Projects\GIS\tests\GisServer.Api.ArcGis.Tests\bin\Release\net9.0\GisServer.Api.ArcGis.Tests.dll" adapterTypeName="executor://xunit/VsTestRunner2/netcoreapp" className="GisServer.Api.ArcGis.Tests.ArcGisGeometryReaderTests" name="A_non_numeric_coordinate_is_refused" />
    </UnitTest>
  </TestDefinitions>
  <TestEntries>
    <TestEntry testId="08c4b42e-666b-9a92-0a9b-dfc93511c889" executionId="9cb122fb-b66d-43a0-bf1a-b63f4dfce5f3" testListId="8c84fa94-04c1-424b-9868-57a2d4851a1d" />
    <TestEntry testId="fb72a668-ecd1-cfab-ad8d-835c7a8dd55d" executionId="738b023a-eb1a-4b15-9963-fa838415a71f" testListId="8c84fa94-04c1-424b-9868-57a2d4851a1d" />
    <TestEntry testId="1b6d0f74-6c81-db7f-0356-e68fe2ded136" executionId="984e64a5-969c-4a0b-9bf0-f396cec52725" testListId="8c84fa94-04c1-424b-9868-57a2d4851a1d" />
    <TestEntry testId="832e8c59-e06a-f2d1-94ab-b3cb8eed0446" executionId="a7f10fad-7598-47a6-ba11-30fd7b944bed" testListId="8c84fa94-04c1-424b-9868-57a2d4851a1d" />
    <TestEntry testId="fd3b998e-ca04-a84b-8c17-54e506aaad69" executionId="e79fb5b6-d620-4b60-9fbb-11bd1c10b8c0" testListId="8c84fa94-04c1-424b-9868-57a2d4851a1d" />
    <TestEntry testId="b71c4738-cd27-6a1e-2444-4cda4146331d" executionId="b387a9e2-cc00-4d0b-8924-a7962729818e" testListId="8c84fa94-04c1-424b-9868-57a2d4851a1d" />
    <TestEntry testId="211f2fa8-7fad-fcc5-e532-618d4e4971a4" executionId="828953a4-b007-40cc-9bb0-64b0615cc0b2" testListId="8c84fa94-04c1-424b-9868-57a2d4851a1d" />
    <TestEntry testId="6ac204e0-9d24-39cc-940b-c23242f0fd70" executionId="4c84f81b-98ec-4bb5-bd53-051dd0b02162" testListId="8c84fa94-04c1-424b-9868-57a2d4851a1d" />
    <TestEntry testId="15e8a638-31d1-244b-0bd8-f74ca1dc6092" executionId="59b6759d-68c3-42ee-8e06-63365d13feee" testListId="8c84fa94-04c1-424b-9868-57a2d4851a1d" />
    <TestEntry testId="58730961-a2e2-3832-1f27-ce59a6138cde" executionId="171b6fae-5fab-4cdb-bbab-2387a00b35b4" testListId="8c84fa94-04c1-424b-9868-57a2d4851a1d" />
    <TestEntry testId="30a88823-5b96-3985-980b-187f73ed31ce" executionId="b6ae7dee-add3-4302-a4ba-f2feceae0f7b" testListId="8c84fa94-04c1-424b-9868-57a2d4851a1d" />
    <TestEntry testId="23bef4ff-c4d5-61f7-4c2c-37f7037d7553" executionId="1fe91ed1-9c38-4e8c-901b-49e01b2a5611" testListId="8c84fa94-04c1-424b-9868-57a2d4851a1d" />
    <TestEntry testId="b23ddc9a-a1c5-a0c0-36e9-dab63b1ff2b7" executionId="1ca384c7-3a6b-4f6d-b37b-c694e481cc48" testListId="8c84fa94-04c1-424b-9868-57a2d4851a1d" />
    <TestEntry testId="a5dbcfbd-1dbd-c4db-5a9d-ad8283e9e77f" executionId="41c83b23-b9ed-488c-b151-e4e0d365ffab" testListId="8c84fa94-04c1-424b-9868-57a2d4851a1d" />
    <TestEntry testId="db96477b-aab6-5137-bcb3-526506c15821" executionId="b8d89ca1-ad91-4e4b-867f-3240fc3af23e" testListId="8c84fa94-04c1-424b-9868-57a2d4851a1d" />
    <TestEntry testId="8f835af1-648b-4be9-2da3-74956e87313d" executionId="6e4b28c2-f515-4eef-bc37-a2949346e229" testListId="8c84fa94-04c1-424b-9868-57a2d4851a1d" />
    <TestEntry testId="6dcc5c24-8da5-35db-a84d-368663d46cb6" executionId="051dcad1-3e14-4256-83f0-a78c68f3dd22" testListId="8c84fa94-04c1-424b-9868-57a2d4851a1d" />
    <TestEntry testId="75a4b334-aa42-5032-8bd2-bea3190a362f" executionId="c8a3a86d-7b3e-4cb3-9ad2-720134e06c4e" testListId="8c84fa94-04c1-424b-9868-57a2d4851a1d" />
    <TestEntry testId="fddd96f6-5027-b10e-567a-92fc4bf29aef" executionId="d51de366-34be-4153-8f58-26570a802ff7" testListId="8c84fa94-04c1-424b-9868-57a2d4851a1d" />
    <TestEntry testId="4ae6aba6-9e84-5a82-90e7-01e96962efe8" executionId="58cd9ff0-ca2c-4e29-92a1-d5b837291fba" testListId="8c84fa94-04c1-424b-9868-57a2d4851a1d" />
    <TestEntry testId="122bdb36-af79-87b0-3749-baff37073244" executionId="83da3c0f-5435-459b-ba70-c5d46bdd420f" testListId="8c84fa94-04c1-424b-9868-57a2d4851a1d" />
    <TestEntry testId="6f178e17-5c25-6626-33a5-dcb1f8fa123d" executionId="a8468f69-9aa8-44d9-8a2f-9c35b933b110" testListId="8c84fa94-04c1-424b-9868-57a2d4851a1d" />
    <TestEntry testId="a26ada54-1506-ca0e-01f1-5409d9e9ec47" executionId="bdd1539e-e53e-4298-9a40-c7b07dd45cd5" testListId="8c84fa94-04c1-424b-9868-57a2d4851a1d" />
    <TestEntry testId="26ca4990-7672-e708-1f1a-f2c8cf18b1ce" executionId="9386e184-9604-44a2-b5d9-6f95b491aa94" testListId="8c84fa94-04c1-424b-9868-57a2d4851a1d" />
    <TestEntry testId="4aabffe3-af3e-dde8-70b9-20e6bce0066b" executionId="2d0a89d3-8c4a-4fb4-8e04-a3a932ccdd13" testListId="8c84fa94-04c1-424b-9868-57a2d4851a1d" />
    <TestEntry testId="a795e6b1-3834-5eef-17f9-e201a5b9122c" executionId="6c99bfd5-865b-4588-87e9-445b70583a85" testListId="8c84fa94-04c1-424b-9868-57a2d4851a1d" />
    <TestEntry testId="1a464fa4-d6a5-b226-b583-d32aa0ba5995" executionId="ef0cf42e-a5b8-476e-aaec-d05d48a74e5e" testListId="8c84fa94-04c1-424b-9868-57a2d4851a1d" />
    <TestEntry testId="6dbd3013-2bb4-68bb-da1b-c210920c7517" executionId="181767e1-57d1-4ccf-aa22-49d555014e01" testListId="8c84fa94-04c1-424b-9868-57a2d4851a1d" />
    <TestEntry testId="c8dbc292-dd25-5bcb-a8ef-01e417e538ee" executionId="ac7b35f8-b2b6-447d-be5d-1b3a19424a03" testListId="8c84fa94-04c1-424b-9868-57a2d4851a1d" />
    <TestEntry testId="c2cf1a2f-eee8-d161-c46c-68f633e13e6e" executionId="ffe19662-558e-4920-bbcf-524d30ca9ce4" testListId="8c84fa94-04c1-424b-9868-57a2d4851a1d" />
    <TestEntry testId="9e446f79-2375-bd00-66d9-a0e098fc78aa" executionId="a731cb4a-ed5d-437b-88c9-0eaad8ada9e8" testListId="8c84fa94-04c1-424b-9868-57a2d4851a1d" />
    <TestEntry testId="3ed4fc50-e8bf-2de3-5e21-527289c5c189" executionId="b8359ec8-fea7-4fe1-bc14-a2c7394df7a0" testListId="8c84fa94-04c1-424b-9868-57a2d4851a1d" />
    <TestEntry testId="cfe5bd5f-1d49-ab5b-4986-9817b09957d1" executionId="b3deef66-a838-41a8-844f-8ad2477337fd" testListId="8c84fa94-04c1-424b-9868-57a2d4851a1d" />
    <TestEntry testId="d0b5be7d-49ac-f6e7-5e75-25a32f4511df" executionId="a97c7a7f-7633-4ca0-909e-22b33858580b" testListId="8c84fa94-04c1-424b-9868-57a2d4851a1d" />
    <TestEntry testId="2edf353f-cce6-fd13-b4d4-ed9801403aeb" executionId="97a95c13-5955-40b8-9219-dccb5496fbdc" testListId="8c84fa94-04c1-424b-9868-57a2d4851a1d" />
    <TestEntry testId="e7d9be20-0f7a-985d-fe06-3f1a5dd08855" executionId="9c6b9824-b76d-4f9f-ad79-5d9816233af6" testListId="8c84fa94-04c1-424b-9868-57a2d4851a1d" />
    <TestEntry testId="57f1c1fe-4a23-62a0-4af1-625830026660" executionId="0e14f51d-8d47-4fa9-94be-a6978108fe8c" testListId="8c84fa94-04c1-424b-9868-57a2d4851a1d" />
    <TestEntry testId="3a86fded-196e-dea7-25c6-3bf0434d4f6b" executionId="dd1164ad-c716-4ecc-bf22-6e509b4c760c" testListId="8c84fa94-04c1-424b-9868-57a2d4851a1d" />
    <TestEntry testId="919d2404-07a2-9619-4127-696c1bbe4ed4" executionId="ceec47f3-e5b4-4509-9391-5667466be3ba" testListId="8c84fa94-04c1-424b-9868-57a2d4851a1d" />
    <TestEntry testId="eaf5fe14-7a62-f7b3-e107-6a1c0cace5d7" executionId="59bdbe4f-47ed-4512-b50e-3de42ab22cef" testListId="8c84fa94-04c1-424b-9868-57a2d4851a1d" />
    <TestEntry testId="b8404706-f24e-b6cb-9b4e-7c6c41febcd8" executionId="05d5fa70-4a45-48b6-8ddd-bdf78cfd27a3" testListId="8c84fa94-04c1-424b-9868-57a2d4851a1d" />
    <TestEntry testId="3d8e0f3c-1f4a-fb1d-6537-fd6457ff2cf2" executionId="06580ab8-60cb-47eb-8ee6-a99035ace843" testListId="8c84fa94-04c1-424b-9868-57a2d4851a1d" />
    <TestEntry testId="c711662d-c765-34e1-de90-5bea37db1a32" executionId="9180f95e-3183-4ab6-92cf-d074ab5a46b4" testListId="8c84fa94-04c1-424b-9868-57a2d4851a1d" />
    <TestEntry testId="1e0a38cd-f5ab-5ac7-a1d9-712290bf4c18" executionId="d59fe8cb-8a37-427c-bbbe-9ed3e2697835" testListId="8c84fa94-04c1-424b-9868-57a2d4851a1d" />
    <TestEntry testId="6e156707-b979-fd42-5d5f-a0232b3f754c" executionId="8339f3d9-c7c5-4817-a2aa-8c792c36b7e9" testListId="8c84fa94-04c1-424b-9868-57a2d4851a1d" />
    <TestEntry testId="65dfa4d4-ffdc-d0e9-013e-7b1bf3661c61" executionId="2f4fe39a-3f0d-4488-b5a8-c5f9c1a66b5f" testListId="8c84fa94-04c1-424b-9868-57a2d4851a1d" />
    <TestEntry testId="125ef800-4e19-9727-3af0-e1d3d7f01f80" executionId="e8a5751e-0eb3-4393-a7be-10a22de55ab9" testListId="8c84fa94-04c1-424b-9868-57a2d4851a1d" />
    <TestEntry testId="60ace827-e392-23bc-3aae-566237d59f28" executionId="bc9ad64c-9bf8-4de4-aabf-5cca5b573eb6" testListId="8c84fa94-04c1-424b-9868-57a2d4851a1d" />
    <TestEntry testId="3f960e65-b322-e9a8-e9ff-762557c33218" executionId="cfd333ce-dff1-4008-921a-c88119c8c6a8" testListId="8c84fa94-04c1-424b-9868-57a2d4851a1d" />
    <TestEntry testId="3c8701cc-9ffb-0fee-521f-f7b88ff824c8" executionId="f204d0d7-6791-4ce5-8af9-62a05c0fef3c" testListId="8c84fa94-04c1-424b-9868-57a2d4851a1d" />
    <TestEntry testId="7625bbcd-e420-f3bb-038a-c7a9ecd04afa" executionId="93e8b1f7-1532-4cb4-a6ca-4e366911a50a" testListId="8c84fa94-04c1-424b-9868-57a2d4851a1d" />
    <TestEntry testId="de2f7a48-2dad-1e6d-703c-6fa91307df74" executionId="3a7f437a-9bd5-4695-bd4a-59344047ecb5" testListId="8c84fa94-04c1-424b-9868-57a2d4851a1d" />
    <TestEntry testId="78562a58-8721-cf01-c3d8-e4ff9bf472ca" executionId="a0d1ce66-6942-4baf-aad8-d4f02c5aec43" testListId="8c84fa94-04c1-424b-9868-57a2d4851a1d" />
    <TestEntry testId="eb93e82c-fe33-1be7-edff-8a0f5ca5a169" executionId="d8d3b342-1563-4b51-ad97-7b3b3505d279" testListId="8c84fa94-04c1-424b-9868-57a2d4851a1d" />
    <TestEntry testId="94aff2dd-9893-3558-e870-9224aca17216" executionId="03d91ac8-3839-4f86-ae6e-b60c13e56b63" testListId="8c84fa94-04c1-424b-9868-57a2d4851a1d" />
    <TestEntry testId="bc5a6541-5f42-a538-8208-bdb0237f1318" executionId="e465f5d8-04fd-4b67-9092-1978c7efe8ec" testListId="8c84fa94-04c1-424b-9868-57a2d4851a1d" />
    <TestEntry testId="287d3540-01e1-baf2-b3d0-8b74f834e85b" executionId="53129fe3-3c2d-41d6-b4ff-5afb9f34d7fb" testListId="8c84fa94-04c1-424b-9868-57a2d4851a1d" />
    <TestEntry testId="4792469e-3fbf-cef5-8b83-96856d67638f" executionId="87aea7af-e6e4-4798-9d41-f8cd9ebc4d45" testListId="8c84fa94-04c1-424b-9868-57a2d4851a1d" />
    <TestEntry testId="cbf04ea8-4972-5360-cb87-de296d13311b" executionId="9a18f63d-4d06-429b-a45c-cda96677ebe5" testListId="8c84fa94-04c1-424b-9868-57a2d4851a1d" />
    <TestEntry testId="c19815bd-c148-6d37-8887-648d6cf68a6f" executionId="fe010289-e18a-49bd-b04a-07be63e03643" testListId="8c84fa94-04c1-424b-9868-57a2d4851a1d" />
    <TestEntry testId="e61bde46-4fed-a8dd-c51e-3910816b7e5f" executionId="a6c4d744-dfa9-4ec4-8dbc-0eabcd7045ca" testListId="8c84fa94-04c1-424b-9868-57a2d4851a1d" />
    <TestEntry testId="e49e3cf0-27ea-5a4d-d647-54fa68516084" executionId="d2276d25-e1eb-48e7-beaf-e22ba1094fa4" testListId="8c84fa94-04c1-424b-9868-57a2d4851a1d" />
    <TestEntry testId="f0814f0a-86b7-a414-2561-c62559ed9a2e" executionId="46fc5055-204b-475f-837b-800bbe7f9070" testListId="8c84fa94-04c1-424b-9868-57a2d4851a1d" />
    <TestEntry testId="116fb26e-efaa-1ce6-288c-1879e9e926b4" executionId="2dad1a76-4640-47ae-9d49-3813b4229f53" testListId="8c84fa94-04c1-424b-9868-57a2d4851a1d" />
    <TestEntry testId="a83bb615-a472-9fa5-624c-13c4feb66d13" executionId="31d15988-f201-4983-89ed-d7343888daf2" testListId="8c84fa94-04c1-424b-9868-57a2d4851a1d" />
    <TestEntry testId="c2691903-0a99-ec59-e1df-56d0a3882da3" executionId="e3cfdba6-88b5-4cef-973a-2148c49808b0" testListId="8c84fa94-04c1-424b-9868-57a2d4851a1d" />
    <TestEntry testId="ca4e0204-a752-c469-d0ef-0f0a9d503060" executionId="f7c06d33-f6b5-472d-929b-7f6256442472" testListId="8c84fa94-04c1-424b-9868-57a2d4851a1d" />
    <TestEntry testId="cf5ba291-d681-4269-83e8-ae17dda767e4" executionId="8a8b6b03-fed8-48d2-8411-18d27a701f9e" testListId="8c84fa94-04c1-424b-9868-57a2d4851a1d" />
    <TestEntry testId="fafd6d8b-3678-a2c5-1ba3-9836b7a4e3a1" executionId="5a71434f-a176-4630-86bd-dd99d281828c" testListId="8c84fa94-04c1-424b-9868-57a2d4851a1d" />
    <TestEntry testId="c23762e7-4b64-3ab0-d595-30d2a4affce7" executionId="286ba6d3-33f7-49f0-8015-cde84524cdb1" testListId="8c84fa94-04c1-424b-9868-57a2d4851a1d" />
    <TestEntry testId="0d9caaf1-0669-4668-fa2d-c88969b313f2" executionId="6b7d2769-d28f-4b11-8ec5-4c124b9234f3" testListId="8c84fa94-04c1-424b-9868-57a2d4851a1d" />
    <TestEntry testId="4e988c23-a232-44ff-7d3b-0c531b3f8151" executionId="1912538e-15d2-4f31-bcf1-e55cd4e1b268" testListId="8c84fa94-04c1-424b-9868-57a2d4851a1d" />
    <TestEntry testId="df4634f3-2a1e-e27b-062e-7f5f30abbcc7" executionId="4f8a90dc-55e9-4132-9379-eb0fe99cc2fc" testListId="8c84fa94-04c1-424b-9868-57a2d4851a1d" />
  </TestEntries>
  <TestLists>
    <TestList name="Results Not in a List" id="8c84fa94-04c1-424b-9868-57a2d4851a1d" />
    <TestList name="All Loaded Results" id="19431567-8539-422a-85d7-44ee4e166bda" />
  </TestLists>
  <ResultSummary outcome="Completed">
    <Counters total="73" executed="73" passed="73" failed="0" error="0" timeout="0" aborted="0" inconclusive="0" passedButRunAborted="0" notRunnable="0" notExecuted="0" disconnected="0" warning="0" completed="0" inProgress="0" pending="0" />
    <Output>
      <StdOut>[xUnit.net 00:00:00.00] xUnit.net VSTest Adapter v2.8.2+699d445a1a (64-bit .NET 9.0.19)&#xD;
[xUnit.net 00:00:00.18]   Discovering: GisServer.Api.ArcGis.Tests&#xD;
[xUnit.net 00:00:00.49]   Discovered:  GisServer.Api.ArcGis.Tests&#xD;
[xUnit.net 00:00:00.50]   Starting:    GisServer.Api.ArcGis.Tests&#xD;
[xUnit.net 00:00:00.78]   Finished:    GisServer.Api.ArcGis.Tests&#xD;
</StdOut>
    </Output>
  </ResultSummary>
</TestRun>