<?xml version="1.0" encoding="utf-8"?>
<TestRun id="78d07ead-1ac2-4aef-8ce2-2880c81655ca" name="Erdinc@DESKTOP-M804G0L 2026-08-14 21:39:54" runUser="DESKTOP-M804G0L\Erdinc" xmlns="http://microsoft.com/schemas/VisualStudio/TeamTest/2010">
  <Times creation="2026-08-14T21:39:54.9814403+03:00" queuing="2026-08-14T21:39:54.9814408+03:00" start="2026-08-14T21:39:53.1822893+03:00" finish="2026-08-14T21:39:55.3473253+03:00" />
  <TestSettings name="default" id="016d204d-db1c-41d8-b9e0-76edc034d5eb">
    <Deployment runDeploymentRoot="Erdinc_DESKTOP-M804G0L_2026-08-14_21_39_54" />
  </TestSettings>
  <Results>
    <UnitTestResult executionId="458de00a-3210-4e4c-8fcc-180b0a504e9d" testId="1e0a38cd-f5ab-5ac7-a1d9-712290bf4c18" testName="GisServer.Api.ArcGis.Tests.ArcGisGeometryReaderTests.A_null_x_is_an_empty_point_not_an_error" computerName="DESKTOP-M804G0L" duration="00:00:00.0003780" startTime="2026-08-14T21:39:54.9262858+03:00" endTime="2026-08-14T21:39:54.9262860+03:00" testType="13cdc9d9-ddb5-4fa4-a97d-d965ccfc6d4b" outcome="Passed" testListId="8c84fa94-04c1-424b-9868-57a2d4851a1d" relativeResultsDirectory="458de00a-3210-4e4c-8fcc-180b0a504e9d" />
    <UnitTestResult executionId="3804615d-253a-4137-9b9f-56b004152320" testId="122bdb36-af79-87b0-3749-baff37073244" testName="GisServer.Api.ArcGis.Tests.VectorTileServerMetadataWriterTests.A_known_extent_is_reported" computerName="DESKTOP-M804G0L" duration="00:00:00.0003357" startTime="2026-08-14T21:39:55.1019256+03:00" endTime="2026-08-14T21:39:55.1019257+03:00" testType="13cdc9d9-ddb5-4fa4-a97d-d965ccfc6d4b" outcome="Passed" testListId="8c84fa94-04c1-424b-9868-57a2d4851a1d" relativeResultsDirectory="3804615d-253a-4137-9b9f-56b004152320" />
    <UnitTestResult executionId="8d3323f1-4d88-452b-98cc-016bc3b3d158" testId="fb72a668-ecd1-cfab-ad8d-835c7a8dd55d" testName="GisServer.Api.ArcGis.Tests.ArcGisGeometryReaderTests.A_geometry_with_no_recognisable_member_is_refused_with_the_list" computerName="DESKTOP-M804G0L" duration="00:00:00.0000698" startTime="2026-08-14T21:39:54.9297792+03:00" endTime="2026-08-14T21:39:54.9297792+03:00" testType="13cdc9d9-ddb5-4fa4-a97d-d965ccfc6d4b" outcome="Passed" testListId="8c84fa94-04c1-424b-9868-57a2d4851a1d" relativeResultsDirectory="8d3323f1-4d88-452b-98cc-016bc3b3d158" />
    <UnitTestResult executionId="16b17a48-da94-4310-a6b3-97233a929b9f" testId="df4634f3-2a1e-e27b-062e-7f5f30abbcc7" testName="GisServer.Api.ArcGis.Tests.FeatureServerMetadataWriterTests.The_display_field_prefers_a_text_field_over_the_object_id" computerName="DESKTOP-M804G0L" duration="00:00:00.0009054" startTime="2026-08-14T21:39:55.0213938+03:00" endTime="2026-08-14T21:39:55.0213942+03:00" testType="13cdc9d9-ddb5-4fa4-a97d-d965ccfc6d4b" outcome="Passed" testListId="8c84fa94-04c1-424b-9868-57a2d4851a1d" relativeResultsDirectory="16b17a48-da94-4310-a6b3-97233a929b9f" />
    <UnitTestResult executionId="eca016d7-3cea-4b53-875c-e1818da35b5a" testId="eaf5fe14-7a62-f7b3-e107-6a1c0cace5d7" testName="GisServer.Api.ArcGis.Tests.VectorTileServerMetadataWriterTests.The_style_draws_each_geometry_kind_as_the_right_thing(kind: MultiLineString, expected: &quot;line&quot;)" computerName="DESKTOP-M804G0L" duration="00:00:00.0000734" startTime="2026-08-14T21:39:55.0941227+03:00" endTime="2026-08-14T21:39:55.0941228+03:00" testType="13cdc9d9-ddb5-4fa4-a97d-d965ccfc6d4b" outcome="Passed" testListId="8c84fa94-04c1-424b-9868-57a2d4851a1d" relativeResultsDirectory="eca016d7-3cea-4b53-875c-e1818da35b5a" />
    <UnitTestResult executionId="42fc7a62-62c1-41ef-9f99-af089dd7a05f" testId="c23762e7-4b64-3ab0-d595-30d2a4affce7" testName="GisServer.Api.ArcGis.Tests.VectorTileServerMetadataWriterTests.The_style_names_the_layer_inside_the_tile_under_the_hyphenated_key" computerName="DESKTOP-M804G0L" duration="00:00:00.0001648" startTime="2026-08-14T21:39:55.1048415+03:00" endTime="2026-08-14T21:39:55.1048417+03:00" testType="13cdc9d9-ddb5-4fa4-a97d-d965ccfc6d4b" outcome="Passed" testListId="8c84fa94-04c1-424b-9868-57a2d4851a1d" relativeResultsDirectory="42fc7a62-62c1-41ef-9f99-af089dd7a05f" />
    <UnitTestResult executionId="ee2063c6-ac4e-4a69-9c55-92575c5c19ee" testId="cfe5bd5f-1d49-ab5b-4986-9817b09957d1" testName="GisServer.Api.ArcGis.Tests.VectorTileServerMetadataWriterTests.The_maximum_zoom_is_reported_and_matches_the_deepest_level" computerName="DESKTOP-M804G0L" duration="00:00:00.0004089" startTime="2026-08-14T21:39:55.1005666+03:00" endTime="2026-08-14T21:39:55.1005669+03:00" testType="13cdc9d9-ddb5-4fa4-a97d-d965ccfc6d4b" outcome="Passed" testListId="8c84fa94-04c1-424b-9868-57a2d4851a1d" relativeResultsDirectory="ee2063c6-ac4e-4a69-9c55-92575c5c19ee" />
    <UnitTestResult executionId="b345556b-ca6c-447a-995d-cb043dae8430" testId="3ed4fc50-e8bf-2de3-5e21-527289c5c189" testName="GisServer.Api.ArcGis.Tests.VectorTileServerMetadataWriterTests.The_tile_grid_is_square" computerName="DESKTOP-M804G0L" duration="00:00:00.0002765" startTime="2026-08-14T21:39:55.1038815+03:00" endTime="2026-08-14T21:39:55.1038816+03:00" testType="13cdc9d9-ddb5-4fa4-a97d-d965ccfc6d4b" outcome="Passed" testListId="8c84fa94-04c1-424b-9868-57a2d4851a1d" relativeResultsDirectory="b345556b-ca6c-447a-995d-cb043dae8430" />
    <UnitTestResult executionId="e76131ee-fee5-4fa7-9ce9-b1dc4421009f" testId="ca4e0204-a752-c469-d0ef-0f0a9d503060" testName="GisServer.Api.ArcGis.Tests.ArcGisGeometryWriterTests.A_hole_is_written_counter_clockwise_whatever_way_it_arrived" computerName="DESKTOP-M804G0L" duration="00:00:00.0006498" startTime="2026-08-14T21:39:54.9311187+03:00" endTime="2026-08-14T21:39:54.9311187+03:00" testType="13cdc9d9-ddb5-4fa4-a97d-d965ccfc6d4b" outcome="Passed" testListId="8c84fa94-04c1-424b-9868-57a2d4851a1d" relativeResultsDirectory="e76131ee-fee5-4fa7-9ce9-b1dc4421009f" />
    <UnitTestResult executionId="53312309-77d3-4718-b96f-985b670fdf55" testId="3a86fded-196e-dea7-25c6-3bf0434d4f6b" testName="GisServer.Api.ArcGis.Tests.VectorTileServerMetadataWriterTests.The_style_paint_matches_the_layer_type_it_declares" computerName="DESKTOP-M804G0L" duration="00:00:00.0850636" startTime="2026-08-14T21:39:55.0825391+03:00" endTime="2026-08-14T21:39:55.0825397+03:00" testType="13cdc9d9-ddb5-4fa4-a97d-d965ccfc6d4b" outcome="Passed" testListId="8c84fa94-04c1-424b-9868-57a2d4851a1d" relativeResultsDirectory="53312309-77d3-4718-b96f-985b670fdf55" />
    <UnitTestResult executionId="b3f0abc7-1810-4195-befa-077213157197" testId="94aff2dd-9893-3558-e870-9224aca17216" testName="GisServer.Api.ArcGis.Tests.VectorTileServerMetadataWriterTests.The_style_draws_each_geometry_kind_as_the_right_thing(kind: Point, expected: &quot;circle&quot;)" computerName="DESKTOP-M804G0L" duration="00:00:00.0097059" startTime="2026-08-14T21:39:55.0932344+03:00" endTime="2026-08-14T21:39:55.0932346+03:00" testType="13cdc9d9-ddb5-4fa4-a97d-d965ccfc6d4b" outcome="Passed" testListId="8c84fa94-04c1-424b-9868-57a2d4851a1d" relativeResultsDirectory="b3f0abc7-1810-4195-befa-077213157197" />
    <UnitTestResult executionId="f510f30e-ca74-45c4-bef7-fbff4127758d" testId="a5dbcfbd-1dbd-c4db-5a9d-ad8283e9e77f" testName="GisServer.Api.ArcGis.Tests.FeatureServerMetadataWriterTests.The_service_document_reports_the_capabilities_it_is_given" computerName="DESKTOP-M804G0L" duration="00:00:00.0477334" startTime="2026-08-14T21:39:55.0133365+03:00" endTime="2026-08-14T21:39:55.0133372+03:00" testType="13cdc9d9-ddb5-4fa4-a97d-d965ccfc6d4b" outcome="Passed" testListId="8c84fa94-04c1-424b-9868-57a2d4851a1d" relativeResultsDirectory="f510f30e-ca74-45c4-bef7-fbff4127758d" />
    <UnitTestResult executionId="c88022a8-28be-47a0-a721-923e7794ed5c" testId="fddd96f6-5027-b10e-567a-92fc4bf29aef" testName="GisServer.Api.ArcGis.Tests.VectorTileServerMetadataWriterTests.The_style_draws_each_geometry_kind_as_the_right_thing(kind: MultiPolygon, expected: &quot;fill&quot;)" computerName="DESKTOP-M804G0L" duration="00:00:00.0001559" startTime="2026-08-14T21:39:55.0934656+03:00" endTime="2026-08-14T21:39:55.0934658+03:00" testType="13cdc9d9-ddb5-4fa4-a97d-d965ccfc6d4b" outcome="Passed" testListId="8c84fa94-04c1-424b-9868-57a2d4851a1d" relativeResultsDirectory="c88022a8-28be-47a0-a721-923e7794ed5c" />
    <UnitTestResult executionId="5745beec-0d65-4f72-91b4-36e71b724675" testId="23bef4ff-c4d5-61f7-4c2c-37f7037d7553" testName="GisServer.Api.ArcGis.Tests.FeatureServerMetadataWriterTests.A_layer_with_no_text_field_falls_back_rather_than_leaving_it_blank" computerName="DESKTOP-M804G0L" duration="00:00:00.0011065" startTime="2026-08-14T21:39:55.0529924+03:00" endTime="2026-08-14T21:39:55.0529927+03:00" testType="13cdc9d9-ddb5-4fa4-a97d-d965ccfc6d4b" outcome="Passed" testListId="8c84fa94-04c1-424b-9868-57a2d4851a1d" relativeResultsDirectory="5745beec-0d65-4f72-91b4-36e71b724675" />
    <UnitTestResult executionId="5e79a043-f9f3-4d9b-aae9-500d8c9cd3d3" testId="fafd6d8b-3678-a2c5-1ba3-9836b7a4e3a1" testName="GisServer.Api.ArcGis.Tests.FeatureServerMetadataWriterTests.A_boolean_is_declared_as_the_small_integer_it_is_written_as" computerName="DESKTOP-M804G0L" duration="00:00:00.0000673" startTime="2026-08-14T21:39:55.0395929+03:00" endTime="2026-08-14T21:39:55.0395933+03:00" testType="13cdc9d9-ddb5-4fa4-a97d-d965ccfc6d4b" outcome="Passed" testListId="8c84fa94-04c1-424b-9868-57a2d4851a1d" relativeResultsDirectory="5e79a043-f9f3-4d9b-aae9-500d8c9cd3d3" />
    <UnitTestResult executionId="56b4b223-5654-4b49-a951-029c3c699be1" testId="fd3b998e-ca04-a84b-8c17-54e506aaad69" testName="GisServer.Api.ArcGis.Tests.VectorTileServerMetadataWriterTests.The_style_source_points_two_levels_up_at_the_service_root" computerName="DESKTOP-M804G0L" duration="00:00:00.0215497" startTime="2026-08-14T21:39:54.9969291+03:00" endTime="2026-08-14T21:39:54.9969293+03:00" testType="13cdc9d9-ddb5-4fa4-a97d-d965ccfc6d4b" outcome="Passed" testListId="8c84fa94-04c1-424b-9868-57a2d4851a1d" relativeResultsDirectory="56b4b223-5654-4b49-a951-029c3c699be1" />
    <UnitTestResult executionId="b5248a4a-cb98-44bd-8bc8-d27c4e204290" testId="bc5a6541-5f42-a538-8208-bdb0237f1318" testName="GisServer.Api.ArcGis.Tests.ArcGisGeometryWriterTests.A_point_writes_x_y_and_a_spatial_reference" computerName="DESKTOP-M804G0L" duration="00:00:00.0002495" startTime="2026-08-14T21:39:54.9309943+03:00" endTime="2026-08-14T21:39:54.9309944+03:00" testType="13cdc9d9-ddb5-4fa4-a97d-d965ccfc6d4b" outcome="Passed" testListId="8c84fa94-04c1-424b-9868-57a2d4851a1d" relativeResultsDirectory="b5248a4a-cb98-44bd-8bc8-d27c4e204290" />
    <UnitTestResult executionId="178bd3d5-418a-49bc-b8ba-d6a3e1202b2e" testId="75a4b334-aa42-5032-8bd2-bea3190a362f" testName="GisServer.Api.ArcGis.Tests.FeatureServerMetadataWriterTests.The_layer_document_does_not_claim_capabilities_the_query_endpoint_refuses" computerName="DESKTOP-M804G0L" duration="00:00:00.0004019" startTime="2026-08-14T21:39:55.1135347+03:00" endTime="2026-08-14T21:39:55.1135350+03:00" testType="13cdc9d9-ddb5-4fa4-a97d-d965ccfc6d4b" outcome="Passed" testListId="8c84fa94-04c1-424b-9868-57a2d4851a1d" relativeResultsDirectory="178bd3d5-418a-49bc-b8ba-d6a3e1202b2e" />
    <UnitTestResult executionId="6c1434c4-4e70-49e2-b2dc-584c7741ad54" testId="6dbd3013-2bb4-68bb-da1b-c210920c7517" testName="GisServer.Api.ArcGis.Tests.VectorTileServerMetadataWriterTests.The_initial_and_full_extents_agree" computerName="DESKTOP-M804G0L" duration="00:00:00.0009378" startTime="2026-08-14T21:39:55.1046122+03:00" endTime="2026-08-14T21:39:55.1046123+03:00" testType="13cdc9d9-ddb5-4fa4-a97d-d965ccfc6d4b" outcome="Passed" testListId="8c84fa94-04c1-424b-9868-57a2d4851a1d" relativeResultsDirectory="6c1434c4-4e70-49e2-b2dc-584c7741ad54" />
    <UnitTestResult executionId="6fa21172-6317-4c04-b555-c8970d89e48b" testId="211f2fa8-7fad-fcc5-e532-618d4e4971a4" testName="GisServer.Api.ArcGis.Tests.ArcGisGeometryReaderTests.A_matching_spatial_reference_is_accepted" computerName="DESKTOP-M804G0L" duration="00:00:00.0000595" startTime="2026-08-14T21:39:54.9295333+03:00" endTime="2026-08-14T21:39:54.9295334+03:00" testType="13cdc9d9-ddb5-4fa4-a97d-d965ccfc6d4b" outcome="Passed" testListId="8c84fa94-04c1-424b-9868-57a2d4851a1d" relativeResultsDirectory="6fa21172-6317-4c04-b555-c8970d89e48b" />
    <UnitTestResult executionId="af86d528-b7f9-4533-8fa7-07129fb36bea" testId="b8404706-f24e-b6cb-9b4e-7c6c41febcd8" testName="GisServer.Api.ArcGis.Tests.FeatureServerMetadataWriterTests.A_sixty_four_bit_integer_is_declared_as_text_matching_how_it_is_written" computerName="DESKTOP-M804G0L" duration="00:00:00.0001089" startTime="2026-08-14T21:39:55.1030894+03:00" endTime="2026-08-14T21:39:55.1030896+03:00" testType="13cdc9d9-ddb5-4fa4-a97d-d965ccfc6d4b" outcome="Passed" testListId="8c84fa94-04c1-424b-9868-57a2d4851a1d" relativeResultsDirectory="af86d528-b7f9-4533-8fa7-07129fb36bea" />
    <UnitTestResult executionId="0e84c8e0-82a1-406f-a023-71c75171861e" testId="a795e6b1-3834-5eef-17f9-e201a5b9122c" testName="GisServer.Api.ArcGis.Tests.FeatureServerMetadataWriterTests.The_root_catalogue_types_every_service_and_advertises_the_hosted_folder" computerName="DESKTOP-M804G0L" duration="00:00:00.0486021" startTime="2026-08-14T21:39:55.1016350+03:00" endTime="2026-08-14T21:39:55.1016350+03:00" testType="13cdc9d9-ddb5-4fa4-a97d-d965ccfc6d4b" outcome="Passed" testListId="8c84fa94-04c1-424b-9868-57a2d4851a1d" relativeResultsDirectory="0e84c8e0-82a1-406f-a023-71c75171861e" />
    <UnitTestResult executionId="76e36b17-0a19-4104-9f7b-b46eff40ea89" testId="c8dbc292-dd25-5bcb-a8ef-01e417e538ee" testName="GisServer.Api.ArcGis.Tests.VectorTileServerMetadataWriterTests.The_spatial_reference_is_declared_in_the_code_Esri_clients_send" computerName="DESKTOP-M804G0L" duration="00:00:00.0002911" startTime="2026-08-14T21:39:55.1051948+03:00" endTime="2026-08-14T21:39:55.1051950+03:00" testType="13cdc9d9-ddb5-4fa4-a97d-d965ccfc6d4b" outcome="Passed" testListId="8c84fa94-04c1-424b-9868-57a2d4851a1d" relativeResultsDirectory="76e36b17-0a19-4104-9f7b-b46eff40ea89" />
    <UnitTestResult executionId="ddf4b419-a3f1-432a-963b-f9a3003a0dde" testId="832e8c59-e06a-f2d1-94ab-b3cb8eed0446" testName="GisServer.Api.ArcGis.Tests.VectorTileServerMetadataWriterTests.The_tile_template_is_z_slash_y_slash_x_which_is_not_the_usual_order" computerName="DESKTOP-M804G0L" duration="00:00:00.0002457" startTime="2026-08-14T21:39:55.1029491+03:00" endTime="2026-08-14T21:39:55.1029491+03:00" testType="13cdc9d9-ddb5-4fa4-a97d-d965ccfc6d4b" outcome="Passed" testListId="8c84fa94-04c1-424b-9868-57a2d4851a1d" relativeResultsDirectory="ddf4b419-a3f1-432a-963b-f9a3003a0dde" />
    <UnitTestResult executionId="ace2f7dc-bd52-4624-8312-0e431015bc92" testId="6ac204e0-9d24-39cc-940b-c23242f0fd70" testName="GisServer.Api.ArcGis.Tests.VectorTileServerMetadataWriterTests.Each_level_halves_the_resolution_and_the_scale" computerName="DESKTOP-M804G0L" duration="00:00:00.0044891" startTime="2026-08-14T21:39:55.1000319+03:00" endTime="2026-08-14T21:39:55.1000326+03:00" testType="13cdc9d9-ddb5-4fa4-a97d-d965ccfc6d4b" outcome="Passed" testListId="8c84fa94-04c1-424b-9868-57a2d4851a1d" relativeResultsDirectory="ace2f7dc-bd52-4624-8312-0e431015bc92" />
    <UnitTestResult executionId="116239c4-701c-4170-867e-f9787bf10c68" testId="4ae6aba6-9e84-5a82-90e7-01e96962efe8" testName="GisServer.Api.ArcGis.Tests.ArcGisGeometryWriterTests.A_multi_polygon_flattens_into_one_ring_array" computerName="DESKTOP-M804G0L" duration="00:00:00.0007772" startTime="2026-08-14T21:39:54.9309355+03:00" endTime="2026-08-14T21:39:54.9309356+03:00" testType="13cdc9d9-ddb5-4fa4-a97d-d965ccfc6d4b" outcome="Passed" testListId="8c84fa94-04c1-424b-9868-57a2d4851a1d" relativeResultsDirectory="116239c4-701c-4170-867e-f9787bf10c68" />
    <UnitTestResult executionId="bc168b01-9ce8-4784-b61c-c0d6063dfc1e" testId="3d8e0f3c-1f4a-fb1d-6537-fd6457ff2cf2" testName="GisServer.Api.ArcGis.Tests.ArcGisGeometryReaderTests.Every_refusal_says_something_the_caller_can_act_on" computerName="DESKTOP-M804G0L" duration="00:00:00.0002853" startTime="2026-08-14T21:39:54.9294503+03:00" endTime="2026-08-14T21:39:54.9294504+03:00" testType="13cdc9d9-ddb5-4fa4-a97d-d965ccfc6d4b" outcome="Passed" testListId="8c84fa94-04c1-424b-9868-57a2d4851a1d" relativeResultsDirectory="bc168b01-9ce8-4784-b61c-c0d6063dfc1e" />
    <UnitTestResult executionId="d704f16d-30b9-4d88-89a2-2209ff5a997b" testId="4aabffe3-af3e-dde8-70b9-20e6bce0066b" testName="GisServer.Api.ArcGis.Tests.ArcGisGeometryReaderTests.An_undeclared_third_ordinate_is_refused_too" computerName="DESKTOP-M804G0L" duration="00:00:00.0001015" startTime="2026-08-14T21:39:54.9268660+03:00" endTime="2026-08-14T21:39:54.9268661+03:00" testType="13cdc9d9-ddb5-4fa4-a97d-d965ccfc6d4b" outcome="Passed" testListId="8c84fa94-04c1-424b-9868-57a2d4851a1d" relativeResultsDirectory="d704f16d-30b9-4d88-89a2-2209ff5a997b" />
    <UnitTestResult executionId="43d96803-5683-4ab3-9ae8-acedc0916545" testId="f0814f0a-86b7-a414-2561-c62559ed9a2e" testName="GisServer.Api.ArcGis.Tests.ArcGisGeometryWriterTests.A_shell_is_written_clockwise_whatever_way_it_arrived" computerName="DESKTOP-M804G0L" duration="00:00:00.0444299" startTime="2026-08-14T21:39:54.9271234+03:00" endTime="2026-08-14T21:39:54.9271235+03:00" testType="13cdc9d9-ddb5-4fa4-a97d-d965ccfc6d4b" outcome="Passed" testListId="8c84fa94-04c1-424b-9868-57a2d4851a1d" relativeResultsDirectory="43d96803-5683-4ab3-9ae8-acedc0916545" />
    <UnitTestResult executionId="291860f9-2e36-4adc-8a3e-4e64fbb294ec" testId="8f835af1-648b-4be9-2da3-74956e87313d" testName="GisServer.Api.ArcGis.Tests.FeatureServerMetadataWriterTests.A_known_extent_carries_its_spatial_reference" computerName="DESKTOP-M804G0L" duration="00:00:00.0120897" startTime="2026-08-14T21:39:55.0518184+03:00" endTime="2026-08-14T21:39:55.0518188+03:00" testType="13cdc9d9-ddb5-4fa4-a97d-d965ccfc6d4b" outcome="Passed" testListId="8c84fa94-04c1-424b-9868-57a2d4851a1d" relativeResultsDirectory="291860f9-2e36-4adc-8a3e-4e64fbb294ec" />
    <UnitTestResult executionId="d5375f9c-491f-4591-afd9-c4e8564b44ea" testId="08c4b42e-666b-9a92-0a9b-dfc93511c889" testName="GisServer.Api.ArcGis.Tests.ArcGisGeometryReaderTests.A_ring_with_too_few_positions_is_refused" computerName="DESKTOP-M804G0L" duration="00:00:00.0000959" startTime="2026-08-14T21:39:54.9297175+03:00" endTime="2026-08-14T21:39:54.9297176+03:00" testType="13cdc9d9-ddb5-4fa4-a97d-d965ccfc6d4b" outcome="Passed" testListId="8c84fa94-04c1-424b-9868-57a2d4851a1d" relativeResultsDirectory="d5375f9c-491f-4591-afd9-c4e8564b44ea" />
    <UnitTestResult executionId="9abccc3d-fb07-441e-9038-9eb7d187e486" testId="b23ddc9a-a1c5-a0c0-36e9-dab63b1ff2b7" testName="GisServer.Api.ArcGis.Tests.FeatureServerMetadataWriterTests.A_folder_listing_advertises_no_folders_of_its_own" computerName="DESKTOP-M804G0L" duration="00:00:00.0038265" startTime="2026-08-14T21:39:55.0177737+03:00" endTime="2026-08-14T21:39:55.0177743+03:00" testType="13cdc9d9-ddb5-4fa4-a97d-d965ccfc6d4b" outcome="Passed" testListId="8c84fa94-04c1-424b-9868-57a2d4851a1d" relativeResultsDirectory="9abccc3d-fb07-441e-9038-9eb7d187e486" />
    <UnitTestResult executionId="4f516268-d581-47aa-bb24-6d38003e54ec" testId="6dcc5c24-8da5-35db-a84d-368663d46cb6" testName="GisServer.Api.ArcGis.Tests.ArcGisGeometryWriterTests.A_line_string_becomes_a_polyline_with_one_path" computerName="DESKTOP-M804G0L" duration="00:00:00.0003322" startTime="2026-08-14T21:39:54.9295956+03:00" endTime="2026-08-14T21:39:54.9295957+03:00" testType="13cdc9d9-ddb5-4fa4-a97d-d965ccfc6d4b" outcome="Passed" testListId="8c84fa94-04c1-424b-9868-57a2d4851a1d" relativeResultsDirectory="4f516268-d581-47aa-bb24-6d38003e54ec" />
    <UnitTestResult executionId="645b1e32-6600-4f75-9203-b7baee1d0c4a" testId="b71c4738-cd27-6a1e-2444-4cda4146331d" testName="GisServer.Api.ArcGis.Tests.ArcGisGeometryReaderTests.Two_shells_are_a_MultiPolygon_and_each_keeps_its_own_hole" computerName="DESKTOP-M804G0L" duration="00:00:00.0012339" startTime="2026-08-14T21:39:54.9298920+03:00" endTime="2026-08-14T21:39:54.9298921+03:00" testType="13cdc9d9-ddb5-4fa4-a97d-d965ccfc6d4b" outcome="Passed" testListId="8c84fa94-04c1-424b-9868-57a2d4851a1d" relativeResultsDirectory="645b1e32-6600-4f75-9203-b7baee1d0c4a" />
    <UnitTestResult executionId="c465dad4-e6e4-4b1a-adb9-07dcdd5ebe81" testId="58730961-a2e2-3832-1f27-ce59a6138cde" testName="GisServer.Api.ArcGis.Tests.FeatureServerMetadataWriterTests.The_service_reports_exactly_one_layer_at_id_zero" computerName="DESKTOP-M804G0L" duration="00:00:00.0043666" startTime="2026-08-14T21:39:55.1130472+03:00" endTime="2026-08-14T21:39:55.1130477+03:00" testType="13cdc9d9-ddb5-4fa4-a97d-d965ccfc6d4b" outcome="Passed" testListId="8c84fa94-04c1-424b-9868-57a2d4851a1d" relativeResultsDirectory="c465dad4-e6e4-4b1a-adb9-07dcdd5ebe81" />
    <UnitTestResult executionId="b5dbe290-c302-4a3a-afeb-7057c5df3bb9" testId="4e988c23-a232-44ff-7d3b-0c531b3f8151" testName="GisServer.Api.ArcGis.Tests.FeatureServerMetadataWriterTests.The_object_id_field_is_declared_as_the_OID_type_not_merely_named" computerName="DESKTOP-M804G0L" duration="00:00:00.0024395" startTime="2026-08-14T21:39:55.0202561+03:00" endTime="2026-08-14T21:39:55.0202562+03:00" testType="13cdc9d9-ddb5-4fa4-a97d-d965ccfc6d4b" outcome="Passed" testListId="8c84fa94-04c1-424b-9868-57a2d4851a1d" relativeResultsDirectory="b5dbe290-c302-4a3a-afeb-7057c5df3bb9" />
    <UnitTestResult executionId="835e6fec-ae68-41ce-9127-f528f45765a2" testId="d0b5be7d-49ac-f6e7-5e75-25a32f4511df" testName="GisServer.Api.ArcGis.Tests.ArcGisGeometryReaderTests.A_point_reads" computerName="DESKTOP-M804G0L" duration="00:00:00.0003237" startTime="2026-08-14T21:39:54.9269400+03:00" endTime="2026-08-14T21:39:54.9269400+03:00" testType="13cdc9d9-ddb5-4fa4-a97d-d965ccfc6d4b" outcome="Passed" testListId="8c84fa94-04c1-424b-9868-57a2d4851a1d" relativeResultsDirectory="835e6fec-ae68-41ce-9127-f528f45765a2" />
    <UnitTestResult executionId="c05fa8dd-3a05-46c9-9f15-97c5ef24b24e" testId="116fb26e-efaa-1ce6-288c-1879e9e926b4" testName="GisServer.Api.ArcGis.Tests.VectorTileServerMetadataWriterTests.The_style_declares_version_eight" computerName="DESKTOP-M804G0L" duration="00:00:00.0001847" startTime="2026-08-14T21:39:55.1008126+03:00" endTime="2026-08-14T21:39:55.1008128+03:00" testType="13cdc9d9-ddb5-4fa4-a97d-d965ccfc6d4b" outcome="Passed" testListId="8c84fa94-04c1-424b-9868-57a2d4851a1d" relativeResultsDirectory="c05fa8dd-3a05-46c9-9f15-97c5ef24b24e" />
    <UnitTestResult executionId="7dacd208-c619-4318-832f-1c0df29c77c4" testId="c2cf1a2f-eee8-d161-c46c-68f633e13e6e" testName="GisServer.Api.ArcGis.Tests.ArcGisGeometryWriterTests.An_empty_point_writes_nulls_rather_than_omitting_the_fields" computerName="DESKTOP-M804G0L" duration="00:00:00.0033066" startTime="2026-08-14T21:39:54.9307886+03:00" endTime="2026-08-14T21:39:54.9307887+03:00" testType="13cdc9d9-ddb5-4fa4-a97d-d965ccfc6d4b" outcome="Passed" testListId="8c84fa94-04c1-424b-9868-57a2d4851a1d" relativeResultsDirectory="7dacd208-c619-4318-832f-1c0df29c77c4" />
    <UnitTestResult executionId="efaa3121-33a1-4f4e-abff-988aeb353532" testId="3c8701cc-9ffb-0fee-521f-f7b88ff824c8" testName="GisServer.Api.ArcGis.Tests.FeatureServerMetadataWriterTests.Server_info_declares_token_security_and_where_to_get_one" computerName="DESKTOP-M804G0L" duration="00:00:00.0053179" startTime="2026-08-14T21:39:55.1085311+03:00" endTime="2026-08-14T21:39:55.1085314+03:00" testType="13cdc9d9-ddb5-4fa4-a97d-d965ccfc6d4b" outcome="Passed" testListId="8c84fa94-04c1-424b-9868-57a2d4851a1d" relativeResultsDirectory="efaa3121-33a1-4f4e-abff-988aeb353532" />
    <UnitTestResult executionId="d9d584fe-6562-4d99-a0b1-f513f801502a" testId="26ca4990-7672-e708-1f1a-f2c8cf18b1ce" testName="GisServer.Api.ArcGis.Tests.VectorTileServerMetadataWriterTests.The_tile_template_is_relative_so_a_reverse_proxy_does_not_break_it" computerName="DESKTOP-M804G0L" duration="00:00:00.0003969" startTime="2026-08-14T21:39:55.0950944+03:00" endTime="2026-08-14T21:39:55.0950945+03:00" testType="13cdc9d9-ddb5-4fa4-a97d-d965ccfc6d4b" outcome="Passed" testListId="8c84fa94-04c1-424b-9868-57a2d4851a1d" relativeResultsDirectory="d9d584fe-6562-4d99-a0b1-f513f801502a" />
    <UnitTestResult executionId="56a23c4d-cf2a-4e4e-b0d1-b9583102cd94" testId="9e446f79-2375-bd00-66d9-a0e098fc78aa" testName="GisServer.Api.ArcGis.Tests.FeatureServerMetadataWriterTests.The_advertised_maximum_matches_the_limit_the_query_endpoint_enforces" computerName="DESKTOP-M804G0L" duration="00:00:00.0003044" startTime="2026-08-14T21:39:55.0394797+03:00" endTime="2026-08-14T21:39:55.0394801+03:00" testType="13cdc9d9-ddb5-4fa4-a97d-d965ccfc6d4b" outcome="Passed" testListId="8c84fa94-04c1-424b-9868-57a2d4851a1d" relativeResultsDirectory="56a23c4d-cf2a-4e4e-b0d1-b9583102cd94" />
    <UnitTestResult executionId="bfd99708-696c-4020-a495-4df3f151671e" testId="de2f7a48-2dad-1e6d-703c-6fa91307df74" testName="GisServer.Api.ArcGis.Tests.VectorTileServerMetadataWriterTests.Bulk_export_is_refused_explicitly_rather_than_left_unstated" computerName="DESKTOP-M804G0L" duration="00:00:00.0003327" startTime="2026-08-14T21:39:54.9973221+03:00" endTime="2026-08-14T21:39:54.9973223+03:00" testType="13cdc9d9-ddb5-4fa4-a97d-d965ccfc6d4b" outcome="Passed" testListId="8c84fa94-04c1-424b-9868-57a2d4851a1d" relativeResultsDirectory="bfd99708-696c-4020-a495-4df3f151671e" />
    <UnitTestResult executionId="b0ed8cc1-f7f8-4833-a8f7-d585427cffa7" testId="a83bb615-a472-9fa5-624c-13c4feb66d13" testName="GisServer.Api.ArcGis.Tests.FeatureServerMetadataWriterTests.A_service_inside_a_folder_reports_its_name_with_the_folder_on_the_front" computerName="DESKTOP-M804G0L" duration="00:00:00.0052693" startTime="2026-08-14T21:39:54.9654541+03:00" endTime="2026-08-14T21:39:54.9654544+03:00" testType="13cdc9d9-ddb5-4fa4-a97d-d965ccfc6d4b" outcome="Passed" testListId="8c84fa94-04c1-424b-9868-57a2d4851a1d" relativeResultsDirectory="b0ed8cc1-f7f8-4833-a8f7-d585427cffa7" />
    <UnitTestResult executionId="37c6037a-5ce4-43a7-8950-418c745e9908" testId="eb93e82c-fe33-1be7-edff-8a0f5ca5a169" testName="GisServer.Api.ArcGis.Tests.ArcGisGeometryReaderTests.A_counter_clockwise_ring_after_a_shell_is_its_hole" computerName="DESKTOP-M804G0L" duration="00:00:00.0014539" startTime="2026-08-14T21:39:54.9296572+03:00" endTime="2026-08-14T21:39:54.9296573+03:00" testType="13cdc9d9-ddb5-4fa4-a97d-d965ccfc6d4b" outcome="Passed" testListId="8c84fa94-04c1-424b-9868-57a2d4851a1d" relativeResultsDirectory="37c6037a-5ce4-43a7-8950-418c745e9908" />
    <UnitTestResult executionId="c025e1df-0e1f-49cb-a1c2-fb7340a7e4ff" testId="6f178e17-5c25-6626-33a5-dcb1f8fa123d" testName="GisServer.Api.ArcGis.Tests.VectorTileServerMetadataWriterTests.A_service_needs_a_name" computerName="DESKTOP-M804G0L" duration="00:00:00.0006726" startTime="2026-08-14T21:39:55.1015682+03:00" endTime="2026-08-14T21:39:55.1015683+03:00" testType="13cdc9d9-ddb5-4fa4-a97d-d965ccfc6d4b" outcome="Passed" testListId="8c84fa94-04c1-424b-9868-57a2d4851a1d" relativeResultsDirectory="c025e1df-0e1f-49cb-a1c2-fb7340a7e4ff" />
    <UnitTestResult executionId="ecfa1bee-5b41-49c7-8f2f-4764f2621ea0" testId="30a88823-5b96-3985-980b-187f73ed31ce" testName="GisServer.Api.ArcGis.Tests.VectorTileServerMetadataWriterTests.The_style_draws_each_geometry_kind_as_the_right_thing(kind: LineString, expected: &quot;line&quot;)" computerName="DESKTOP-M804G0L" duration="00:00:00.0002962" startTime="2026-08-14T21:39:55.0829395+03:00" endTime="2026-08-14T21:39:55.0829397+03:00" testType="13cdc9d9-ddb5-4fa4-a97d-d965ccfc6d4b" outcome="Passed" testListId="8c84fa94-04c1-424b-9868-57a2d4851a1d" relativeResultsDirectory="ecfa1bee-5b41-49c7-8f2f-4764f2621ea0" />
    <UnitTestResult executionId="4feda82f-0c2d-4e55-961e-efd378962960" testId="6e156707-b979-fd42-5d5f-a0232b3f754c" testName="GisServer.Api.ArcGis.Tests.ArcGisGeometryReaderTests.An_empty_part_list_is_refused(json: &quot;{\&quot;paths\&quot;:[]}&quot;)" computerName="DESKTOP-M804G0L" duration="00:00:00.0000139" startTime="2026-08-14T21:39:54.8465299+03:00" endTime="2026-08-14T21:39:54.8465300+03:00" testType="13cdc9d9-ddb5-4fa4-a97d-d965ccfc6d4b" outcome="Passed" testListId="8c84fa94-04c1-424b-9868-57a2d4851a1d" relativeResultsDirectory="4feda82f-0c2d-4e55-961e-efd378962960" />
    <UnitTestResult executionId="91d7b12a-a085-471f-9e85-0ffcce49a103" testId="7625bbcd-e420-f3bb-038a-c7a9ecd04afa" testName="GisServer.Api.ArcGis.Tests.FeatureServerMetadataWriterTests.A_layer_with_both_services_is_listed_twice_with_different_types" computerName="DESKTOP-M804G0L" duration="00:00:00.0011266" startTime="2026-08-14T21:39:55.1029041+03:00" endTime="2026-08-14T21:39:55.1029042+03:00" testType="13cdc9d9-ddb5-4fa4-a97d-d965ccfc6d4b" outcome="Passed" testListId="8c84fa94-04c1-424b-9868-57a2d4851a1d" relativeResultsDirectory="91d7b12a-a085-471f-9e85-0ffcce49a103" />
    <UnitTestResult executionId="4d364123-6b1a-475e-88b6-aef2f571ebde" testId="a26ada54-1506-ca0e-01f1-5409d9e9ec47" testName="GisServer.Api.ArcGis.Tests.ArcGisGeometryReaderTests.A_different_spatial_reference_is_refused_rather_than_reprojected" computerName="DESKTOP-M804G0L" duration="00:00:00.0003263" startTime="2026-08-14T21:39:54.9266493+03:00" endTime="2026-08-14T21:39:54.9266494+03:00" testType="13cdc9d9-ddb5-4fa4-a97d-d965ccfc6d4b" outcome="Passed" testListId="8c84fa94-04c1-424b-9868-57a2d4851a1d" relativeResultsDirectory="4d364123-6b1a-475e-88b6-aef2f571ebde" />
    <UnitTestResult executionId="c875fc69-cd08-4ae5-9b0a-e5d87c47b821" testId="1a464fa4-d6a5-b226-b583-d32aa0ba5995" testName="GisServer.Api.ArcGis.Tests.ArcGisGeometryReaderTests.A_non_numeric_coordinate_is_refused" computerName="DESKTOP-M804G0L" duration="00:00:00.0009415" startTime="2026-08-14T21:39:54.8456572+03:00" endTime="2026-08-14T21:39:54.8456573+03:00" testType="13cdc9d9-ddb5-4fa4-a97d-d965ccfc6d4b" outcome="Passed" testListId="8c84fa94-04c1-424b-9868-57a2d4851a1d" relativeResultsDirectory="c875fc69-cd08-4ae5-9b0a-e5d87c47b821" />
    <UnitTestResult executionId="eed3f55c-cd5a-4a9e-ad56-90ab9b2f517e" testId="cf5ba291-d681-4269-83e8-ae17dda767e4" testName="GisServer.Api.ArcGis.Tests.VectorTileServerMetadataWriterTests.The_level_zero_resolution_matches_the_declared_tile_size" computerName="DESKTOP-M804G0L" duration="00:00:00.0003234" startTime="2026-08-14T21:39:55.1028502+03:00" endTime="2026-08-14T21:39:55.1028503+03:00" testType="13cdc9d9-ddb5-4fa4-a97d-d965ccfc6d4b" outcome="Passed" testListId="8c84fa94-04c1-424b-9868-57a2d4851a1d" relativeResultsDirectory="eed3f55c-cd5a-4a9e-ad56-90ab9b2f517e" />
    <UnitTestResult executionId="2637295b-680e-4486-9b0b-b6dd532a302c" testId="0d9caaf1-0669-4668-fa2d-c88969b313f2" testName="GisServer.Api.ArcGis.Tests.ArcGisGeometryWriterTests.Reversing_a_ring_preserves_every_vertex" computerName="DESKTOP-M804G0L" duration="00:00:00.0002501" startTime="2026-08-14T21:39:54.9308724+03:00" endTime="2026-08-14T21:39:54.9308725+03:00" testType="13cdc9d9-ddb5-4fa4-a97d-d965ccfc6d4b" outcome="Passed" testListId="8c84fa94-04c1-424b-9868-57a2d4851a1d" relativeResultsDirectory="2637295b-680e-4486-9b0b-b6dd532a302c" />
    <UnitTestResult executionId="8d9d6154-5b87-47ea-b1ba-3cc1b853aa6a" testId="3f960e65-b322-e9a8-e9ff-762557c33218" testName="GisServer.Api.ArcGis.Tests.ArcGisGeometryReaderTests.An_unclosed_ring_is_closed_rather_than_refused" computerName="DESKTOP-M804G0L" duration="00:00:00.0037411" startTime="2026-08-14T21:39:54.9267323+03:00" endTime="2026-08-14T21:39:54.9267324+03:00" testType="13cdc9d9-ddb5-4fa4-a97d-d965ccfc6d4b" outcome="Passed" testListId="8c84fa94-04c1-424b-9868-57a2d4851a1d" relativeResultsDirectory="8d9d6154-5b87-47ea-b1ba-3cc1b853aa6a" />
    <UnitTestResult executionId="2b3faa18-46d0-41af-975a-957610ba6e97" testId="15e8a638-31d1-244b-0bd8-f74ca1dc6092" testName="GisServer.Api.ArcGis.Tests.VectorTileServerMetadataWriterTests.The_style_draws_each_geometry_kind_as_the_right_thing(kind: MultiPoint, expected: &quot;circle&quot;)" computerName="DESKTOP-M804G0L" duration="00:00:00.0004865" startTime="2026-08-14T21:39:55.0940043+03:00" endTime="2026-08-14T21:39:55.0940044+03:00" testType="13cdc9d9-ddb5-4fa4-a97d-d965ccfc6d4b" outcome="Passed" testListId="8c84fa94-04c1-424b-9868-57a2d4851a1d" relativeResultsDirectory="2b3faa18-46d0-41af-975a-957610ba6e97" />
    <UnitTestResult executionId="841d920d-b679-413e-9d29-900bb15db8b4" testId="78562a58-8721-cf01-c3d8-e4ff9bf472ca" testName="GisServer.Api.ArcGis.Tests.ArcGisGeometryReaderTests.An_empty_part_list_is_refused(json: &quot;{\&quot;points\&quot;:[]}&quot;)" computerName="DESKTOP-M804G0L" duration="00:00:00.0005022" startTime="2026-08-14T21:39:54.8461216+03:00" endTime="2026-08-14T21:39:54.8461217+03:00" testType="13cdc9d9-ddb5-4fa4-a97d-d965ccfc6d4b" outcome="Passed" testListId="8c84fa94-04c1-424b-9868-57a2d4851a1d" relativeResultsDirectory="841d920d-b679-413e-9d29-900bb15db8b4" />
    <UnitTestResult executionId="cc8e1d86-23ab-44cf-8b02-bb53093aae35" testId="4792469e-3fbf-cef5-8b83-96856d67638f" testName="GisServer.Api.ArcGis.Tests.ArcGisGeometryWriterTests.A_multi_point_writes_a_points_array" computerName="DESKTOP-M804G0L" duration="00:00:00.0061491" startTime="2026-08-14T21:39:54.9310485+03:00" endTime="2026-08-14T21:39:54.9310486+03:00" testType="13cdc9d9-ddb5-4fa4-a97d-d965ccfc6d4b" outcome="Passed" testListId="8c84fa94-04c1-424b-9868-57a2d4851a1d" relativeResultsDirectory="cc8e1d86-23ab-44cf-8b02-bb53093aae35" />
    <UnitTestResult executionId="44cfb991-f10b-465b-bd34-f7998b1ced7e" testId="1b6d0f74-6c81-db7f-0356-e68fe2ded136" testName="GisServer.Api.ArcGis.Tests.VectorTileServerMetadataWriterTests.The_service_declares_itself_a_vector_tile_service" computerName="DESKTOP-M804G0L" duration="00:00:00.0007406" startTime="2026-08-14T21:39:55.0954150+03:00" endTime="2026-08-14T21:39:55.0954152+03:00" testType="13cdc9d9-ddb5-4fa4-a97d-d965ccfc6d4b" outcome="Passed" testListId="8c84fa94-04c1-424b-9868-57a2d4851a1d" relativeResultsDirectory="44cfb991-f10b-465b-bd34-f7998b1ced7e" />
    <UnitTestResult executionId="c828776a-31af-4841-9a27-d3937029d4d3" testId="2edf353f-cce6-fd13-b4d4-ed9801403aeb" testName="GisServer.Api.ArcGis.Tests.VectorTileServerMetadataWriterTests.There_is_one_level_of_detail_per_zoom_including_zero" computerName="DESKTOP-M804G0L" duration="00:00:00.1667706" startTime="2026-08-14T21:39:54.9752028+03:00" endTime="2026-08-14T21:39:54.9752048+03:00" testType="13cdc9d9-ddb5-4fa4-a97d-d965ccfc6d4b" outcome="Passed" testListId="8c84fa94-04c1-424b-9868-57a2d4851a1d" relativeResultsDirectory="c828776a-31af-4841-9a27-d3937029d4d3" />
    <UnitTestResult executionId="79460625-2ce9-4041-93ad-62004e60de0e" testId="287d3540-01e1-baf2-b3d0-8b74f834e85b" testName="GisServer.Api.ArcGis.Tests.FeatureServerMetadataWriterTests.An_unknown_field_type_is_declared_as_text_rather_than_omitted" computerName="DESKTOP-M804G0L" duration="00:00:00.0000777" startTime="2026-08-14T21:39:55.0203846+03:00" endTime="2026-08-14T21:39:55.0203847+03:00" testType="13cdc9d9-ddb5-4fa4-a97d-d965ccfc6d4b" outcome="Passed" testListId="8c84fa94-04c1-424b-9868-57a2d4851a1d" relativeResultsDirectory="79460625-2ce9-4041-93ad-62004e60de0e" />
    <UnitTestResult executionId="2e8b7a82-1b9c-4cb3-b6b2-5520f19e831a" testId="65dfa4d4-ffdc-d0e9-013e-7b1bf3661c61" testName="GisServer.Api.ArcGis.Tests.FeatureServerMetadataWriterTests.An_unknown_extent_is_null_rather_than_a_box_at_the_origin" computerName="DESKTOP-M804G0L" duration="00:00:00.0175159" startTime="2026-08-14T21:39:55.0390283+03:00" endTime="2026-08-14T21:39:55.0390289+03:00" testType="13cdc9d9-ddb5-4fa4-a97d-d965ccfc6d4b" outcome="Passed" testListId="8c84fa94-04c1-424b-9868-57a2d4851a1d" relativeResultsDirectory="2e8b7a82-1b9c-4cb3-b6b2-5520f19e831a" />
    <UnitTestResult executionId="412d26e4-958e-45d7-a644-26feecf39478" testId="cbf04ea8-4972-5360-cb87-de296d13311b" testName="GisServer.Api.ArcGis.Tests.VectorTileServerMetadataWriterTests.The_origin_is_the_top_left_of_the_world" computerName="DESKTOP-M804G0L" duration="00:00:00.0002831" startTime="2026-08-14T21:39:55.1039519+03:00" endTime="2026-08-14T21:39:55.1039520+03:00" testType="13cdc9d9-ddb5-4fa4-a97d-d965ccfc6d4b" outcome="Passed" testListId="8c84fa94-04c1-424b-9868-57a2d4851a1d" relativeResultsDirectory="412d26e4-958e-45d7-a644-26feecf39478" />
    <UnitTestResult executionId="e317cb99-c6a9-4afc-958c-24510d6b0eb9" testId="e7d9be20-0f7a-985d-fe06-3f1a5dd08855" testName="GisServer.Api.ArcGis.Tests.VectorTileServerMetadataWriterTests.The_style_draws_each_geometry_kind_as_the_right_thing(kind: Polygon, expected: &quot;fill&quot;)" computerName="DESKTOP-M804G0L" duration="00:00:00.0003907" startTime="2026-08-14T21:39:55.0834116+03:00" endTime="2026-08-14T21:39:55.0834118+03:00" testType="13cdc9d9-ddb5-4fa4-a97d-d965ccfc6d4b" outcome="Passed" testListId="8c84fa94-04c1-424b-9868-57a2d4851a1d" relativeResultsDirectory="e317cb99-c6a9-4afc-958c-24510d6b0eb9" />
    <UnitTestResult executionId="d20c51ad-0510-4c33-aa19-cf214d86d021" testId="60ace827-e392-23bc-3aae-566237d59f28" testName="GisServer.Api.ArcGis.Tests.ArcGisGeometryReaderTests.An_empty_part_list_is_refused(json: &quot;{\&quot;rings\&quot;:[]}&quot;)" computerName="DESKTOP-M804G0L" duration="00:00:00.0003145" startTime="2026-08-14T21:39:54.8464623+03:00" endTime="2026-08-14T21:39:54.8464627+03:00" testType="13cdc9d9-ddb5-4fa4-a97d-d965ccfc6d4b" outcome="Passed" testListId="8c84fa94-04c1-424b-9868-57a2d4851a1d" relativeResultsDirectory="d20c51ad-0510-4c33-aa19-cf214d86d021" />
    <UnitTestResult executionId="6d8d2f83-1abf-4553-9309-bad06be1c42d" testId="e49e3cf0-27ea-5a4d-d647-54fa68516084" testName="GisServer.Api.ArcGis.Tests.ArcGisGeometryReaderTests.An_absent_spatial_reference_means_the_layer_own" computerName="DESKTOP-M804G0L" duration="00:00:00.0000676" startTime="2026-08-14T21:39:54.9270039+03:00" endTime="2026-08-14T21:39:54.9270039+03:00" testType="13cdc9d9-ddb5-4fa4-a97d-d965ccfc6d4b" outcome="Passed" testListId="8c84fa94-04c1-424b-9868-57a2d4851a1d" relativeResultsDirectory="6d8d2f83-1abf-4553-9309-bad06be1c42d" />
    <UnitTestResult executionId="f92edb57-be11-4fd4-99d0-e45cb7be0395" testId="e61bde46-4fed-a8dd-c51e-3910816b7e5f" testName="GisServer.Api.ArcGis.Tests.FeatureServerMetadataWriterTests.A_layer_with_no_integer_identity_reports_a_null_object_id_field" computerName="DESKTOP-M804G0L" duration="00:00:00.1513855" startTime="2026-08-14T21:39:54.9598291+03:00" endTime="2026-08-14T21:39:54.9598302+03:00" testType="13cdc9d9-ddb5-4fa4-a97d-d965ccfc6d4b" outcome="Passed" testListId="8c84fa94-04c1-424b-9868-57a2d4851a1d" relativeResultsDirectory="f92edb57-be11-4fd4-99d0-e45cb7be0395" />
    <UnitTestResult executionId="31ae88e4-cbaa-4140-a050-8cbb9e5dc4ec" testId="db96477b-aab6-5137-bcb3-526506c15821" testName="GisServer.Api.ArcGis.Tests.ArcGisGeometryReaderTests.One_path_is_a_LineString_and_two_are_a_MultiLineString" computerName="DESKTOP-M804G0L" duration="00:00:00.0001632" startTime="2026-08-14T21:39:54.9306881+03:00" endTime="2026-08-14T21:39:54.9306882+03:00" testType="13cdc9d9-ddb5-4fa4-a97d-d965ccfc6d4b" outcome="Passed" testListId="8c84fa94-04c1-424b-9868-57a2d4851a1d" relativeResultsDirectory="31ae88e4-cbaa-4140-a050-8cbb9e5dc4ec" />
    <UnitTestResult executionId="f263cd61-29ea-45a3-9ce9-78967929a466" testId="125ef800-4e19-9727-3af0-e1d3d7f01f80" testName="GisServer.Api.ArcGis.Tests.ArcGisGeometryReaderTests.A_hole_before_any_shell_is_refused_rather_than_promoted" computerName="DESKTOP-M804G0L" duration="00:00:00.0281694" startTime="2026-08-14T21:39:54.8409717+03:00" endTime="2026-08-14T21:39:54.8410008+03:00" testType="13cdc9d9-ddb5-4fa4-a97d-d965ccfc6d4b" outcome="Passed" testListId="8c84fa94-04c1-424b-9868-57a2d4851a1d" relativeResultsDirectory="f263cd61-29ea-45a3-9ce9-78967929a466" />
    <UnitTestResult executionId="6a17eec8-2bfc-4b4a-822d-2504b4389ff5" testId="919d2404-07a2-9619-4127-696c1bbe4ed4" testName="GisServer.Api.ArcGis.Tests.ArcGisGeometryReaderTests.A_point_with_x_and_no_y_is_refused" computerName="DESKTOP-M804G0L" duration="00:00:00.0000599" startTime="2026-08-14T21:39:54.9270646+03:00" endTime="2026-08-14T21:39:54.9270647+03:00" testType="13cdc9d9-ddb5-4fa4-a97d-d965ccfc6d4b" outcome="Passed" testListId="8c84fa94-04c1-424b-9868-57a2d4851a1d" relativeResultsDirectory="6a17eec8-2bfc-4b4a-822d-2504b4389ff5" />
    <UnitTestResult executionId="d9cfbd77-e59a-4a24-ba98-ad88bbe62abc" testId="57f1c1fe-4a23-62a0-4af1-625830026660" testName="GisServer.Api.ArcGis.Tests.ArcGisGeometryReaderTests.A_declared_Z_is_refused_rather_than_dropped" computerName="DESKTOP-M804G0L" duration="00:00:00.0002564" startTime="2026-08-14T21:39:54.9267948+03:00" endTime="2026-08-14T21:39:54.9267948+03:00" testType="13cdc9d9-ddb5-4fa4-a97d-d965ccfc6d4b" outcome="Passed" testListId="8c84fa94-04c1-424b-9868-57a2d4851a1d" relativeResultsDirectory="d9cfbd77-e59a-4a24-ba98-ad88bbe62abc" />
    <UnitTestResult executionId="fca48c7a-95e3-4a33-a2e5-2829c82cddda" testId="c2691903-0a99-ec59-e1df-56d0a3882da3" testName="GisServer.Api.ArcGis.Tests.ArcGisGeometryWriterTests.A_multi_line_string_becomes_a_polyline_with_several_paths" computerName="DESKTOP-M804G0L" duration="00:00:00.0022398" startTime="2026-08-14T21:39:54.9298394+03:00" endTime="2026-08-14T21:39:54.9298395+03:00" testType="13cdc9d9-ddb5-4fa4-a97d-d965ccfc6d4b" outcome="Passed" testListId="8c84fa94-04c1-424b-9868-57a2d4851a1d" relativeResultsDirectory="fca48c7a-95e3-4a33-a2e5-2829c82cddda" />
    <UnitTestResult executionId="6d4674cc-83fa-407e-a1ea-092964b11a82" testId="c19815bd-c148-6d37-8887-648d6cf68a6f" testName="GisServer.Api.ArcGis.Tests.VectorTileServerMetadataWriterTests.An_unknown_extent_becomes_the_world_rather_than_being_omitted" computerName="DESKTOP-M804G0L" duration="00:00:00.0002840" startTime="2026-08-14T21:39:55.1027777+03:00" endTime="2026-08-14T21:39:55.1027779+03:00" testType="13cdc9d9-ddb5-4fa4-a97d-d965ccfc6d4b" outcome="Passed" testListId="8c84fa94-04c1-424b-9868-57a2d4851a1d" relativeResultsDirectory="6d4674cc-83fa-407e-a1ea-092964b11a82" />
    <UnitTestResult executionId="245be7c8-2e9b-47fd-a846-8a4b86b096f7" testId="c711662d-c765-34e1-de90-5bea37db1a32" testName="GisServer.Api.ArcGis.Tests.ArcGisGeometryReaderTests.A_clockwise_ring_is_a_shell" computerName="DESKTOP-M804G0L" duration="00:00:00.0042086" startTime="2026-08-14T21:39:54.8460540+03:00" endTime="2026-08-14T21:39:54.8460540+03:00" testType="13cdc9d9-ddb5-4fa4-a97d-d965ccfc6d4b" outcome="Passed" testListId="8c84fa94-04c1-424b-9868-57a2d4851a1d" relativeResultsDirectory="245be7c8-2e9b-47fd-a846-8a4b86b096f7" />
  </Results>
  <TestDefinitions>
    <UnitTest name="GisServer.Api.ArcGis.Tests.VectorTileServerMetadataWriterTests.The_tile_grid_is_square" storage="c:\personal\projects\gis\tests\gisserver.api.arcgis.tests\bin\release\net9.0\gisserver.api.arcgis.tests.dll" id="3ed4fc50-e8bf-2de3-5e21-527289c5c189">
      <Execution id="b345556b-ca6c-447a-995d-cb043dae8430" />
      <TestMethod codeBase="C:\Personal\Projects\GIS\tests\GisServer.Api.ArcGis.Tests\bin\Release\net9.0\GisServer.Api.ArcGis.Tests.dll" adapterTypeName="executor://xunit/VsTestRunner2/netcoreapp" className="GisServer.Api.ArcGis.Tests.VectorTileServerMetadataWriterTests" name="The_tile_grid_is_square" />
    </UnitTest>
    <UnitTest name="GisServer.Api.ArcGis.Tests.FeatureServerMetadataWriterTests.A_service_inside_a_folder_reports_its_name_with_the_folder_on_the_front" storage="c:\personal\projects\gis\tests\gisserver.api.arcgis.tests\bin\release\net9.0\gisserver.api.arcgis.tests.dll" id="a83bb615-a472-9fa5-624c-13c4feb66d13">
      <Execution id="b0ed8cc1-f7f8-4833-a8f7-d585427cffa7" />
      <TestMethod codeBase="C:\Personal\Projects\GIS\tests\GisServer.Api.ArcGis.Tests\bin\Release\net9.0\GisServer.Api.ArcGis.Tests.dll" adapterTypeName="executor://xunit/VsTestRunner2/netcoreapp" className="GisServer.Api.ArcGis.Tests.FeatureServerMetadataWriterTests" name="A_service_inside_a_folder_reports_its_name_with_the_folder_on_the_front" />
    </UnitTest>
    <UnitTest name="GisServer.Api.ArcGis.Tests.FeatureServerMetadataWriterTests.The_service_document_reports_the_capabilities_it_is_given" storage="c:\personal\projects\gis\tests\gisserver.api.arcgis.tests\bin\release\net9.0\gisserver.api.arcgis.tests.dll" id="a5dbcfbd-1dbd-c4db-5a9d-ad8283e9e77f">
      <Execution id="f510f30e-ca74-45c4-bef7-fbff4127758d" />
      <TestMethod codeBase="C:\Personal\Projects\GIS\tests\GisServer.Api.ArcGis.Tests\bin\Release\net9.0\GisServer.Api.ArcGis.Tests.dll" adapterTypeName="executor://xunit/VsTestRunner2/netcoreapp" className="GisServer.Api.ArcGis.Tests.FeatureServerMetadataWriterTests" name="The_service_document_reports_the_capabilities_it_is_given" />
    </UnitTest>
    <UnitTest name="GisServer.Api.ArcGis.Tests.VectorTileServerMetadataWriterTests.The_initial_and_full_extents_agree" storage="c:\personal\projects\gis\tests\gisserver.api.arcgis.tests\bin\release\net9.0\gisserver.api.arcgis.tests.dll" id="6dbd3013-2bb4-68bb-da1b-c210920c7517">
      <Execution id="6c1434c4-4e70-49e2-b2dc-584c7741ad54" />
      <TestMethod codeBase="C:\Personal\Projects\GIS\tests\GisServer.Api.ArcGis.Tests\bin\Release\net9.0\GisServer.Api.ArcGis.Tests.dll" adapterTypeName="executor://xunit/VsTestRunner2/netcoreapp" className="GisServer.Api.ArcGis.Tests.VectorTileServerMetadataWriterTests" name="The_initial_and_full_extents_agree" />
    </UnitTest>
    <UnitTest name="GisServer.Api.ArcGis.Tests.VectorTileServerMetadataWriterTests.The_origin_is_the_top_left_of_the_world" storage="c:\personal\projects\gis\tests\gisserver.api.arcgis.tests\bin\release\net9.0\gisserver.api.arcgis.tests.dll" id="cbf04ea8-4972-5360-cb87-de296d13311b">
      <Execution id="412d26e4-958e-45d7-a644-26feecf39478" />
      <TestMethod codeBase="C:\Personal\Projects\GIS\tests\GisServer.Api.ArcGis.Tests\bin\Release\net9.0\GisServer.Api.ArcGis.Tests.dll" adapterTypeName="executor://xunit/VsTestRunner2/netcoreapp" className="GisServer.Api.ArcGis.Tests.VectorTileServerMetadataWriterTests" name="The_origin_is_the_top_left_of_the_world" />
    </UnitTest>
    <UnitTest name="GisServer.Api.ArcGis.Tests.ArcGisGeometryWriterTests.A_multi_polygon_flattens_into_one_ring_array" storage="c:\personal\projects\gis\tests\gisserver.api.arcgis.tests\bin\release\net9.0\gisserver.api.arcgis.tests.dll" id="4ae6aba6-9e84-5a82-90e7-01e96962efe8">
      <Execution id="116239c4-701c-4170-867e-f9787bf10c68" />
      <TestMethod codeBase="C:\Personal\Projects\GIS\tests\GisServer.Api.ArcGis.Tests\bin\Release\net9.0\GisServer.Api.ArcGis.Tests.dll" adapterTypeName="executor://xunit/VsTestRunner2/netcoreapp" className="GisServer.Api.ArcGis.Tests.ArcGisGeometryWriterTests" name="A_multi_polygon_flattens_into_one_ring_array" />
    </UnitTest>
    <UnitTest name="GisServer.Api.ArcGis.Tests.VectorTileServerMetadataWriterTests.The_style_draws_each_geometry_kind_as_the_right_thing(kind: MultiLineString, expected: &quot;line&quot;)" storage="c:\personal\projects\gis\tests\gisserver.api.arcgis.tests\bin\release\net9.0\gisserver.api.arcgis.tests.dll" id="eaf5fe14-7a62-f7b3-e107-6a1c0cace5d7">
      <Execution id="eca016d7-3cea-4b53-875c-e1818da35b5a" />
      <TestMethod codeBase="C:\Personal\Projects\GIS\tests\GisServer.Api.ArcGis.Tests\bin\Release\net9.0\GisServer.Api.ArcGis.Tests.dll" adapterTypeName="executor://xunit/VsTestRunner2/netcoreapp" className="GisServer.Api.ArcGis.Tests.VectorTileServerMetadataWriterTests" name="The_style_draws_each_geometry_kind_as_the_right_thing" />
    </UnitTest>
    <UnitTest name="GisServer.Api.ArcGis.Tests.ArcGisGeometryReaderTests.A_counter_clockwise_ring_after_a_shell_is_its_hole" storage="c:\personal\projects\gis\tests\gisserver.api.arcgis.tests\bin\release\net9.0\gisserver.api.arcgis.tests.dll" id="eb93e82c-fe33-1be7-edff-8a0f5ca5a169">
      <Execution id="37c6037a-5ce4-43a7-8950-418c745e9908" />
      <TestMethod codeBase="C:\Personal\Projects\GIS\tests\GisServer.Api.ArcGis.Tests\bin\Release\net9.0\GisServer.Api.ArcGis.Tests.dll" adapterTypeName="executor://xunit/VsTestRunner2/netcoreapp" className="GisServer.Api.ArcGis.Tests.ArcGisGeometryReaderTests" name="A_counter_clockwise_ring_after_a_shell_is_its_hole" />
    </UnitTest>
    <UnitTest name="GisServer.Api.ArcGis.Tests.FeatureServerMetadataWriterTests.A_layer_with_no_text_field_falls_back_rather_than_leaving_it_blank" storage="c:\personal\projects\gis\tests\gisserver.api.arcgis.tests\bin\release\net9.0\gisserver.api.arcgis.tests.dll" id="23bef4ff-c4d5-61f7-4c2c-37f7037d7553">
      <Execution id="5745beec-0d65-4f72-91b4-36e71b724675" />
      <TestMethod codeBase="C:\Personal\Projects\GIS\tests\GisServer.Api.ArcGis.Tests\bin\Release\net9.0\GisServer.Api.ArcGis.Tests.dll" adapterTypeName="executor://xunit/VsTestRunner2/netcoreapp" className="GisServer.Api.ArcGis.Tests.FeatureServerMetadataWriterTests" name="A_layer_with_no_text_field_falls_back_rather_than_leaving_it_blank" />
    </UnitTest>
    <UnitTest name="GisServer.Api.ArcGis.Tests.ArcGisGeometryReaderTests.A_clockwise_ring_is_a_shell" storage="c:\personal\projects\gis\tests\gisserver.api.arcgis.tests\bin\release\net9.0\gisserver.api.arcgis.tests.dll" id="c711662d-c765-34e1-de90-5bea37db1a32">
      <Execution id="245be7c8-2e9b-47fd-a846-8a4b86b096f7" />
      <TestMethod codeBase="C:\Personal\Projects\GIS\tests\GisServer.Api.ArcGis.Tests\bin\Release\net9.0\GisServer.Api.ArcGis.Tests.dll" adapterTypeName="executor://xunit/VsTestRunner2/netcoreapp" className="GisServer.Api.ArcGis.Tests.ArcGisGeometryReaderTests" name="A_clockwise_ring_is_a_shell" />
    </UnitTest>
    <UnitTest name="GisServer.Api.ArcGis.Tests.ArcGisGeometryReaderTests.A_point_reads" storage="c:\personal\projects\gis\tests\gisserver.api.arcgis.tests\bin\release\net9.0\gisserver.api.arcgis.tests.dll" id="d0b5be7d-49ac-f6e7-5e75-25a32f4511df">
      <Execution id="835e6fec-ae68-41ce-9127-f528f45765a2" />
      <TestMethod codeBase="C:\Personal\Projects\GIS\tests\GisServer.Api.ArcGis.Tests\bin\Release\net9.0\GisServer.Api.ArcGis.Tests.dll" adapterTypeName="executor://xunit/VsTestRunner2/netcoreapp" className="GisServer.Api.ArcGis.Tests.ArcGisGeometryReaderTests" name="A_point_reads" />
    </UnitTest>
    <UnitTest name="GisServer.Api.ArcGis.Tests.VectorTileServerMetadataWriterTests.The_style_draws_each_geometry_kind_as_the_right_thing(kind: MultiPolygon, expected: &quot;fill&quot;)" storage="c:\personal\projects\gis\tests\gisserver.api.arcgis.tests\bin\release\net9.0\gisserver.api.arcgis.tests.dll" id="fddd96f6-5027-b10e-567a-92fc4bf29aef">
      <Execution id="c88022a8-28be-47a0-a721-923e7794ed5c" />
      <TestMethod codeBase="C:\Personal\Projects\GIS\tests\GisServer.Api.ArcGis.Tests\bin\Release\net9.0\GisServer.Api.ArcGis.Tests.dll" adapterTypeName="executor://xunit/VsTestRunner2/netcoreapp" className="GisServer.Api.ArcGis.Tests.VectorTileServerMetadataWriterTests" name="The_style_draws_each_geometry_kind_as_the_right_thing" />
    </UnitTest>
    <UnitTest name="GisServer.Api.ArcGis.Tests.ArcGisGeometryWriterTests.An_empty_point_writes_nulls_rather_than_omitting_the_fields" storage="c:\personal\projects\gis\tests\gisserver.api.arcgis.tests\bin\release\net9.0\gisserver.api.arcgis.tests.dll" id="c2cf1a2f-eee8-d161-c46c-68f633e13e6e">
      <Execution id="7dacd208-c619-4318-832f-1c0df29c77c4" />
      <TestMethod codeBase="C:\Personal\Projects\GIS\tests\GisServer.Api.ArcGis.Tests\bin\Release\net9.0\GisServer.Api.ArcGis.Tests.dll" adapterTypeName="executor://xunit/VsTestRunner2/netcoreapp" className="GisServer.Api.ArcGis.Tests.ArcGisGeometryWriterTests" name="An_empty_point_writes_nulls_rather_than_omitting_the_fields" />
    </UnitTest>
    <UnitTest name="GisServer.Api.ArcGis.Tests.ArcGisGeometryWriterTests.A_multi_point_writes_a_points_array" storage="c:\personal\projects\gis\tests\gisserver.api.arcgis.tests\bin\release\net9.0\gisserver.api.arcgis.tests.dll" id="4792469e-3fbf-cef5-8b83-96856d67638f">
      <Execution id="cc8e1d86-23ab-44cf-8b02-bb53093aae35" />
      <TestMethod codeBase="C:\Personal\Projects\GIS\tests\GisServer.Api.ArcGis.Tests\bin\Release\net9.0\GisServer.Api.ArcGis.Tests.dll" adapterTypeName="executor://xunit/VsTestRunner2/netcoreapp" className="GisServer.Api.ArcGis.Tests.ArcGisGeometryWriterTests" name="A_multi_point_writes_a_points_array" />
    </UnitTest>
    <UnitTest name="GisServer.Api.ArcGis.Tests.ArcGisGeometryReaderTests.A_null_x_is_an_empty_point_not_an_error" storage="c:\personal\projects\gis\tests\gisserver.api.arcgis.tests\bin\release\net9.0\gisserver.api.arcgis.tests.dll" id="1e0a38cd-f5ab-5ac7-a1d9-712290bf4c18">
      <Execution id="458de00a-3210-4e4c-8fcc-180b0a504e9d" />
      <TestMethod codeBase="C:\Personal\Projects\GIS\tests\GisServer.Api.ArcGis.Tests\bin\Release\net9.0\GisServer.Api.ArcGis.Tests.dll" adapterTypeName="executor://xunit/VsTestRunner2/netcoreapp" className="GisServer.Api.ArcGis.Tests.ArcGisGeometryReaderTests" name="A_null_x_is_an_empty_point_not_an_error" />
    </UnitTest>
    <UnitTest name="GisServer.Api.ArcGis.Tests.FeatureServerMetadataWriterTests.The_object_id_field_is_declared_as_the_OID_type_not_merely_named" storage="c:\personal\projects\gis\tests\gisserver.api.arcgis.tests\bin\release\net9.0\gisserver.api.arcgis.tests.dll" id="4e988c23-a232-44ff-7d3b-0c531b3f8151">
      <Execution id="b5dbe290-c302-4a3a-afeb-7057c5df3bb9" />
      <TestMethod codeBase="C:\Personal\Projects\GIS\tests\GisServer.Api.ArcGis.Tests\bin\Release\net9.0\GisServer.Api.ArcGis.Tests.dll" adapterTypeName="executor://xunit/VsTestRunner2/netcoreapp" className="GisServer.Api.ArcGis.Tests.FeatureServerMetadataWriterTests" name="The_object_id_field_is_declared_as_the_OID_type_not_merely_named" />
    </UnitTest>
    <UnitTest name="GisServer.Api.ArcGis.Tests.VectorTileServerMetadataWriterTests.Each_level_halves_the_resolution_and_the_scale" storage="c:\personal\projects\gis\tests\gisserver.api.arcgis.tests\bin\release\net9.0\gisserver.api.arcgis.tests.dll" id="6ac204e0-9d24-39cc-940b-c23242f0fd70">
      <Execution id="ace2f7dc-bd52-4624-8312-0e431015bc92" />
      <TestMethod codeBase="C:\Personal\Projects\GIS\tests\GisServer.Api.ArcGis.Tests\bin\Release\net9.0\GisServer.Api.ArcGis.Tests.dll" adapterTypeName="executor://xunit/VsTestRunner2/netcoreapp" className="GisServer.Api.ArcGis.Tests.VectorTileServerMetadataWriterTests" name="Each_level_halves_the_resolution_and_the_scale" />
    </UnitTest>
    <UnitTest name="GisServer.Api.ArcGis.Tests.VectorTileServerMetadataWriterTests.The_tile_template_is_relative_so_a_reverse_proxy_does_not_break_it" storage="c:\personal\projects\gis\tests\gisserver.api.arcgis.tests\bin\release\net9.0\gisserver.api.arcgis.tests.dll" id="26ca4990-7672-e708-1f1a-f2c8cf18b1ce">
      <Execution id="d9d584fe-6562-4d99-a0b1-f513f801502a" />
      <TestMethod codeBase="C:\Personal\Projects\GIS\tests\GisServer.Api.ArcGis.Tests\bin\Release\net9.0\GisServer.Api.ArcGis.Tests.dll" adapterTypeName="executor://xunit/VsTestRunner2/netcoreapp" className="GisServer.Api.ArcGis.Tests.VectorTileServerMetadataWriterTests" name="The_tile_template_is_relative_so_a_reverse_proxy_does_not_break_it" />
    </UnitTest>
    <UnitTest name="GisServer.Api.ArcGis.Tests.ArcGisGeometryReaderTests.An_empty_part_list_is_refused(json: &quot;{\&quot;rings\&quot;:[]}&quot;)" storage="c:\personal\projects\gis\tests\gisserver.api.arcgis.tests\bin\release\net9.0\gisserver.api.arcgis.tests.dll" id="60ace827-e392-23bc-3aae-566237d59f28">
      <Execution id="d20c51ad-0510-4c33-aa19-cf214d86d021" />
      <TestMethod codeBase="C:\Personal\Projects\GIS\tests\GisServer.Api.ArcGis.Tests\bin\Release\net9.0\GisServer.Api.ArcGis.Tests.dll" adapterTypeName="executor://xunit/VsTestRunner2/netcoreapp" className="GisServer.Api.ArcGis.Tests.ArcGisGeometryReaderTests" name="An_empty_part_list_is_refused" />
    </UnitTest>
    <UnitTest name="GisServer.Api.ArcGis.Tests.VectorTileServerMetadataWriterTests.There_is_one_level_of_detail_per_zoom_including_zero" storage="c:\personal\projects\gis\tests\gisserver.api.arcgis.tests\bin\release\net9.0\gisserver.api.arcgis.tests.dll" id="2edf353f-cce6-fd13-b4d4-ed9801403aeb">
      <Execution id="c828776a-31af-4841-9a27-d3937029d4d3" />
      <TestMethod codeBase="C:\Personal\Projects\GIS\tests\GisServer.Api.ArcGis.Tests\bin\Release\net9.0\GisServer.Api.ArcGis.Tests.dll" adapterTypeName="executor://xunit/VsTestRunner2/netcoreapp" className="GisServer.Api.ArcGis.Tests.VectorTileServerMetadataWriterTests" name="There_is_one_level_of_detail_per_zoom_including_zero" />
    </UnitTest>
    <UnitTest name="GisServer.Api.ArcGis.Tests.VectorTileServerMetadataWriterTests.Bulk_export_is_refused_explicitly_rather_than_left_unstated" storage="c:\personal\projects\gis\tests\gisserver.api.arcgis.tests\bin\release\net9.0\gisserver.api.arcgis.tests.dll" id="de2f7a48-2dad-1e6d-703c-6fa91307df74">
      <Execution id="bfd99708-696c-4020-a495-4df3f151671e" />
      <TestMethod codeBase="C:\Personal\Projects\GIS\tests\GisServer.Api.ArcGis.Tests\bin\Release\net9.0\GisServer.Api.ArcGis.Tests.dll" adapterTypeName="executor://xunit/VsTestRunner2/netcoreapp" className="GisServer.Api.ArcGis.Tests.VectorTileServerMetadataWriterTests" name="Bulk_export_is_refused_explicitly_rather_than_left_unstated" />
    </UnitTest>
    <UnitTest name="GisServer.Api.ArcGis.Tests.VectorTileServerMetadataWriterTests.The_style_names_the_layer_inside_the_tile_under_the_hyphenated_key" storage="c:\personal\projects\gis\tests\gisserver.api.arcgis.tests\bin\release\net9.0\gisserver.api.arcgis.tests.dll" id="c23762e7-4b64-3ab0-d595-30d2a4affce7">
      <Execution id="42fc7a62-62c1-41ef-9f99-af089dd7a05f" />
      <TestMethod codeBase="C:\Personal\Projects\GIS\tests\GisServer.Api.ArcGis.Tests\bin\Release\net9.0\GisServer.Api.ArcGis.Tests.dll" adapterTypeName="executor://xunit/VsTestRunner2/netcoreapp" className="GisServer.Api.ArcGis.Tests.VectorTileServerMetadataWriterTests" name="The_style_names_the_layer_inside_the_tile_under_the_hyphenated_key" />
    </UnitTest>
    <UnitTest name="GisServer.Api.ArcGis.Tests.VectorTileServerMetadataWriterTests.The_level_zero_resolution_matches_the_declared_tile_size" storage="c:\personal\projects\gis\tests\gisserver.api.arcgis.tests\bin\release\net9.0\gisserver.api.arcgis.tests.dll" id="cf5ba291-d681-4269-83e8-ae17dda767e4">
      <Execution id="eed3f55c-cd5a-4a9e-ad56-90ab9b2f517e" />
      <TestMethod codeBase="C:\Personal\Projects\GIS\tests\GisServer.Api.ArcGis.Tests\bin\Release\net9.0\GisServer.Api.ArcGis.Tests.dll" adapterTypeName="executor://xunit/VsTestRunner2/netcoreapp" className="GisServer.Api.ArcGis.Tests.VectorTileServerMetadataWriterTests" name="The_level_zero_resolution_matches_the_declared_tile_size" />
    </UnitTest>
    <UnitTest name="GisServer.Api.ArcGis.Tests.VectorTileServerMetadataWriterTests.The_style_draws_each_geometry_kind_as_the_right_thing(kind: MultiPoint, expected: &quot;circle&quot;)" storage="c:\personal\projects\gis\tests\gisserver.api.arcgis.tests\bin\release\net9.0\gisserver.api.arcgis.tests.dll" id="15e8a638-31d1-244b-0bd8-f74ca1dc6092">
      <Execution id="2b3faa18-46d0-41af-975a-957610ba6e97" />
      <TestMethod codeBase="C:\Personal\Projects\GIS\tests\GisServer.Api.ArcGis.Tests\bin\Release\net9.0\GisServer.Api.ArcGis.Tests.dll" adapterTypeName="executor://xunit/VsTestRunner2/netcoreapp" className="GisServer.Api.ArcGis.Tests.VectorTileServerMetadataWriterTests" name="The_style_draws_each_geometry_kind_as_the_right_thing" />
    </UnitTest>
    <UnitTest name="GisServer.Api.ArcGis.Tests.ArcGisGeometryWriterTests.A_hole_is_written_counter_clockwise_whatever_way_it_arrived" storage="c:\personal\projects\gis\tests\gisserver.api.arcgis.tests\bin\release\net9.0\gisserver.api.arcgis.tests.dll" id="ca4e0204-a752-c469-d0ef-0f0a9d503060">
      <Execution id="e76131ee-fee5-4fa7-9ce9-b1dc4421009f" />
      <TestMethod codeBase="C:\Personal\Projects\GIS\tests\GisServer.Api.ArcGis.Tests\bin\Release\net9.0\GisServer.Api.ArcGis.Tests.dll" adapterTypeName="executor://xunit/VsTestRunner2/netcoreapp" className="GisServer.Api.ArcGis.Tests.ArcGisGeometryWriterTests" name="A_hole_is_written_counter_clockwise_whatever_way_it_arrived" />
    </UnitTest>
    <UnitTest name="GisServer.Api.ArcGis.Tests.VectorTileServerMetadataWriterTests.The_tile_template_is_z_slash_y_slash_x_which_is_not_the_usual_order" storage="c:\personal\projects\gis\tests\gisserver.api.arcgis.tests\bin\release\net9.0\gisserver.api.arcgis.tests.dll" id="832e8c59-e06a-f2d1-94ab-b3cb8eed0446">
      <Execution id="ddf4b419-a3f1-432a-963b-f9a3003a0dde" />
      <TestMethod codeBase="C:\Personal\Projects\GIS\tests\GisServer.Api.ArcGis.Tests\bin\Release\net9.0\GisServer.Api.ArcGis.Tests.dll" adapterTypeName="executor://xunit/VsTestRunner2/netcoreapp" className="GisServer.Api.ArcGis.Tests.VectorTileServerMetadataWriterTests" name="The_tile_template_is_z_slash_y_slash_x_which_is_not_the_usual_order" />
    </UnitTest>
    <UnitTest name="GisServer.Api.ArcGis.Tests.VectorTileServerMetadataWriterTests.The_style_source_points_two_levels_up_at_the_service_root" storage="c:\personal\projects\gis\tests\gisserver.api.arcgis.tests\bin\release\net9.0\gisserver.api.arcgis.tests.dll" id="fd3b998e-ca04-a84b-8c17-54e506aaad69">
      <Execution id="56b4b223-5654-4b49-a951-029c3c699be1" />
      <TestMethod codeBase="C:\Personal\Projects\GIS\tests\GisServer.Api.ArcGis.Tests\bin\Release\net9.0\GisServer.Api.ArcGis.Tests.dll" adapterTypeName="executor://xunit/VsTestRunner2/netcoreapp" className="GisServer.Api.ArcGis.Tests.VectorTileServerMetadataWriterTests" name="The_style_source_points_two_levels_up_at_the_service_root" />
    </UnitTest>
    <UnitTest name="GisServer.Api.ArcGis.Tests.FeatureServerMetadataWriterTests.The_advertised_maximum_matches_the_limit_the_query_endpoint_enforces" storage="c:\personal\projects\gis\tests\gisserver.api.arcgis.tests\bin\release\net9.0\gisserver.api.arcgis.tests.dll" id="9e446f79-2375-bd00-66d9-a0e098fc78aa">
      <Execution id="56a23c4d-cf2a-4e4e-b0d1-b9583102cd94" />
      <TestMethod codeBase="C:\Personal\Projects\GIS\tests\GisServer.Api.ArcGis.Tests\bin\Release\net9.0\GisServer.Api.ArcGis.Tests.dll" adapterTypeName="executor://xunit/VsTestRunner2/netcoreapp" className="GisServer.Api.ArcGis.Tests.FeatureServerMetadataWriterTests" name="The_advertised_maximum_matches_the_limit_the_query_endpoint_enforces" />
    </UnitTest>
    <UnitTest name="GisServer.Api.ArcGis.Tests.FeatureServerMetadataWriterTests.A_layer_with_no_integer_identity_reports_a_null_object_id_field" storage="c:\personal\projects\gis\tests\gisserver.api.arcgis.tests\bin\release\net9.0\gisserver.api.arcgis.tests.dll" id="e61bde46-4fed-a8dd-c51e-3910816b7e5f">
      <Execution id="f92edb57-be11-4fd4-99d0-e45cb7be0395" />
      <TestMethod codeBase="C:\Personal\Projects\GIS\tests\GisServer.Api.ArcGis.Tests\bin\Release\net9.0\GisServer.Api.ArcGis.Tests.dll" adapterTypeName="executor://xunit/VsTestRunner2/netcoreapp" className="GisServer.Api.ArcGis.Tests.FeatureServerMetadataWriterTests" name="A_layer_with_no_integer_identity_reports_a_null_object_id_field" />
    </UnitTest>
    <UnitTest name="GisServer.Api.ArcGis.Tests.ArcGisGeometryReaderTests.An_empty_part_list_is_refused(json: &quot;{\&quot;paths\&quot;:[]}&quot;)" storage="c:\personal\projects\gis\tests\gisserver.api.arcgis.tests\bin\release\net9.0\gisserver.api.arcgis.tests.dll" id="6e156707-b979-fd42-5d5f-a0232b3f754c">
      <Execution id="4feda82f-0c2d-4e55-961e-efd378962960" />
      <TestMethod codeBase="C:\Personal\Projects\GIS\tests\GisServer.Api.ArcGis.Tests\bin\Release\net9.0\GisServer.Api.ArcGis.Tests.dll" adapterTypeName="executor://xunit/VsTestRunner2/netcoreapp" className="GisServer.Api.ArcGis.Tests.ArcGisGeometryReaderTests" name="An_empty_part_list_is_refused" />
    </UnitTest>
    <UnitTest name="GisServer.Api.ArcGis.Tests.FeatureServerMetadataWriterTests.A_boolean_is_declared_as_the_small_integer_it_is_written_as" storage="c:\personal\projects\gis\tests\gisserver.api.arcgis.tests\bin\release\net9.0\gisserver.api.arcgis.tests.dll" id="fafd6d8b-3678-a2c5-1ba3-9836b7a4e3a1">
      <Execution id="5e79a043-f9f3-4d9b-aae9-500d8c9cd3d3" />
      <TestMethod codeBase="C:\Personal\Projects\GIS\tests\GisServer.Api.ArcGis.Tests\bin\Release\net9.0\GisServer.Api.ArcGis.Tests.dll" adapterTypeName="executor://xunit/VsTestRunner2/netcoreapp" className="GisServer.Api.ArcGis.Tests.FeatureServerMetadataWriterTests" name="A_boolean_is_declared_as_the_small_integer_it_is_written_as" />
    </UnitTest>
    <UnitTest name="GisServer.Api.ArcGis.Tests.VectorTileServerMetadataWriterTests.A_known_extent_is_reported" storage="c:\personal\projects\gis\tests\gisserver.api.arcgis.tests\bin\release\net9.0\gisserver.api.arcgis.tests.dll" id="122bdb36-af79-87b0-3749-baff37073244">
      <Execution id="3804615d-253a-4137-9b9f-56b004152320" />
      <TestMethod codeBase="C:\Personal\Projects\GIS\tests\GisServer.Api.ArcGis.Tests\bin\Release\net9.0\GisServer.Api.ArcGis.Tests.dll" adapterTypeName="executor://xunit/VsTestRunner2/netcoreapp" className="GisServer.Api.ArcGis.Tests.VectorTileServerMetadataWriterTests" name="A_known_extent_is_reported" />
    </UnitTest>
    <UnitTest name="GisServer.Api.ArcGis.Tests.FeatureServerMetadataWriterTests.A_folder_listing_advertises_no_folders_of_its_own" storage="c:\personal\projects\gis\tests\gisserver.api.arcgis.tests\bin\release\net9.0\gisserver.api.arcgis.tests.dll" id="b23ddc9a-a1c5-a0c0-36e9-dab63b1ff2b7">
      <Execution id="9abccc3d-fb07-441e-9038-9eb7d187e486" />
      <TestMethod codeBase="C:\Personal\Projects\GIS\tests\GisServer.Api.ArcGis.Tests\bin\Release\net9.0\GisServer.Api.ArcGis.Tests.dll" adapterTypeName="executor://xunit/VsTestRunner2/netcoreapp" className="GisServer.Api.ArcGis.Tests.FeatureServerMetadataWriterTests" name="A_folder_listing_advertises_no_folders_of_its_own" />
    </UnitTest>
    <UnitTest name="GisServer.Api.ArcGis.Tests.VectorTileServerMetadataWriterTests.The_style_declares_version_eight" storage="c:\personal\projects\gis\tests\gisserver.api.arcgis.tests\bin\release\net9.0\gisserver.api.arcgis.tests.dll" id="116fb26e-efaa-1ce6-288c-1879e9e926b4">
      <Execution id="c05fa8dd-3a05-46c9-9f15-97c5ef24b24e" />
      <TestMethod codeBase="C:\Personal\Projects\GIS\tests\GisServer.Api.ArcGis.Tests\bin\Release\net9.0\GisServer.Api.ArcGis.Tests.dll" adapterTypeName="executor://xunit/VsTestRunner2/netcoreapp" className="GisServer.Api.ArcGis.Tests.VectorTileServerMetadataWriterTests" name="The_style_declares_version_eight" />
    </UnitTest>
    <UnitTest name="GisServer.Api.ArcGis.Tests.FeatureServerMetadataWriterTests.An_unknown_field_type_is_declared_as_text_rather_than_omitted" storage="c:\personal\projects\gis\tests\gisserver.api.arcgis.tests\bin\release\net9.0\gisserver.api.arcgis.tests.dll" id="287d3540-01e1-baf2-b3d0-8b74f834e85b">
      <Execution id="79460625-2ce9-4041-93ad-62004e60de0e" />
      <TestMethod codeBase="C:\Personal\Projects\GIS\tests\GisServer.Api.ArcGis.Tests\bin\Release\net9.0\GisServer.Api.ArcGis.Tests.dll" adapterTypeName="executor://xunit/VsTestRunner2/netcoreapp" className="GisServer.Api.ArcGis.Tests.FeatureServerMetadataWriterTests" name="An_unknown_field_type_is_declared_as_text_rather_than_omitted" />
    </UnitTest>
    <UnitTest name="GisServer.Api.ArcGis.Tests.ArcGisGeometryReaderTests.A_matching_spatial_reference_is_accepted" storage="c:\personal\projects\gis\tests\gisserver.api.arcgis.tests\bin\release\net9.0\gisserver.api.arcgis.tests.dll" id="211f2fa8-7fad-fcc5-e532-618d4e4971a4">
      <Execution id="6fa21172-6317-4c04-b555-c8970d89e48b" />
      <TestMethod codeBase="C:\Personal\Projects\GIS\tests\GisServer.Api.ArcGis.Tests\bin\Release\net9.0\GisServer.Api.ArcGis.Tests.dll" adapterTypeName="executor://xunit/VsTestRunner2/netcoreapp" className="GisServer.Api.ArcGis.Tests.ArcGisGeometryReaderTests" name="A_matching_spatial_reference_is_accepted" />
    </UnitTest>
    <UnitTest name="GisServer.Api.ArcGis.Tests.VectorTileServerMetadataWriterTests.A_service_needs_a_name" storage="c:\personal\projects\gis\tests\gisserver.api.arcgis.tests\bin\release\net9.0\gisserver.api.arcgis.tests.dll" id="6f178e17-5c25-6626-33a5-dcb1f8fa123d">
      <Execution id="c025e1df-0e1f-49cb-a1c2-fb7340a7e4ff" />
      <TestMethod codeBase="C:\Personal\Projects\GIS\tests\GisServer.Api.ArcGis.Tests\bin\Release\net9.0\GisServer.Api.ArcGis.Tests.dll" adapterTypeName="executor://xunit/VsTestRunner2/netcoreapp" className="GisServer.Api.ArcGis.Tests.VectorTileServerMetadataWriterTests" name="A_service_needs_a_name" />
    </UnitTest>
    <UnitTest name="GisServer.Api.ArcGis.Tests.ArcGisGeometryReaderTests.Every_refusal_says_something_the_caller_can_act_on" storage="c:\personal\projects\gis\tests\gisserver.api.arcgis.tests\bin\release\net9.0\gisserver.api.arcgis.tests.dll" id="3d8e0f3c-1f4a-fb1d-6537-fd6457ff2cf2">
      <Execution id="bc168b01-9ce8-4784-b61c-c0d6063dfc1e" />
      <TestMethod codeBase="C:\Personal\Projects\GIS\tests\GisServer.Api.ArcGis.Tests\bin\Release\net9.0\GisServer.Api.ArcGis.Tests.dll" adapterTypeName="executor://xunit/VsTestRunner2/netcoreapp" className="GisServer.Api.ArcGis.Tests.ArcGisGeometryReaderTests" name="Every_refusal_says_something_the_caller_can_act_on" />
    </UnitTest>
    <UnitTest name="GisServer.Api.ArcGis.Tests.VectorTileServerMetadataWriterTests.An_unknown_extent_becomes_the_world_rather_than_being_omitted" storage="c:\personal\projects\gis\tests\gisserver.api.arcgis.tests\bin\release\net9.0\gisserver.api.arcgis.tests.dll" id="c19815bd-c148-6d37-8887-648d6cf68a6f">
      <Execution id="6d4674cc-83fa-407e-a1ea-092964b11a82" />
      <TestMethod codeBase="C:\Personal\Projects\GIS\tests\GisServer.Api.ArcGis.Tests\bin\Release\net9.0\GisServer.Api.ArcGis.Tests.dll" adapterTypeName="executor://xunit/VsTestRunner2/netcoreapp" className="GisServer.Api.ArcGis.Tests.VectorTileServerMetadataWriterTests" name="An_unknown_extent_becomes_the_world_rather_than_being_omitted" />
    </UnitTest>
    <UnitTest name="GisServer.Api.ArcGis.Tests.VectorTileServerMetadataWriterTests.The_service_declares_itself_a_vector_tile_service" storage="c:\personal\projects\gis\tests\gisserver.api.arcgis.tests\bin\release\net9.0\gisserver.api.arcgis.tests.dll" id="1b6d0f74-6c81-db7f-0356-e68fe2ded136">
      <Execution id="44cfb991-f10b-465b-bd34-f7998b1ced7e" />
      <TestMethod codeBase="C:\Personal\Projects\GIS\tests\GisServer.Api.ArcGis.Tests\bin\Release\net9.0\GisServer.Api.ArcGis.Tests.dll" adapterTypeName="executor://xunit/VsTestRunner2/netcoreapp" className="GisServer.Api.ArcGis.Tests.VectorTileServerMetadataWriterTests" name="The_service_declares_itself_a_vector_tile_service" />
    </UnitTest>
    <UnitTest name="GisServer.Api.ArcGis.Tests.ArcGisGeometryWriterTests.Reversing_a_ring_preserves_every_vertex" storage="c:\personal\projects\gis\tests\gisserver.api.arcgis.tests\bin\release\net9.0\gisserver.api.arcgis.tests.dll" id="0d9caaf1-0669-4668-fa2d-c88969b313f2">
      <Execution id="2637295b-680e-4486-9b0b-b6dd532a302c" />
      <TestMethod codeBase="C:\Personal\Projects\GIS\tests\GisServer.Api.ArcGis.Tests\bin\Release\net9.0\GisServer.Api.ArcGis.Tests.dll" adapterTypeName="executor://xunit/VsTestRunner2/netcoreapp" className="GisServer.Api.ArcGis.Tests.ArcGisGeometryWriterTests" name="Reversing_a_ring_preserves_every_vertex" />
    </UnitTest>
    <UnitTest name="GisServer.Api.ArcGis.Tests.VectorTileServerMetadataWriterTests.The_style_paint_matches_the_layer_type_it_declares" storage="c:\personal\projects\gis\tests\gisserver.api.arcgis.tests\bin\release\net9.0\gisserver.api.arcgis.tests.dll" id="3a86fded-196e-dea7-25c6-3bf0434d4f6b">
      <Execution id="53312309-77d3-4718-b96f-985b670fdf55" />
      <TestMethod codeBase="C:\Personal\Projects\GIS\tests\GisServer.Api.ArcGis.Tests\bin\Release\net9.0\GisServer.Api.ArcGis.Tests.dll" adapterTypeName="executor://xunit/VsTestRunner2/netcoreapp" className="GisServer.Api.ArcGis.Tests.VectorTileServerMetadataWriterTests" name="The_style_paint_matches_the_layer_type_it_declares" />
    </UnitTest>
    <UnitTest name="GisServer.Api.ArcGis.Tests.ArcGisGeometryReaderTests.An_empty_part_list_is_refused(json: &quot;{\&quot;points\&quot;:[]}&quot;)" storage="c:\personal\projects\gis\tests\gisserver.api.arcgis.tests\bin\release\net9.0\gisserver.api.arcgis.tests.dll" id="78562a58-8721-cf01-c3d8-e4ff9bf472ca">
      <Execution id="841d920d-b679-413e-9d29-900bb15db8b4" />
      <TestMethod codeBase="C:\Personal\Projects\GIS\tests\GisServer.Api.ArcGis.Tests\bin\Release\net9.0\GisServer.Api.ArcGis.Tests.dll" adapterTypeName="executor://xunit/VsTestRunner2/netcoreapp" className="GisServer.Api.ArcGis.Tests.ArcGisGeometryReaderTests" name="An_empty_part_list_is_refused" />
    </UnitTest>
    <UnitTest name="GisServer.Api.ArcGis.Tests.VectorTileServerMetadataWriterTests.The_maximum_zoom_is_reported_and_matches_the_deepest_level" storage="c:\personal\projects\gis\tests\gisserver.api.arcgis.tests\bin\release\net9.0\gisserver.api.arcgis.tests.dll" id="cfe5bd5f-1d49-ab5b-4986-9817b09957d1">
      <Execution id="ee2063c6-ac4e-4a69-9c55-92575c5c19ee" />
      <TestMethod codeBase="C:\Personal\Projects\GIS\tests\GisServer.Api.ArcGis.Tests\bin\Release\net9.0\GisServer.Api.ArcGis.Tests.dll" adapterTypeName="executor://xunit/VsTestRunner2/netcoreapp" className="GisServer.Api.ArcGis.Tests.VectorTileServerMetadataWriterTests" name="The_maximum_zoom_is_reported_and_matches_the_deepest_level" />
    </UnitTest>
    <UnitTest name="GisServer.Api.ArcGis.Tests.ArcGisGeometryWriterTests.A_point_writes_x_y_and_a_spatial_reference" storage="c:\personal\projects\gis\tests\gisserver.api.arcgis.tests\bin\release\net9.0\gisserver.api.arcgis.tests.dll" id="bc5a6541-5f42-a538-8208-bdb0237f1318">
      <Execution id="b5248a4a-cb98-44bd-8bc8-d27c4e204290" />
      <TestMethod codeBase="C:\Personal\Projects\GIS\tests\GisServer.Api.ArcGis.Tests\bin\Release\net9.0\GisServer.Api.ArcGis.Tests.dll" adapterTypeName="executor://xunit/VsTestRunner2/netcoreapp" className="GisServer.Api.ArcGis.Tests.ArcGisGeometryWriterTests" name="A_point_writes_x_y_and_a_spatial_reference" />
    </UnitTest>
    <UnitTest name="GisServer.Api.ArcGis.Tests.ArcGisGeometryReaderTests.An_undeclared_third_ordinate_is_refused_too" storage="c:\personal\projects\gis\tests\gisserver.api.arcgis.tests\bin\release\net9.0\gisserver.api.arcgis.tests.dll" id="4aabffe3-af3e-dde8-70b9-20e6bce0066b">
      <Execution id="d704f16d-30b9-4d88-89a2-2209ff5a997b" />
      <TestMethod codeBase="C:\Personal\Projects\GIS\tests\GisServer.Api.ArcGis.Tests\bin\Release\net9.0\GisServer.Api.ArcGis.Tests.dll" adapterTypeName="executor://xunit/VsTestRunner2/netcoreapp" className="GisServer.Api.ArcGis.Tests.ArcGisGeometryReaderTests" name="An_undeclared_third_ordinate_is_refused_too" />
    </UnitTest>
    <UnitTest name="GisServer.Api.ArcGis.Tests.FeatureServerMetadataWriterTests.A_layer_with_both_services_is_listed_twice_with_different_types" storage="c:\personal\projects\gis\tests\gisserver.api.arcgis.tests\bin\release\net9.0\gisserver.api.arcgis.tests.dll" id="7625bbcd-e420-f3bb-038a-c7a9ecd04afa">
      <Execution id="91d7b12a-a085-471f-9e85-0ffcce49a103" />
      <TestMethod codeBase="C:\Personal\Projects\GIS\tests\GisServer.Api.ArcGis.Tests\bin\Release\net9.0\GisServer.Api.ArcGis.Tests.dll" adapterTypeName="executor://xunit/VsTestRunner2/netcoreapp" className="GisServer.Api.ArcGis.Tests.FeatureServerMetadataWriterTests" name="A_layer_with_both_services_is_listed_twice_with_different_types" />
    </UnitTest>
    <UnitTest name="GisServer.Api.ArcGis.Tests.ArcGisGeometryReaderTests.Two_shells_are_a_MultiPolygon_and_each_keeps_its_own_hole" storage="c:\personal\projects\gis\tests\gisserver.api.arcgis.tests\bin\release\net9.0\gisserver.api.arcgis.tests.dll" id="b71c4738-cd27-6a1e-2444-4cda4146331d">
      <Execution id="645b1e32-6600-4f75-9203-b7baee1d0c4a" />
      <TestMethod codeBase="C:\Personal\Projects\GIS\tests\GisServer.Api.ArcGis.Tests\bin\Release\net9.0\GisServer.Api.ArcGis.Tests.dll" adapterTypeName="executor://xunit/VsTestRunner2/netcoreapp" className="GisServer.Api.ArcGis.Tests.ArcGisGeometryReaderTests" name="Two_shells_are_a_MultiPolygon_and_each_keeps_its_own_hole" />
    </UnitTest>
    <UnitTest name="GisServer.Api.ArcGis.Tests.FeatureServerMetadataWriterTests.The_service_reports_exactly_one_layer_at_id_zero" storage="c:\personal\projects\gis\tests\gisserver.api.arcgis.tests\bin\release\net9.0\gisserver.api.arcgis.tests.dll" id="58730961-a2e2-3832-1f27-ce59a6138cde">
      <Execution id="c465dad4-e6e4-4b1a-adb9-07dcdd5ebe81" />
      <TestMethod codeBase="C:\Personal\Projects\GIS\tests\GisServer.Api.ArcGis.Tests\bin\Release\net9.0\GisServer.Api.ArcGis.Tests.dll" adapterTypeName="executor://xunit/VsTestRunner2/netcoreapp" className="GisServer.Api.ArcGis.Tests.FeatureServerMetadataWriterTests" name="The_service_reports_exactly_one_layer_at_id_zero" />
    </UnitTest>
    <UnitTest name="GisServer.Api.ArcGis.Tests.ArcGisGeometryReaderTests.A_geometry_with_no_recognisable_member_is_refused_with_the_list" storage="c:\personal\projects\gis\tests\gisserver.api.arcgis.tests\bin\release\net9.0\gisserver.api.arcgis.tests.dll" id="fb72a668-ecd1-cfab-ad8d-835c7a8dd55d">
      <Execution id="8d3323f1-4d88-452b-98cc-016bc3b3d158" />
      <TestMethod codeBase="C:\Personal\Projects\GIS\tests\GisServer.Api.ArcGis.Tests\bin\Release\net9.0\GisServer.Api.ArcGis.Tests.dll" adapterTypeName="executor://xunit/VsTestRunner2/netcoreapp" className="GisServer.Api.ArcGis.Tests.ArcGisGeometryReaderTests" name="A_geometry_with_no_recognisable_member_is_refused_with_the_list" />
    </UnitTest>
    <UnitTest name="GisServer.Api.ArcGis.Tests.FeatureServerMetadataWriterTests.An_unknown_extent_is_null_rather_than_a_box_at_the_origin" storage="c:\personal\projects\gis\tests\gisserver.api.arcgis.tests\bin\release\net9.0\gisserver.api.arcgis.tests.dll" id="65dfa4d4-ffdc-d0e9-013e-7b1bf3661c61">
      <Execution id="2e8b7a82-1b9c-4cb3-b6b2-5520f19e831a" />
      <TestMethod codeBase="C:\Personal\Projects\GIS\tests\GisServer.Api.ArcGis.Tests\bin\Release\net9.0\GisServer.Api.ArcGis.Tests.dll" adapterTypeName="executor://xunit/VsTestRunner2/netcoreapp" className="GisServer.Api.ArcGis.Tests.FeatureServerMetadataWriterTests" name="An_unknown_extent_is_null_rather_than_a_box_at_the_origin" />
    </UnitTest>
    <UnitTest name="GisServer.Api.ArcGis.Tests.ArcGisGeometryReaderTests.A_declared_Z_is_refused_rather_than_dropped" storage="c:\personal\projects\gis\tests\gisserver.api.arcgis.tests\bin\release\net9.0\gisserver.api.arcgis.tests.dll" id="57f1c1fe-4a23-62a0-4af1-625830026660">
      <Execution id="d9cfbd77-e59a-4a24-ba98-ad88bbe62abc" />
      <TestMethod codeBase="C:\Personal\Projects\GIS\tests\GisServer.Api.ArcGis.Tests\bin\Release\net9.0\GisServer.Api.ArcGis.Tests.dll" adapterTypeName="executor://xunit/VsTestRunner2/netcoreapp" className="GisServer.Api.ArcGis.Tests.ArcGisGeometryReaderTests" name="A_declared_Z_is_refused_rather_than_dropped" />
    </UnitTest>
    <UnitTest name="GisServer.Api.ArcGis.Tests.FeatureServerMetadataWriterTests.A_known_extent_carries_its_spatial_reference" storage="c:\personal\projects\gis\tests\gisserver.api.arcgis.tests\bin\release\net9.0\gisserver.api.arcgis.tests.dll" id="8f835af1-648b-4be9-2da3-74956e87313d">
      <Execution id="291860f9-2e36-4adc-8a3e-4e64fbb294ec" />
      <TestMethod codeBase="C:\Personal\Projects\GIS\tests\GisServer.Api.ArcGis.Tests\bin\Release\net9.0\GisServer.Api.ArcGis.Tests.dll" adapterTypeName="executor://xunit/VsTestRunner2/netcoreapp" className="GisServer.Api.ArcGis.Tests.FeatureServerMetadataWriterTests" name="A_known_extent_carries_its_spatial_reference" />
    </UnitTest>
[...]
      <Execution id="43d96803-5683-4ab3-9ae8-acedc0916545" />
      <TestMethod codeBase="C:\Personal\Projects\GIS\tests\GisServer.Api.ArcGis.Tests\bin\Release\net9.0\GisServer.Api.ArcGis.Tests.dll" adapterTypeName="executor://xunit/VsTestRunner2/netcoreapp" className="GisServer.Api.ArcGis.Tests.ArcGisGeometryWriterTests" name="A_shell_is_written_clockwise_whatever_way_it_arrived" />
    </UnitTest>
    <UnitTest name="GisServer.Api.ArcGis.Tests.VectorTileServerMetadataWriterTests.The_style_draws_each_geometry_kind_as_the_right_thing(kind: LineString, expected: &quot;line&quot;)" storage="c:\personal\projects\gis\tests\gisserver.api.arcgis.tests\bin\release\net9.0\gisserver.api.arcgis.tests.dll" id="30a88823-5b96-3985-980b-187f73ed31ce">
      <Execution id="ecfa1bee-5b41-49c7-8f2f-4764f2621ea0" />
      <TestMethod codeBase="C:\Personal\Projects\GIS\tests\GisServer.Api.ArcGis.Tests\bin\Release\net9.0\GisServer.Api.ArcGis.Tests.dll" adapterTypeName="executor://xunit/VsTestRunner2/netcoreapp" className="GisServer.Api.ArcGis.Tests.VectorTileServerMetadataWriterTests" name="The_style_draws_each_geometry_kind_as_the_right_thing" />
    </UnitTest>
    <UnitTest name="GisServer.Api.ArcGis.Tests.ArcGisGeometryReaderTests.A_point_with_x_and_no_y_is_refused" storage="c:\personal\projects\gis\tests\gisserver.api.arcgis.tests\bin\release\net9.0\gisserver.api.arcgis.tests.dll" id="919d2404-07a2-9619-4127-696c1bbe4ed4">
      <Execution id="6a17eec8-2bfc-4b4a-822d-2504b4389ff5" />
      <TestMethod codeBase="C:\Personal\Projects\GIS\tests\GisServer.Api.ArcGis.Tests\bin\Release\net9.0\GisServer.Api.ArcGis.Tests.dll" adapterTypeName="executor://xunit/VsTestRunner2/netcoreapp" className="GisServer.Api.ArcGis.Tests.ArcGisGeometryReaderTests" name="A_point_with_x_and_no_y_is_refused" />
    </UnitTest>
    <UnitTest name="GisServer.Api.ArcGis.Tests.VectorTileServerMetadataWriterTests.The_style_draws_each_geometry_kind_as_the_right_thing(kind: Point, expected: &quot;circle&quot;)" storage="c:\personal\projects\gis\tests\gisserver.api.arcgis.tests\bin\release\net9.0\gisserver.api.arcgis.tests.dll" id="94aff2dd-9893-3558-e870-9224aca17216">
      <Execution id="b3f0abc7-1810-4195-befa-077213157197" />
      <TestMethod codeBase="C:\Personal\Projects\GIS\tests\GisServer.Api.ArcGis.Tests\bin\Release\net9.0\GisServer.Api.ArcGis.Tests.dll" adapterTypeName="executor://xunit/VsTestRunner2/netcoreapp" className="GisServer.Api.ArcGis.Tests.VectorTileServerMetadataWriterTests" name="The_style_draws_each_geometry_kind_as_the_right_thing" />
    </UnitTest>
    <UnitTest name="GisServer.Api.ArcGis.Tests.FeatureServerMetadataWriterTests.A_sixty_four_bit_integer_is_declared_as_text_matching_how_it_is_written" storage="c:\personal\projects\gis\tests\gisserver.api.arcgis.tests\bin\release\net9.0\gisserver.api.arcgis.tests.dll" id="b8404706-f24e-b6cb-9b4e-7c6c41febcd8">
      <Execution id="af86d528-b7f9-4533-8fa7-07129fb36bea" />
      <TestMethod codeBase="C:\Personal\Projects\GIS\tests\GisServer.Api.ArcGis.Tests\bin\Release\net9.0\GisServer.Api.ArcGis.Tests.dll" adapterTypeName="executor://xunit/VsTestRunner2/netcoreapp" className="GisServer.Api.ArcGis.Tests.FeatureServerMetadataWriterTests" name="A_sixty_four_bit_integer_is_declared_as_text_matching_how_it_is_written" />
    </UnitTest>
    <UnitTest name="GisServer.Api.ArcGis.Tests.FeatureServerMetadataWriterTests.The_layer_document_does_not_claim_capabilities_the_query_endpoint_refuses" storage="c:\personal\projects\gis\tests\gisserver.api.arcgis.tests\bin\release\net9.0\gisserver.api.arcgis.tests.dll" id="75a4b334-aa42-5032-8bd2-bea3190a362f">
      <Execution id="178bd3d5-418a-49bc-b8ba-d6a3e1202b2e" />
      <TestMethod codeBase="C:\Personal\Projects\GIS\tests\GisServer.Api.ArcGis.Tests\bin\Release\net9.0\GisServer.Api.ArcGis.Tests.dll" adapterTypeName="executor://xunit/VsTestRunner2/netcoreapp" className="GisServer.Api.ArcGis.Tests.FeatureServerMetadataWriterTests" name="The_layer_document_does_not_claim_capabilities_the_query_endpoint_refuses" />
    </UnitTest>
    <UnitTest name="GisServer.Api.ArcGis.Tests.ArcGisGeometryReaderTests.An_absent_spatial_reference_means_the_layer_own" storage="c:\personal\projects\gis\tests\gisserver.api.arcgis.tests\bin\release\net9.0\gisserver.api.arcgis.tests.dll" id="e49e3cf0-27ea-5a4d-d647-54fa68516084">
      <Execution id="6d8d2f83-1abf-4553-9309-bad06be1c42d" />
      <TestMethod codeBase="C:\Personal\Projects\GIS\tests\GisServer.Api.ArcGis.Tests\bin\Release\net9.0\GisServer.Api.ArcGis.Tests.dll" adapterTypeName="executor://xunit/VsTestRunner2/netcoreapp" className="GisServer.Api.ArcGis.Tests.ArcGisGeometryReaderTests" name="An_absent_spatial_reference_means_the_layer_own" />
    </UnitTest>
    <UnitTest name="GisServer.Api.ArcGis.Tests.ArcGisGeometryReaderTests.An_unclosed_ring_is_closed_rather_than_refused" storage="c:\personal\projects\gis\tests\gisserver.api.arcgis.tests\bin\release\net9.0\gisserver.api.arcgis.tests.dll" id="3f960e65-b322-e9a8-e9ff-762557c33218">
      <Execution id="8d9d6154-5b87-47ea-b1ba-3cc1b853aa6a" />
      <TestMethod codeBase="C:\Personal\Projects\GIS\tests\GisServer.Api.ArcGis.Tests\bin\Release\net9.0\GisServer.Api.ArcGis.Tests.dll" adapterTypeName="executor://xunit/VsTestRunner2/netcoreapp" className="GisServer.Api.ArcGis.Tests.ArcGisGeometryReaderTests" name="An_unclosed_ring_is_closed_rather_than_refused" />
    </UnitTest>
    <UnitTest name="GisServer.Api.ArcGis.Tests.ArcGisGeometryReaderTests.A_different_spatial_reference_is_refused_rather_than_reprojected" storage="c:\personal\projects\gis\tests\gisserver.api.arcgis.tests\bin\release\net9.0\gisserver.api.arcgis.tests.dll" id="a26ada54-1506-ca0e-01f1-5409d9e9ec47">
      <Execution id="4d364123-6b1a-475e-88b6-aef2f571ebde" />
      <TestMethod codeBase="C:\Personal\Projects\GIS\tests\GisServer.Api.ArcGis.Tests\bin\Release\net9.0\GisServer.Api.ArcGis.Tests.dll" adapterTypeName="executor://xunit/VsTestRunner2/netcoreapp" className="GisServer.Api.ArcGis.Tests.ArcGisGeometryReaderTests" name="A_different_spatial_reference_is_refused_rather_than_reprojected" />
    </UnitTest>
    <UnitTest name="GisServer.Api.ArcGis.Tests.ArcGisGeometryReaderTests.A_non_numeric_coordinate_is_refused" storage="c:\personal\projects\gis\tests\gisserver.api.arcgis.tests\bin\release\net9.0\gisserver.api.arcgis.tests.dll" id="1a464fa4-d6a5-b226-b583-d32aa0ba5995">
      <Execution id="c875fc69-cd08-4ae5-9b0a-e5d87c47b821" />
      <TestMethod codeBase="C:\Personal\Projects\GIS\tests\GisServer.Api.ArcGis.Tests\bin\Release\net9.0\GisServer.Api.ArcGis.Tests.dll" adapterTypeName="executor://xunit/VsTestRunner2/netcoreapp" className="GisServer.Api.ArcGis.Tests.ArcGisGeometryReaderTests" name="A_non_numeric_coordinate_is_refused" />
    </UnitTest>
  </TestDefinitions>
  <TestEntries>
    <TestEntry testId="1e0a38cd-f5ab-5ac7-a1d9-712290bf4c18" executionId="458de00a-3210-4e4c-8fcc-180b0a504e9d" testListId="8c84fa94-04c1-424b-9868-57a2d4851a1d" />
    <TestEntry testId="122bdb36-af79-87b0-3749-baff37073244" executionId="3804615d-253a-4137-9b9f-56b004152320" testListId="8c84fa94-04c1-424b-9868-57a2d4851a1d" />
    <TestEntry testId="fb72a668-ecd1-cfab-ad8d-835c7a8dd55d" executionId="8d3323f1-4d88-452b-98cc-016bc3b3d158" testListId="8c84fa94-04c1-424b-9868-57a2d4851a1d" />
    <TestEntry testId="df4634f3-2a1e-e27b-062e-7f5f30abbcc7" executionId="16b17a48-da94-4310-a6b3-97233a929b9f" testListId="8c84fa94-04c1-424b-9868-57a2d4851a1d" />
    <TestEntry testId="eaf5fe14-7a62-f7b3-e107-6a1c0cace5d7" executionId="eca016d7-3cea-4b53-875c-e1818da35b5a" testListId="8c84fa94-04c1-424b-9868-57a2d4851a1d" />
    <TestEntry testId="c23762e7-4b64-3ab0-d595-30d2a4affce7" executionId="42fc7a62-62c1-41ef-9f99-af089dd7a05f" testListId="8c84fa94-04c1-424b-9868-57a2d4851a1d" />
    <TestEntry testId="cfe5bd5f-1d49-ab5b-4986-9817b09957d1" executionId="ee2063c6-ac4e-4a69-9c55-92575c5c19ee" testListId="8c84fa94-04c1-424b-9868-57a2d4851a1d" />
    <TestEntry testId="3ed4fc50-e8bf-2de3-5e21-527289c5c189" executionId="b345556b-ca6c-447a-995d-cb043dae8430" testListId="8c84fa94-04c1-424b-9868-57a2d4851a1d" />
    <TestEntry testId="ca4e0204-a752-c469-d0ef-0f0a9d503060" executionId="e76131ee-fee5-4fa7-9ce9-b1dc4421009f" testListId="8c84fa94-04c1-424b-9868-57a2d4851a1d" />
    <TestEntry testId="3a86fded-196e-dea7-25c6-3bf0434d4f6b" executionId="53312309-77d3-4718-b96f-985b670fdf55" testListId="8c84fa94-04c1-424b-9868-57a2d4851a1d" />
    <TestEntry testId="94aff2dd-9893-3558-e870-9224aca17216" executionId="b3f0abc7-1810-4195-befa-077213157197" testListId="8c84fa94-04c1-424b-9868-57a2d4851a1d" />
    <TestEntry testId="a5dbcfbd-1dbd-c4db-5a9d-ad8283e9e77f" executionId="f510f30e-ca74-45c4-bef7-fbff4127758d" testListId="8c84fa94-04c1-424b-9868-57a2d4851a1d" />
    <TestEntry testId="fddd96f6-5027-b10e-567a-92fc4bf29aef" executionId="c88022a8-28be-47a0-a721-923e7794ed5c" testListId="8c84fa94-04c1-424b-9868-57a2d4851a1d" />
    <TestEntry testId="23bef4ff-c4d5-61f7-4c2c-37f7037d7553" executionId="5745beec-0d65-4f72-91b4-36e71b724675" testListId="8c84fa94-04c1-424b-9868-57a2d4851a1d" />
    <TestEntry testId="fafd6d8b-3678-a2c5-1ba3-9836b7a4e3a1" executionId="5e79a043-f9f3-4d9b-aae9-500d8c9cd3d3" testListId="8c84fa94-04c1-424b-9868-57a2d4851a1d" />
    <TestEntry testId="fd3b998e-ca04-a84b-8c17-54e506aaad69" executionId="56b4b223-5654-4b49-a951-029c3c699be1" testListId="8c84fa94-04c1-424b-9868-57a2d4851a1d" />
    <TestEntry testId="bc5a6541-5f42-a538-8208-bdb0237f1318" executionId="b5248a4a-cb98-44bd-8bc8-d27c4e204290" testListId="8c84fa94-04c1-424b-9868-57a2d4851a1d" />
    <TestEntry testId="75a4b334-aa42-5032-8bd2-bea3190a362f" executionId="178bd3d5-418a-49bc-b8ba-d6a3e1202b2e" testListId="8c84fa94-04c1-424b-9868-57a2d4851a1d" />
    <TestEntry testId="6dbd3013-2bb4-68bb-da1b-c210920c7517" executionId="6c1434c4-4e70-49e2-b2dc-584c7741ad54" testListId="8c84fa94-04c1-424b-9868-57a2d4851a1d" />
    <TestEntry testId="211f2fa8-7fad-fcc5-e532-618d4e4971a4" executionId="6fa21172-6317-4c04-b555-c8970d89e48b" testListId="8c84fa94-04c1-424b-9868-57a2d4851a1d" />
    <TestEntry testId="b8404706-f24e-b6cb-9b4e-7c6c41febcd8" executionId="af86d528-b7f9-4533-8fa7-07129fb36bea" testListId="8c84fa94-04c1-424b-9868-57a2d4851a1d" />
    <TestEntry testId="a795e6b1-3834-5eef-17f9-e201a5b9122c" executionId="0e84c8e0-82a1-406f-a023-71c75171861e" testListId="8c84fa94-04c1-424b-9868-57a2d4851a1d" />
    <TestEntry testId="c8dbc292-dd25-5bcb-a8ef-01e417e538ee" executionId="76e36b17-0a19-4104-9f7b-b46eff40ea89" testListId="8c84fa94-04c1-424b-9868-57a2d4851a1d" />
    <TestEntry testId="832e8c59-e06a-f2d1-94ab-b3cb8eed0446" executionId="ddf4b419-a3f1-432a-963b-f9a3003a0dde" testListId="8c84fa94-04c1-424b-9868-57a2d4851a1d" />
    <TestEntry testId="6ac204e0-9d24-39cc-940b-c23242f0fd70" executionId="ace2f7dc-bd52-4624-8312-0e431015bc92" testListId="8c84fa94-04c1-424b-9868-57a2d4851a1d" />
    <TestEntry testId="4ae6aba6-9e84-5a82-90e7-01e96962efe8" executionId="116239c4-701c-4170-867e-f9787bf10c68" testListId="8c84fa94-04c1-424b-9868-57a2d4851a1d" />
    <TestEntry testId="3d8e0f3c-1f4a-fb1d-6537-fd6457ff2cf2" executionId="bc168b01-9ce8-4784-b61c-c0d6063dfc1e" testListId="8c84fa94-04c1-424b-9868-57a2d4851a1d" />
    <TestEntry testId="4aabffe3-af3e-dde8-70b9-20e6bce0066b" executionId="d704f16d-30b9-4d88-89a2-2209ff5a997b" testListId="8c84fa94-04c1-424b-9868-57a2d4851a1d" />
    <TestEntry testId="f0814f0a-86b7-a414-2561-c62559ed9a2e" executionId="43d96803-5683-4ab3-9ae8-acedc0916545" testListId="8c84fa94-04c1-424b-9868-57a2d4851a1d" />
    <TestEntry testId="8f835af1-648b-4be9-2da3-74956e87313d" executionId="291860f9-2e36-4adc-8a3e-4e64fbb294ec" testListId="8c84fa94-04c1-424b-9868-57a2d4851a1d" />
    <TestEntry testId="08c4b42e-666b-9a92-0a9b-dfc93511c889" executionId="d5375f9c-491f-4591-afd9-c4e8564b44ea" testListId="8c84fa94-04c1-424b-9868-57a2d4851a1d" />
    <TestEntry testId="b23ddc9a-a1c5-a0c0-36e9-dab63b1ff2b7" executionId="9abccc3d-fb07-441e-9038-9eb7d187e486" testListId="8c84fa94-04c1-424b-9868-57a2d4851a1d" />
    <TestEntry testId="6dcc5c24-8da5-35db-a84d-368663d46cb6" executionId="4f516268-d581-47aa-bb24-6d38003e54ec" testListId="8c84fa94-04c1-424b-9868-57a2d4851a1d" />
    <TestEntry testId="b71c4738-cd27-6a1e-2444-4cda4146331d" executionId="645b1e32-6600-4f75-9203-b7baee1d0c4a" testListId="8c84fa94-04c1-424b-9868-57a2d4851a1d" />
    <TestEntry testId="58730961-a2e2-3832-1f27-ce59a6138cde" executionId="c465dad4-e6e4-4b1a-adb9-07dcdd5ebe81" testListId="8c84fa94-04c1-424b-9868-57a2d4851a1d" />
    <TestEntry testId="4e988c23-a232-44ff-7d3b-0c531b3f8151" executionId="b5dbe290-c302-4a3a-afeb-7057c5df3bb9" testListId="8c84fa94-04c1-424b-9868-57a2d4851a1d" />
    <TestEntry testId="d0b5be7d-49ac-f6e7-5e75-25a32f4511df" executionId="835e6fec-ae68-41ce-9127-f528f45765a2" testListId="8c84fa94-04c1-424b-9868-57a2d4851a1d" />
    <TestEntry testId="116fb26e-efaa-1ce6-288c-1879e9e926b4" executionId="c05fa8dd-3a05-46c9-9f15-97c5ef24b24e" testListId="8c84fa94-04c1-424b-9868-57a2d4851a1d" />
    <TestEntry testId="c2cf1a2f-eee8-d161-c46c-68f633e13e6e" executionId="7dacd208-c619-4318-832f-1c0df29c77c4" testListId="8c84fa94-04c1-424b-9868-57a2d4851a1d" />
    <TestEntry testId="3c8701cc-9ffb-0fee-521f-f7b88ff824c8" executionId="efaa3121-33a1-4f4e-abff-988aeb353532" testListId="8c84fa94-04c1-424b-9868-57a2d4851a1d" />
    <TestEntry testId="26ca4990-7672-e708-1f1a-f2c8cf18b1ce" executionId="d9d584fe-6562-4d99-a0b1-f513f801502a" testListId="8c84fa94-04c1-424b-9868-57a2d4851a1d" />
    <TestEntry testId="9e446f79-2375-bd00-66d9-a0e098fc78aa" executionId="56a23c4d-cf2a-4e4e-b0d1-b9583102cd94" testListId="8c84fa94-04c1-424b-9868-57a2d4851a1d" />
    <TestEntry testId="de2f7a48-2dad-1e6d-703c-6fa91307df74" executionId="bfd99708-696c-4020-a495-4df3f151671e" testListId="8c84fa94-04c1-424b-9868-57a2d4851a1d" />
    <TestEntry testId="a83bb615-a472-9fa5-624c-13c4feb66d13" executionId="b0ed8cc1-f7f8-4833-a8f7-d585427cffa7" testListId="8c84fa94-04c1-424b-9868-57a2d4851a1d" />
    <TestEntry testId="eb93e82c-fe33-1be7-edff-8a0f5ca5a169" executionId="37c6037a-5ce4-43a7-8950-418c745e9908" testListId="8c84fa94-04c1-424b-9868-57a2d4851a1d" />
    <TestEntry testId="6f178e17-5c25-6626-33a5-dcb1f8fa123d" executionId="c025e1df-0e1f-49cb-a1c2-fb7340a7e4ff" testListId="8c84fa94-04c1-424b-9868-57a2d4851a1d" />
    <TestEntry testId="30a88823-5b96-3985-980b-187f73ed31ce" executionId="ecfa1bee-5b41-49c7-8f2f-4764f2621ea0" testListId="8c84fa94-04c1-424b-9868-57a2d4851a1d" />
    <TestEntry testId="6e156707-b979-fd42-5d5f-a0232b3f754c" executionId="4feda82f-0c2d-4e55-961e-efd378962960" testListId="8c84fa94-04c1-424b-9868-57a2d4851a1d" />
    <TestEntry testId="7625bbcd-e420-f3bb-038a-c7a9ecd04afa" executionId="91d7b12a-a085-471f-9e85-0ffcce49a103" testListId="8c84fa94-04c1-424b-9868-57a2d4851a1d" />
    <TestEntry testId="a26ada54-1506-ca0e-01f1-5409d9e9ec47" executionId="4d364123-6b1a-475e-88b6-aef2f571ebde" testListId="8c84fa94-04c1-424b-9868-57a2d4851a1d" />
    <TestEntry testId="1a464fa4-d6a5-b226-b583-d32aa0ba5995" executionId="c875fc69-cd08-4ae5-9b0a-e5d87c47b821" testListId="8c84fa94-04c1-424b-9868-57a2d4851a1d" />
    <TestEntry testId="cf5ba291-d681-4269-83e8-ae17dda767e4" executionId="eed3f55c-cd5a-4a9e-ad56-90ab9b2f517e" testListId="8c84fa94-04c1-424b-9868-57a2d4851a1d" />
    <TestEntry testId="0d9caaf1-0669-4668-fa2d-c88969b313f2" executionId="2637295b-680e-4486-9b0b-b6dd532a302c" testListId="8c84fa94-04c1-424b-9868-57a2d4851a1d" />
    <TestEntry testId="3f960e65-b322-e9a8-e9ff-762557c33218" executionId="8d9d6154-5b87-47ea-b1ba-3cc1b853aa6a" testListId="8c84fa94-04c1-424b-9868-57a2d4851a1d" />
    <TestEntry testId="15e8a638-31d1-244b-0bd8-f74ca1dc6092" executionId="2b3faa18-46d0-41af-975a-957610ba6e97" testListId="8c84fa94-04c1-424b-9868-57a2d4851a1d" />
    <TestEntry testId="78562a58-8721-cf01-c3d8-e4ff9bf472ca" executionId="841d920d-b679-413e-9d29-900bb15db8b4" testListId="8c84fa94-04c1-424b-9868-57a2d4851a1d" />
    <TestEntry testId="4792469e-3fbf-cef5-8b83-96856d67638f" executionId="cc8e1d86-23ab-44cf-8b02-bb53093aae35" testListId="8c84fa94-04c1-424b-9868-57a2d4851a1d" />
    <TestEntry testId="1b6d0f74-6c81-db7f-0356-e68fe2ded136" executionId="44cfb991-f10b-465b-bd34-f7998b1ced7e" testListId="8c84fa94-04c1-424b-9868-57a2d4851a1d" />
    <TestEntry testId="2edf353f-cce6-fd13-b4d4-ed9801403aeb" executionId="c828776a-31af-4841-9a27-d3937029d4d3" testListId="8c84fa94-04c1-424b-9868-57a2d4851a1d" />
    <TestEntry testId="287d3540-01e1-baf2-b3d0-8b74f834e85b" executionId="79460625-2ce9-4041-93ad-62004e60de0e" testListId="8c84fa94-04c1-424b-9868-57a2d4851a1d" />
    <TestEntry testId="65dfa4d4-ffdc-d0e9-013e-7b1bf3661c61" executionId="2e8b7a82-1b9c-4cb3-b6b2-5520f19e831a" testListId="8c84fa94-04c1-424b-9868-57a2d4851a1d" />
    <TestEntry testId="cbf04ea8-4972-5360-cb87-de296d13311b" executionId="412d26e4-958e-45d7-a644-26feecf39478" testListId="8c84fa94-04c1-424b-9868-57a2d4851a1d" />
    <TestEntry testId="e7d9be20-0f7a-985d-fe06-3f1a5dd08855" executionId="e317cb99-c6a9-4afc-958c-24510d6b0eb9" testListId="8c84fa94-04c1-424b-9868-57a2d4851a1d" />
    <TestEntry testId="60ace827-e392-23bc-3aae-566237d59f28" executionId="d20c51ad-0510-4c33-aa19-cf214d86d021" testListId="8c84fa94-04c1-424b-9868-57a2d4851a1d" />
    <TestEntry testId="e49e3cf0-27ea-5a4d-d647-54fa68516084" executionId="6d8d2f83-1abf-4553-9309-bad06be1c42d" testListId="8c84fa94-04c1-424b-9868-57a2d4851a1d" />
    <TestEntry testId="e61bde46-4fed-a8dd-c51e-3910816b7e5f" executionId="f92edb57-be11-4fd4-99d0-e45cb7be0395" testListId="8c84fa94-04c1-424b-9868-57a2d4851a1d" />
    <TestEntry testId="db96477b-aab6-5137-bcb3-526506c15821" executionId="31ae88e4-cbaa-4140-a050-8cbb9e5dc4ec" testListId="8c84fa94-04c1-424b-9868-57a2d4851a1d" />
    <TestEntry testId="125ef800-4e19-9727-3af0-e1d3d7f01f80" executionId="f263cd61-29ea-45a3-9ce9-78967929a466" testListId="8c84fa94-04c1-424b-9868-57a2d4851a1d" />
    <TestEntry testId="919d2404-07a2-9619-4127-696c1bbe4ed4" executionId="6a17eec8-2bfc-4b4a-822d-2504b4389ff5" testListId="8c84fa94-04c1-424b-9868-57a2d4851a1d" />
    <TestEntry testId="57f1c1fe-4a23-62a0-4af1-625830026660" executionId="d9cfbd77-e59a-4a24-ba98-ad88bbe62abc" testListId="8c84fa94-04c1-424b-9868-57a2d4851a1d" />
    <TestEntry testId="c2691903-0a99-ec59-e1df-56d0a3882da3" executionId="fca48c7a-95e3-4a33-a2e5-2829c82cddda" testListId="8c84fa94-04c1-424b-9868-57a2d4851a1d" />
    <TestEntry testId="c19815bd-c148-6d37-8887-648d6cf68a6f" executionId="6d4674cc-83fa-407e-a1ea-092964b11a82" testListId="8c84fa94-04c1-424b-9868-57a2d4851a1d" />
    <TestEntry testId="c711662d-c765-34e1-de90-5bea37db1a32" executionId="245be7c8-2e9b-47fd-a846-8a4b86b096f7" testListId="8c84fa94-04c1-424b-9868-57a2d4851a1d" />
  </TestEntries>
  <TestLists>
    <TestList name="Results Not in a List" id="8c84fa94-04c1-424b-9868-57a2d4851a1d" />
    <TestList name="All Loaded Results" id="19431567-8539-422a-85d7-44ee4e166bda" />
  </TestLists>
  <ResultSummary outcome="Completed">
    <Counters total="73" executed="73" passed="73" failed="0" error="0" timeout="0" aborted="0" inconclusive="0" passedButRunAborted="0" notRunnable="0" notExecuted="0" disconnected="0" warning="0" completed="0" inProgress="0" pending="0" />
    <Output>
      <StdOut>[xUnit.net 00:00:00.00] xUnit.net VSTest Adapter v2.8.2+699d445a1a (64-bit .NET 9.0.19)&#xD;
[xUnit.net 00:00:00.23]   Discovering: GisServer.Api.ArcGis.Tests&#xD;
[xUnit.net 00:00:00.35]   Discovered:  GisServer.Api.ArcGis.Tests&#xD;
[xUnit.net 00:00:00.36]   Starting:    GisServer.Api.ArcGis.Tests&#xD;
[xUnit.net 00:00:00.78]   Finished:    GisServer.Api.ArcGis.Tests&#xD;
</StdOut>
    </Output>
  </ResultSummary>
</TestRun>